SQL Patching tool version 12.1.0.2.0 on Mon Aug  1 16:59:54 2016
Copyright (c) 2015, Oracle.  All rights reserved.

Log file for this invocation: /u01/app/grid/cfgtoollogs/sqlpatch/sqlpatch_99240_2016_08_01_16_59_54/sqlpatch_invocation.log

SQL Patching arguments:
  verbose: 0
  force: 0
  prereq: 0
  upgrade_mode_only: 
  oh: 
  bundle_series: 
  ignorable_errors: 
  bootstrap: 
  pdbs: 

Connecting to database...OK
Note:  Datapatch will only apply or rollback SQL fixes for PDBs
       that are in an open state, no patches will be applied to closed PDBs.
       Please refer to Note: Datapatch: Database 12c Post Patch SQL Automation
       (Doc ID 1585822.1)
catcon: ALL catcon-related output will be written to /u01/app/grid/cfgtoollogs/sqlpatch/sqlpatch_99240_2016_08_01_16_59_54/sqlpatch_catcon__catcon_99240.lst
catcon: See /u01/app/grid/cfgtoollogs/sqlpatch/sqlpatch_99240_2016_08_01_16_59_54/sqlpatch_catcon_*.log files for output generated by scripts
catcon: See /u01/app/grid/cfgtoollogs/sqlpatch/sqlpatch_99240_2016_08_01_16_59_54/sqlpatch_catcon__*.lst files for spool files, if any
Determining current state...done

Current state of SQL patches:
Bundle series PSU:
  ID 5 in the binary registry and not installed in any PDB

Adding patches to installation queue and performing prereq checks...
done
Installation queue:
  For the following PDBs: CDB$ROOT PDB$SEED ODIE_C
    Nothing to roll back
    The following patches will be applied:
      21359755 (Database Patch Set Update : 12.1.0.2.5 (21359755))

Installing patches...
Patch installation complete.  Total patches installed: 3

Validating logfiles...done
SQL Patching tool complete on Mon Aug  1 17:01:29 2016
