[main] [ 2016-04-13 16:17:38.191 UTC ] [HASContext.<init>:125]  moduleInit = 7
[main] [ 2016-04-13 16:17:38.210 UTC ] [Library.load:194]  library.load
[main] [ 2016-04-13 16:17:38.210 UTC ] [sPlatform.isHybrid:66]  osName=Linux osArch=amd64 JVM=64 rc=false
[main] [ 2016-04-13 16:17:38.211 UTC ] [sPlatform.isHybrid:66]  osName=Linux osArch=amd64 JVM=64 rc=false
[main] [ 2016-04-13 16:17:38.211 UTC ] [Library.load:271]  Loading  library /u01/app/12.1.0.2/grid/lib/libsrvmhas12.so
[main] [ 2016-04-13 16:17:38.220 UTC ] [SRVMContext.init:114]  Performing SRVM Context init. Init Counter=1
[main] [ 2016-04-13 16:17:38.226 UTC ] [SRVMContext.init:131]  SRVM Context init-ed
[main] [ 2016-04-13 16:17:38.227 UTC ] [HASContext.<init>:136]  Initialised SRVMContext
[main] [ 2016-04-13 16:17:38.227 UTC ] [Util.<init>:103]  Util Instance created.
[main] [ 2016-04-13 16:17:38.228 UTC ] [HASContext.getCRSHome:642]  /u01/app/12.1.0.2/grid
[main] [ 2016-04-13 16:17:38.229 UTC ] [Util.getCRSHome:612]  getCRSHome: ret=/u01/app/12.1.0.2/grid
[main] [ 2016-04-13 16:17:38.239 UTC ] [Version.isPre:610]  version to be checked 12.1.0.2.0 major version to check against 10
[main] [ 2016-04-13 16:17:38.240 UTC ] [Version.isPre:621]  isPre.java: Returning FALSE
[main] [ 2016-04-13 16:17:38.241 UTC ] [OCR.loadLibrary:328]  
 Inside constructor of OCR
[main] [ 2016-04-13 16:17:38.241 UTC ] [OCR.loadLibrary:336]  Going to load the ocr library
[main] [ 2016-04-13 16:17:38.242 UTC ] [Library.load:194]  library.load
[main] [ 2016-04-13 16:17:38.242 UTC ] [sPlatform.isHybrid:66]  osName=Linux osArch=amd64 JVM=64 rc=false
[main] [ 2016-04-13 16:17:38.242 UTC ] [sPlatform.isHybrid:66]  osName=Linux osArch=amd64 JVM=64 rc=false
[main] [ 2016-04-13 16:17:38.242 UTC ] [Library.load:271]  Loading  library /u01/app/12.1.0.2/grid/lib/libsrvmocr12.so
[main] [ 2016-04-13 16:17:38.243 UTC ] [OCR.loadLibrary:338]  loaded ocr libraries
[main] [ 2016-04-13 16:17:38.243 UTC ] [SRVMContext.init:114]  Performing SRVM Context init. Init Counter=2
[main] [ 2016-04-13 16:17:38.243 UTC ] [OCR.isCluster:1000]  Calling OCRNative for isCluster()
[main] [ 2016-04-13 16:17:38.244 UTC ] [OCR.isCluster:1004]  OCR Result status = true
[main] [ 2016-04-13 16:17:38.244 UTC ] [OCR.isCluster:1016]  Bolean result = true
[main] [ 2016-04-13 16:17:38.317 UTC ] [EntityOperations.isEntityRegisteredCRSD:354]  entity: ora.asm, type: 1, registered: true
[main] [ 2016-04-13 16:17:38.319 UTC ] [CRSCache.<clinit>:74]  CRSCache: useCache is false
[main] [ 2016-04-13 16:17:38.319 UTC ] [CRSCache.getAttributesFromCRS:155]  CRS: name: ora.asm, type 1, node: null
[main] [ 2016-04-13 16:17:38.319 UTC ] [CRSCache.getAttributesFromCRS:156]  attrs: [TYPE]
[main] [ 2016-04-13 16:17:38.346 UTC ] [CRSCache.getAttributesFromCRS:163]  CRS: [<TYPE:ora.asm.type>]
[main] [ 2016-04-13 16:17:38.346 UTC ] [ASMImpl.<init>:218]  Resource type is ora.asm.type
[main] [ 2016-04-13 16:17:38.347 UTC ] [CRSCache.getAttributesFromCRS:155]  CRS: name: ora.asm.type, type 2, node: null
[main] [ 2016-04-13 16:17:38.347 UTC ] [CRSCache.getAttributesFromCRS:156]  attrs: [BASE_TYPE]
[main] [ 2016-04-13 16:17:38.377 UTC ] [CRSCache.getAttributesFromCRS:163]  CRS: [<BASE_TYPE:ora.local_resource.type>]
[main] [ 2016-04-13 16:17:38.377 UTC ] [ASMImpl.<init>:224]  Resource base type is ora.local_resource.type
[main] [ 2016-04-13 16:17:38.379 UTC ] [ASMImpl.<init>:230]  Setting ASMPresence to FLEX
[main] [ 2016-04-13 16:17:38.407 UTC ] [EntityOperations.isEntityRegisteredCRSD:354]  entity: ora.asm, type: 1, registered: true
[main] [ 2016-04-13 16:17:38.408 UTC ] [CRSCache.getAttributesFromCRS:155]  CRS: name: ora.asm, type 1, node: null
[main] [ 2016-04-13 16:17:38.408 UTC ] [CRSCache.getAttributesFromCRS:156]  attrs: [TYPE]
[main] [ 2016-04-13 16:17:38.438 UTC ] [CRSCache.getAttributesFromCRS:163]  CRS: [<TYPE:ora.asm.type>]
[main] [ 2016-04-13 16:17:38.438 UTC ] [ASMFactoryImpl.getClusterASM:2107]  Resource type is ora.asm.type
[main] [ 2016-04-13 16:17:38.442 UTC ] [Util.<init>:103]  Util Instance created.
[main] [ 2016-04-13 16:17:38.449 UTC ] [ClusterAlias.<init>:85]  ClusterAlias Instance Allocation Failed: oracle.ops.mgmt.has.HASNativeContextException: PRKH-3050 : Unexpected error (19) returned from Cluster Synchronization Services
[main] [ 2016-04-13 16:17:38.450 UTC ] [ClusterUtils.<init>:258]  PRKH-1010 : Unable to communicate with CRS services.
PRKH-3050 : Unexpected error (19) returned from Cluster Synchronization Services
oracle.ops.mgmt.has.ClusterAlias.<init>(ClusterAlias.java:86)
oracle.sysman.assistants.util.ClusterUtils.<init>(ClusterUtils.java:252)
oracle.sysman.assistants.util.ClusterUtils.getInstance(ClusterUtils.java:278)
oracle.sysman.assistants.usmca.Usmca.checkIfBigClusterAndHubNode(Usmca.java:462)
oracle.sysman.assistants.usmca.Usmca.execute(Usmca.java:174)
oracle.sysman.assistants.usmca.Usmca.main(Usmca.java:521)
[main] [ 2016-04-13 16:17:38.484 UTC ] [InventoryUtil.getOUIInvSession:349]  setting OUI READ level to ACCESSLEVEL_READ_LOCKLESS
[main] [ 2016-04-13 16:17:38.485 UTC ] [HAUtils.<init>:303]  oui location /u01/app/oraInventory/ContentsXML
[main] [ 2016-04-13 16:17:38.501 UTC ] [InventoryUtil.getOUIInvSession:349]  setting OUI READ level to ACCESSLEVEL_READ_LOCKLESS
[main] [ 2016-04-13 16:17:38.501 UTC ] [OracleHome.isClientHome:1640]  Homeinfo /u01/app/12.1.0.2/grid,11
[Finalizer] [ 2016-04-13 16:17:38.817 UTC ] [Util.finalize:134]  Util: finalized called for oracle.ops.mgmt.has.Util@38d30fb
[Finalizer] [ 2016-04-13 16:17:38.818 UTC ] [ClusterAlias.finalize:117]  ClusterAlias: finalized called for oracle.ops.mgmt.has.ClusterAlias@2a8ab08f
[main] [ 2016-04-13 16:17:38.845 UTC ] [HAUtils.<init>:313]  isClientHome: false
[main] [ 2016-04-13 16:17:38.850 UTC ] [HAUtils.<init>:333]  PRKH-1010 : Unable to communicate with CRS services.
PRKH-3050 : Unexpected error (19) returned from Cluster Synchronization Services
oracle.ops.mgmt.has.ClusterUtil.<init>(ClusterUtil.java:82)
oracle.sysman.assistants.util.hasi.HAUtils.<init>(HAUtils.java:328)
oracle.sysman.assistants.util.hasi.HAUtils.getInstance(HAUtils.java:416)
oracle.sysman.assistants.usmca.Usmca.checkIfBigClusterAndHubNode(Usmca.java:472)
oracle.sysman.assistants.usmca.Usmca.execute(Usmca.java:174)
oracle.sysman.assistants.usmca.Usmca.main(Usmca.java:521)
[main] [ 2016-04-13 16:17:38.850 UTC ] [HAUtils.<init>:334]  PRKH-1010 : Unable to communicate with CRS services.
PRKH-3050 : Unexpected error (19) returned from Cluster Synchronization Services
[main] [ 2016-04-13 16:17:38.860 UTC ] [Usmca.checkIfBigClusterAndHubNode:480]  Exception checking big cluster / client clusterPRCA-1084 : Failed to retrieve ASM Mode
PRKH-1010 : Unable to communicate with CRS services.
PRKH-3050 : Unexpected error (19) returned from Cluster Synchronization Services
[main] [ 2016-04-13 16:17:38.860 UTC ] [Usmca.checkIfBigClusterAndHubNode:490]  isBigCluster false
[main] [ 2016-04-13 16:17:38.861 UTC ] [Usmca.checkIfBigClusterAndHubNode:491]  isHubNode false
[main] [ 2016-04-13 16:17:38.861 UTC ] [Usmca.checkIfBigClusterAndHubNode:492]  isClientcluster false
[main] [ 2016-04-13 16:17:38.872 UTC ] [UsmcaLogger.logInfo:136]  AFD driver state script exists true
[main] [ 2016-04-13 16:17:38.873 UTC ] [UsmcaLogger.logEntry:111]  Entering null Method : executeCommand
[main] [ 2016-04-13 16:17:38.873 UTC ] [UsmcaLogger.logInfo:136]  Command: /u01/app/12.1.0.2/grid/bin/afddriverstate loaded
[main] [ 2016-04-13 16:17:38.986 UTC ] [UsmcaLogger.logInfo:136]  AFD-9204: AFD device driver installed or loaded status: 'false'

[main] [ 2016-04-13 16:17:38.986 UTC ] [UsmcaLogger.logInfo:136]  AFD driver state status code 1
[main] [ 2016-04-13 16:17:38.986 UTC ] [UsmcaCmdLineParser.discoverRAC:312]  Cluster Existence Check
[main] [ 2016-04-13 16:17:38.987 UTC ] [UsmcaCmdLineParser.discoverRAC:316]  cluster existence:true
[main] [ 2016-04-13 16:17:38.990 UTC ] [UsmcaLogger.logEntry:111]  Entering oracle.sysman.assistants.usmca.model.UsmcaModel Method : initialize
[main] [ 2016-04-13 16:17:38.990 UTC ] [OracleHome.getVersion:991]  OracleHome.getVersion called.  Current Version: null
[main] [ 2016-04-13 16:17:38.997 UTC ] [InventoryUtil.getOUIInvSession:349]  setting OUI READ level to ACCESSLEVEL_READ_LOCKLESS
[main] [ 2016-04-13 16:17:38.997 UTC ] [OracleHome.getVersion:1010]  Homeinfo /u01/app/12.1.0.2/grid,11
[main] [ 2016-04-13 16:17:39.150 UTC ] [OracleHome.getVersion:1059]  Current Version From Inventory: null
[main] [ 2016-04-13 16:17:39.151 UTC ] [OracleHome.getVersion:1066]  using sqlplus: /u01/app/12.1.0.2/grid/bin/sqlplus
[main] [ 2016-04-13 16:17:39.151 UTC ] [OracleHome.getVersion:1098]  adding oracle home to sqlplus env
[main] [ 2016-04-13 16:17:39.151 UTC ] [OracleHome.getVersion:1102]  LD_LIBRARY_PATH=/u01/app/12.1.0.2/grid/lib:/u01/app/12.1.0.2/grid/jdk/jre/lib/amd64/server:/u01/app/12.1.0.2/grid/jdk/jre/lib/amd64:/u01/app/12.1.0.2/grid/jdk/jre/../lib/amd64:/u01/app/12.1.0.2/grid/lib:/u01/app/12.1.0.2/grid/network/lib::/usr/java/packages/lib/amd64:/usr/lib64:/lib64:/lib:/usr/lib
[main] [ 2016-04-13 16:17:39.151 UTC ] [OracleHome.getVersion:1102]  ORACLE_HOME=/u01/app/12.1.0.2/grid
[main] [ 2016-04-13 16:17:39.179 UTC ] [OracleHome.getVersion:1107]  /u01/app/12.1.0.2/grid/bin/sqlplus Banner: 

SQL*Plus: Release 12.1.0.2.0 Production

[main] [ 2016-04-13 16:17:39.179 UTC ] [OracleHome.getVersion:1125]  Current version from sqlplus: 12.1.0.2.0
[main] [ 2016-04-13 16:17:39.179 UTC ] [UsmcaLogger.logInfo:136]  Software Version: 12.1.0.2.0
[main] [ 2016-04-13 16:17:39.338 UTC ] [NetworkUtils.checkListenerStatus:499]  Checking default listener status 
[main] [ 2016-04-13 16:17:39.338 UTC ] [NetworkUtils.checkListenerStatus:504]  Checking listener status: LISTENER
[main] [ 2016-04-13 16:17:39.365 UTC ] [NetworkUtils.checkListenerStatus:510]  lsnrct status output 

LSNRCTL for Linux: Version 12.1.0.2.0 - Production on 13-APR-2016 16:17:39

Copyright (c) 1991, 2014, Oracle.  All rights reserved.

Connecting to (ADDRESS=(PROTOCOL=tcp)(HOST=)(PORT=1521))
STATUS of the LISTENER
------------------------
Alias                     LISTENER
Version                   TNSLSNR for Linux: Version 11.2.0.4.0 - Production
Start Date                13-APR-2016 10:59:13
Uptime                    0 days 0 hr. 18 min. 25 sec
Trace Level               off
Security                  ON: Local OS Authentication
SNMP                      OFF
Listener Parameter File   /u01/app/11.2.0.4/grid/network/admin/listener.ora
Listener Log File         /u01/app/grid/diag/tnslsnr/odie1/listener/alert/log.xml
Listening Endpoints Summary...
  (DESCRIPTION=(ADDRESS=(PROTOCOL=ipc)(KEY=LISTENER)))
  (DESCRIPTION=(ADDRESS=(PROTOCOL=tcp)(HOST=165.91.150.32)(PORT=1521)))
  (DESCRIPTION=(ADDRESS=(PROTOCOL=tcp)(HOST=165.91.150.37)(PORT=1521)))
Services Summary...
Service "+ASM" has 1 instance(s).
  Instance "+ASM1", status READY, has 1 handler(s) for this service...
Service "LIMSJR.ship.iodp.tamu.edu" has 1 instance(s).
  Instance "LIMSJR", status READY, has 1 handler(s) for this service...
Service "LIMSJRXDB.ship.iodp.tamu.edu" has 1 instance(s).
  Instance "LIMSJR", status READY, has 1 handler(s) for this service...
Service "LIMSJR_DGB.ship.iodp.tamu.edu" has 1 instance(s).
  Instance "LIMSJR", status READY, has 1 handler(s) for this service...
Service "orcl" has 1 instance(s).
  Instance "orcl", status READY, has 1 handler(s) for this service...
Service "orclXDB" has 1 instance(s).
  Instance "orcl", status READY, has 1 handler(s) for this service...
Service "primlimsjr.ship.iodp.tamu.edu" has 1 instance(s).
  Instance "LIMSJR", status READY, has 1 handler(s) for this service...
The command completed successfully
[main] [ 2016-04-13 16:17:39.365 UTC ] [NetworkUtils.checkListenerStatus:529]  returning listenerLISTENER
[main] [ 2016-04-13 16:17:39.365 UTC ] [NetworkUtils.getOneLocalListenerProtocolAddress:3111]  lsnr LISTENER
[main] [ 2016-04-13 16:17:39.365 UTC ] [HAUtils.getCurrentOracleHome:593]  Oracle home from system property: /u01/app/12.1.0.2/grid
[main] [ 2016-04-13 16:17:39.365 UTC ] [HAUtils.getConfiguredGridHome:1343]  ----- Getting CRS HOME ----
[main] [ 2016-04-13 16:17:39.366 UTC ] [UnixSystem.getCRSHome:2967]  olrFileName = /etc/oracle/olr.loc
[main] [ 2016-04-13 16:17:39.366 UTC ] [UnixSystem.getCRSHome:3011]  configFile=/etc/oracle/olr.loc
[main] [ 2016-04-13 16:17:39.366 UTC ] [Utils.getPropertyValue:263]  keyName=olrconfig_loc props.val=/u01/app/11.2.0.4/grid/cdata/odie1.olr propValue=/u01/app/11.2.0.4/grid/cdata/odie1.olr
[main] [ 2016-04-13 16:17:39.367 UTC ] [Utils.getPropertyValue:263]  keyName=crs_home props.val=/u01/app/11.2.0.4/grid propValue=/u01/app/11.2.0.4/grid
[main] [ 2016-04-13 16:17:39.367 UTC ] [Utils.getPropertyValue:323]  propName=crs_home propValue=/u01/app/11.2.0.4/grid
[main] [ 2016-04-13 16:17:39.367 UTC ] [UnixSystem.getCRSHome:3019]  crs_home=/u01/app/11.2.0.4/grid
[main] [ 2016-04-13 16:17:39.367 UTC ] [HAUtils.getConfiguredGridHome:1345]  Configured Grid Infrastructure home: /u01/app/11.2.0.4/grid
[main] [ 2016-04-13 16:17:39.367 UTC ] [Version.isPre:610]  version to be checked 12.1.0.2.0 major version to check against 10
[main] [ 2016-04-13 16:17:39.367 UTC ] [Version.isPre:621]  isPre.java: Returning FALSE
[main] [ 2016-04-13 16:17:39.368 UTC ] [Version.isPre:610]  version to be checked 12.1.0.2.0 major version to check against 10
[main] [ 2016-04-13 16:17:39.368 UTC ] [Version.isPre:621]  isPre.java: Returning FALSE
[main] [ 2016-04-13 16:17:39.368 UTC ] [UnixSystem.isCRSConfigured:2813]  configFile=/etc/oracle/ocr.loc
[main] [ 2016-04-13 16:17:39.368 UTC ] [Utils.getPropertyValue:323]  propName=ocrconfig_loc propValue=+DATA
[main] [ 2016-04-13 16:17:39.369 UTC ] [UnixSystem.isCRSConfigured:2820]  ocrconfig_loc=+DATA
[main] [ 2016-04-13 16:17:39.369 UTC ] [Utils.getPropertyValue:323]  propName=local_only propValue=FALSE
[main] [ 2016-04-13 16:17:39.369 UTC ] [HAUtils.getCurrentOracleHome:593]  Oracle home from system property: /u01/app/12.1.0.2/grid
[main] [ 2016-04-13 16:17:39.369 UTC ] [HAUtils.getConfiguredGridHome:1343]  ----- Getting CRS HOME ----
[main] [ 2016-04-13 16:17:39.369 UTC ] [UnixSystem.getCRSHome:2967]  olrFileName = /etc/oracle/olr.loc
[main] [ 2016-04-13 16:17:39.370 UTC ] [UnixSystem.getCRSHome:3011]  configFile=/etc/oracle/olr.loc
[main] [ 2016-04-13 16:17:39.370 UTC ] [Utils.getPropertyValue:263]  keyName=olrconfig_loc props.val=/u01/app/11.2.0.4/grid/cdata/odie1.olr propValue=/u01/app/11.2.0.4/grid/cdata/odie1.olr
[main] [ 2016-04-13 16:17:39.370 UTC ] [Utils.getPropertyValue:263]  keyName=crs_home props.val=/u01/app/11.2.0.4/grid propValue=/u01/app/11.2.0.4/grid
[main] [ 2016-04-13 16:17:39.370 UTC ] [Utils.getPropertyValue:323]  propName=crs_home propValue=/u01/app/11.2.0.4/grid
[main] [ 2016-04-13 16:17:39.370 UTC ] [UnixSystem.getCRSHome:3019]  crs_home=/u01/app/11.2.0.4/grid
[main] [ 2016-04-13 16:17:39.371 UTC ] [HAUtils.getConfiguredGridHome:1345]  Configured Grid Infrastructure home: /u01/app/11.2.0.4/grid
[main] [ 2016-04-13 16:17:39.375 UTC ] [Version.isPre:610]  version to be checked 12.1.0.2.0 major version to check against 11
[main] [ 2016-04-13 16:17:39.375 UTC ] [Version.isPre:621]  isPre.java: Returning FALSE
[main] [ 2016-04-13 16:17:39.375 UTC ] [Version.isPre:642]  version to be checked 12.1.0.2.0 major version to check against 11 minor version to check against 2
[main] [ 2016-04-13 16:17:39.375 UTC ] [Version.isPre:651]  isPre: Returning FALSE for major version check
[main] [ 2016-04-13 16:17:39.376 UTC ] [CRSCTLUtil.checkCRSRunning:436]  Checking if CRS is running for post 11 release
[main] [ 2016-04-13 16:17:39.376 UTC ] [RuntimeExec.runCommand:135]  Calling Runtime.exec() with the command 
[main] [ 2016-04-13 16:17:39.377 UTC ] [RuntimeExec.runCommand:137]  /u01/app/11.2.0.4/grid/bin/crsctl 
[main] [ 2016-04-13 16:17:39.377 UTC ] [RuntimeExec.runCommand:137]  check 
[main] [ 2016-04-13 16:17:39.377 UTC ] [RuntimeExec.runCommand:137]  cluster 
[main] [ 2016-04-13 16:17:39.378 UTC ] [RuntimeExec.runCommand:207]  runCommand: Waiting for the process
[Thread-10] [ 2016-04-13 16:17:39.378 UTC ] [StreamReader.run:61]  In StreamReader.run 
[Thread-11] [ 2016-04-13 16:17:39.378 UTC ] [StreamReader.run:61]  In StreamReader.run 
[Thread-10] [ 2016-04-13 16:17:39.431 UTC ] [StreamReader.run:65]  OUTPUT>CRS-4537: Cluster Ready Services is online
[Thread-10] [ 2016-04-13 16:17:39.431 UTC ] [StreamReader.run:65]  OUTPUT>CRS-4529: Cluster Synchronization Services is online
[Thread-10] [ 2016-04-13 16:17:39.431 UTC ] [StreamReader.run:65]  OUTPUT>CRS-4533: Event Manager is online
[main] [ 2016-04-13 16:17:39.533 UTC ] [RuntimeExec.runCommand:209]  runCommand: process returns 0
[main] [ 2016-04-13 16:17:39.533 UTC ] [RuntimeExec.runCommand:226]  RunTimeExec: output>
[main] [ 2016-04-13 16:17:39.533 UTC ] [RuntimeExec.runCommand:229]  CRS-4537: Cluster Ready Services is online
[main] [ 2016-04-13 16:17:39.533 UTC ] [RuntimeExec.runCommand:229]  CRS-4529: Cluster Synchronization Services is online
[main] [ 2016-04-13 16:17:39.534 UTC ] [RuntimeExec.runCommand:229]  CRS-4533: Event Manager is online
[main] [ 2016-04-13 16:17:39.534 UTC ] [RuntimeExec.runCommand:235]  RunTimeExec: error>
[main] [ 2016-04-13 16:17:39.534 UTC ] [RuntimeExec.runCommand:257]  Returning from RunTimeExec.runCommand
[main] [ 2016-04-13 16:17:39.534 UTC ] [CmdToolUtil.doexecuteLocally:910]  retval =  0
[main] [ 2016-04-13 16:17:39.534 UTC ] [CmdToolUtil.doexecuteLocally:911]  exitval =  0
[main] [ 2016-04-13 16:17:39.535 UTC ] [CmdToolUtil.doexecuteLocally:912]  rtErrLength =  0
[main] [ 2016-04-13 16:17:39.550 UTC ] [ListenerImpl.getResourceName:2095]  Get listener resource name ora.LISTENER.lsnr
[main] [ 2016-04-13 16:17:39.576 UTC ] [EntityOperations.isEntityRegisteredCRSD:354]  entity: ora.LISTENER.lsnr, type: 1, registered: true
[main] [ 2016-04-13 16:17:39.607 UTC ] [EntityOperations.isEntityRegisteredCRSD:354]  entity: ora.LISTENER.lsnr, type: 1, registered: true
[main] [ 2016-04-13 16:17:39.607 UTC ] [CRSCache.getAttributesFromCRS:155]  CRS: name: ora.LISTENER.lsnr, type 1, node: null
[main] [ 2016-04-13 16:17:39.607 UTC ] [CRSCache.getAttributesFromCRS:156]  attrs: [TYPE]
[main] [ 2016-04-13 16:17:39.638 UTC ] [CRSCache.getAttributesFromCRS:163]  CRS: [<TYPE:ora.listener.type>]
[main] [ 2016-04-13 16:17:39.638 UTC ] [NodeAppsFactoryImpl.getListener:1714]  Resource type is ora.listener.type
[main] [ 2016-04-13 16:17:39.638 UTC ] [CRSCache.getAttributesFromCRS:155]  CRS: name: ora.LISTENER.lsnr, type 1, node: null
[main] [ 2016-04-13 16:17:39.639 UTC ] [CRSCache.getAttributesFromCRS:156]  attrs: [ENDPOINTS]
[main] [ 2016-04-13 16:17:39.669 UTC ] [CRSCache.getAttributesFromCRS:163]  CRS: [<ENDPOINTS:TCP:1521>]
[main] [ 2016-04-13 16:17:39.669 UTC ] [CRSCache.getAttributesFromCRS:155]  CRS: name: ora.LISTENER.lsnr, type 1, node: null
[main] [ 2016-04-13 16:17:39.669 UTC ] [CRSCache.getAttributesFromCRS:156]  attrs: [TYPE]
[main] [ 2016-04-13 16:17:39.699 UTC ] [CRSCache.getAttributesFromCRS:163]  CRS: [<TYPE:ora.listener.type>]
[main] [ 2016-04-13 16:17:39.700 UTC ] [ListenerImpl.type:1307]  Resource type is ora.listener.type
[main] [ 2016-04-13 16:17:39.700 UTC ] [ListenerType.getEnumMember:72]  listenerType is ora.listener.type, compare with ora.listener.type
[main] [ 2016-04-13 16:17:39.701 UTC ] [ListenerType.getEnumMember:72]  listenerType is ora.mgmtlsnr.type, compare with ora.listener.type
[main] [ 2016-04-13 16:17:39.701 UTC ] [ListenerType.getEnumMember:72]  listenerType is ora.mgmtlsnr.type, compare with ora.asm_listener.type
[main] [ 2016-04-13 16:17:39.701 UTC ] [ListenerType.getEnumMember:72]  listenerType is ora.mgmtlsnr.type, compare with ora.leaf_listener.type
[main] [ 2016-04-13 16:17:39.701 UTC ] [ListenerType.getEnumMember:72]  listenerType is ora.mgmtlsnr.type, compare with ora.mgmtlsnr.type
[main] [ 2016-04-13 16:17:39.702 UTC ] [EndpointsImpl.<init>:309]  Get listener endpoints from TCP:1521
[main] [ 2016-04-13 16:17:39.702 UTC ] [EndpointsImpl.<init>:335]  Token count is 1
[main] [ 2016-04-13 16:17:39.703 UTC ] [EndpointsImpl.<init>:361]  LsnrProtocol type = TCP, values = 1521
[main] [ 2016-04-13 16:17:39.703 UTC ] [EndpointsImpl$LsnrProtocol.addPortValue:88]  Calling parseInt to check 1521
[main] [ 2016-04-13 16:17:39.704 UTC ] [EndpointsImpl$LsnrProtocol.addPortValue:99]  Get port number 1521
[main] [ 2016-04-13 16:17:39.704 UTC ] [NetworkUtils.getOneLocalListenerProtocolAddress:3137]  lsnr endpoints TCP:1521
[main] [ 2016-04-13 16:17:39.704 UTC ] [HAListenerUtils.getOneLocalListenerProtocolAddress:684]  enter getOneLocalListenerProtocolAddress()
[main] [ 2016-04-13 16:17:39.705 UTC ] [HAListenerUtils.getOneLocalListenerProtocolAddress:685]  host odie1.ship.iodp.tamu.edu
[main] [ 2016-04-13 16:17:39.705 UTC ] [HAListenerUtils.getOneLocalListenerProtocolAddress:696]  endPt TCP:1521
[main] [ 2016-04-13 16:17:39.705 UTC ] [HAListenerUtils.getOneLocalListenerProtocolAddress:702]  protocol TCP
[main] [ 2016-04-13 16:17:39.705 UTC ] [HAListenerUtils.getOneLocalListenerProtocolAddress:709]  ports 1521
[main] [ 2016-04-13 16:17:39.705 UTC ] [HAListenerUtils.getOneLocalListenerProtocolAddress:716]  port 1521
[main] [ 2016-04-13 16:17:39.709 UTC ] [HAListenerUtils.getOneLocalListenerProtocolAddress:748]  (ADDRESS=(PROTOCOL=TCP)(HOST=odie1.ship.iodp.tamu.edu)(PORT=1521))
[main] [ 2016-04-13 16:17:39.709 UTC ] [HAListenerUtils.getOneLocalListenerProtocolAddress:749]  port 1521
[main] [ 2016-04-13 16:17:39.709 UTC ] [HAListenerUtils.getOneLocalListenerProtocolAddress:750]  protocol TCP
[main] [ 2016-04-13 16:17:39.709 UTC ] [NetworkUtils.getOneLocalListenerProtocolAddress:3140]  addr (ADDRESS=(PROTOCOL=TCP)(HOST=odie1.ship.iodp.tamu.edu)(PORT=1521))
[main] [ 2016-04-13 16:17:39.710 UTC ] [UsmcaLogger.logInfo:136]  ignoreprereqsfalse
[main] [ 2016-04-13 16:17:39.710 UTC ] [UsmcaLogger.logInfo:136]  ACFS driver state script exists true
[main] [ 2016-04-13 16:17:39.710 UTC ] [UsmcaLogger.logEntry:111]  Entering null Method : executeCommand
[main] [ 2016-04-13 16:17:39.711 UTC ] [UsmcaLogger.logInfo:136]  Command: /u01/app/12.1.0.2/grid/bin/acfsdriverstate loaded
[main] [ 2016-04-13 16:17:39.804 UTC ] [UsmcaLogger.logInfo:136]  ACFS-9203: true

[main] [ 2016-04-13 16:17:39.804 UTC ] [UsmcaLogger.logInfo:136]  ACFS driver state status code 0
[main] [ 2016-04-13 16:17:39.804 UTC ] [UsmcaLogger.logInfo:136]  AFD driver state script exists true
[main] [ 2016-04-13 16:17:39.804 UTC ] [UsmcaLogger.logEntry:111]  Entering null Method : executeCommand
[main] [ 2016-04-13 16:17:39.804 UTC ] [UsmcaLogger.logInfo:136]  Command: /u01/app/12.1.0.2/grid/bin/afddriverstate loaded
[Finalizer] [ 2016-04-13 16:17:39.811 UTC ] [ClusterUtil.finalize:117]  ClusterUtil: finalized called for oracle.ops.mgmt.has.ClusterUtil@609a18a0
[Finalizer] [ 2016-04-13 16:17:39.811 UTC ] [ClusterUtil.finalize:117]  ClusterUtil: finalized called for oracle.ops.mgmt.has.ClusterUtil@24c6e1ec
[main] [ 2016-04-13 16:17:39.908 UTC ] [UsmcaLogger.logInfo:136]  AFD-9204: AFD device driver installed or loaded status: 'false'

[main] [ 2016-04-13 16:17:39.909 UTC ] [UsmcaLogger.logInfo:136]  AFD driver state status code 1
[main] [ 2016-04-13 16:17:39.909 UTC ] [UsmcaLogger.logEntry:111]  Entering oracle.sysman.assistants.usmca.model.UsmcaModel Method : loadandSetSecEncrInit
[main] [ 2016-04-13 16:17:39.909 UTC ] [UsmcaLogger.logInfo:136]  Security command
[main] [ 2016-04-13 16:17:39.909 UTC ] [UsmcaLogger.logArrayInfo:185]  /sbin/acfsutil sec info -i 
[main] [ 2016-04-13 16:17:39.934 UTC ] [UsmcaLogger.logInfo:136]  Security command exit code 1
[main] [ 2016-04-13 16:17:39.935 UTC ] [UsmcaLogger.logInfo:136]  Encryption command
[main] [ 2016-04-13 16:17:39.935 UTC ] [UsmcaLogger.logArrayInfo:185]  /sbin/acfsutil encr info -i 
[main] [ 2016-04-13 16:17:39.955 UTC ] [UsmcaLogger.logInfo:136]  Encryption command exit code 1
[main] [ 2016-04-13 16:17:39.955 UTC ] [UsmcaLogger.logExit:119]  Exiting oracle.sysman.assistants.usmca.model.UsmcaModel Method : loadandSetSecEncrInit
[main] [ 2016-04-13 16:17:39.956 UTC ] [UsmcaLogger.logExit:119]  Exiting oracle.sysman.assistants.usmca.model.UsmcaModel Method : initialize
[main] [ 2016-04-13 16:17:39.956 UTC ] [UsmcaLogger.logEntry:111]  Entering oracle.sysman.assistants.usmca.model.UsmcaModel Method : performOperation
[main] [ 2016-04-13 16:17:39.958 UTC ] [UsmcaLogger.logEntry:111]  Entering oracle.sysman.assistants.usmca.model.UsmcaModel Method : performUpgradeNodeASM
[main] [ 2016-04-13 16:17:39.983 UTC ] [USMInstanceRac.upgradeNodeASM:6662]  Entering upgradeNodeASM
[main] [ 2016-04-13 16:17:39.983 UTC ] [USMInstanceRac.upgradeNodeASM:6676]  Source oracle home /u01/app/11.2.0.4/grid
[main] [ 2016-04-13 16:17:39.983 UTC ] [USMInstanceRac.upgradeNodeASM:6677]  Target oracle home /u01/app/12.1.0.2/grid
[main] [ 2016-04-13 16:17:39.983 UTC ] [USMInstanceRac.upgradeNodeASM:6678]  Local ASM instance +ASM1
[main] [ 2016-04-13 16:17:39.983 UTC ] [USMInstanceRac.upgradeNodeASM:6679]  Is nonRolling false
[main] [ 2016-04-13 16:17:39.984 UTC ] [USMInstanceRac.upgradeNodeASM:6680]  Is startRolling true
[main] [ 2016-04-13 16:17:39.984 UTC ] [USMInstanceRac.upgradeNodeASM:6681]  Is firstNode true
[main] [ 2016-04-13 16:17:39.984 UTC ] [USMInstanceRac.upgradeNodeASM:6682]  Node Number 1
[main] [ 2016-04-13 16:17:39.984 UTC ] [USMInstanceRac.upgradeNodeASM:6690]  CRS Old version 11.2.0.4.0
[main] [ 2016-04-13 16:17:39.986 UTC ] [OracleHome.getVersion:991]  OracleHome.getVersion called.  Current Version: null
[main] [ 2016-04-13 16:17:39.992 UTC ] [InventoryUtil.getOUIInvSession:349]  setting OUI READ level to ACCESSLEVEL_READ_LOCKLESS
[main] [ 2016-04-13 16:17:39.992 UTC ] [OracleHome.getVersion:1010]  Homeinfo /u01/app/11.2.0.4/grid,1
[main] [ 2016-04-13 16:17:40.095 UTC ] [OracleHome.getVersion:1038]  OracleHome.server.getVersion Version: 11.2.0.4.0
[main] [ 2016-04-13 16:17:40.096 UTC ] [OracleHome.getVersion:1059]  Current Version From Inventory: 11.2.0.4.0
[main] [ 2016-04-13 16:17:40.096 UTC ] [OracleHome.getVersion:991]  OracleHome.getVersion called.  Current Version: 11.2.0.4.0
[main] [ 2016-04-13 16:17:40.096 UTC ] [OracleHome.getVersion:1059]  Current Version From Inventory: 11.2.0.4.0
[main] [ 2016-04-13 16:17:40.097 UTC ] [OracleHome.getVersion:991]  OracleHome.getVersion called.  Current Version: 11.2.0.4.0
[main] [ 2016-04-13 16:17:40.098 UTC ] [OracleHome.getVersion:1059]  Current Version From Inventory: 11.2.0.4.0
[main] [ 2016-04-13 16:17:40.098 UTC ] [SQLPlusEngine.getCmmdParams:225]  m_home 11.2.0.4.0
[main] [ 2016-04-13 16:17:40.098 UTC ] [SQLPlusEngine.getCmmdParams:226]  version > 112 true
[main] [ 2016-04-13 16:17:40.098 UTC ] [SQLEngine.getEnvParams:602]  Default NLS_LANG: AMERICAN_AMERICA.AL32UTF8
[main] [ 2016-04-13 16:17:40.099 UTC ] [SQLEngine.getEnvParams:612]  NLS_LANG: AMERICAN_AMERICA.AL32UTF8
[main] [ 2016-04-13 16:17:40.099 UTC ] [SQLEngine.initialize:358]  Execing SQLPLUS/SVRMGR process...
[main] [ 2016-04-13 16:17:40.101 UTC ] [SQLEngine.initialize:395]  m_bReaderStarted: false
[main] [ 2016-04-13 16:17:40.101 UTC ] [SQLEngine.initialize:399]  Starting Reader Thread... 
[main] [ 2016-04-13 16:17:40.170 UTC ] [USMInstanceRac.upgradeNodeASM:6737]  Checking if SPFILE is used
[main] [ 2016-04-13 16:17:40.170 UTC ] [USMInstanceRac.upgradeNodeASM:6738]  sql to be executed : select name from v$spparameter where isspecified = 'TRUE'
[main] [ 2016-04-13 16:17:40.204 UTC ] [USMInstanceRac.upgradeNodeASM:6747]  spParams = [Ljava.lang.String;@19d8f162
[main] [ 2016-04-13 16:17:40.204 UTC ] [USMInstanceRac.upgradeNodeASM:6770]  sql to be executed:=select value from v$parameter where name='diagnostic_dest'
[main] [ 2016-04-13 16:17:40.209 UTC ] [OsUtilsBase.getBaseFromOrabase:659]  oraBaseUtility /u01/app/11.2.0.4/grid/bin/orabase
[main] [ 2016-04-13 16:17:40.209 UTC ] [OsUtilsBase.getBaseFromOrabase:668]  cmds: /u01/app/11.2.0.4/grid/bin/orabase
[main] [ 2016-04-13 16:17:40.210 UTC ] [OsUtilsBase.getBaseFromOrabase:672]  envs:  ORACLE_HOME=/u01/app/11.2.0.4/grid
[main] [ 2016-04-13 16:17:40.211 UTC ] [OsUtilsBase.deleteFromEnvironment:2232]  Removed from env ORACLE_BASE=/u01/app/grid
[main] [ 2016-04-13 16:17:40.327 UTC ] [OsUtilsBase.getBaseFromOrabase:682]  baseLocation from orabase 
/u01/app/grid
[main] [ 2016-04-13 16:17:40.327 UTC ] [OsUtilsBase.getBaseFromOrabase:707]   orabaseLocation= /u01/app/grid
[main] [ 2016-04-13 16:17:40.327 UTC ] [USMInstanceRac.upgradeNodeASM:6785]  Current diagnostic_dest Value /u01/app/grid
[main] [ 2016-04-13 16:17:40.327 UTC ] [USMInstanceRac.upgradeNodeASM:6786]  Source Oracle Home Oracle base Value /u01/app/grid
[main] [ 2016-04-13 16:17:40.327 UTC ] [USMInstanceRac.upgradeNodeASM:6793]  Diagnostic dest parameter is set to Old Oraclebase, resetting it.
[main] [ 2016-04-13 16:17:40.328 UTC ] [USMInstanceRac.upgradeNodeASM:6797]  sql to be executed:=ALTER SYSTEM RESET DIAGNOSTIC_DEST SCOPE = SPFILE
[main] [ 2016-04-13 16:17:40.366 UTC ] [OracleHome.getVersion:991]  OracleHome.getVersion called.  Current Version: null
[main] [ 2016-04-13 16:17:40.370 UTC ] [InventoryUtil.getOUIInvSession:349]  setting OUI READ level to ACCESSLEVEL_READ_LOCKLESS
[main] [ 2016-04-13 16:17:40.370 UTC ] [OracleHome.getVersion:1010]  Homeinfo /u01/app/11.2.0.4/grid,1
[main] [ 2016-04-13 16:17:40.436 UTC ] [OracleHome.getVersion:1038]  OracleHome.server.getVersion Version: 11.2.0.4.0
[main] [ 2016-04-13 16:17:40.436 UTC ] [OracleHome.getVersion:1059]  Current Version From Inventory: 11.2.0.4.0
[main] [ 2016-04-13 16:17:40.436 UTC ] [UsmcaPreTBUtil.copyskgxp:1453]  Source version 11.2.0.4.0
[main] [ 2016-04-13 16:17:40.436 UTC ] [UsmcaPreTBUtil.copyskgxp:1455]  Source version, major 11
[main] [ 2016-04-13 16:17:40.437 UTC ] [UsmcaPreTBUtil.copyskgxp:1482]  old libskgxp file 32 HP: /u01/app/11.2.0.4/grid/lib32/libskgxp11.sl
[main] [ 2016-04-13 16:17:40.437 UTC ] [UsmcaPreTBUtil.copyskgxp:1487]  new libskgxp file 32 HP: /u01/app/12.1.0.2/grid/lib32/libskgxpcompat.sl
[main] [ 2016-04-13 16:17:40.437 UTC ] [UsmcaPreTBUtil.copyskgxp:1492]  old libskgxp file HP: /u01/app/11.2.0.4/grid/lib/libskgxp11.sl
[main] [ 2016-04-13 16:17:40.437 UTC ] [UsmcaPreTBUtil.copyskgxp:1497]  new libskgxp file HP: /u01/app/12.1.0.2/grid/lib/libskgxpcompat.sl
[main] [ 2016-04-13 16:17:40.437 UTC ] [UsmcaPreTBUtil.copyskgxp:1520]  old libskgxp file 32: /u01/app/11.2.0.4/grid/lib32/libskgxp11.so
[main] [ 2016-04-13 16:17:40.438 UTC ] [UsmcaPreTBUtil.copyskgxp:1525]  new libskgxp file 32: /u01/app/12.1.0.2/grid/lib32/libskgxpcompat.so
[main] [ 2016-04-13 16:17:40.438 UTC ] [UsmcaPreTBUtil.copyskgxp:1535]  old libskgxp file: /u01/app/11.2.0.4/grid/lib/libskgxp11.so
[main] [ 2016-04-13 16:17:40.438 UTC ] [UsmcaPreTBUtil.copyskgxp:1540]  new libskgxp file: /u01/app/12.1.0.2/grid/lib/libskgxpcompat.so
[main] [ 2016-04-13 16:17:40.438 UTC ] [OsUtilsBase.copyFile:1505]  OsUtilsBase.copyFile: 
[main] [ 2016-04-13 16:17:40.444 UTC ] [OsUtilsBase.copyFile:1553]  **write of file at destination complete...
[main] [ 2016-04-13 16:17:40.444 UTC ] [OsUtilsBase.copyFile:1588]  **file copy status:= true
[main] [ 2016-04-13 16:17:40.445 UTC ] [USMInstanceRac.upgradeNodeASM:6836]  sql to be executed:=select SYS_CONTEXT('sys_cluster_properties', 'cluster_state') from dual
[main] [ 2016-04-13 16:17:40.451 UTC ] [USMInstanceRac.upgradeNodeASM:6840]  Already in rolling upgrade? false
[main] [ 2016-04-13 16:17:40.452 UTC ] [SQLEngine.doSQLSubstitution:2506]  The substituted sql statement:=ALTER SYSTEM START ROLLING MIGRATION TO '12.1.0.2.0'
[main] [ 2016-04-13 16:17:40.452 UTC ] [USMInstanceRac.upgradeNodeASM:6845]  sql to be executed:=ALTER SYSTEM START ROLLING MIGRATION TO '12.1.0.2.0'
[main] [ 2016-04-13 16:17:44.465 UTC ] [USMInstanceRac.copyPasswordFileUpgrade:4947]  Entering: copyPasswordFileUpgrade
[main] [ 2016-04-13 16:17:44.468 UTC ] [UsmcaUtil.getFolderListing:1935]  File matched pattern /u01/app/11.2.0.4/grid/dbs/orapw+ASM
[main] [ 2016-04-13 16:17:44.468 UTC ] [USMInstanceRac.copyPasswordFileUpgrade:4958]  Upgrading password file from /u01/app/11.2.0.4/grid/dbs/orapw+ASM to /u01/app/12.1.0.2/grid/dbs/orapw+ASM
[main] [ 2016-04-13 16:17:44.471 UTC ] [CommonUtils.upgradePasswordFile:960]  Entering CommonUtils.upgradePasswordFile
[main] [ 2016-04-13 16:17:44.476 UTC ] [CommonUtils.getPasswordFileUpgradeCommand:1091]  pwdfile upgrade command: [/u01/app/12.1.0.2/grid/bin/orapwd, input_file=/u01/app/11.2.0.4/grid/dbs/orapw+ASM, file=/u01/app/12.1.0.2/grid/dbs/orapw+ASM, force=y]
[main] [ 2016-04-13 16:17:44.491 UTC ] [CommonUtils.upgradePasswordFile:968]  Exiting CommonUtils.upgradePasswordFile
[main] [ 2016-04-13 16:17:44.491 UTC ] [USMInstanceRac.copyPasswordFileUpgrade:4964]  Exiting: copyPasswordFileUpgrade
[main] [ 2016-04-13 16:17:44.492 UTC ] [USMInstanceRac.upgradeNodeASM:6867]  Copy pfile for ASM instance, if any.
[main] [ 2016-04-13 16:17:44.492 UTC ] [UsmcaUtil.getFolderListing:1935]  File matched pattern /u01/app/11.2.0.4/grid/dbs/init_+ASM1.ora
[main] [ 2016-04-13 16:17:44.492 UTC ] [USMInstanceRac.copyASMInitFileForUpgrade:7142]  Copy the Init.ora for ASM Instance _+ASM1
[main] [ 2016-04-13 16:17:44.493 UTC ] [USMInstanceRac.copyASMInitFileForUpgrade:7151]  Source pfile /u01/app/11.2.0.4/grid/dbs/init_+ASM1.ora
[main] [ 2016-04-13 16:17:44.493 UTC ] [USMInstanceRac.copyASMInitFileForUpgrade:7152]  Target pfile /u01/app/12.1.0.2/grid/dbs/init_+ASM1.ora
[main] [ 2016-04-13 16:17:44.493 UTC ] [USMInstanceRac.copyASMInitFileForUpgrade:7156]  tmpInitFileModified=/u01/app/12.1.0.2/grid/dbs/init_+ASM1.ora.modified
[main] [ 2016-04-13 16:17:44.500 UTC ] [OsUtilsBase.copyFile:1505]  OsUtilsBase.copyFile: 
[main] [ 2016-04-13 16:17:44.500 UTC ] [OsUtilsBase.copyFile:1553]  **write of file at destination complete...
[main] [ 2016-04-13 16:17:44.500 UTC ] [OsUtilsBase.copyFile:1588]  **file copy status:= true
[main] [ 2016-04-13 16:17:44.500 UTC ] [OsUtilsBase.deleteFile:1803]  OsUtilsBase.deleteFile: /u01/app/12.1.0.2/grid/dbs/init_+ASM1.ora.modified
[main] [ 2016-04-13 16:17:44.511 UTC ] [USMInstanceRac.upgradeNodeASM:6908]  ASM configuration upgraded in local node successfully.
[main] [ 2016-04-13 16:17:44.511 UTC ] [USMInstanceRac.upgradeNodeASM:6912]  exit upgradeNodeASM
[main] [ 2016-04-13 16:17:44.511 UTC ] [UsmcaLogger.logExit:119]  Exiting oracle.sysman.assistants.usmca.model.UsmcaModel Method : performUpgradeNodeASM
[main] [ 2016-04-13 16:17:44.511 UTC ] [UsmcaLogger.logExit:119]  Exiting oracle.sysman.assistants.usmca.model.UsmcaModel Method : performOperation
