[main] [ 2014-10-09 16:02:50.606 CDT ] [UsmcaCmdLineParser.discoverRAC:245]  Cluster Existence Check
[main] [ 2014-10-09 16:02:50.632 CDT ] [Version.isPre:583]  version to be checked 11.2.0.4.0 major version to check against10
[main] [ 2014-10-09 16:02:50.632 CDT ] [Version.isPre:594]  isPre.java: Returning FALSE
[main] [ 2014-10-09 16:02:50.636 CDT ] [OCR.loadLibrary:312]  
 Inside constructor of OCR
[main] [ 2014-10-09 16:02:50.651 CDT ] [OCR.loadLibrary:320]  Going to load the ocr library
[main] [ 2014-10-09 16:02:50.651 CDT ] [Library.load:188]  library.load
[main] [ 2014-10-09 16:02:50.652 CDT ] [sPlatform.isHybrid:66]  osName=Linux osArch=amd64 JVM=64 rc=false
[main] [ 2014-10-09 16:02:50.652 CDT ] [sPlatform.isHybrid:66]  osName=Linux osArch=amd64 JVM=64 rc=false
[main] [ 2014-10-09 16:02:50.653 CDT ] [Library.load:264]  Loading  library /u01/app/11.2.0.4/grid/lib/libsrvmocr11.so
[main] [ 2014-10-09 16:02:50.661 CDT ] [OCR.loadLibrary:322]  loaded ocr libraries
[main] [ 2014-10-09 16:02:50.661 CDT ] [OCR.isCluster:952]  Calling OCRNative for isCluster()
[main] [ 2014-10-09 16:02:50.663 CDT ] [OCR.isCluster:956]  OCR Result status = true
[main] [ 2014-10-09 16:02:50.664 CDT ] [OCR.isCluster:968]  Bolean result = true
[main] [ 2014-10-09 16:02:50.668 CDT ] [HASContext.<init>:121]  moduleInit = 7
[main] [ 2014-10-09 16:02:50.668 CDT ] [Library.load:188]  library.load
[main] [ 2014-10-09 16:02:50.669 CDT ] [sPlatform.isHybrid:66]  osName=Linux osArch=amd64 JVM=64 rc=false
[main] [ 2014-10-09 16:02:50.669 CDT ] [sPlatform.isHybrid:66]  osName=Linux osArch=amd64 JVM=64 rc=false
[main] [ 2014-10-09 16:02:50.669 CDT ] [Library.load:264]  Loading  library /u01/app/11.2.0.4/grid/lib/libsrvmhas11.so
[main] [ 2014-10-09 16:02:50.671 CDT ] [Util.<init>:95]  Util Instance created.
[main] [ 2014-10-09 16:02:50.683 CDT ] [ClusterAlias.<init>:89]  ClusterAlias Instance created.
[main] [ 2014-10-09 16:02:50.704 CDT ] [UsmcaCmdLineParser.discoverRAC:249]  cluster existence:true
[main] [ 2014-10-09 16:02:50.710 CDT ] [OracleHome.getNodeNames:327]  inside getNodeNames, inventory loc null
[main] [ 2014-10-09 16:02:50.888 CDT ] [InventoryUtil.getOUIInvSession:347]  setting OUI READ level to ACCESSLEVEL_READ_LOCKLESS
[main] [ 2014-10-09 16:02:50.893 CDT ] [OracleHome.isClusterInstalled:309]  bClusterInstalled=true
[main] [ 2014-10-09 16:02:50.894 CDT ] [UsmcaCmdLineParser.discoverRAC:263]  Cluster flag true
[main] [ 2014-10-09 16:02:50.897 CDT ] [Usmca.discoverRAC:336]  Trying to check cluster existence
[main] [ 2014-10-09 16:02:50.898 CDT ] [Usmca.discoverRAC:342]  cluster existence:true
[main] [ 2014-10-09 16:02:50.898 CDT ] [OracleHome.getNodeNames:327]  inside getNodeNames, inventory loc null
[main] [ 2014-10-09 16:02:50.902 CDT ] [InventoryUtil.getOUIInvSession:347]  setting OUI READ level to ACCESSLEVEL_READ_LOCKLESS
[main] [ 2014-10-09 16:02:50.902 CDT ] [OracleHome.isClusterInstalled:309]  bClusterInstalled=true
[main] [ 2014-10-09 16:02:50.902 CDT ] [Usmca.discoverRAC:355]  Cluster flag true
[main] [ 2014-10-09 16:02:51.067 CDT ] [UsmcaModelRac.initialize:107]  Inside RAC model init
[main] [ 2014-10-09 16:02:51.067 CDT ] [OracleHome.getVersion:892]  OracleHome.getVersion called.  Current Version: null
[main] [ 2014-10-09 16:02:51.070 CDT ] [InventoryUtil.getOUIInvSession:347]  setting OUI READ level to ACCESSLEVEL_READ_LOCKLESS
[main] [ 2014-10-09 16:02:51.071 CDT ] [OracleHome.getVersion:911]  Homeinfo /u01/app/11.2.0.4/grid,1
[main] [ 2014-10-09 16:02:51.401 CDT ] [OracleHome.getVersion:939]  OracleHome.server.getVersion Version: 11.2.0.4.0
[main] [ 2014-10-09 16:02:51.401 CDT ] [OracleHome.getVersion:960]  Current Version From Inventory: 11.2.0.4.0
[main] [ 2014-10-09 16:02:51.401 CDT ] [UsmcaLogger.logInfo:143]  Software Version: 11.2.0.4.0
[main] [ 2014-10-09 16:02:51.408 CDT ] [OsUtilsBase.getBaseFromOrabase:651]  oraBaseUtility /u01/app/11.2.0.4/grid/bin/orabase
[main] [ 2014-10-09 16:02:51.408 CDT ] [OsUtilsBase.getBaseFromOrabase:660]  cmds: /u01/app/11.2.0.4/grid/bin/orabase
[main] [ 2014-10-09 16:02:51.408 CDT ] [OsUtilsBase.getBaseFromOrabase:664]  envs:  ORACLE_HOME=/u01/app/11.2.0.4/grid
[main] [ 2014-10-09 16:02:51.426 CDT ] [OsUtilsBase.getBaseFromOrabase:669]  baseLocation from orabase 
/u01/app/grid
[main] [ 2014-10-09 16:02:51.427 CDT ] [OsUtilsBase.getBaseFromOrabase:694]   orabaseLocation= /u01/app/grid
[main] [ 2014-10-09 16:02:51.458 CDT ] [NetworkUtils.checkListenerStatus:495]  Checking default listener status 
[main] [ 2014-10-09 16:02:51.458 CDT ] [NetworkUtils.checkListenerStatus:500]  Checking listener status: LISTENER
[main] [ 2014-10-09 16:02:51.489 CDT ] [NetworkUtils.checkListenerStatus:506]  lsnrct status output 

LSNRCTL for Linux: Version 11.2.0.4.0 - Production on 09-OCT-2014 16:02:51

Copyright (c) 1991, 2013, Oracle.  All rights reserved.

Connecting to (DESCRIPTION=(ADDRESS=(PROTOCOL=IPC)(KEY=LISTENER)))
STATUS of the LISTENER
------------------------
Alias                     LISTENER
Version                   TNSLSNR for Linux: Version 11.2.0.4.0 - Production
Start Date                09-OCT-2014 15:40:44
Uptime                    0 days 0 hr. 22 min. 8 sec
Trace Level               off
Security                  ON: Local OS Authentication
SNMP                      OFF
Listener Parameter File   /u01/app/11.2.0.4/grid/network/admin/listener.ora
Listener Log File         /u01/app/grid/diag/tnslsnr/odie1/listener/alert/log.xml
Listening Endpoints Summary...
  (DESCRIPTION=(ADDRESS=(PROTOCOL=ipc)(KEY=LISTENER)))
  (DESCRIPTION=(ADDRESS=(PROTOCOL=tcp)(HOST=165.91.150.32)(PORT=1521)))
  (DESCRIPTION=(ADDRESS=(PROTOCOL=tcp)(HOST=165.91.150.37)(PORT=1521)))
Services Summary...
Service "+ASM" has 1 instance(s).
  Instance "+ASM1", status READY, has 1 handler(s) for this service...
Service "orcl" has 1 instance(s).
  Instance "orcl", status READY, has 1 handler(s) for this service...
Service "orclXDB" has 1 instance(s).
  Instance "orcl", status READY, has 1 handler(s) for this service...
The command completed successfully
[main] [ 2014-10-09 16:02:51.489 CDT ] [NetworkUtils.checkListenerStatus:525]  returning listenerLISTENER
[main] [ 2014-10-09 16:02:51.490 CDT ] [NetworkUtils.getOneLocalListenerProtocolAddress:3085]  lsnr LISTENER
[main] [ 2014-10-09 16:02:51.504 CDT ] [InventoryUtil.getOUIInvSession:347]  setting OUI READ level to ACCESSLEVEL_READ_LOCKLESS
[main] [ 2014-10-09 16:02:51.504 CDT ] [HAUtils.<init>:241]  oui location /u01/app/oraInventory/ContentsXML
[main] [ 2014-10-09 16:02:51.504 CDT ] [Version.isPre:583]  version to be checked 11.2.0.4.0 major version to check against10
[main] [ 2014-10-09 16:02:51.505 CDT ] [Version.isPre:594]  isPre.java: Returning FALSE
[main] [ 2014-10-09 16:02:51.505 CDT ] [OCR.loadLibrary:312]  
 Inside constructor of OCR
[main] [ 2014-10-09 16:02:51.505 CDT ] [OCR.isCluster:952]  Calling OCRNative for isCluster()
[main] [ 2014-10-09 16:02:51.506 CDT ] [OCR.isCluster:956]  OCR Result status = true
[main] [ 2014-10-09 16:02:51.506 CDT ] [OCR.isCluster:968]  Bolean result = true
[main] [ 2014-10-09 16:02:51.508 CDT ] [ClusterUtil.<init>:72]  ClusterUtil Instance created
[main] [ 2014-10-09 16:02:51.508 CDT ] [ClusterUtil.<init>:75]  ClusterUtil m_bSKGXN=true
[main] [ 2014-10-09 16:02:51.508 CDT ] [HAUtils.isCRSInstalled:594]  enter isCRSInstalled() m_ouiLoc /u01/app/oraInventory/ContentsXML
[main] [ 2014-10-09 16:02:51.513 CDT ] [InstallGroupImpl.<init>:114]  OUI_LOC_PROPERTY = oracle.installer.oui_loc
[main] [ 2014-10-09 16:02:51.517 CDT ] [InstallGroupImpl.<init>:148]  nodelist vector is not null
[main] [ 2014-10-09 16:02:51.517 CDT ] [InstallGroupImpl.<init>:149]  size of nodelist vector = 2
[main] [ 2014-10-09 16:02:51.518 CDT ] [InstallGroupImpl.<init>:155]  nodename[0]=odie1
[main] [ 2014-10-09 16:02:51.518 CDT ] [InstallGroupImpl.<init>:155]  nodename[1]=odie2
[main] [ 2014-10-09 16:02:51.519 CDT ] [InstallGroupImpl.<init>:184]  Home location = /u01/app/11.2.0.4/grid
[main] [ 2014-10-09 16:02:51.519 CDT ] [InstallGroupImpl.<init>:188]  Home name = OraGrid11gR4
[main] [ 2014-10-09 16:02:51.519 CDT ] [InstallGroupImpl.<init>:196]  local node + odie1
[main] [ 2014-10-09 16:02:51.520 CDT ] [HAUtils.getCurrentOracleHome:368]  Oracle home from system property: /u01/app/11.2.0.4/grid
[main] [ 2014-10-09 16:02:51.521 CDT ] [GETCRSHOMEUtil.<init>:90]  Toolname: getcrshome   ---    Tool location: /u01/app/11.2.0.4/grid/srvm/adminTool dependencies: [Ljava.lang.String;@bc5fde0
[main] [ 2014-10-09 16:02:51.522 CDT ] [RuntimeExec.runCommand:75]  Calling Runtime.exec() with the command 
[main] [ 2014-10-09 16:02:51.522 CDT ] [RuntimeExec.runCommand:77]  /u01/app/11.2.0.4/grid/srvm/admin/getcrshome 
[Thread-10] [ 2014-10-09 16:02:51.527 CDT ] [StreamReader.run:61]  In StreamReader.run 
[main] [ 2014-10-09 16:02:51.527 CDT ] [RuntimeExec.runCommand:142]  runCommand: Waiting for the process
[Thread-9] [ 2014-10-09 16:02:51.527 CDT ] [StreamReader.run:61]  In StreamReader.run 
[Thread-9] [ 2014-10-09 16:02:51.536 CDT ] [StreamReader.run:65]  OUTPUT>/u01/app/11.2.0.4/grid
[main] [ 2014-10-09 16:02:51.536 CDT ] [RuntimeExec.runCommand:144]  runCommand: process returns 0
[main] [ 2014-10-09 16:02:51.536 CDT ] [RuntimeExec.runCommand:161]  RunTimeExec: output>
[main] [ 2014-10-09 16:02:51.537 CDT ] [RuntimeExec.runCommand:164]  /u01/app/11.2.0.4/grid
[main] [ 2014-10-09 16:02:51.537 CDT ] [RuntimeExec.runCommand:170]  RunTimeExec: error>
[main] [ 2014-10-09 16:02:51.537 CDT ] [RuntimeExec.runCommand:192]  Returning from RunTimeExec.runCommand
[main] [ 2014-10-09 16:02:51.538 CDT ] [HAUtils.getConfiguredGridHome:785]  Configured Grid Infrastructure home: /u01/app/11.2.0.4/grid
[main] [ 2014-10-09 16:02:51.538 CDT ] [HAUtils.getCurrentOracleHome:368]  Oracle home from system property: /u01/app/11.2.0.4/grid
[main] [ 2014-10-09 16:02:51.538 CDT ] [GETCRSHOMEUtil.<init>:90]  Toolname: getcrshome   ---    Tool location: /u01/app/11.2.0.4/grid/srvm/adminTool dependencies: [Ljava.lang.String;@bc5fde0
[main] [ 2014-10-09 16:02:51.539 CDT ] [RuntimeExec.runCommand:75]  Calling Runtime.exec() with the command 
[main] [ 2014-10-09 16:02:51.539 CDT ] [RuntimeExec.runCommand:77]  /u01/app/11.2.0.4/grid/srvm/admin/getcrshome 
[Thread-12] [ 2014-10-09 16:02:51.543 CDT ] [StreamReader.run:61]  In StreamReader.run 
[main] [ 2014-10-09 16:02:51.543 CDT ] [StreamReader.run:61]  runCommand: Waiting for the process
[Thread-11] [ 2014-10-09 16:02:51.543 CDT ] [StreamReader.run:61]  In StreamReader.run 
[Thread-11] [ 2014-10-09 16:02:51.552 CDT ] [StreamReader.run:65]  OUTPUT>/u01/app/11.2.0.4/grid
[main] [ 2014-10-09 16:02:51.552 CDT ] [RuntimeExec.runCommand:144]  runCommand: process returns 0
[main] [ 2014-10-09 16:02:51.552 CDT ] [RuntimeExec.runCommand:161]  RunTimeExec: output>
[main] [ 2014-10-09 16:02:51.553 CDT ] [RuntimeExec.runCommand:164]  /u01/app/11.2.0.4/grid
[main] [ 2014-10-09 16:02:51.553 CDT ] [RuntimeExec.runCommand:170]  RunTimeExec: error>
[main] [ 2014-10-09 16:02:51.553 CDT ] [RuntimeExec.runCommand:192]  Returning from RunTimeExec.runCommand
[main] [ 2014-10-09 16:02:51.553 CDT ] [HAUtils.getConfiguredGridHome:785]  Configured Grid Infrastructure home: /u01/app/11.2.0.4/grid
[main] [ 2014-10-09 16:02:51.554 CDT ] [Version.isPre:583]  version to be checked 11.2.0.4.0 major version to check against10
[main] [ 2014-10-09 16:02:51.554 CDT ] [Version.isPre:594]  isPre.java: Returning FALSE
[main] [ 2014-10-09 16:02:51.554 CDT ] [Version.isPre:583]  version to be checked 11.2.0.4.0 major version to check against10
[main] [ 2014-10-09 16:02:51.555 CDT ] [Version.isPre:594]  isPre.java: Returning FALSE
[main] [ 2014-10-09 16:02:51.555 CDT ] [UnixSystem.isCRSConfigured:2597]  configFile=/etc/oracle/ocr.loc
[main] [ 2014-10-09 16:02:51.557 CDT ] [Utils.getPropertyValue:302]  propName=ocrconfig_loc propValue=+DATA
[main] [ 2014-10-09 16:02:51.557 CDT ] [UnixSystem.isCRSConfigured:2604]  ocrconfig_loc=+DATA
[main] [ 2014-10-09 16:02:51.572 CDT ] [Utils.getPropertyValue:302]  propName=local_only propValue=FALSE
[main] [ 2014-10-09 16:02:51.572 CDT ] [HAUtils.getCurrentOracleHome:368]  Oracle home from system property: /u01/app/11.2.0.4/grid
[main] [ 2014-10-09 16:02:51.572 CDT ] [GETCRSHOMEUtil.<init>:90]  Toolname: getcrshome   ---    Tool location: /u01/app/11.2.0.4/grid/srvm/adminTool dependencies: [Ljava.lang.String;@bc5fde0
[main] [ 2014-10-09 16:02:51.572 CDT ] [RuntimeExec.runCommand:75]  Calling Runtime.exec() with the command 
[main] [ 2014-10-09 16:02:51.573 CDT ] [RuntimeExec.runCommand:77]  /u01/app/11.2.0.4/grid/srvm/admin/getcrshome 
[main] [ 2014-10-09 16:02:51.575 CDT ] [RuntimeExec.runCommand:142]  runCommand: Waiting for the process
[Thread-13] [ 2014-10-09 16:02:51.575 CDT ] [RuntimeExec.runCommand:142]  In StreamReader.run 
[Thread-14] [ 2014-10-09 16:02:51.575 CDT ] [RuntimeExec.runCommand:142]  In StreamReader.run 
[Thread-13] [ 2014-10-09 16:02:51.584 CDT ] [StreamReader.run:65]  OUTPUT>/u01/app/11.2.0.4/grid
[main] [ 2014-10-09 16:02:51.584 CDT ] [RuntimeExec.runCommand:144]  runCommand: process returns 0
[main] [ 2014-10-09 16:02:51.584 CDT ] [RuntimeExec.runCommand:161]  RunTimeExec: output>
[main] [ 2014-10-09 16:02:51.584 CDT ] [RuntimeExec.runCommand:164]  /u01/app/11.2.0.4/grid
[main] [ 2014-10-09 16:02:51.585 CDT ] [RuntimeExec.runCommand:170]  RunTimeExec: error>
[main] [ 2014-10-09 16:02:51.585 CDT ] [RuntimeExec.runCommand:192]  Returning from RunTimeExec.runCommand
[main] [ 2014-10-09 16:02:51.585 CDT ] [HAUtils.getConfiguredGridHome:785]  Configured Grid Infrastructure home: /u01/app/11.2.0.4/grid
[main] [ 2014-10-09 16:02:51.590 CDT ] [Version.isPre:583]  version to be checked 11.2.0.4.0 major version to check against11
[main] [ 2014-10-09 16:02:51.590 CDT ] [Version.isPre:594]  isPre.java: Returning FALSE
[main] [ 2014-10-09 16:02:51.591 CDT ] [Version.isPre:583]  version to be checked 11.2.0.4.0 major version to check against11
[main] [ 2014-10-09 16:02:51.591 CDT ] [Version.isPre:594]  isPre.java: Returning FALSE
[main] [ 2014-10-09 16:02:51.591 CDT ] [Version.isPre112:427]  version to be checked 11.2.0.4.0 minor version to check against2
[main] [ 2014-10-09 16:02:51.591 CDT ] [Version.isPre112:438]  isPre112 : Returning FALSE for minor version check
[main] [ 2014-10-09 16:02:51.592 CDT ] [CRSCTLUtil.checkCRSRunning:409]  Checking if CRS is running for post 11 release
[main] [ 2014-10-09 16:02:51.592 CDT ] [RuntimeExec.runCommand:75]  Calling Runtime.exec() with the command 
[main] [ 2014-10-09 16:02:51.592 CDT ] [RuntimeExec.runCommand:77]  /u01/app/11.2.0.4/grid/bin/crsctl 
[main] [ 2014-10-09 16:02:51.592 CDT ] [RuntimeExec.runCommand:77]  check 
[main] [ 2014-10-09 16:02:51.593 CDT ] [RuntimeExec.runCommand:77]  cluster 
[main] [ 2014-10-09 16:02:51.595 CDT ] [RuntimeExec.runCommand:142]  runCommand: Waiting for the process
[Thread-16] [ 2014-10-09 16:02:51.595 CDT ] [RuntimeExec.runCommand:142]  In StreamReader.run 
[Thread-15] [ 2014-10-09 16:02:51.595 CDT ] [RuntimeExec.runCommand:142]  In StreamReader.run 
[Thread-15] [ 2014-10-09 16:02:51.658 CDT ] [StreamReader.run:65]  OUTPUT>CRS-4537: Cluster Ready Services is online
[Thread-15] [ 2014-10-09 16:02:51.658 CDT ] [StreamReader.run:65]  OUTPUT>CRS-4529: Cluster Synchronization Services is online
[Thread-15] [ 2014-10-09 16:02:51.658 CDT ] [StreamReader.run:65]  OUTPUT>CRS-4533: Event Manager is online
[main] [ 2014-10-09 16:02:51.760 CDT ] [RuntimeExec.runCommand:144]  runCommand: process returns 0
[main] [ 2014-10-09 16:02:51.760 CDT ] [RuntimeExec.runCommand:161]  RunTimeExec: output>
[main] [ 2014-10-09 16:02:51.760 CDT ] [RuntimeExec.runCommand:164]  CRS-4537: Cluster Ready Services is online
[main] [ 2014-10-09 16:02:51.761 CDT ] [RuntimeExec.runCommand:164]  CRS-4529: Cluster Synchronization Services is online
[main] [ 2014-10-09 16:02:51.761 CDT ] [RuntimeExec.runCommand:164]  CRS-4533: Event Manager is online
[main] [ 2014-10-09 16:02:51.761 CDT ] [RuntimeExec.runCommand:170]  RunTimeExec: error>
[main] [ 2014-10-09 16:02:51.761 CDT ] [RuntimeExec.runCommand:192]  Returning from RunTimeExec.runCommand
[main] [ 2014-10-09 16:02:51.781 CDT ] [Version.isPre:583]  version to be checked 11.2.0.4.0 major version to check against10
[main] [ 2014-10-09 16:02:51.781 CDT ] [Version.isPre:594]  isPre.java: Returning FALSE
[main] [ 2014-10-09 16:02:51.782 CDT ] [OCR.loadLibrary:312]  
 Inside constructor of OCR
[main] [ 2014-10-09 16:02:51.782 CDT ] [OCR.isCluster:952]  Calling OCRNative for isCluster()
[main] [ 2014-10-09 16:02:51.782 CDT ] [OCR.isCluster:956]  OCR Result status = true
[main] [ 2014-10-09 16:02:51.783 CDT ] [OCR.isCluster:968]  Bolean result = true
[main] [ 2014-10-09 16:02:51.791 CDT ] [Version.isPre:583]  version to be checked 11.2.0.4.0 major version to check against10
[main] [ 2014-10-09 16:02:51.791 CDT ] [Version.isPre:594]  isPre.java: Returning FALSE
[main] [ 2014-10-09 16:02:51.791 CDT ] [OCR.loadLibrary:312]  
 Inside constructor of OCR
[main] [ 2014-10-09 16:02:51.792 CDT ] [OCR.isCluster:952]  Calling OCRNative for isCluster()
[main] [ 2014-10-09 16:02:51.792 CDT ] [OCR.isCluster:956]  OCR Result status = true
[main] [ 2014-10-09 16:02:51.792 CDT ] [OCR.isCluster:968]  Bolean result = true
[main] [ 2014-10-09 16:02:51.842 CDT ] [CRSNative.isEntityRegistered:737]  entity: ora.LISTENER.lsnr, type: 1, registered: true
[main] [ 2014-10-09 16:02:51.861 CDT ] [CRSNative.isEntityRegistered:737]  entity: ora.LISTENER.lsnr, type: 1, registered: true
[main] [ 2014-10-09 16:02:51.861 CDT ] [CRSNative.getStat:1447]  About to call crs stat: name: ora.LISTENER.lsnr, type: 1, node: null
[main] [ 2014-10-09 16:02:51.861 CDT ] [CRSNative.getStat:1449]  looking for following attributes:
[main] [ 2014-10-09 16:02:51.862 CDT ] [CRSNative.getStat:1451]  		'TYPE'
[main] [ 2014-10-09 16:02:51.882 CDT ] [CRSNative.getStat:1464]  crs found 1 attributes
[main] [ 2014-10-09 16:02:51.882 CDT ] [CRSNative.getStat:1474]  	Name: 'TYPE'; Value: 'ora.listener.type'
[main] [ 2014-10-09 16:02:51.882 CDT ] [NodeAppsFactoryImpl.getListener:1140]  Resource type is ora.listener.type
[main] [ 2014-10-09 16:02:51.883 CDT ] [CRSNative.getStat:1447]  About to call crs stat: name: ora.LISTENER.lsnr, type: 1, node: null
[main] [ 2014-10-09 16:02:51.883 CDT ] [CRSNative.getStat:1449]  looking for following attributes:
[main] [ 2014-10-09 16:02:51.883 CDT ] [CRSNative.getStat:1451]  		'ENDPOINTS'
[main] [ 2014-10-09 16:02:51.903 CDT ] [CRSNative.getStat:1464]  crs found 1 attributes
[main] [ 2014-10-09 16:02:51.903 CDT ] [CRSNative.getStat:1474]  	Name: 'ENDPOINTS'; Value: 'TCP:1521'
[main] [ 2014-10-09 16:02:51.904 CDT ] [EndpointsImpl.<init>:276]  Get listener endpoints from TCP:1521
[main] [ 2014-10-09 16:02:51.905 CDT ] [EndpointsImpl.<init>:302]  Token count is 1
[main] [ 2014-10-09 16:02:51.905 CDT ] [EndpointsImpl.<init>:324]  LsnrProtocol type = TCP, values = 1521
[main] [ 2014-10-09 16:02:51.906 CDT ] [EndpointsImpl$LsnrProtocol.addPortValue:86]  Calling parseInt to check 1521
[main] [ 2014-10-09 16:02:51.907 CDT ] [EndpointsImpl$LsnrProtocol.addPortValue:97]  Get port number 1521
[main] [ 2014-10-09 16:02:51.907 CDT ] [NetworkUtils.getOneLocalListenerProtocolAddress:3113]  lsnr endpoints TCP:1521
[main] [ 2014-10-09 16:02:51.907 CDT ] [HAListenerUtils.getOneLocalListenerProtocolAddress:646]  enter getOneLocalListenerProtocolAddress()
[main] [ 2014-10-09 16:02:51.908 CDT ] [HAListenerUtils.getOneLocalListenerProtocolAddress:647]  host odie1.ship.iodp.tamu.edu
[main] [ 2014-10-09 16:02:51.908 CDT ] [HAListenerUtils.getOneLocalListenerProtocolAddress:658]  endPt TCP:1521
[main] [ 2014-10-09 16:02:51.908 CDT ] [HAListenerUtils.getOneLocalListenerProtocolAddress:664]  protocol TCP
[main] [ 2014-10-09 16:02:51.909 CDT ] [HAListenerUtils.getOneLocalListenerProtocolAddress:671]  ports 1521
[main] [ 2014-10-09 16:02:51.909 CDT ] [HAListenerUtils.getOneLocalListenerProtocolAddress:678]  port 1521
[main] [ 2014-10-09 16:02:51.914 CDT ] [HAListenerUtils.getOneLocalListenerProtocolAddress:710]  (ADDRESS=(PROTOCOL=TCP)(HOST=odie1.ship.iodp.tamu.edu)(PORT=1521))
[main] [ 2014-10-09 16:02:51.914 CDT ] [HAListenerUtils.getOneLocalListenerProtocolAddress:711]  port 1521
[main] [ 2014-10-09 16:02:51.915 CDT ] [HAListenerUtils.getOneLocalListenerProtocolAddress:712]  protocol TCP
[main] [ 2014-10-09 16:02:51.915 CDT ] [NetworkUtils.getOneLocalListenerProtocolAddress:3116]  addr (ADDRESS=(PROTOCOL=TCP)(HOST=odie1.ship.iodp.tamu.edu)(PORT=1521))
[main] [ 2014-10-09 16:02:51.915 CDT ] [UsmcaLogger.logInfo:143]  ignoreprereqsfalse
[main] [ 2014-10-09 16:02:51.919 CDT ] [OsUtilsBase.getBaseFromOrabase:651]  oraBaseUtility /u01/app/11.2.0.4/grid/bin/orabase
[main] [ 2014-10-09 16:02:51.919 CDT ] [OsUtilsBase.getBaseFromOrabase:660]  cmds: /u01/app/11.2.0.4/grid/bin/orabase
[main] [ 2014-10-09 16:02:51.920 CDT ] [OsUtilsBase.getBaseFromOrabase:664]  envs:  ORACLE_HOME=/u01/app/11.2.0.4/grid
[main] [ 2014-10-09 16:02:51.937 CDT ] [OsUtilsBase.getBaseFromOrabase:669]  baseLocation from orabase 
/u01/app/grid
[main] [ 2014-10-09 16:02:51.937 CDT ] [OsUtilsBase.getBaseFromOrabase:694]   orabaseLocation= /u01/app/grid
[main] [ 2014-10-09 16:02:51.939 CDT ] [UsmcaLogger.logInfo:143]  ACFS driver state script exists true
[main] [ 2014-10-09 16:02:51.940 CDT ] [UsmcaLogger.logEntry:115]  Entering oracle.sysman.assistants.usmca.util.UsmcaUtil Method : executeCommand
[main] [ 2014-10-09 16:02:51.940 CDT ] [UsmcaLogger.logInfo:143]  Command: /u01/app/11.2.0.4/grid/bin/acfsdriverstate loaded
[main] [ 2014-10-09 16:02:52.024 CDT ] [UsmcaLogger.logInfo:143]  ACFS-9203: true

[main] [ 2014-10-09 16:02:52.025 CDT ] [UsmcaLogger.logInfo:143]  ACFS driver state status code 0
[main] [ 2014-10-09 16:02:52.025 CDT ] [UsmcaLogger.logEntry:115]  Entering oracle.sysman.assistants.usmca.model.UsmcaModelRac Method : loadandSetSecEncrInit
[main] [ 2014-10-09 16:02:52.025 CDT ] [UsmcaLogger.logInfo:143]  Security command
[main] [ 2014-10-09 16:02:52.025 CDT ] [UsmcaLogger.logArrayInfo:194]  /sbin/acfsutil sec info -i 
[main] [ 2014-10-09 16:02:52.045 CDT ] [UsmcaLogger.logInfo:143]  Security command exit code 1
[main] [ 2014-10-09 16:02:52.046 CDT ] [UsmcaLogger.logInfo:143]  Encryption command
[main] [ 2014-10-09 16:02:52.046 CDT ] [UsmcaLogger.logArrayInfo:194]  /sbin/acfsutil encr info -i 
[main] [ 2014-10-09 16:02:52.066 CDT ] [UsmcaLogger.logInfo:143]  Encryption command exit code 1
[main] [ 2014-10-09 16:02:52.066 CDT ] [UsmcaLogger.logExit:124]  Exiting oracle.sysman.assistants.usmca.model.UsmcaModelRac Method : loadandSetSecEncrInit
[main] [ 2014-10-09 16:02:52.073 CDT ] [UsmcaModelRac.initialize:115]  Inside RAC model init
[main] [ 2014-10-09 16:02:52.073 CDT ] [Version.isPre:583]  version to be checked 11.2.0.4.0 major version to check against10
[main] [ 2014-10-09 16:02:52.074 CDT ] [Version.isPre:594]  isPre.java: Returning FALSE
[main] [ 2014-10-09 16:02:52.074 CDT ] [OCR.loadLibrary:312]  
 Inside constructor of OCR
[main] [ 2014-10-09 16:02:52.074 CDT ] [OCR.isCluster:952]  Calling OCRNative for isCluster()
[main] [ 2014-10-09 16:02:52.075 CDT ] [OCR.isCluster:956]  OCR Result status = true
[main] [ 2014-10-09 16:02:52.075 CDT ] [OCR.isCluster:968]  Bolean result = true
[main] [ 2014-10-09 16:02:52.079 CDT ] [GetActiveNodes.create:220]  Going into GetActiveNodes constructor...
[main] [ 2014-10-09 16:02:52.079 CDT ] [ClusterUtil.<init>:72]  ClusterUtil Instance created
[main] [ 2014-10-09 16:02:52.080 CDT ] [ClusterUtil.<init>:75]  ClusterUtil m_bSKGXN=true
[main] [ 2014-10-09 16:02:52.092 CDT ] [GetActiveNodes.<init>:192]  Inside GetActiveNodes :odie1
[main] [ 2014-10-09 16:02:52.095 CDT ] [GetActiveNodes.<init>:204]  Started clusterware daemon thread
[GetActiveNodesThread] [ 2014-10-09 16:02:52.095 CDT ] [Semaphore.acquire:109]  SyncBufferFull:Acquire called by thread GetActiveNodesThread m_count=0
[main] [ 2014-10-09 16:02:52.095 CDT ] [GetActiveNodes.create:222]  Out of GetActiveNodes constructor.
[main] [ 2014-10-09 16:02:52.095 CDT ] [GetActiveNodes.create:226]  Returning an existing instance of GetActiveNodes
[main] [ 2014-10-09 16:02:52.096 CDT ] [ClusterUtils.areSharedPaths:556]  1. path=/u01/app/11.2.0.4/grid
[main] [ 2014-10-09 16:02:52.097 CDT ] [ClusterUtils.areSharedPaths:577]  2. path=/u01/app/11.2.0.4/grid
[main] [ 2014-10-09 16:02:52.097 CDT ] [ClusterUtils.areSharedPaths:582]  hashKey = [odie1, odie2]/u01/app/11.2.0.4/grid
[main] [ 2014-10-09 16:02:52.097 CDT ] [GetActiveNodes.create:226]  Returning an existing instance of GetActiveNodes
[main] [ 2014-10-09 16:02:52.097 CDT ] [Cluster.verifyNodeList:1148]  clusterNodes[0]=odie1
[main] [ 2014-10-09 16:02:52.098 CDT ] [Cluster.verifyNodeList:1148]  clusterNodes[1]=odie2
[main] [ 2014-10-09 16:02:52.098 CDT ] [Cluster.verifyNodeList:1153]  nodeList[0]=odie1
[main] [ 2014-10-09 16:02:52.098 CDT ] [Cluster.verifyNodeList:1153]  nodeList[1]=odie2
[main] [ 2014-10-09 16:02:52.098 CDT ] [GetActiveNodes.create:226]  Returning an existing instance of GetActiveNodes
[main] [ 2014-10-09 16:02:52.099 CDT ] [Cluster.isSharedPath:1072]  NodeList=[odie1, odie2]
[main] [ 2014-10-09 16:02:52.099 CDT ] [Cluster.isSharedPath:1108]  pathName=/u01/app/11.2.0.4/grid/ dirPath = /u01/app/11.2.0.4/grid
[main] [ 2014-10-09 16:02:52.099 CDT ] [UnixSystem.isSharedPath:1592]  dirPath=/u01/app/11.2.0.4/grid
[main] [ 2014-10-09 16:02:52.104 CDT ] [UnixSystem.isSharedPath:1597]  UnixSystem.isShared: pathName=/u01/app/11.2.0.4/grid tempFile=CFSFileName1412888572104
[main] [ 2014-10-09 16:02:52.104 CDT ] [UnixSystem.isSharedPath:1602]  UnixSystem.isShared: dirPathName is /u01/app/11.2.0.4/grid/CFSFileName1412888572104
[main] [ 2014-10-09 16:02:52.105 CDT ] [UnixSystem.isSharedPath:1606]  UnixSystem.isShared: removing file /u01/app/11.2.0.4/grid/CFSFileName1412888572104on  odie2
[main] [ 2014-10-09 16:02:52.105 CDT ] [Utils.getLocalHost:481]  Hostname retrieved: odie1.ship.iodp.tamu.edu, returned: odie1
[main] [ 2014-10-09 16:02:52.106 CDT ] [UnixSystem.checkRemoteExecutionSetup:2185]  checkRemoteExecutionSetup:: Checking user equivalence using Secured Shell '/usr/bin/ssh'
[main] [ 2014-10-09 16:02:52.106 CDT ] [UnixSystem.checkRemoteExecutionSetup:2187]  checkRemoteExecutionSetup:: Running Unix command: /usr/bin/ssh -o FallBackToRsh=no  -o PasswordAuthentication=no  -o StrictHostKeyChecking=yes  -o NumberOfPasswordPrompts=0 odie2 /bin/true
[main] [ 2014-10-09 16:02:52.106 CDT ] [RuntimeExec.runCommand:75]  Calling Runtime.exec() with the command 
[main] [ 2014-10-09 16:02:52.106 CDT ] [RuntimeExec.runCommand:77]  /usr/bin/ssh 
[main] [ 2014-10-09 16:02:52.107 CDT ] [RuntimeExec.runCommand:77]  -o 
[main] [ 2014-10-09 16:02:52.107 CDT ] [RuntimeExec.runCommand:77]  FallBackToRsh=no 
[main] [ 2014-10-09 16:02:52.107 CDT ] [RuntimeExec.runCommand:77]  -o 
[main] [ 2014-10-09 16:02:52.107 CDT ] [RuntimeExec.runCommand:77]  PasswordAuthentication=no 
[main] [ 2014-10-09 16:02:52.107 CDT ] [RuntimeExec.runCommand:77]  -o 
[main] [ 2014-10-09 16:02:52.108 CDT ] [RuntimeExec.runCommand:77]  StrictHostKeyChecking=yes 
[main] [ 2014-10-09 16:02:52.108 CDT ] [RuntimeExec.runCommand:77]  -o 
[main] [ 2014-10-09 16:02:52.108 CDT ] [RuntimeExec.runCommand:77]  NumberOfPasswordPrompts=0 
[main] [ 2014-10-09 16:02:52.108 CDT ] [RuntimeExec.runCommand:77]  odie2 
[main] [ 2014-10-09 16:02:52.109 CDT ] [RuntimeExec.runCommand:77]  /bin/true 
[main] [ 2014-10-09 16:02:52.112 CDT ] [RuntimeExec.runCommand:142]  runCommand: Waiting for the process
[Thread-25] [ 2014-10-09 16:02:52.112 CDT ] [RuntimeExec.runCommand:142]  In StreamReader.run 
[Thread-26] [ 2014-10-09 16:02:52.112 CDT ] [RuntimeExec.runCommand:142]  In StreamReader.run 
[main] [ 2014-10-09 16:02:52.233 CDT ] [RuntimeExec.runCommand:144]  runCommand: process returns 0
[main] [ 2014-10-09 16:02:52.233 CDT ] [RuntimeExec.runCommand:161]  RunTimeExec: output>
[main] [ 2014-10-09 16:02:52.234 CDT ] [RuntimeExec.runCommand:170]  RunTimeExec: error>
[main] [ 2014-10-09 16:02:52.234 CDT ] [RuntimeExec.runCommand:192]  Returning from RunTimeExec.runCommand
[main] [ 2014-10-09 16:02:52.234 CDT ] [UnixSystem.checkRemoteExecutionSetup:2293]  Using Remote Shell Command: '/usr/bin/ssh -o FallBackToRsh=no  -o PasswordAuthentication=no  -o StrictHostKeyChecking=yes  -o NumberOfPasswordPrompts=0 '
[main] [ 2014-10-09 16:02:52.234 CDT ] [UnixSystem.checkRemoteExecutionSetup:2294]  Using Remote Copy Command: '/usr/bin/scp'
[main] [ 2014-10-09 16:02:52.235 CDT ] [RuntimeExec.runCommand:75]  Calling Runtime.exec() with the command 
[main] [ 2014-10-09 16:02:52.235 CDT ] [RuntimeExec.runCommand:77]  /usr/bin/ssh 
[main] [ 2014-10-09 16:02:52.235 CDT ] [RuntimeExec.runCommand:77]  -o 
[main] [ 2014-10-09 16:02:52.235 CDT ] [RuntimeExec.runCommand:77]  FallBackToRsh=no 
[main] [ 2014-10-09 16:02:52.236 CDT ] [RuntimeExec.runCommand:77]  -o 
[main] [ 2014-10-09 16:02:52.236 CDT ] [RuntimeExec.runCommand:77]  PasswordAuthentication=no 
[main] [ 2014-10-09 16:02:52.236 CDT ] [RuntimeExec.runCommand:77]  -o 
[main] [ 2014-10-09 16:02:52.236 CDT ] [RuntimeExec.runCommand:77]  StrictHostKeyChecking=yes 
[main] [ 2014-10-09 16:02:52.237 CDT ] [RuntimeExec.runCommand:77]  -o 
[main] [ 2014-10-09 16:02:52.237 CDT ] [RuntimeExec.runCommand:77]  NumberOfPasswordPrompts=0 
[main] [ 2014-10-09 16:02:52.237 CDT ] [RuntimeExec.runCommand:77]  odie2 
[main] [ 2014-10-09 16:02:52.237 CDT ] [RuntimeExec.runCommand:77]  -n 
[main] [ 2014-10-09 16:02:52.237 CDT ] [RuntimeExec.runCommand:77]  /bin/rm 
[main] [ 2014-10-09 16:02:52.238 CDT ] [RuntimeExec.runCommand:77]  -f 
[main] [ 2014-10-09 16:02:52.238 CDT ] [RuntimeExec.runCommand:77]  /u01/app/11.2.0.4/grid/CFSFileName1412888572104 
[Thread-27] [ 2014-10-09 16:02:52.242 CDT ] [StreamReader.run:61]  In StreamReader.run 
[main] [ 2014-10-09 16:02:52.242 CDT ] [RuntimeExec.runCommand:142]  runCommand: Waiting for the process
[Thread-28] [ 2014-10-09 16:02:52.242 CDT ] [StreamReader.run:61]  In StreamReader.run 
[main] [ 2014-10-09 16:02:52.335 CDT ] [RuntimeExec.runCommand:144]  runCommand: process returns 0
[main] [ 2014-10-09 16:02:52.335 CDT ] [RuntimeExec.runCommand:161]  RunTimeExec: output>
[main] [ 2014-10-09 16:02:52.335 CDT ] [RuntimeExec.runCommand:170]  RunTimeExec: error>
[main] [ 2014-10-09 16:02:52.335 CDT ] [RuntimeExec.runCommand:192]  Returning from RunTimeExec.runCommand
[main] [ 2014-10-09 16:02:52.336 CDT ] [NativeSystem.isCmdScv:502]  isCmdScv: cmd=[/usr/bin/ssh -o FallBackToRsh=no -o PasswordAuthentication=no -o StrictHostKeyChecking=yes -o NumberOfPasswordPrompts=0 odie2 -n /bin/rm -f /u01/app/11.2.0.4/grid/CFSFileName1412888572104]
[main] [ 2014-10-09 16:02:52.336 CDT ] [NativeSystem.isCmdScv:552]  isCmdScv: /usr/bin/ssh is present.
[main] [ 2014-10-09 16:02:52.336 CDT ] [NativeSystem.isCmdScv:554]  isCmdScv: /usr/bin/ssh is a file.
[main] [ 2014-10-09 16:02:52.337 CDT ] [NativeSystem.isCmdScv:571]  isCmdScv: returned true
[main] [ 2014-10-09 16:02:52.337 CDT ] [NativeSystem.rununixcmd:1152]  NativeSystem.rununixcmd: RetString 1| :successful
[main] [ 2014-10-09 16:02:52.337 CDT ] [UnixSystem.isSharedPath:1606]  UnixSystem.isShared: removing file /u01/app/11.2.0.4/grid/CFSFileName1412888572104on  odie1
[main] [ 2014-10-09 16:02:52.337 CDT ] [RuntimeExec.runCommand:75]  Calling Runtime.exec() with the command 
[main] [ 2014-10-09 16:02:52.337 CDT ] [RuntimeExec.runCommand:77]  /bin/rm 
[main] [ 2014-10-09 16:02:52.338 CDT ] [RuntimeExec.runCommand:77]  -f 
[main] [ 2014-10-09 16:02:52.338 CDT ] [RuntimeExec.runCommand:77]  /u01/app/11.2.0.4/grid/CFSFileName1412888572104 
[main] [ 2014-10-09 16:02:52.341 CDT ] [StreamReader.run:61]  runCommand: Waiting for the process
[Thread-29] [ 2014-10-09 16:02:52.341 CDT ] [StreamReader.run:61]  In StreamReader.run 
[Thread-30] [ 2014-10-09 16:02:52.341 CDT ] [StreamReader.run:61]  In StreamReader.run 
[main] [ 2014-10-09 16:02:52.343 CDT ] [RuntimeExec.runCommand:144]  runCommand: process returns 0
[main] [ 2014-10-09 16:02:52.343 CDT ] [RuntimeExec.runCommand:161]  RunTimeExec: output>
[main] [ 2014-10-09 16:02:52.343 CDT ] [RuntimeExec.runCommand:170]  RunTimeExec: error>
[main] [ 2014-10-09 16:02:52.344 CDT ] [RuntimeExec.runCommand:192]  Returning from RunTimeExec.runCommand
[main] [ 2014-10-09 16:02:52.344 CDT ] [NativeSystem.isCmdScv:502]  isCmdScv: cmd=[/bin/rm -f /u01/app/11.2.0.4/grid/CFSFileName1412888572104]
[main] [ 2014-10-09 16:02:52.344 CDT ] [NativeSystem.isCmdScv:571]  isCmdScv: returned false
[main] [ 2014-10-09 16:02:52.344 CDT ] [NativeSystem.rununixcmd:1152]  NativeSystem.rununixcmd: RetString 1| :successful
[main] [ 2014-10-09 16:02:52.345 CDT ] [UnixSystem.isSharedPath:1611]  UnixSystem.isShared: creating file /u01/app/11.2.0.4/grid/CFSFileName1412888572104
[main] [ 2014-10-09 16:02:52.345 CDT ] [UnixSystem.isSharedPath:1620]  Failed to create the test CFS file at /u01/app/11.2.0.4/grid/CFSFileName1412888572104
[main] [ 2014-10-09 16:02:52.351 CDT ] [ClusterUtils.areSharedPaths:602]  oracle.ops.mgmt.nativesystem.UnixSystem.isSharedPath(UnixSystem.java:1624)
oracle.ops.mgmt.cluster.Cluster.isSharedPath(Cluster.java:1110)
oracle.ops.mgmt.cluster.Cluster.isSharedPath(Cluster.java:1037)
oracle.sysman.assistants.util.ClusterUtils.areSharedPaths(ClusterUtils.java:589)
oracle.sysman.assistants.util.ClusterUtils.isShared(ClusterUtils.java:500)
oracle.sysman.assistants.util.ClusterUtils.isShared(ClusterUtils.java:456)
oracle.sysman.assistants.util.attributes.CommonOPSAttributes.updateShared(CommonOPSAttributes.java:886)
oracle.sysman.assistants.util.attributes.CommonOPSAttributes.setNodeNames(CommonOPSAttributes.java:237)
oracle.sysman.assistants.usmca.model.UsmcaModelRac.initialize(UsmcaModelRac.java:142)
oracle.sysman.assistants.usmca.model.UsmcaModel.<init>(UsmcaModel.java:144)
oracle.sysman.assistants.usmca.model.UsmcaModelRac.<init>(UsmcaModelRac.java:89)
oracle.sysman.assistants.usmca.Usmca.getModel(Usmca.java:326)
oracle.sysman.assistants.usmca.Usmca.execute(Usmca.java:153)
oracle.sysman.assistants.usmca.Usmca.main(Usmca.java:369)
[main] [ 2014-10-09 16:02:52.352 CDT ] [UsmcaModelRac.initialize:150]  Remote Node odie2
[main] [ 2014-10-09 16:02:52.352 CDT ] [UsmcaLogger.logInfo:143]  Driver State after RAC check true
[main] [ 2014-10-09 16:02:52.352 CDT ] [UsmcaLogger.logEntry:115]  Entering oracle.sysman.assistants.usmca.model.UsmcaModelRac Method : performOperation
[main] [ 2014-10-09 16:02:52.352 CDT ] [UsmcaLogger.logEntry:115]  Entering oracle.sysman.assistants.usmca.model.UsmcaModelRac Method : performOperation
[main] [ 2014-10-09 16:02:52.387 CDT ] [UsmcaLogger.logEntry:115]  Entering oracle.sysman.assistants.usmca.backend.USMInstanceRac Method : initialize
[main] [ 2014-10-09 16:02:52.390 CDT ] [HASContext.getCRSHome:579]  /u01/app/11.2.0.4/grid
[main] [ 2014-10-09 16:02:52.390 CDT ] [Util.getCRSHome:604]  getCRSHome: ret=/u01/app/11.2.0.4/grid
[main] [ 2014-10-09 16:02:52.390 CDT ] [Version.isPre:583]  version to be checked 11.2.0.4.0 major version to check against10
[main] [ 2014-10-09 16:02:52.390 CDT ] [Version.isPre:594]  isPre.java: Returning FALSE
[main] [ 2014-10-09 16:02:52.391 CDT ] [ClusterInfo.<init>:241]  m_olsnodesPath=/u01/app/11.2.0.4/grid/bin/olsnodes
[main] [ 2014-10-09 16:02:52.391 CDT ] [RuntimeExec.runCommand:75]  Calling Runtime.exec() with the command 
[main] [ 2014-10-09 16:02:52.391 CDT ] [RuntimeExec.runCommand:77]  /u01/app/11.2.0.4/grid/bin/olsnodes 
[main] [ 2014-10-09 16:02:52.391 CDT ] [RuntimeExec.runCommand:77]  -n 
[main] [ 2014-10-09 16:02:52.395 CDT ] [RuntimeExec.runCommand:142]  runCommand: Waiting for the process
[Thread-31] [ 2014-10-09 16:02:52.395 CDT ] [RuntimeExec.runCommand:142]  In StreamReader.run 
[Thread-32] [ 2014-10-09 16:02:52.395 CDT ] [RuntimeExec.runCommand:142]  In StreamReader.run 
[Thread-31] [ 2014-10-09 16:02:52.431 CDT ] [StreamReader.run:65]  OUTPUT>odie1	1
[Thread-31] [ 2014-10-09 16:02:52.431 CDT ] [StreamReader.run:65]  OUTPUT>odie2	2
[main] [ 2014-10-09 16:02:52.435 CDT ] [RuntimeExec.runCommand:144]  runCommand: process returns 0
[main] [ 2014-10-09 16:02:52.435 CDT ] [RuntimeExec.runCommand:161]  RunTimeExec: output>
[main] [ 2014-10-09 16:02:52.436 CDT ] [RuntimeExec.runCommand:164]  odie1	1
[main] [ 2014-10-09 16:02:52.436 CDT ] [RuntimeExec.runCommand:164]  odie2	2
[main] [ 2014-10-09 16:02:52.436 CDT ] [RuntimeExec.runCommand:170]  RunTimeExec: error>
[main] [ 2014-10-09 16:02:52.437 CDT ] [RuntimeExec.runCommand:192]  Returning from RunTimeExec.runCommand
[main] [ 2014-10-09 16:02:52.437 CDT ] [ClusterInfo.getClusterNodeMap:992]  Number of nodes=2
[main] [ 2014-10-09 16:02:52.437 CDT ] [ClusterInfo.getClusterNodeMap:1004]  i=0 nodeName=odie1 nodeNum=1
[main] [ 2014-10-09 16:02:52.438 CDT ] [ClusterInfo.getClusterNodeMap:1004]  i=1 nodeName=odie2 nodeNum=2
[main] [ 2014-10-09 16:02:52.439 CDT ] [USMInstanceRac.getInstanceNumbers:429]  firstNodeNum=1
[main] [ 2014-10-09 16:02:52.439 CDT ] [USMInstanceRac.getInstanceNumbers:452]  node=odie1 nodeNum=1
[main] [ 2014-10-09 16:02:52.439 CDT ] [USMInstanceRac.getInstanceNumbers:467]  nodeNames[0]=odie1 instance number=1
[main] [ 2014-10-09 16:02:52.440 CDT ] [USMInstanceRac.getInstanceNumbers:452]  node=odie2 nodeNum=2
[main] [ 2014-10-09 16:02:52.440 CDT ] [USMInstanceRac.getInstanceNumbers:467]  nodeNames[1]=odie2 instance number=2
[main] [ 2014-10-09 16:02:52.440 CDT ] [USMInstanceRac.setTemporaryInstances:352]  node:odie1 instance:+ASM1
[main] [ 2014-10-09 16:02:52.440 CDT ] [USMInstanceRac.setTemporaryInstances:352]  node:odie2 instance:+ASM2
[main] [ 2014-10-09 16:02:52.440 CDT ] [ClusterUtils.areSharedPaths:556]  1. path=/u01/app/11.2.0.4/grid/assistants
[main] [ 2014-10-09 16:02:52.441 CDT ] [ClusterUtils.areSharedPaths:577]  2. path=/u01/app/11.2.0.4/grid/assistants
[main] [ 2014-10-09 16:02:52.441 CDT ] [ClusterUtils.areSharedPaths:582]  hashKey = [odie1, odie2]/u01/app/11.2.0.4/grid/assistants
[main] [ 2014-10-09 16:02:52.441 CDT ] [GetActiveNodes.create:226]  Returning an existing instance of GetActiveNodes
[main] [ 2014-10-09 16:02:52.441 CDT ] [Cluster.verifyNodeList:1148]  clusterNodes[0]=odie1
[main] [ 2014-10-09 16:02:52.442 CDT ] [Cluster.verifyNodeList:1148]  clusterNodes[1]=odie2
[main] [ 2014-10-09 16:02:52.442 CDT ] [Cluster.verifyNodeList:1153]  nodeList[0]=odie1
[main] [ 2014-10-09 16:02:52.442 CDT ] [Cluster.verifyNodeList:1153]  nodeList[1]=odie2
[main] [ 2014-10-09 16:02:52.442 CDT ] [GetActiveNodes.create:226]  Returning an existing instance of GetActiveNodes
[main] [ 2014-10-09 16:02:52.442 CDT ] [Cluster.isSharedPath:1072]  NodeList=[odie1, odie2]
[main] [ 2014-10-09 16:02:52.443 CDT ] [Cluster.isSharedPath:1108]  pathName=/u01/app/11.2.0.4/grid/assistants/ dirPath = /u01/app/11.2.0.4/grid/assistants
[main] [ 2014-10-09 16:02:52.443 CDT ] [UnixSystem.isSharedPath:1592]  dirPath=/u01/app/11.2.0.4/grid/assistants
[main] [ 2014-10-09 16:02:52.443 CDT ] [UnixSystem.isSharedPath:1597]  UnixSystem.isShared: pathName=/u01/app/11.2.0.4/grid/assistants tempFile=CFSFileName14128885724439014145544866003043.tmp
[main] [ 2014-10-09 16:02:52.444 CDT ] [UnixSystem.isSharedPath:1602]  UnixSystem.isShared: dirPathName is /u01/app/11.2.0.4/grid/assistants/CFSFileName14128885724439014145544866003043.tmp
[main] [ 2014-10-09 16:02:52.444 CDT ] [UnixSystem.isSharedPath:1606]  UnixSystem.isShared: removing file /u01/app/11.2.0.4/grid/assistants/CFSFileName14128885724439014145544866003043.tmpon  odie2
[main] [ 2014-10-09 16:02:52.444 CDT ] [Utils.getLocalHost:481]  Hostname retrieved: odie1.ship.iodp.tamu.edu, returned: odie1
[main] [ 2014-10-09 16:02:52.445 CDT ] [RuntimeExec.runCommand:75]  Calling Runtime.exec() with the command 
[main] [ 2014-10-09 16:02:52.445 CDT ] [RuntimeExec.runCommand:77]  /usr/bin/ssh 
[main] [ 2014-10-09 16:02:52.445 CDT ] [RuntimeExec.runCommand:77]  -o 
[main] [ 2014-10-09 16:02:52.445 CDT ] [RuntimeExec.runCommand:77]  FallBackToRsh=no 
[main] [ 2014-10-09 16:02:52.445 CDT ] [RuntimeExec.runCommand:77]  -o 
[main] [ 2014-10-09 16:02:52.446 CDT ] [RuntimeExec.runCommand:77]  PasswordAuthentication=no 
[main] [ 2014-10-09 16:02:52.446 CDT ] [RuntimeExec.runCommand:77]  -o 
[main] [ 2014-10-09 16:02:52.446 CDT ] [RuntimeExec.runCommand:77]  StrictHostKeyChecking=yes 
[main] [ 2014-10-09 16:02:52.446 CDT ] [RuntimeExec.runCommand:77]  -o 
[main] [ 2014-10-09 16:02:52.447 CDT ] [RuntimeExec.runCommand:77]  NumberOfPasswordPrompts=0 
[main] [ 2014-10-09 16:02:52.447 CDT ] [RuntimeExec.runCommand:77]  odie2 
[main] [ 2014-10-09 16:02:52.447 CDT ] [RuntimeExec.runCommand:77]  -n 
[main] [ 2014-10-09 16:02:52.447 CDT ] [RuntimeExec.runCommand:77]  /bin/rm 
[main] [ 2014-10-09 16:02:52.448 CDT ] [RuntimeExec.runCommand:77]  -f 
[main] [ 2014-10-09 16:02:52.448 CDT ] [RuntimeExec.runCommand:77]  /u01/app/11.2.0.4/grid/assistants/CFSFileName14128885724439014145544866003043.tmp 
[main] [ 2014-10-09 16:02:52.452 CDT ] [StreamReader.run:61]  runCommand: Waiting for the process
[Thread-33] [ 2014-10-09 16:02:52.452 CDT ] [StreamReader.run:61]  In StreamReader.run 
[Thread-34] [ 2014-10-09 16:02:52.452 CDT ] [StreamReader.run:61]  In StreamReader.run 
[main] [ 2014-10-09 16:02:52.549 CDT ] [RuntimeExec.runCommand:144]  runCommand: process returns 0
[main] [ 2014-10-09 16:02:52.550 CDT ] [RuntimeExec.runCommand:161]  RunTimeExec: output>
[main] [ 2014-10-09 16:02:52.550 CDT ] [RuntimeExec.runCommand:170]  RunTimeExec: error>
[main] [ 2014-10-09 16:02:52.550 CDT ] [RuntimeExec.runCommand:192]  Returning from RunTimeExec.runCommand
[main] [ 2014-10-09 16:02:52.550 CDT ] [NativeSystem.isCmdScv:502]  isCmdScv: cmd=[/usr/bin/ssh -o FallBackToRsh=no -o PasswordAuthentication=no -o StrictHostKeyChecking=yes -o NumberOfPasswordPrompts=0 odie2 -n /bin/rm -f /u01/app/11.2.0.4/grid/assistants/CFSFileName14128885724439014145544866003043.tmp]
[main] [ 2014-10-09 16:02:52.551 CDT ] [NativeSystem.isCmdScv:552]  isCmdScv: /usr/bin/ssh is present.
[main] [ 2014-10-09 16:02:52.551 CDT ] [NativeSystem.isCmdScv:554]  isCmdScv: /usr/bin/ssh is a file.
[main] [ 2014-10-09 16:02:52.551 CDT ] [NativeSystem.isCmdScv:571]  isCmdScv: returned true
[main] [ 2014-10-09 16:02:52.551 CDT ] [NativeSystem.rununixcmd:1152]  NativeSystem.rununixcmd: RetString 1| :successful
[main] [ 2014-10-09 16:02:52.552 CDT ] [UnixSystem.isSharedPath:1606]  UnixSystem.isShared: removing file /u01/app/11.2.0.4/grid/assistants/CFSFileName14128885724439014145544866003043.tmpon  odie1
[main] [ 2014-10-09 16:02:52.552 CDT ] [RuntimeExec.runCommand:75]  Calling Runtime.exec() with the command 
[main] [ 2014-10-09 16:02:52.552 CDT ] [RuntimeExec.runCommand:77]  /bin/rm 
[main] [ 2014-10-09 16:02:52.552 CDT ] [RuntimeExec.runCommand:77]  -f 
[main] [ 2014-10-09 16:02:52.552 CDT ] [RuntimeExec.runCommand:77]  /u01/app/11.2.0.4/grid/assistants/CFSFileName14128885724439014145544866003043.tmp 
[Thread-36] [ 2014-10-09 16:02:52.557 CDT ] [StreamReader.run:61]  In StreamReader.run 
[Thread-35] [ 2014-10-09 16:02:52.557 CDT ] [StreamReader.run:61]  In StreamReader.run 
[main] [ 2014-10-09 16:02:52.557 CDT ] [StreamReader.run:61]  runCommand: Waiting for the process
[main] [ 2014-10-09 16:02:52.612 CDT ] [RuntimeExec.runCommand:144]  runCommand: process returns 0
[main] [ 2014-10-09 16:02:52.614 CDT ] [RuntimeExec.runCommand:161]  RunTimeExec: output>
[main] [ 2014-10-09 16:02:52.614 CDT ] [RuntimeExec.runCommand:170]  RunTimeExec: error>
[main] [ 2014-10-09 16:02:52.614 CDT ] [RuntimeExec.runCommand:192]  Returning from RunTimeExec.runCommand
[main] [ 2014-10-09 16:02:52.614 CDT ] [NativeSystem.isCmdScv:502]  isCmdScv: cmd=[/bin/rm -f /u01/app/11.2.0.4/grid/assistants/CFSFileName14128885724439014145544866003043.tmp]
[main] [ 2014-10-09 16:02:52.614 CDT ] [NativeSystem.isCmdScv:571]  isCmdScv: returned false
[main] [ 2014-10-09 16:02:52.615 CDT ] [NativeSystem.rununixcmd:1152]  NativeSystem.rununixcmd: RetString 1| :successful
[main] [ 2014-10-09 16:02:52.615 CDT ] [UnixSystem.isSharedPath:1611]  UnixSystem.isShared: creating file /u01/app/11.2.0.4/grid/assistants/CFSFileName14128885724439014145544866003043.tmp
[main] [ 2014-10-09 16:02:52.615 CDT ] [UnixSystem.testCFSFile:1706]  The unix command is /usr/bin/ssh -o FallBackToRsh=no  -o PasswordAuthentication=no  -o StrictHostKeyChecking=yes  -o NumberOfPasswordPrompts=0  odie2 -n /bin/sh -c "/bin/ls /u01/app/11.2.0.4/grid/assistants > /dev/null 2>&1  && /bin/cat /u01/app/11.2.0.4/grid/assistants/CFSFileName14128885724439014145544866003043.tmp"
[main] [ 2014-10-09 16:02:52.615 CDT ] [RuntimeExec.runCommand:75]  Calling Runtime.exec() with the command 
[main] [ 2014-10-09 16:02:52.616 CDT ] [RuntimeExec.runCommand:77]  /usr/bin/ssh 
[main] [ 2014-10-09 16:02:52.616 CDT ] [RuntimeExec.runCommand:77]  -o 
[main] [ 2014-10-09 16:02:52.616 CDT ] [RuntimeExec.runCommand:77]  FallBackToRsh=no 
[main] [ 2014-10-09 16:02:52.616 CDT ] [RuntimeExec.runCommand:77]  -o 
[main] [ 2014-10-09 16:02:52.616 CDT ] [RuntimeExec.runCommand:77]  PasswordAuthentication=no 
[main] [ 2014-10-09 16:02:52.617 CDT ] [RuntimeExec.runCommand:77]  -o 
[main] [ 2014-10-09 16:02:52.617 CDT ] [RuntimeExec.runCommand:77]  StrictHostKeyChecking=yes 
[main] [ 2014-10-09 16:02:52.617 CDT ] [RuntimeExec.runCommand:77]  -o 
[main] [ 2014-10-09 16:02:52.617 CDT ] [RuntimeExec.runCommand:77]  NumberOfPasswordPrompts=0 
[main] [ 2014-10-09 16:02:52.617 CDT ] [RuntimeExec.runCommand:77]  odie2 
[main] [ 2014-10-09 16:02:52.617 CDT ] [RuntimeExec.runCommand:77]  -n 
[main] [ 2014-10-09 16:02:52.618 CDT ] [RuntimeExec.runCommand:77]  /bin/sh 
[main] [ 2014-10-09 16:02:52.618 CDT ] [RuntimeExec.runCommand:77]  -c 
[main] [ 2014-10-09 16:02:52.618 CDT ] [RuntimeExec.runCommand:77]  "/bin/ls 
[main] [ 2014-10-09 16:02:52.618 CDT ] [RuntimeExec.runCommand:77]  /u01/app/11.2.0.4/grid/assistants 
[main] [ 2014-10-09 16:02:52.618 CDT ] [RuntimeExec.runCommand:77]  > 
[main] [ 2014-10-09 16:02:52.619 CDT ] [RuntimeExec.runCommand:77]  /dev/null 
[main] [ 2014-10-09 16:02:52.619 CDT ] [RuntimeExec.runCommand:77]  2>&1 
[main] [ 2014-10-09 16:02:52.619 CDT ] [RuntimeExec.runCommand:77]  && 
[main] [ 2014-10-09 16:02:52.619 CDT ] [RuntimeExec.runCommand:77]  /bin/cat 
[main] [ 2014-10-09 16:02:52.619 CDT ] [RuntimeExec.runCommand:77]  /u01/app/11.2.0.4/grid/assistants/CFSFileName14128885724439014145544866003043.tmp" 
[Thread-38] [ 2014-10-09 16:02:52.623 CDT ] [StreamReader.run:61]  In StreamReader.run 
[main] [ 2014-10-09 16:02:52.623 CDT ] [RuntimeExec.runCommand:142]  runCommand: Waiting for the process
[Thread-37] [ 2014-10-09 16:02:52.623 CDT ] [StreamReader.run:61]  In StreamReader.run 
[Thread-38] [ 2014-10-09 16:02:52.760 CDT ] [StreamReader.run:65]  ERROR>/bin/cat: /u01/app/11.2.0.4/grid/assistants/CFSFileName14128885724439014145544866003043.tmp: No such file or directory
[main] [ 2014-10-09 16:02:52.760 CDT ] [RuntimeExec.runCommand:144]  runCommand: process returns 1
[main] [ 2014-10-09 16:02:52.760 CDT ] [RuntimeExec.runCommand:161]  RunTimeExec: output>
[main] [ 2014-10-09 16:02:52.761 CDT ] [RuntimeExec.runCommand:170]  RunTimeExec: error>
[main] [ 2014-10-09 16:02:52.761 CDT ] [RuntimeExec.runCommand:173]  /bin/cat: /u01/app/11.2.0.4/grid/assistants/CFSFileName14128885724439014145544866003043.tmp: No such file or directory
[main] [ 2014-10-09 16:02:52.761 CDT ] [RuntimeExec.runCommand:192]  Returning from RunTimeExec.runCommand
[main] [ 2014-10-09 16:02:52.761 CDT ] [UnixSystem.testCFSFile:1718]  Command output is empty
[main] [ 2014-10-09 16:02:52.761 CDT ] [UnixSystem.testCFSFile:1719]  ERROR: /bin/cat: /u01/app/11.2.0.4/grid/assistants/CFSFileName14128885724439014145544866003043.tmp: No such file or directory from node odie2
[main] [ 2014-10-09 16:02:52.762 CDT ] [ClusterUtils.areSharedPaths:591]  Got shared=false from SRVM call
[main] [ 2014-10-09 16:02:52.762 CDT ] [USMInstanceRac.initialize:322]  m_bShared = false
[main] [ 2014-10-09 16:02:52.767 CDT ] [UsmcaLogger.logEntry:115]  Entering oracle.sysman.assistants.usmca.backend.USMInstanceRac Method : discoverASMInstance
[main] [ 2014-10-09 16:02:52.767 CDT ] [UsmcaLogger.logEntry:115]  Entering oracle.sysman.assistants.usmca.backend.USMInstanceRac Method : checkASMResource
[main] [ 2014-10-09 16:02:52.772 CDT ] [Util.<init>:95]  Util Instance created.
[main] [ 2014-10-09 16:02:52.773 CDT ] [HASContext.getCRSHome:579]  /u01/app/11.2.0.4/grid
[main] [ 2014-10-09 16:02:52.773 CDT ] [Util.getCRSHome:604]  getCRSHome: ret=/u01/app/11.2.0.4/grid
[main] [ 2014-10-09 16:02:52.776 CDT ] [Version.isPre:583]  version to be checked 11.2.0.4.0 major version to check against10
[main] [ 2014-10-09 16:02:52.777 CDT ] [Version.isPre:594]  isPre.java: Returning FALSE
[main] [ 2014-10-09 16:02:52.777 CDT ] [OCR.loadLibrary:312]  
 Inside constructor of OCR
[main] [ 2014-10-09 16:02:52.777 CDT ] [OCR.isCluster:952]  Calling OCRNative for isCluster()
[main] [ 2014-10-09 16:02:52.777 CDT ] [OCR.isCluster:956]  OCR Result status = true
[main] [ 2014-10-09 16:02:52.777 CDT ] [OCR.isCluster:968]  Bolean result = true
[main] [ 2014-10-09 16:02:52.801 CDT ] [CRSNative.isEntityRegistered:737]  entity: ora.asm, type: 1, registered: true
[main] [ 2014-10-09 16:02:52.822 CDT ] [CRSNative.isEntityRegistered:737]  entity: ora.asm, type: 1, registered: true
[main] [ 2014-10-09 16:02:52.822 CDT ] [UsmcaLogger.logInfo:143]  ASM Exists? true
[main] [ 2014-10-09 16:02:52.822 CDT ] [UsmcaLogger.logInfo:143]  ASM resource present, Proceed further discovery.
[main] [ 2014-10-09 16:02:52.826 CDT ] [ASMUtils.checkASMExistence:594]   entering method checkASMExistence
[main] [ 2014-10-09 16:02:52.829 CDT ] [InventoryUtil.getOUIInvSession:347]  setting OUI READ level to ACCESSLEVEL_READ_LOCKLESS
[main] [ 2014-10-09 16:02:52.829 CDT ] [HAUtils.<init>:241]  oui location /u01/app/oraInventory/ContentsXML
[main] [ 2014-10-09 16:02:52.829 CDT ] [Version.isPre:583]  version to be checked 11.2.0.4.0 major version to check against10
[main] [ 2014-10-09 16:02:52.829 CDT ] [Version.isPre:594]  isPre.java: Returning FALSE
[main] [ 2014-10-09 16:02:52.830 CDT ] [OCR.loadLibrary:312]  
 Inside constructor of OCR
[main] [ 2014-10-09 16:02:52.830 CDT ] [OCR.isCluster:952]  Calling OCRNative for isCluster()
[main] [ 2014-10-09 16:02:52.830 CDT ] [OCR.isCluster:956]  OCR Result status = true
[main] [ 2014-10-09 16:02:52.830 CDT ] [OCR.isCluster:968]  Bolean result = true
[main] [ 2014-10-09 16:02:52.830 CDT ] [ClusterUtil.<init>:72]  ClusterUtil Instance created
[main] [ 2014-10-09 16:02:52.831 CDT ] [ClusterUtil.<init>:75]  ClusterUtil m_bSKGXN=true
[main] [ 2014-10-09 16:02:52.831 CDT ] [HAUtils.getCurrentOracleHome:368]  Oracle home from system property: /u01/app/11.2.0.4/grid
[main] [ 2014-10-09 16:02:52.831 CDT ] [GETCRSHOMEUtil.<init>:90]  Toolname: getcrshome   ---    Tool location: /u01/app/11.2.0.4/grid/srvm/adminTool dependencies: [Ljava.lang.String;@bc5fde0
[main] [ 2014-10-09 16:02:52.831 CDT ] [RuntimeExec.runCommand:75]  Calling Runtime.exec() with the command 
[main] [ 2014-10-09 16:02:52.832 CDT ] [RuntimeExec.runCommand:77]  /u01/app/11.2.0.4/grid/srvm/admin/getcrshome 
[Thread-39] [ 2014-10-09 16:02:52.837 CDT ] [StreamReader.run:61]  In StreamReader.run 
[main] [ 2014-10-09 16:02:52.837 CDT ] [RuntimeExec.runCommand:142]  runCommand: Waiting for the process
[Thread-40] [ 2014-10-09 16:02:52.837 CDT ] [StreamReader.run:61]  In StreamReader.run 
[Thread-39] [ 2014-10-09 16:02:52.845 CDT ] [StreamReader.run:65]  OUTPUT>/u01/app/11.2.0.4/grid
[main] [ 2014-10-09 16:02:52.845 CDT ] [RuntimeExec.runCommand:144]  runCommand: process returns 0
[main] [ 2014-10-09 16:02:52.846 CDT ] [RuntimeExec.runCommand:161]  RunTimeExec: output>
[main] [ 2014-10-09 16:02:52.846 CDT ] [RuntimeExec.runCommand:164]  /u01/app/11.2.0.4/grid
[main] [ 2014-10-09 16:02:52.846 CDT ] [RuntimeExec.runCommand:170]  RunTimeExec: error>
[main] [ 2014-10-09 16:02:52.846 CDT ] [RuntimeExec.runCommand:192]  Returning from RunTimeExec.runCommand
[main] [ 2014-10-09 16:02:52.847 CDT ] [HAUtils.getConfiguredGridHome:785]  Configured Grid Infrastructure home: /u01/app/11.2.0.4/grid
[main] [ 2014-10-09 16:02:52.847 CDT ] [HAUtils.getCurrentOracleHome:368]  Oracle home from system property: /u01/app/11.2.0.4/grid
[main] [ 2014-10-09 16:02:52.847 CDT ] [GETCRSHOMEUtil.<init>:90]  Toolname: getcrshome   ---    Tool location: /u01/app/11.2.0.4/grid/srvm/adminTool dependencies: [Ljava.lang.String;@bc5fde0
[main] [ 2014-10-09 16:02:52.847 CDT ] [RuntimeExec.runCommand:75]  Calling Runtime.exec() with the command 
[main] [ 2014-10-09 16:02:52.847 CDT ] [RuntimeExec.runCommand:77]  /u01/app/11.2.0.4/grid/srvm/admin/getcrshome 
[Thread-41] [ 2014-10-09 16:02:52.850 CDT ] [StreamReader.run:61]  In StreamReader.run 
[main] [ 2014-10-09 16:02:52.850 CDT ] [RuntimeExec.runCommand:142]  runCommand: Waiting for the process
[Thread-42] [ 2014-10-09 16:02:52.850 CDT ] [StreamReader.run:61]  In StreamReader.run 
[Thread-41] [ 2014-10-09 16:02:52.858 CDT ] [StreamReader.run:65]  OUTPUT>/u01/app/11.2.0.4/grid
[main] [ 2014-10-09 16:02:52.858 CDT ] [RuntimeExec.runCommand:144]  runCommand: process returns 0
[main] [ 2014-10-09 16:02:52.858 CDT ] [RuntimeExec.runCommand:161]  RunTimeExec: output>
[main] [ 2014-10-09 16:02:52.858 CDT ] [RuntimeExec.runCommand:164]  /u01/app/11.2.0.4/grid
[main] [ 2014-10-09 16:02:52.859 CDT ] [RuntimeExec.runCommand:170]  RunTimeExec: error>
[main] [ 2014-10-09 16:02:52.859 CDT ] [RuntimeExec.runCommand:192]  Returning from RunTimeExec.runCommand
[main] [ 2014-10-09 16:02:52.859 CDT ] [HAUtils.getConfiguredGridHome:785]  Configured Grid Infrastructure home: /u01/app/11.2.0.4/grid
[main] [ 2014-10-09 16:02:52.859 CDT ] [Version.isPre:583]  version to be checked 11.2.0.4.0 major version to check against10
[main] [ 2014-10-09 16:02:52.859 CDT ] [Version.isPre:594]  isPre.java: Returning FALSE
[main] [ 2014-10-09 16:02:52.860 CDT ] [Version.isPre:583]  version to be checked 11.2.0.4.0 major version to check against10
[main] [ 2014-10-09 16:02:52.860 CDT ] [Version.isPre:594]  isPre.java: Returning FALSE
[main] [ 2014-10-09 16:02:52.860 CDT ] [UnixSystem.isCRSConfigured:2597]  configFile=/etc/oracle/ocr.loc
[main] [ 2014-10-09 16:02:52.860 CDT ] [Utils.getPropertyValue:302]  propName=ocrconfig_loc propValue=+DATA
[main] [ 2014-10-09 16:02:52.861 CDT ] [UnixSystem.isCRSConfigured:2604]  ocrconfig_loc=+DATA
[main] [ 2014-10-09 16:02:52.861 CDT ] [Utils.getPropertyValue:302]  propName=local_only propValue=FALSE
[main] [ 2014-10-09 16:02:52.861 CDT ] [HAUtils.getCurrentOracleHome:368]  Oracle home from system property: /u01/app/11.2.0.4/grid
[main] [ 2014-10-09 16:02:52.861 CDT ] [GETCRSHOMEUtil.<init>:90]  Toolname: getcrshome   ---    Tool location: /u01/app/11.2.0.4/grid/srvm/adminTool dependencies: [Ljava.lang.String;@bc5fde0
[main] [ 2014-10-09 16:02:52.862 CDT ] [RuntimeExec.runCommand:75]  Calling Runtime.exec() with the command 
[main] [ 2014-10-09 16:02:52.862 CDT ] [RuntimeExec.runCommand:77]  /u01/app/11.2.0.4/grid/srvm/admin/getcrshome 
[Thread-43] [ 2014-10-09 16:02:52.864 CDT ] [StreamReader.run:61]  In StreamReader.run 
[Thread-44] [ 2014-10-09 16:02:52.864 CDT ] [StreamReader.run:61]  In StreamReader.run 
[main] [ 2014-10-09 16:02:52.864 CDT ] [RuntimeExec.runCommand:142]  runCommand: Waiting for the process
[Thread-43] [ 2014-10-09 16:02:52.872 CDT ] [StreamReader.run:65]  OUTPUT>/u01/app/11.2.0.4/grid
[main] [ 2014-10-09 16:02:52.873 CDT ] [RuntimeExec.runCommand:144]  runCommand: process returns 0
[main] [ 2014-10-09 16:02:52.873 CDT ] [RuntimeExec.runCommand:161]  RunTimeExec: output>
[main] [ 2014-10-09 16:02:52.873 CDT ] [RuntimeExec.runCommand:164]  /u01/app/11.2.0.4/grid
[main] [ 2014-10-09 16:02:52.873 CDT ] [RuntimeExec.runCommand:170]  RunTimeExec: error>
[main] [ 2014-10-09 16:02:52.873 CDT ] [RuntimeExec.runCommand:192]  Returning from RunTimeExec.runCommand
[main] [ 2014-10-09 16:02:52.874 CDT ] [HAUtils.getConfiguredGridHome:785]  Configured Grid Infrastructure home: /u01/app/11.2.0.4/grid
[main] [ 2014-10-09 16:02:52.874 CDT ] [Version.isPre:583]  version to be checked 11.2.0.4.0 major version to check against11
[main] [ 2014-10-09 16:02:52.874 CDT ] [Version.isPre:594]  isPre.java: Returning FALSE
[main] [ 2014-10-09 16:02:52.874 CDT ] [Version.isPre:583]  version to be checked 11.2.0.4.0 major version to check against11
[main] [ 2014-10-09 16:02:52.875 CDT ] [Version.isPre:594]  isPre.java: Returning FALSE
[main] [ 2014-10-09 16:02:52.875 CDT ] [Version.isPre112:427]  version to be checked 11.2.0.4.0 minor version to check against2
[main] [ 2014-10-09 16:02:52.875 CDT ] [Version.isPre112:438]  isPre112 : Returning FALSE for minor version check
[main] [ 2014-10-09 16:02:52.875 CDT ] [CRSCTLUtil.checkCRSRunning:409]  Checking if CRS is running for post 11 release
[main] [ 2014-10-09 16:02:52.875 CDT ] [RuntimeExec.runCommand:75]  Calling Runtime.exec() with the command 
[main] [ 2014-10-09 16:02:52.875 CDT ] [RuntimeExec.runCommand:77]  /u01/app/11.2.0.4/grid/bin/crsctl 
[main] [ 2014-10-09 16:02:52.876 CDT ] [RuntimeExec.runCommand:77]  check 
[main] [ 2014-10-09 16:02:52.876 CDT ] [RuntimeExec.runCommand:77]  cluster 
[Thread-46] [ 2014-10-09 16:02:52.879 CDT ] [StreamReader.run:61]  In StreamReader.run 
[main] [ 2014-10-09 16:02:52.879 CDT ] [RuntimeExec.runCommand:142]  runCommand: Waiting for the process
[Thread-45] [ 2014-10-09 16:02:52.879 CDT ] [StreamReader.run:61]  In StreamReader.run 
[Thread-45] [ 2014-10-09 16:02:52.938 CDT ] [StreamReader.run:65]  OUTPUT>CRS-4537: Cluster Ready Services is online
[Thread-45] [ 2014-10-09 16:02:52.938 CDT ] [StreamReader.run:65]  OUTPUT>CRS-4529: Cluster Synchronization Services is online
[Thread-45] [ 2014-10-09 16:02:52.939 CDT ] [StreamReader.run:65]  OUTPUT>CRS-4533: Event Manager is online
[main] [ 2014-10-09 16:02:53.041 CDT ] [RuntimeExec.runCommand:144]  runCommand: process returns 0
[main] [ 2014-10-09 16:02:53.041 CDT ] [RuntimeExec.runCommand:161]  RunTimeExec: output>
[main] [ 2014-10-09 16:02:53.041 CDT ] [RuntimeExec.runCommand:164]  CRS-4537: Cluster Ready Services is online
[main] [ 2014-10-09 16:02:53.042 CDT ] [RuntimeExec.runCommand:164]  CRS-4529: Cluster Synchronization Services is online
[main] [ 2014-10-09 16:02:53.042 CDT ] [RuntimeExec.runCommand:164]  CRS-4533: Event Manager is online
[main] [ 2014-10-09 16:02:53.042 CDT ] [RuntimeExec.runCommand:170]  RunTimeExec: error>
[main] [ 2014-10-09 16:02:53.042 CDT ] [RuntimeExec.runCommand:192]  Returning from RunTimeExec.runCommand
[main] [ 2014-10-09 16:02:53.057 CDT ] [CRSNative.isEntityRegistered:737]  entity: ora.asm, type: 1, registered: true
[main] [ 2014-10-09 16:02:53.078 CDT ] [CRSNative.isEntityRegistered:737]  entity: ora.asm, type: 1, registered: true
[main] [ 2014-10-09 16:02:53.086 CDT ] [CRSNative.internalQueryResources:1577]  About to doQueryResources: eType resource, nodeName null, filter (TYPE == ora.diskgroup.type)
[main] [ 2014-10-09 16:02:53.110 CDT ] [CRSNative.internalQueryResources:1585]  found 3 resources
[main] [ 2014-10-09 16:02:53.110 CDT ] [CRSNative.internalQueryResources:1587]  	ora.DATA.dg
[main] [ 2014-10-09 16:02:53.110 CDT ] [CRSNative.internalQueryResources:1587]  	ora.RECO.dg
[main] [ 2014-10-09 16:02:53.110 CDT ] [CRSNative.internalQueryResources:1587]  	ora.REDO.dg
[main] [ 2014-10-09 16:02:53.111 CDT ] [DiskGroupImpl.<init>:108]  name = ora.DATA.dg, display name = DATA
[main] [ 2014-10-09 16:02:53.130 CDT ] [CRSNative.isEntityRegistered:737]  entity: ora.DATA.dg, type: 1, registered: true
[main] [ 2014-10-09 16:02:53.130 CDT ] [DiskGroupImpl.<init>:108]  name = ora.RECO.dg, display name = RECO
[main] [ 2014-10-09 16:02:53.151 CDT ] [CRSNative.isEntityRegistered:737]  entity: ora.RECO.dg, type: 1, registered: true
[main] [ 2014-10-09 16:02:53.152 CDT ] [DiskGroupImpl.<init>:108]  name = ora.REDO.dg, display name = REDO
[main] [ 2014-10-09 16:02:53.172 CDT ] [CRSNative.isEntityRegistered:737]  entity: ora.REDO.dg, type: 1, registered: true
[main] [ 2014-10-09 16:02:53.173 CDT ] [UsmcaLogger.logInfo:143]  ASM present true
[main] [ 2014-10-09 16:02:53.173 CDT ] [UsmcaLogger.logEntry:115]  Entering oracle.sysman.assistants.usmca.backend.USMInstanceRac Method : discoverRACASM
[main] [ 2014-10-09 16:02:53.174 CDT ] [KfodUtil.kfodOutput:232]  /u01/app/11.2.0.4/grid/bin/kfod
[main] [ 2014-10-09 16:02:53.175 CDT ] [KfodUtil.kfodOutput:232]  nohdr=TRUE
[main] [ 2014-10-09 16:02:53.175 CDT ] [KfodUtil.kfodOutput:232]  OP=INSTS
[main] [ 2014-10-09 16:02:53.175 CDT ] [KfodUtil.kfodOutput:232]  status=true
[main] [ 2014-10-09 16:02:53.175 CDT ] [KfodUtil.kfodOutput:232]  hostlist=odie1,odie2
[main] [ 2014-10-09 16:02:53.244 CDT ] [CRSNative.isEntityRegistered:737]  entity: ora.asm, type: 1, registered: true
[main] [ 2014-10-09 16:02:53.265 CDT ] [CRSNative.isEntityRegistered:737]  entity: ora.asm, type: 1, registered: true
[main] [ 2014-10-09 16:02:53.287 CDT ] [CRSNativeResult.addRIAttr:139]  addRIAttr: name 'ora.asm odie1 1', 'LAST_SERVER':'odie1'
[main] [ 2014-10-09 16:02:53.288 CDT ] [CRSNativeResult.addRIAttr:139]  addRIAttr: name 'ora.asm odie1 1', 'USR_ORA_INST_NAME':'+ASM1'
[main] [ 2014-10-09 16:02:53.288 CDT ] [CRSNativeResult.addRIAttr:139]  addRIAttr: name 'ora.asm odie2 1', 'LAST_SERVER':'odie2'
[main] [ 2014-10-09 16:02:53.288 CDT ] [CRSNativeResult.addRIAttr:139]  addRIAttr: name 'ora.asm odie2 1', 'USR_ORA_INST_NAME':'+ASM2'
[main] [ 2014-10-09 16:02:53.289 CDT ] [CRSNative.searchEntities:1010]  found 2 entities
[main] [ 2014-10-09 16:02:53.291 CDT ] [Version.isPre:583]  version to be checked 11.2.0.4.0 major version to check against10
[main] [ 2014-10-09 16:02:53.291 CDT ] [Version.isPre:594]  isPre.java: Returning FALSE
[main] [ 2014-10-09 16:02:53.291 CDT ] [OCR.loadLibrary:312]  
 Inside constructor of OCR
[main] [ 2014-10-09 16:02:53.291 CDT ] [OCR.isCluster:952]  Calling OCRNative for isCluster()
[main] [ 2014-10-09 16:02:53.292 CDT ] [OCR.isCluster:956]  OCR Result status = true
[main] [ 2014-10-09 16:02:53.292 CDT ] [OCR.isCluster:968]  Bolean result = true
[main] [ 2014-10-09 16:02:53.292 CDT ] [GetActiveNodes.create:226]  Returning an existing instance of GetActiveNodes
[main] [ 2014-10-09 16:02:53.292 CDT ] [UsmcaLogger.logInfo:143]  Local ASM Instance+ASM1
[main] [ 2014-10-09 16:02:53.293 CDT ] [UsmcaLogger.logExit:124]  Exiting oracle.sysman.assistants.usmca.backend.USMInstanceRac Method : discoverRACASM
[main] [ 2014-10-09 16:02:53.293 CDT ] [UsmcaLogger.logEntry:115]  Entering oracle.sysman.assistants.usmca.backend.USMInstanceRac Method : findOSAuthentication
[main] [ 2014-10-09 16:02:53.293 CDT ] [UsmcaLogger.logEntry:115]  Entering oracle.sysman.assistants.usmca.backend.USMInstanceRac Method : createSQLEngine
[main] [ 2014-10-09 16:02:53.298 CDT ] [OracleHome.getVersion:892]  OracleHome.getVersion called.  Current Version: null
[main] [ 2014-10-09 16:02:53.300 CDT ] [InventoryUtil.getOUIInvSession:347]  setting OUI READ level to ACCESSLEVEL_READ_LOCKLESS
[main] [ 2014-10-09 16:02:53.300 CDT ] [OracleHome.getVersion:911]  Homeinfo /u01/app/11.2.0.4/grid,1
[Finalizer] [ 2014-10-09 16:02:53.430 CDT ] [ClusterUtil.finalize:102]  ClusterUtil: finalized called for oracle.ops.mgmt.has.ClusterUtil@7aae3364
[Finalizer] [ 2014-10-09 16:02:53.430 CDT ] [Util.finalize:126]  Util: finalized called for oracle.ops.mgmt.has.Util@42b02928
[main] [ 2014-10-09 16:02:53.440 CDT ] [OracleHome.getVersion:939]  OracleHome.server.getVersion Version: 11.2.0.4.0
[main] [ 2014-10-09 16:02:53.440 CDT ] [OracleHome.getVersion:960]  Current Version From Inventory: 11.2.0.4.0
[main] [ 2014-10-09 16:02:53.440 CDT ] [OracleHome.getVersion:892]  OracleHome.getVersion called.  Current Version: 11.2.0.4.0
[main] [ 2014-10-09 16:02:53.440 CDT ] [OracleHome.getVersion:960]  Current Version From Inventory: 11.2.0.4.0
[main] [ 2014-10-09 16:02:53.442 CDT ] [OracleHome.getVersion:892]  OracleHome.getVersion called.  Current Version: 11.2.0.4.0
[main] [ 2014-10-09 16:02:53.442 CDT ] [OracleHome.getVersion:960]  Current Version From Inventory: 11.2.0.4.0
[main] [ 2014-10-09 16:02:53.443 CDT ] [SQLPlusEngine.getCmmdParams:222]  m_home 11.2.0.4.0
[main] [ 2014-10-09 16:02:53.443 CDT ] [SQLPlusEngine.getCmmdParams:223]  version > 112 true
[main] [ 2014-10-09 16:02:53.443 CDT ] [OsUtilsBase.getBaseFromOrabase:651]  oraBaseUtility /u01/app/11.2.0.4/grid/bin/orabase
[main] [ 2014-10-09 16:02:53.443 CDT ] [OsUtilsBase.getBaseFromOrabase:660]  cmds: /u01/app/11.2.0.4/grid/bin/orabase
[main] [ 2014-10-09 16:02:53.444 CDT ] [OsUtilsBase.getBaseFromOrabase:664]  envs:  ORACLE_HOME=/u01/app/11.2.0.4/grid
[main] [ 2014-10-09 16:02:53.462 CDT ] [OsUtilsBase.getBaseFromOrabase:669]  baseLocation from orabase 
/u01/app/grid
[main] [ 2014-10-09 16:02:53.462 CDT ] [OsUtilsBase.getBaseFromOrabase:694]   orabaseLocation= /u01/app/grid
[main] [ 2014-10-09 16:02:53.462 CDT ] [SQLEngine.getEnvParams:555]  Default NLS_LANG: AMERICAN_AMERICA.AL32UTF8
[main] [ 2014-10-09 16:02:53.463 CDT ] [SQLEngine.getEnvParams:565]  NLS_LANG: AMERICAN_AMERICA.AL32UTF8
[main] [ 2014-10-09 16:02:53.463 CDT ] [SQLEngine.initialize:325]  Execing SQLPLUS/SVRMGR process...
[main] [ 2014-10-09 16:02:53.466 CDT ] [SQLEngine.initialize:362]  m_bReaderStarted: false
[main] [ 2014-10-09 16:02:53.467 CDT ] [SQLEngine.initialize:366]  Starting Reader Thread... 
[main] [ 2014-10-09 16:02:53.496 CDT ] [UsmcaLogger.logExit:124]  Exiting oracle.sysman.assistants.usmca.backend.USMInstanceRac Method : createSQLEngine
[main] [ 2014-10-09 16:02:53.496 CDT ] [OracleHome.getVersion:892]  OracleHome.getVersion called.  Current Version: null
[main] [ 2014-10-09 16:02:53.499 CDT ] [InventoryUtil.getOUIInvSession:347]  setting OUI READ level to ACCESSLEVEL_READ_LOCKLESS
[main] [ 2014-10-09 16:02:53.499 CDT ] [OracleHome.getVersion:911]  Homeinfo /u01/app/11.2.0.4/grid,1
[main] [ 2014-10-09 16:02:53.589 CDT ] [OracleHome.getVersion:939]  OracleHome.server.getVersion Version: 11.2.0.4.0
[main] [ 2014-10-09 16:02:53.589 CDT ] [OracleHome.getVersion:960]  Current Version From Inventory: 11.2.0.4.0
[main] [ 2014-10-09 16:02:53.634 CDT ] [UsmcaLogger.logExit:124]  Exiting oracle.sysman.assistants.usmca.backend.USMInstanceRac Method : findOSAuthentication
[main] [ 2014-10-09 16:02:53.634 CDT ] [UsmcaLogger.logEntry:115]  Entering oracle.sysman.assistants.usmca.backend.USMInstanceRac Method : checkAndStartupInstance
[main] [ 2014-10-09 16:02:53.635 CDT ] [UsmcaLogger.logEntry:115]  Entering oracle.sysman.assistants.usmca.backend.USMInstanceRac Method : createSQLEngine
[main] [ 2014-10-09 16:02:53.635 CDT ] [SQLEngine.done:2189]  Done called
[main] [ 2014-10-09 16:02:53.635 CDT ] [OracleHome.getVersion:892]  OracleHome.getVersion called.  Current Version: null
[main] [ 2014-10-09 16:02:53.637 CDT ] [InventoryUtil.getOUIInvSession:347]  setting OUI READ level to ACCESSLEVEL_READ_LOCKLESS
[main] [ 2014-10-09 16:02:53.637 CDT ] [OracleHome.getVersion:911]  Homeinfo /u01/app/11.2.0.4/grid,1
[main] [ 2014-10-09 16:02:53.713 CDT ] [OracleHome.getVersion:939]  OracleHome.server.getVersion Version: 11.2.0.4.0
[main] [ 2014-10-09 16:02:53.713 CDT ] [OracleHome.getVersion:960]  Current Version From Inventory: 11.2.0.4.0
[main] [ 2014-10-09 16:02:53.713 CDT ] [OracleHome.getVersion:892]  OracleHome.getVersion called.  Current Version: 11.2.0.4.0
[main] [ 2014-10-09 16:02:53.713 CDT ] [OracleHome.getVersion:960]  Current Version From Inventory: 11.2.0.4.0
[main] [ 2014-10-09 16:02:53.714 CDT ] [OracleHome.getVersion:892]  OracleHome.getVersion called.  Current Version: 11.2.0.4.0
[main] [ 2014-10-09 16:02:53.714 CDT ] [OracleHome.getVersion:960]  Current Version From Inventory: 11.2.0.4.0
[main] [ 2014-10-09 16:02:53.714 CDT ] [SQLPlusEngine.getCmmdParams:222]  m_home 11.2.0.4.0
[main] [ 2014-10-09 16:02:53.714 CDT ] [SQLPlusEngine.getCmmdParams:223]  version > 112 true
[main] [ 2014-10-09 16:02:53.714 CDT ] [OsUtilsBase.getBaseFromOrabase:651]  oraBaseUtility /u01/app/11.2.0.4/grid/bin/orabase
[main] [ 2014-10-09 16:02:53.715 CDT ] [OsUtilsBase.getBaseFromOrabase:660]  cmds: /u01/app/11.2.0.4/grid/bin/orabase
[main] [ 2014-10-09 16:02:53.715 CDT ] [OsUtilsBase.getBaseFromOrabase:664]  envs:  ORACLE_HOME=/u01/app/11.2.0.4/grid
[main] [ 2014-10-09 16:02:53.733 CDT ] [OsUtilsBase.getBaseFromOrabase:669]  baseLocation from orabase 
/u01/app/grid
[main] [ 2014-10-09 16:02:53.733 CDT ] [OsUtilsBase.getBaseFromOrabase:694]   orabaseLocation= /u01/app/grid
[main] [ 2014-10-09 16:02:53.734 CDT ] [SQLEngine.getEnvParams:555]  Default NLS_LANG: AMERICAN_AMERICA.AL32UTF8
[main] [ 2014-10-09 16:02:53.734 CDT ] [SQLEngine.getEnvParams:565]  NLS_LANG: AMERICAN_AMERICA.AL32UTF8
[main] [ 2014-10-09 16:02:53.734 CDT ] [SQLEngine.initialize:325]  Execing SQLPLUS/SVRMGR process...
[main] [ 2014-10-09 16:02:53.738 CDT ] [SQLEngine.initialize:362]  m_bReaderStarted: false
[main] [ 2014-10-09 16:02:53.738 CDT ] [SQLEngine.initialize:366]  Starting Reader Thread... 
[main] [ 2014-10-09 16:02:53.767 CDT ] [UsmcaLogger.logExit:124]  Exiting oracle.sysman.assistants.usmca.backend.USMInstanceRac Method : createSQLEngine
[main] [ 2014-10-09 16:02:53.767 CDT ] [OracleHome.getVersion:892]  OracleHome.getVersion called.  Current Version: null
[main] [ 2014-10-09 16:02:53.770 CDT ] [InventoryUtil.getOUIInvSession:347]  setting OUI READ level to ACCESSLEVEL_READ_LOCKLESS
[main] [ 2014-10-09 16:02:53.770 CDT ] [OracleHome.getVersion:911]  Homeinfo /u01/app/11.2.0.4/grid,1
[main] [ 2014-10-09 16:02:53.847 CDT ] [OracleHome.getVersion:939]  OracleHome.server.getVersion Version: 11.2.0.4.0
[main] [ 2014-10-09 16:02:53.847 CDT ] [OracleHome.getVersion:960]  Current Version From Inventory: 11.2.0.4.0
[main] [ 2014-10-09 16:02:53.847 CDT ] [UsmcaLogger.logInfo:143]  Role SYSASM
[main] [ 2014-10-09 16:02:53.848 CDT ] [UsmcaLogger.logInfo:143]  OS Auth true
[main] [ 2014-10-09 16:02:53.955 CDT ] [InitParamAttributes.loadDBParams:4510]  loadDBParams: sid=+ASM1 paramSid=null
[main] [ 2014-10-09 16:02:53.968 CDT ] [InitParamAttributes.loadDBParams:4563]  Checking if SPFILE is used
[main] [ 2014-10-09 16:02:53.981 CDT ] [InitParamAttributes.loadDBParams:4574]  spParams = [Ljava.lang.String;@16a9255c
[main] [ 2014-10-09 16:02:54.013 CDT ] [ASMParameters.loadASMParameters:469]  useSPFile=true
[main] [ 2014-10-09 16:02:54.013 CDT ] [UsmcaLogger.logExit:124]  Exiting oracle.sysman.assistants.usmca.backend.USMInstanceRac Method : checkAndStartupInstance
[main] [ 2014-10-09 16:02:54.013 CDT ] [UsmcaLogger.logEntry:115]  Entering oracle.sysman.assistants.usmca.backend.USMInstanceRac Method : updateInstances
[main] [ 2014-10-09 16:02:54.013 CDT ] [KfodUtil.kfodOutput:232]  /u01/app/11.2.0.4/grid/bin/kfod
[main] [ 2014-10-09 16:02:54.013 CDT ] [KfodUtil.kfodOutput:232]  nohdr=TRUE
[main] [ 2014-10-09 16:02:54.014 CDT ] [KfodUtil.kfodOutput:232]  OP=INSTS
[main] [ 2014-10-09 16:02:54.014 CDT ] [KfodUtil.kfodOutput:232]  status=true
[main] [ 2014-10-09 16:02:54.014 CDT ] [KfodUtil.kfodOutput:232]  hostlist=odie1,odie2
[main] [ 2014-10-09 16:02:54.057 CDT ] [UsmcaLogger.logInfo:143]  Node odie1
[main] [ 2014-10-09 16:02:54.058 CDT ] [UsmcaLogger.logInfo:143]  +ASM1
[main] [ 2014-10-09 16:02:54.058 CDT ] [UsmcaLogger.logInfo:143]  UP
[main] [ 2014-10-09 16:02:54.058 CDT ] [UsmcaLogger.logInfo:143]  Node odie2
[main] [ 2014-10-09 16:02:54.058 CDT ] [UsmcaLogger.logInfo:143]  +ASM2
[main] [ 2014-10-09 16:02:54.058 CDT ] [UsmcaLogger.logInfo:143]  UP
[main] [ 2014-10-09 16:02:54.059 CDT ] [UsmcaLogger.logExit:124]  Exiting oracle.sysman.assistants.usmca.backend.USMInstanceRac Method : updateInstances
[main] [ 2014-10-09 16:02:54.059 CDT ] [UsmcaLogger.logInfo:143]  is ASM latest true
[main] [ 2014-10-09 16:02:54.059 CDT ] [UsmcaLogger.logExit:124]  Exiting oracle.sysman.assistants.usmca.backend.USMInstanceRac Method : discoverASMInstance
[main] [ 2014-10-09 16:02:54.060 CDT ] [USMInstanceRac.initialize:333]  Reinitializing clustdbUtils...
[main] [ 2014-10-09 16:02:54.066 CDT ] [ClusterDatabaseUtils.<init>:263]  RACHA = true
[main] [ 2014-10-09 16:02:54.067 CDT ] [Version.isPre:583]  version to be checked 11.2.0.4.0 major version to check against10
[main] [ 2014-10-09 16:02:54.067 CDT ] [Version.isPre:594]  isPre.java: Returning FALSE
[main] [ 2014-10-09 16:02:54.067 CDT ] [OCR.loadLibrary:312]  
 Inside constructor of OCR
[main] [ 2014-10-09 16:02:54.067 CDT ] [OCR.isCluster:952]  Calling OCRNative for isCluster()
[main] [ 2014-10-09 16:02:54.067 CDT ] [OCR.isCluster:956]  OCR Result status = true
[main] [ 2014-10-09 16:02:54.068 CDT ] [OCR.isCluster:968]  Bolean result = true
[main] [ 2014-10-09 16:02:54.068 CDT ] [GetActiveNodes.create:226]  Returning an existing instance of GetActiveNodes
[main] [ 2014-10-09 16:02:54.068 CDT ] [UsmcaLogger.logExit:124]  Exiting oracle.sysman.assistants.usmca.backend.USMInstanceRac Method : initialize
[main] [ 2014-10-09 16:02:54.074 CDT ] [UsmcaLogger.logEntry:115]  Entering oracle.sysman.assistants.usmca.backend.USMOFSManagerRac Method : createFileSystems
[main] [ 2014-10-09 16:02:54.074 CDT ] [UsmcaLogger.logEntry:115]  Entering oracle.sysman.assistants.usmca.backend.USMOFSManagerRac Method : createFileSystem
[main] [ 2014-10-09 16:02:54.074 CDT ] [UsmcaLogger.logExit:124]  Exiting oracle.sysman.assistants.usmca.backend.USMOFSManagerRac Method : createFileSystem
[main] [ 2014-10-09 16:02:54.075 CDT ] [SQLEngine.doSQLSubstitution:2414]  The substituted sql statement:=select state from v$asm_volume where volume_device='/dev/asm/acfsvol-316'
[main] [ 2014-10-09 16:02:54.097 CDT ] [UsmcaLogger.logEntry:115]  Entering oracle.sysman.assistants.usmca.util.UsmcaUtil Method : executeCommand
[main] [ 2014-10-09 16:02:54.098 CDT ] [UsmcaLogger.logInfo:143]  Command: /sbin/mkfs -t acfs /dev/asm/acfsvol-316
[main] [ 2014-10-09 16:03:10.799 CDT ] [UsmcaLogger.logInfo:143]  mkfs.acfs: version                   = 11.2.0.4.0
mkfs.acfs: on-disk version           = 39.0
mkfs.acfs: volume                    = /dev/asm/acfsvol-316
mkfs.acfs: volume size               = 53687091200
mkfs.acfs: Format complete.

[main] [ 2014-10-09 16:03:10.810 CDT ] [UsmcaLogger.logInfo:143]  ASM Cluster File System created on /dev/asm/acfsvol-316 successfully.
[main] [ 2014-10-09 16:03:10.810 CDT ] [UsmcaLogger.logExit:124]  Exiting oracle.sysman.assistants.usmca.backend.USMOFSManagerRac Method : createFileSystems
[main] [ 2014-10-09 16:03:10.810 CDT ] [UsmcaLogger.logExit:124]  Exiting oracle.sysman.assistants.usmca.model.UsmcaModelRac Method : performOperation
[main] [ 2014-10-09 16:03:10.811 CDT ] [UsmcaLogger.logExit:124]  Exiting oracle.sysman.assistants.usmca.model.UsmcaModelRac Method : performOperation
