[main] [ 2014-10-09 15:40:46.199 CDT ] [UsmcaCmdLineParser.discoverRAC:245]  Cluster Existence Check
[main] [ 2014-10-09 15:40:46.225 CDT ] [Version.isPre:583]  version to be checked 11.2.0.4.0 major version to check against10
[main] [ 2014-10-09 15:40:46.225 CDT ] [Version.isPre:594]  isPre.java: Returning FALSE
[main] [ 2014-10-09 15:40:46.228 CDT ] [OCR.loadLibrary:312]  
 Inside constructor of OCR
[main] [ 2014-10-09 15:40:46.243 CDT ] [OCR.loadLibrary:320]  Going to load the ocr library
[main] [ 2014-10-09 15:40:46.244 CDT ] [Library.load:188]  library.load
[main] [ 2014-10-09 15:40:46.244 CDT ] [sPlatform.isHybrid:66]  osName=Linux osArch=amd64 JVM=64 rc=false
[main] [ 2014-10-09 15:40:46.245 CDT ] [sPlatform.isHybrid:66]  osName=Linux osArch=amd64 JVM=64 rc=false
[main] [ 2014-10-09 15:40:46.245 CDT ] [Library.load:264]  Loading  library /u01/app/11.2.0.4/grid/lib/libsrvmocr11.so
[main] [ 2014-10-09 15:40:46.254 CDT ] [OCR.loadLibrary:322]  loaded ocr libraries
[main] [ 2014-10-09 15:40:46.254 CDT ] [OCR.isCluster:952]  Calling OCRNative for isCluster()
[main] [ 2014-10-09 15:40:46.256 CDT ] [OCR.isCluster:956]  OCR Result status = true
[main] [ 2014-10-09 15:40:46.256 CDT ] [OCR.isCluster:968]  Bolean result = true
[main] [ 2014-10-09 15:40:46.260 CDT ] [HASContext.<init>:121]  moduleInit = 7
[main] [ 2014-10-09 15:40:46.261 CDT ] [Library.load:188]  library.load
[main] [ 2014-10-09 15:40:46.261 CDT ] [sPlatform.isHybrid:66]  osName=Linux osArch=amd64 JVM=64 rc=false
[main] [ 2014-10-09 15:40:46.261 CDT ] [sPlatform.isHybrid:66]  osName=Linux osArch=amd64 JVM=64 rc=false
[main] [ 2014-10-09 15:40:46.262 CDT ] [Library.load:264]  Loading  library /u01/app/11.2.0.4/grid/lib/libsrvmhas11.so
[main] [ 2014-10-09 15:40:46.264 CDT ] [Util.<init>:95]  Util Instance created.
[main] [ 2014-10-09 15:40:46.273 CDT ] [ClusterAlias.<init>:89]  ClusterAlias Instance created.
[main] [ 2014-10-09 15:40:46.297 CDT ] [UsmcaCmdLineParser.discoverRAC:249]  cluster existence:true
[main] [ 2014-10-09 15:40:46.303 CDT ] [OracleHome.getNodeNames:327]  inside getNodeNames, inventory loc null
[main] [ 2014-10-09 15:40:46.492 CDT ] [InventoryUtil.getOUIInvSession:347]  setting OUI READ level to ACCESSLEVEL_READ_LOCKLESS
[main] [ 2014-10-09 15:40:46.497 CDT ] [OracleHome.isClusterInstalled:309]  bClusterInstalled=true
[main] [ 2014-10-09 15:40:46.497 CDT ] [UsmcaCmdLineParser.discoverRAC:263]  Cluster flag true
[main] [ 2014-10-09 15:40:46.498 CDT ] [UsmcaLogger.logEntry:115]  Entering oracle.sysman.assistants.usmca.cli.UsmcaCmdLineParser Method : validateForPostConfigureASM
[main] [ 2014-10-09 15:40:46.498 CDT ] [UsmcaLogger.logExit:124]  Exiting oracle.sysman.assistants.usmca.cli.UsmcaCmdLineParser Method : validateForPostConfigureASM
[main] [ 2014-10-09 15:40:46.498 CDT ] [Usmca.discoverRAC:336]  Trying to check cluster existence
[main] [ 2014-10-09 15:40:46.499 CDT ] [Usmca.discoverRAC:342]  cluster existence:true
[main] [ 2014-10-09 15:40:46.499 CDT ] [OracleHome.getNodeNames:327]  inside getNodeNames, inventory loc null
[main] [ 2014-10-09 15:40:46.501 CDT ] [InventoryUtil.getOUIInvSession:347]  setting OUI READ level to ACCESSLEVEL_READ_LOCKLESS
[main] [ 2014-10-09 15:40:46.502 CDT ] [OracleHome.isClusterInstalled:309]  bClusterInstalled=true
[main] [ 2014-10-09 15:40:46.502 CDT ] [Usmca.discoverRAC:355]  Cluster flag true
[main] [ 2014-10-09 15:40:46.666 CDT ] [UsmcaModelRac.initialize:107]  Inside RAC model init
[main] [ 2014-10-09 15:40:46.666 CDT ] [OracleHome.getVersion:892]  OracleHome.getVersion called.  Current Version: null
[main] [ 2014-10-09 15:40:46.668 CDT ] [InventoryUtil.getOUIInvSession:347]  setting OUI READ level to ACCESSLEVEL_READ_LOCKLESS
[main] [ 2014-10-09 15:40:46.669 CDT ] [OracleHome.getVersion:911]  Homeinfo /u01/app/11.2.0.4/grid,1
[main] [ 2014-10-09 15:40:46.998 CDT ] [OracleHome.getVersion:939]  OracleHome.server.getVersion Version: 11.2.0.4.0
[main] [ 2014-10-09 15:40:46.998 CDT ] [OracleHome.getVersion:960]  Current Version From Inventory: 11.2.0.4.0
[main] [ 2014-10-09 15:40:46.999 CDT ] [UsmcaLogger.logInfo:143]  Software Version: 11.2.0.4.0
[main] [ 2014-10-09 15:40:47.035 CDT ] [NetworkUtils.checkListenerStatus:495]  Checking default listener status 
[main] [ 2014-10-09 15:40:47.035 CDT ] [NetworkUtils.checkListenerStatus:500]  Checking listener status: LISTENER
[main] [ 2014-10-09 15:40:47.069 CDT ] [NetworkUtils.checkListenerStatus:506]  lsnrct status output 

LSNRCTL for Linux: Version 11.2.0.4.0 - Production on 09-OCT-2014 15:40:47

Copyright (c) 1991, 2013, Oracle.  All rights reserved.

Connecting to (DESCRIPTION=(ADDRESS=(PROTOCOL=IPC)(KEY=LISTENER)))
STATUS of the LISTENER
------------------------
Alias                     LISTENER
Version                   TNSLSNR for Linux: Version 11.2.0.4.0 - Production
Start Date                09-OCT-2014 15:40:44
Uptime                    0 days 0 hr. 0 min. 4 sec
Trace Level               off
Security                  ON: Local OS Authentication
SNMP                      OFF
Listener Parameter File   /u01/app/11.2.0.4/grid/network/admin/listener.ora
Listener Log File         /u01/app/grid/diag/tnslsnr/odie1/listener/alert/log.xml
Listening Endpoints Summary...
  (DESCRIPTION=(ADDRESS=(PROTOCOL=ipc)(KEY=LISTENER)))
  (DESCRIPTION=(ADDRESS=(PROTOCOL=tcp)(HOST=165.91.150.32)(PORT=1521)))
  (DESCRIPTION=(ADDRESS=(PROTOCOL=tcp)(HOST=165.91.150.37)(PORT=1521)))
The listener supports no services
The command completed successfully
[main] [ 2014-10-09 15:40:47.069 CDT ] [NetworkUtils.checkListenerStatus:525]  returning listenerLISTENER
[main] [ 2014-10-09 15:40:47.069 CDT ] [NetworkUtils.getOneLocalListenerProtocolAddress:3085]  lsnr LISTENER
[main] [ 2014-10-09 15:40:47.084 CDT ] [InventoryUtil.getOUIInvSession:347]  setting OUI READ level to ACCESSLEVEL_READ_LOCKLESS
[main] [ 2014-10-09 15:40:47.084 CDT ] [HAUtils.<init>:241]  oui location /u01/app/oraInventory/ContentsXML
[main] [ 2014-10-09 15:40:47.084 CDT ] [Version.isPre:583]  version to be checked 11.2.0.4.0 major version to check against10
[main] [ 2014-10-09 15:40:47.085 CDT ] [Version.isPre:594]  isPre.java: Returning FALSE
[main] [ 2014-10-09 15:40:47.085 CDT ] [OCR.loadLibrary:312]  
 Inside constructor of OCR
[main] [ 2014-10-09 15:40:47.085 CDT ] [OCR.isCluster:952]  Calling OCRNative for isCluster()
[main] [ 2014-10-09 15:40:47.086 CDT ] [OCR.isCluster:956]  OCR Result status = true
[main] [ 2014-10-09 15:40:47.086 CDT ] [OCR.isCluster:968]  Bolean result = true
[main] [ 2014-10-09 15:40:47.087 CDT ] [ClusterUtil.<init>:72]  ClusterUtil Instance created
[main] [ 2014-10-09 15:40:47.088 CDT ] [ClusterUtil.<init>:75]  ClusterUtil m_bSKGXN=true
[main] [ 2014-10-09 15:40:47.088 CDT ] [HAUtils.isCRSInstalled:594]  enter isCRSInstalled() m_ouiLoc /u01/app/oraInventory/ContentsXML
[main] [ 2014-10-09 15:40:47.093 CDT ] [InstallGroupImpl.<init>:114]  OUI_LOC_PROPERTY = oracle.installer.oui_loc
[main] [ 2014-10-09 15:40:47.096 CDT ] [InstallGroupImpl.<init>:148]  nodelist vector is not null
[main] [ 2014-10-09 15:40:47.096 CDT ] [InstallGroupImpl.<init>:149]  size of nodelist vector = 2
[main] [ 2014-10-09 15:40:47.097 CDT ] [InstallGroupImpl.<init>:155]  nodename[0]=odie1
[main] [ 2014-10-09 15:40:47.098 CDT ] [InstallGroupImpl.<init>:155]  nodename[1]=odie2
[main] [ 2014-10-09 15:40:47.098 CDT ] [InstallGroupImpl.<init>:184]  Home location = /u01/app/11.2.0.4/grid
[main] [ 2014-10-09 15:40:47.098 CDT ] [InstallGroupImpl.<init>:188]  Home name = OraGrid11gR4
[main] [ 2014-10-09 15:40:47.098 CDT ] [InstallGroupImpl.<init>:196]  local node + odie1
[main] [ 2014-10-09 15:40:47.099 CDT ] [HAUtils.getCurrentOracleHome:368]  Oracle home from system property: /u01/app/11.2.0.4/grid
[main] [ 2014-10-09 15:40:47.101 CDT ] [GETCRSHOMEUtil.<init>:90]  Toolname: getcrshome   ---    Tool location: /u01/app/11.2.0.4/grid/srvm/adminTool dependencies: [Ljava.lang.String;@7d742700
[main] [ 2014-10-09 15:40:47.101 CDT ] [RuntimeExec.runCommand:75]  Calling Runtime.exec() with the command 
[main] [ 2014-10-09 15:40:47.102 CDT ] [RuntimeExec.runCommand:77]  /u01/app/11.2.0.4/grid/srvm/admin/getcrshome 
[main] [ 2014-10-09 15:40:47.106 CDT ] [StreamReader.run:61]  runCommand: Waiting for the process
[Thread-3] [ 2014-10-09 15:40:47.106 CDT ] [StreamReader.run:61]  In StreamReader.run 
[Thread-4] [ 2014-10-09 15:40:47.106 CDT ] [StreamReader.run:61]  In StreamReader.run 
[Thread-3] [ 2014-10-09 15:40:47.113 CDT ] [StreamReader.run:65]  OUTPUT>/u01/app/11.2.0.4/grid
[main] [ 2014-10-09 15:40:47.113 CDT ] [RuntimeExec.runCommand:144]  runCommand: process returns 0
[main] [ 2014-10-09 15:40:47.113 CDT ] [RuntimeExec.runCommand:161]  RunTimeExec: output>
[main] [ 2014-10-09 15:40:47.114 CDT ] [RuntimeExec.runCommand:164]  /u01/app/11.2.0.4/grid
[main] [ 2014-10-09 15:40:47.114 CDT ] [RuntimeExec.runCommand:170]  RunTimeExec: error>
[main] [ 2014-10-09 15:40:47.114 CDT ] [RuntimeExec.runCommand:192]  Returning from RunTimeExec.runCommand
[main] [ 2014-10-09 15:40:47.115 CDT ] [HAUtils.getConfiguredGridHome:785]  Configured Grid Infrastructure home: /u01/app/11.2.0.4/grid
[main] [ 2014-10-09 15:40:47.115 CDT ] [HAUtils.getCurrentOracleHome:368]  Oracle home from system property: /u01/app/11.2.0.4/grid
[main] [ 2014-10-09 15:40:47.115 CDT ] [GETCRSHOMEUtil.<init>:90]  Toolname: getcrshome   ---    Tool location: /u01/app/11.2.0.4/grid/srvm/adminTool dependencies: [Ljava.lang.String;@7d742700
[main] [ 2014-10-09 15:40:47.116 CDT ] [RuntimeExec.runCommand:75]  Calling Runtime.exec() with the command 
[main] [ 2014-10-09 15:40:47.116 CDT ] [RuntimeExec.runCommand:77]  /u01/app/11.2.0.4/grid/srvm/admin/getcrshome 
[main] [ 2014-10-09 15:40:47.119 CDT ] [StreamReader.run:61]  runCommand: Waiting for the process
[Thread-5] [ 2014-10-09 15:40:47.119 CDT ] [StreamReader.run:61]  In StreamReader.run 
[Thread-6] [ 2014-10-09 15:40:47.119 CDT ] [StreamReader.run:61]  In StreamReader.run 
[Thread-5] [ 2014-10-09 15:40:47.127 CDT ] [StreamReader.run:65]  OUTPUT>/u01/app/11.2.0.4/grid
[main] [ 2014-10-09 15:40:47.127 CDT ] [RuntimeExec.runCommand:144]  runCommand: process returns 0
[main] [ 2014-10-09 15:40:47.128 CDT ] [RuntimeExec.runCommand:161]  RunTimeExec: output>
[main] [ 2014-10-09 15:40:47.128 CDT ] [RuntimeExec.runCommand:164]  /u01/app/11.2.0.4/grid
[main] [ 2014-10-09 15:40:47.128 CDT ] [RuntimeExec.runCommand:170]  RunTimeExec: error>
[main] [ 2014-10-09 15:40:47.129 CDT ] [RuntimeExec.runCommand:192]  Returning from RunTimeExec.runCommand
[main] [ 2014-10-09 15:40:47.129 CDT ] [HAUtils.getConfiguredGridHome:785]  Configured Grid Infrastructure home: /u01/app/11.2.0.4/grid
[main] [ 2014-10-09 15:40:47.129 CDT ] [Version.isPre:583]  version to be checked 11.2.0.4.0 major version to check against10
[main] [ 2014-10-09 15:40:47.130 CDT ] [Version.isPre:594]  isPre.java: Returning FALSE
[main] [ 2014-10-09 15:40:47.130 CDT ] [Version.isPre:583]  version to be checked 11.2.0.4.0 major version to check against10
[main] [ 2014-10-09 15:40:47.130 CDT ] [Version.isPre:594]  isPre.java: Returning FALSE
[main] [ 2014-10-09 15:40:47.130 CDT ] [UnixSystem.isCRSConfigured:2597]  configFile=/etc/oracle/ocr.loc
[main] [ 2014-10-09 15:40:47.132 CDT ] [Utils.getPropertyValue:302]  propName=ocrconfig_loc propValue=+DATA
[main] [ 2014-10-09 15:40:47.133 CDT ] [UnixSystem.isCRSConfigured:2604]  ocrconfig_loc=+DATA
[main] [ 2014-10-09 15:40:47.133 CDT ] [Utils.getPropertyValue:302]  propName=local_only propValue=FALSE
[main] [ 2014-10-09 15:40:47.133 CDT ] [HAUtils.getCurrentOracleHome:368]  Oracle home from system property: /u01/app/11.2.0.4/grid
[main] [ 2014-10-09 15:40:47.134 CDT ] [GETCRSHOMEUtil.<init>:90]  Toolname: getcrshome   ---    Tool location: /u01/app/11.2.0.4/grid/srvm/adminTool dependencies: [Ljava.lang.String;@7d742700
[main] [ 2014-10-09 15:40:47.134 CDT ] [RuntimeExec.runCommand:75]  Calling Runtime.exec() with the command 
[main] [ 2014-10-09 15:40:47.134 CDT ] [RuntimeExec.runCommand:77]  /u01/app/11.2.0.4/grid/srvm/admin/getcrshome 
[Thread-8] [ 2014-10-09 15:40:47.137 CDT ] [RuntimeExec.runCommand:142]  In StreamReader.run 
[main] [ 2014-10-09 15:40:47.137 CDT ] [RuntimeExec.runCommand:142]  runCommand: Waiting for the process
[Thread-7] [ 2014-10-09 15:40:47.137 CDT ] [RuntimeExec.runCommand:142]  In StreamReader.run 
[Thread-7] [ 2014-10-09 15:40:47.144 CDT ] [StreamReader.run:65]  OUTPUT>/u01/app/11.2.0.4/grid
[main] [ 2014-10-09 15:40:47.144 CDT ] [RuntimeExec.runCommand:144]  runCommand: process returns 0
[main] [ 2014-10-09 15:40:47.144 CDT ] [RuntimeExec.runCommand:161]  RunTimeExec: output>
[main] [ 2014-10-09 15:40:47.144 CDT ] [RuntimeExec.runCommand:164]  /u01/app/11.2.0.4/grid
[main] [ 2014-10-09 15:40:47.145 CDT ] [RuntimeExec.runCommand:170]  RunTimeExec: error>
[main] [ 2014-10-09 15:40:47.145 CDT ] [RuntimeExec.runCommand:192]  Returning from RunTimeExec.runCommand
[main] [ 2014-10-09 15:40:47.145 CDT ] [HAUtils.getConfiguredGridHome:785]  Configured Grid Infrastructure home: /u01/app/11.2.0.4/grid
[main] [ 2014-10-09 15:40:47.151 CDT ] [Version.isPre:583]  version to be checked 11.2.0.4.0 major version to check against11
[main] [ 2014-10-09 15:40:47.151 CDT ] [Version.isPre:594]  isPre.java: Returning FALSE
[main] [ 2014-10-09 15:40:47.151 CDT ] [Version.isPre:583]  version to be checked 11.2.0.4.0 major version to check against11
[main] [ 2014-10-09 15:40:47.151 CDT ] [Version.isPre:594]  isPre.java: Returning FALSE
[main] [ 2014-10-09 15:40:47.152 CDT ] [Version.isPre112:427]  version to be checked 11.2.0.4.0 minor version to check against2
[main] [ 2014-10-09 15:40:47.152 CDT ] [Version.isPre112:438]  isPre112 : Returning FALSE for minor version check
[main] [ 2014-10-09 15:40:47.152 CDT ] [CRSCTLUtil.checkCRSRunning:409]  Checking if CRS is running for post 11 release
[main] [ 2014-10-09 15:40:47.152 CDT ] [RuntimeExec.runCommand:75]  Calling Runtime.exec() with the command 
[main] [ 2014-10-09 15:40:47.153 CDT ] [RuntimeExec.runCommand:77]  /u01/app/11.2.0.4/grid/bin/crsctl 
[main] [ 2014-10-09 15:40:47.153 CDT ] [RuntimeExec.runCommand:77]  check 
[main] [ 2014-10-09 15:40:47.153 CDT ] [RuntimeExec.runCommand:77]  cluster 
[Thread-9] [ 2014-10-09 15:40:47.161 CDT ] [StreamReader.run:61]  In StreamReader.run 
[main] [ 2014-10-09 15:40:47.161 CDT ] [RuntimeExec.runCommand:142]  runCommand: Waiting for the process
[Thread-10] [ 2014-10-09 15:40:47.161 CDT ] [StreamReader.run:61]  In StreamReader.run 
[Thread-9] [ 2014-10-09 15:40:47.225 CDT ] [StreamReader.run:65]  OUTPUT>CRS-4537: Cluster Ready Services is online
[Thread-9] [ 2014-10-09 15:40:47.225 CDT ] [StreamReader.run:65]  OUTPUT>CRS-4529: Cluster Synchronization Services is online
[Thread-9] [ 2014-10-09 15:40:47.225 CDT ] [StreamReader.run:65]  OUTPUT>CRS-4533: Event Manager is online
[main] [ 2014-10-09 15:40:47.327 CDT ] [RuntimeExec.runCommand:144]  runCommand: process returns 0
[main] [ 2014-10-09 15:40:47.327 CDT ] [RuntimeExec.runCommand:161]  RunTimeExec: output>
[main] [ 2014-10-09 15:40:47.327 CDT ] [RuntimeExec.runCommand:164]  CRS-4537: Cluster Ready Services is online
[main] [ 2014-10-09 15:40:47.328 CDT ] [RuntimeExec.runCommand:164]  CRS-4529: Cluster Synchronization Services is online
[main] [ 2014-10-09 15:40:47.328 CDT ] [RuntimeExec.runCommand:164]  CRS-4533: Event Manager is online
[main] [ 2014-10-09 15:40:47.328 CDT ] [RuntimeExec.runCommand:170]  RunTimeExec: error>
[main] [ 2014-10-09 15:40:47.328 CDT ] [RuntimeExec.runCommand:192]  Returning from RunTimeExec.runCommand
[main] [ 2014-10-09 15:40:47.347 CDT ] [Version.isPre:583]  version to be checked 11.2.0.4.0 major version to check against10
[main] [ 2014-10-09 15:40:47.347 CDT ] [Version.isPre:594]  isPre.java: Returning FALSE
[main] [ 2014-10-09 15:40:47.348 CDT ] [OCR.loadLibrary:312]  
 Inside constructor of OCR
[main] [ 2014-10-09 15:40:47.348 CDT ] [OCR.isCluster:952]  Calling OCRNative for isCluster()
[main] [ 2014-10-09 15:40:47.348 CDT ] [OCR.isCluster:956]  OCR Result status = true
[main] [ 2014-10-09 15:40:47.348 CDT ] [OCR.isCluster:968]  Bolean result = true
[main] [ 2014-10-09 15:40:47.356 CDT ] [Version.isPre:583]  version to be checked 11.2.0.4.0 major version to check against10
[main] [ 2014-10-09 15:40:47.356 CDT ] [Version.isPre:594]  isPre.java: Returning FALSE
[main] [ 2014-10-09 15:40:47.356 CDT ] [OCR.loadLibrary:312]  
 Inside constructor of OCR
[main] [ 2014-10-09 15:40:47.357 CDT ] [OCR.isCluster:952]  Calling OCRNative for isCluster()
[main] [ 2014-10-09 15:40:47.357 CDT ] [OCR.isCluster:956]  OCR Result status = true
[main] [ 2014-10-09 15:40:47.357 CDT ] [OCR.isCluster:968]  Bolean result = true
[main] [ 2014-10-09 15:40:47.411 CDT ] [CRSNative.isEntityRegistered:737]  entity: ora.LISTENER.lsnr, type: 1, registered: true
[main] [ 2014-10-09 15:40:47.430 CDT ] [CRSNative.isEntityRegistered:737]  entity: ora.LISTENER.lsnr, type: 1, registered: true
[main] [ 2014-10-09 15:40:47.430 CDT ] [CRSNative.getStat:1447]  About to call crs stat: name: ora.LISTENER.lsnr, type: 1, node: null
[main] [ 2014-10-09 15:40:47.430 CDT ] [CRSNative.getStat:1449]  looking for following attributes:
[main] [ 2014-10-09 15:40:47.431 CDT ] [CRSNative.getStat:1451]  		'TYPE'
[main] [ 2014-10-09 15:40:47.451 CDT ] [CRSNative.getStat:1464]  crs found 1 attributes
[main] [ 2014-10-09 15:40:47.451 CDT ] [CRSNative.getStat:1474]  	Name: 'TYPE'; Value: 'ora.listener.type'
[main] [ 2014-10-09 15:40:47.452 CDT ] [NodeAppsFactoryImpl.getListener:1140]  Resource type is ora.listener.type
[main] [ 2014-10-09 15:40:47.452 CDT ] [CRSNative.getStat:1447]  About to call crs stat: name: ora.LISTENER.lsnr, type: 1, node: null
[main] [ 2014-10-09 15:40:47.452 CDT ] [CRSNative.getStat:1449]  looking for following attributes:
[main] [ 2014-10-09 15:40:47.453 CDT ] [CRSNative.getStat:1451]  		'ENDPOINTS'
[main] [ 2014-10-09 15:40:47.473 CDT ] [CRSNative.getStat:1464]  crs found 1 attributes
[main] [ 2014-10-09 15:40:47.473 CDT ] [CRSNative.getStat:1474]  	Name: 'ENDPOINTS'; Value: 'TCP:1521'
[main] [ 2014-10-09 15:40:47.474 CDT ] [EndpointsImpl.<init>:276]  Get listener endpoints from TCP:1521
[main] [ 2014-10-09 15:40:47.474 CDT ] [EndpointsImpl.<init>:302]  Token count is 1
[main] [ 2014-10-09 15:40:47.475 CDT ] [EndpointsImpl.<init>:324]  LsnrProtocol type = TCP, values = 1521
[main] [ 2014-10-09 15:40:47.476 CDT ] [EndpointsImpl$LsnrProtocol.addPortValue:86]  Calling parseInt to check 1521
[main] [ 2014-10-09 15:40:47.476 CDT ] [EndpointsImpl$LsnrProtocol.addPortValue:97]  Get port number 1521
[main] [ 2014-10-09 15:40:47.476 CDT ] [NetworkUtils.getOneLocalListenerProtocolAddress:3113]  lsnr endpoints TCP:1521
[main] [ 2014-10-09 15:40:47.477 CDT ] [HAListenerUtils.getOneLocalListenerProtocolAddress:646]  enter getOneLocalListenerProtocolAddress()
[main] [ 2014-10-09 15:40:47.477 CDT ] [HAListenerUtils.getOneLocalListenerProtocolAddress:647]  host odie1.ship.iodp.tamu.edu
[main] [ 2014-10-09 15:40:47.477 CDT ] [HAListenerUtils.getOneLocalListenerProtocolAddress:658]  endPt TCP:1521
[main] [ 2014-10-09 15:40:47.478 CDT ] [HAListenerUtils.getOneLocalListenerProtocolAddress:664]  protocol TCP
[main] [ 2014-10-09 15:40:47.478 CDT ] [HAListenerUtils.getOneLocalListenerProtocolAddress:671]  ports 1521
[main] [ 2014-10-09 15:40:47.478 CDT ] [HAListenerUtils.getOneLocalListenerProtocolAddress:678]  port 1521
[main] [ 2014-10-09 15:40:47.483 CDT ] [HAListenerUtils.getOneLocalListenerProtocolAddress:710]  (ADDRESS=(PROTOCOL=TCP)(HOST=odie1.ship.iodp.tamu.edu)(PORT=1521))
[main] [ 2014-10-09 15:40:47.483 CDT ] [HAListenerUtils.getOneLocalListenerProtocolAddress:711]  port 1521
[main] [ 2014-10-09 15:40:47.484 CDT ] [HAListenerUtils.getOneLocalListenerProtocolAddress:712]  protocol TCP
[main] [ 2014-10-09 15:40:47.484 CDT ] [NetworkUtils.getOneLocalListenerProtocolAddress:3116]  addr (ADDRESS=(PROTOCOL=TCP)(HOST=odie1.ship.iodp.tamu.edu)(PORT=1521))
[main] [ 2014-10-09 15:40:47.484 CDT ] [UsmcaLogger.logInfo:143]  ignoreprereqsfalse
[main] [ 2014-10-09 15:40:47.490 CDT ] [UsmcaLogger.logInfo:143]  ACFS driver state script exists true
[main] [ 2014-10-09 15:40:47.490 CDT ] [UsmcaLogger.logEntry:115]  Entering oracle.sysman.assistants.usmca.util.UsmcaUtil Method : executeCommand
[main] [ 2014-10-09 15:40:47.490 CDT ] [UsmcaLogger.logInfo:143]  Command: /u01/app/11.2.0.4/grid/bin/acfsdriverstate loaded
[main] [ 2014-10-09 15:40:47.573 CDT ] [UsmcaLogger.logInfo:143]  ACFS-9203: true

[main] [ 2014-10-09 15:40:47.573 CDT ] [UsmcaLogger.logInfo:143]  ACFS driver state status code 0
[main] [ 2014-10-09 15:40:47.573 CDT ] [UsmcaLogger.logEntry:115]  Entering oracle.sysman.assistants.usmca.model.UsmcaModelRac Method : loadandSetSecEncrInit
[main] [ 2014-10-09 15:40:47.574 CDT ] [UsmcaLogger.logInfo:143]  Security command
[main] [ 2014-10-09 15:40:47.574 CDT ] [UsmcaLogger.logArrayInfo:194]  /sbin/acfsutil sec info -i 
[main] [ 2014-10-09 15:40:47.595 CDT ] [UsmcaLogger.logInfo:143]  Security command exit code 1
[main] [ 2014-10-09 15:40:47.595 CDT ] [UsmcaLogger.logInfo:143]  Encryption command
[main] [ 2014-10-09 15:40:47.595 CDT ] [UsmcaLogger.logArrayInfo:194]  /sbin/acfsutil encr info -i 
[main] [ 2014-10-09 15:40:47.617 CDT ] [UsmcaLogger.logInfo:143]  Encryption command exit code 1
[main] [ 2014-10-09 15:40:47.618 CDT ] [UsmcaLogger.logExit:124]  Exiting oracle.sysman.assistants.usmca.model.UsmcaModelRac Method : loadandSetSecEncrInit
[main] [ 2014-10-09 15:40:47.624 CDT ] [UsmcaModelRac.initialize:115]  Inside RAC model init
[main] [ 2014-10-09 15:40:47.625 CDT ] [Version.isPre:583]  version to be checked 11.2.0.4.0 major version to check against10
[main] [ 2014-10-09 15:40:47.625 CDT ] [Version.isPre:594]  isPre.java: Returning FALSE
[main] [ 2014-10-09 15:40:47.625 CDT ] [OCR.loadLibrary:312]  
 Inside constructor of OCR
[main] [ 2014-10-09 15:40:47.625 CDT ] [OCR.isCluster:952]  Calling OCRNative for isCluster()
[main] [ 2014-10-09 15:40:47.626 CDT ] [OCR.isCluster:956]  OCR Result status = true
[main] [ 2014-10-09 15:40:47.626 CDT ] [OCR.isCluster:968]  Bolean result = true
[main] [ 2014-10-09 15:40:47.629 CDT ] [GetActiveNodes.create:220]  Going into GetActiveNodes constructor...
[main] [ 2014-10-09 15:40:47.630 CDT ] [ClusterUtil.<init>:72]  ClusterUtil Instance created
[main] [ 2014-10-09 15:40:47.630 CDT ] [ClusterUtil.<init>:75]  ClusterUtil m_bSKGXN=true
[main] [ 2014-10-09 15:40:47.644 CDT ] [GetActiveNodes.<init>:192]  Inside GetActiveNodes :odie1
[main] [ 2014-10-09 15:40:47.647 CDT ] [GetActiveNodes.<init>:204]  Started clusterware daemon thread
[GetActiveNodesThread] [ 2014-10-09 15:40:47.647 CDT ] [Semaphore.acquire:109]  SyncBufferFull:Acquire called by thread GetActiveNodesThread m_count=0
[main] [ 2014-10-09 15:40:47.647 CDT ] [GetActiveNodes.create:222]  Out of GetActiveNodes constructor.
[main] [ 2014-10-09 15:40:47.647 CDT ] [GetActiveNodes.create:226]  Returning an existing instance of GetActiveNodes
[main] [ 2014-10-09 15:40:47.649 CDT ] [ClusterUtils.areSharedPaths:556]  1. path=/u01/app/11.2.0.4/grid
[main] [ 2014-10-09 15:40:47.649 CDT ] [ClusterUtils.areSharedPaths:577]  2. path=/u01/app/11.2.0.4/grid
[main] [ 2014-10-09 15:40:47.649 CDT ] [ClusterUtils.areSharedPaths:582]  hashKey = [odie1, odie2]/u01/app/11.2.0.4/grid
[main] [ 2014-10-09 15:40:47.650 CDT ] [GetActiveNodes.create:226]  Returning an existing instance of GetActiveNodes
[main] [ 2014-10-09 15:40:47.650 CDT ] [Cluster.verifyNodeList:1148]  clusterNodes[0]=odie1
[main] [ 2014-10-09 15:40:47.650 CDT ] [Cluster.verifyNodeList:1148]  clusterNodes[1]=odie2
[main] [ 2014-10-09 15:40:47.650 CDT ] [Cluster.verifyNodeList:1153]  nodeList[0]=odie1
[main] [ 2014-10-09 15:40:47.651 CDT ] [Cluster.verifyNodeList:1153]  nodeList[1]=odie2
[main] [ 2014-10-09 15:40:47.651 CDT ] [GetActiveNodes.create:226]  Returning an existing instance of GetActiveNodes
[main] [ 2014-10-09 15:40:47.651 CDT ] [Cluster.isSharedPath:1072]  NodeList=[odie1, odie2]
[main] [ 2014-10-09 15:40:47.652 CDT ] [Cluster.isSharedPath:1108]  pathName=/u01/app/11.2.0.4/grid/ dirPath = /u01/app/11.2.0.4/grid
[main] [ 2014-10-09 15:40:47.652 CDT ] [UnixSystem.isSharedPath:1592]  dirPath=/u01/app/11.2.0.4/grid
[main] [ 2014-10-09 15:40:47.657 CDT ] [UnixSystem.isSharedPath:1597]  UnixSystem.isShared: pathName=/u01/app/11.2.0.4/grid tempFile=CFSFileName1412887247657
[main] [ 2014-10-09 15:40:47.658 CDT ] [UnixSystem.isSharedPath:1602]  UnixSystem.isShared: dirPathName is /u01/app/11.2.0.4/grid/CFSFileName1412887247657
[main] [ 2014-10-09 15:40:47.658 CDT ] [UnixSystem.isSharedPath:1606]  UnixSystem.isShared: removing file /u01/app/11.2.0.4/grid/CFSFileName1412887247657on  odie2
[main] [ 2014-10-09 15:40:47.658 CDT ] [Utils.getLocalHost:481]  Hostname retrieved: odie1.ship.iodp.tamu.edu, returned: odie1
[main] [ 2014-10-09 15:40:47.659 CDT ] [UnixSystem.checkRemoteExecutionSetup:2185]  checkRemoteExecutionSetup:: Checking user equivalence using Secured Shell '/usr/bin/ssh'
[main] [ 2014-10-09 15:40:47.659 CDT ] [UnixSystem.checkRemoteExecutionSetup:2187]  checkRemoteExecutionSetup:: Running Unix command: /usr/bin/ssh -o FallBackToRsh=no  -o PasswordAuthentication=no  -o StrictHostKeyChecking=yes  -o NumberOfPasswordPrompts=0 odie2 /bin/true
[main] [ 2014-10-09 15:40:47.659 CDT ] [RuntimeExec.runCommand:75]  Calling Runtime.exec() with the command 
[main] [ 2014-10-09 15:40:47.660 CDT ] [RuntimeExec.runCommand:77]  /usr/bin/ssh 
[main] [ 2014-10-09 15:40:47.660 CDT ] [RuntimeExec.runCommand:77]  -o 
[main] [ 2014-10-09 15:40:47.660 CDT ] [RuntimeExec.runCommand:77]  FallBackToRsh=no 
[main] [ 2014-10-09 15:40:47.660 CDT ] [RuntimeExec.runCommand:77]  -o 
[main] [ 2014-10-09 15:40:47.661 CDT ] [RuntimeExec.runCommand:77]  PasswordAuthentication=no 
[main] [ 2014-10-09 15:40:47.661 CDT ] [RuntimeExec.runCommand:77]  -o 
[main] [ 2014-10-09 15:40:47.661 CDT ] [RuntimeExec.runCommand:77]  StrictHostKeyChecking=yes 
[main] [ 2014-10-09 15:40:47.661 CDT ] [RuntimeExec.runCommand:77]  -o 
[main] [ 2014-10-09 15:40:47.662 CDT ] [RuntimeExec.runCommand:77]  NumberOfPasswordPrompts=0 
[main] [ 2014-10-09 15:40:47.662 CDT ] [RuntimeExec.runCommand:77]  odie2 
[main] [ 2014-10-09 15:40:47.662 CDT ] [RuntimeExec.runCommand:77]  /bin/true 
[Thread-18] [ 2014-10-09 15:40:47.665 CDT ] [StreamReader.run:61]  In StreamReader.run 
[Thread-17] [ 2014-10-09 15:40:47.665 CDT ] [StreamReader.run:61]  In StreamReader.run 
[main] [ 2014-10-09 15:40:47.665 CDT ] [StreamReader.run:61]  runCommand: Waiting for the process
[main] [ 2014-10-09 15:40:47.787 CDT ] [RuntimeExec.runCommand:144]  runCommand: process returns 0
[main] [ 2014-10-09 15:40:47.788 CDT ] [RuntimeExec.runCommand:161]  RunTimeExec: output>
[main] [ 2014-10-09 15:40:47.788 CDT ] [RuntimeExec.runCommand:170]  RunTimeExec: error>
[main] [ 2014-10-09 15:40:47.788 CDT ] [RuntimeExec.runCommand:192]  Returning from RunTimeExec.runCommand
[main] [ 2014-10-09 15:40:47.789 CDT ] [UnixSystem.checkRemoteExecutionSetup:2293]  Using Remote Shell Command: '/usr/bin/ssh -o FallBackToRsh=no  -o PasswordAuthentication=no  -o StrictHostKeyChecking=yes  -o NumberOfPasswordPrompts=0 '
[main] [ 2014-10-09 15:40:47.789 CDT ] [UnixSystem.checkRemoteExecutionSetup:2294]  Using Remote Copy Command: '/usr/bin/scp'
[main] [ 2014-10-09 15:40:47.789 CDT ] [RuntimeExec.runCommand:75]  Calling Runtime.exec() with the command 
[main] [ 2014-10-09 15:40:47.790 CDT ] [RuntimeExec.runCommand:77]  /usr/bin/ssh 
[main] [ 2014-10-09 15:40:47.790 CDT ] [RuntimeExec.runCommand:77]  -o 
[main] [ 2014-10-09 15:40:47.790 CDT ] [RuntimeExec.runCommand:77]  FallBackToRsh=no 
[main] [ 2014-10-09 15:40:47.790 CDT ] [RuntimeExec.runCommand:77]  -o 
[main] [ 2014-10-09 15:40:47.790 CDT ] [RuntimeExec.runCommand:77]  PasswordAuthentication=no 
[main] [ 2014-10-09 15:40:47.791 CDT ] [RuntimeExec.runCommand:77]  -o 
[main] [ 2014-10-09 15:40:47.791 CDT ] [RuntimeExec.runCommand:77]  StrictHostKeyChecking=yes 
[main] [ 2014-10-09 15:40:47.791 CDT ] [RuntimeExec.runCommand:77]  -o 
[main] [ 2014-10-09 15:40:47.791 CDT ] [RuntimeExec.runCommand:77]  NumberOfPasswordPrompts=0 
[main] [ 2014-10-09 15:40:47.791 CDT ] [RuntimeExec.runCommand:77]  odie2 
[main] [ 2014-10-09 15:40:47.792 CDT ] [RuntimeExec.runCommand:77]  -n 
[main] [ 2014-10-09 15:40:47.792 CDT ] [RuntimeExec.runCommand:77]  /bin/rm 
[main] [ 2014-10-09 15:40:47.792 CDT ] [RuntimeExec.runCommand:77]  -f 
[main] [ 2014-10-09 15:40:47.792 CDT ] [RuntimeExec.runCommand:77]  /u01/app/11.2.0.4/grid/CFSFileName1412887247657 
[Thread-19] [ 2014-10-09 15:40:47.796 CDT ] [StreamReader.run:61]  In StreamReader.run 
[main] [ 2014-10-09 15:40:47.796 CDT ] [StreamReader.run:61]  runCommand: Waiting for the process
[Thread-20] [ 2014-10-09 15:40:47.796 CDT ] [StreamReader.run:61]  In StreamReader.run 
[main] [ 2014-10-09 15:40:47.891 CDT ] [RuntimeExec.runCommand:144]  runCommand: process returns 0
[main] [ 2014-10-09 15:40:47.891 CDT ] [RuntimeExec.runCommand:161]  RunTimeExec: output>
[main] [ 2014-10-09 15:40:47.892 CDT ] [RuntimeExec.runCommand:170]  RunTimeExec: error>
[main] [ 2014-10-09 15:40:47.892 CDT ] [RuntimeExec.runCommand:192]  Returning from RunTimeExec.runCommand
[main] [ 2014-10-09 15:40:47.892 CDT ] [NativeSystem.isCmdScv:502]  isCmdScv: cmd=[/usr/bin/ssh -o FallBackToRsh=no -o PasswordAuthentication=no -o StrictHostKeyChecking=yes -o NumberOfPasswordPrompts=0 odie2 -n /bin/rm -f /u01/app/11.2.0.4/grid/CFSFileName1412887247657]
[main] [ 2014-10-09 15:40:47.893 CDT ] [NativeSystem.isCmdScv:552]  isCmdScv: /usr/bin/ssh is present.
[main] [ 2014-10-09 15:40:47.893 CDT ] [NativeSystem.isCmdScv:554]  isCmdScv: /usr/bin/ssh is a file.
[main] [ 2014-10-09 15:40:47.893 CDT ] [NativeSystem.isCmdScv:571]  isCmdScv: returned true
[main] [ 2014-10-09 15:40:47.893 CDT ] [NativeSystem.rununixcmd:1152]  NativeSystem.rununixcmd: RetString 1| :successful
[main] [ 2014-10-09 15:40:47.894 CDT ] [UnixSystem.isSharedPath:1606]  UnixSystem.isShared: removing file /u01/app/11.2.0.4/grid/CFSFileName1412887247657on  odie1
[main] [ 2014-10-09 15:40:47.894 CDT ] [RuntimeExec.runCommand:75]  Calling Runtime.exec() with the command 
[main] [ 2014-10-09 15:40:47.894 CDT ] [RuntimeExec.runCommand:77]  /bin/rm 
[main] [ 2014-10-09 15:40:47.894 CDT ] [RuntimeExec.runCommand:77]  -f 
[main] [ 2014-10-09 15:40:47.894 CDT ] [RuntimeExec.runCommand:77]  /u01/app/11.2.0.4/grid/CFSFileName1412887247657 
[Thread-21] [ 2014-10-09 15:40:47.898 CDT ] [StreamReader.run:61]  In StreamReader.run 
[main] [ 2014-10-09 15:40:47.898 CDT ] [StreamReader.run:61]  runCommand: Waiting for the process
[Thread-22] [ 2014-10-09 15:40:47.898 CDT ] [StreamReader.run:61]  In StreamReader.run 
[main] [ 2014-10-09 15:40:47.899 CDT ] [RuntimeExec.runCommand:144]  runCommand: process returns 0
[main] [ 2014-10-09 15:40:47.900 CDT ] [RuntimeExec.runCommand:161]  RunTimeExec: output>
[main] [ 2014-10-09 15:40:47.900 CDT ] [RuntimeExec.runCommand:170]  RunTimeExec: error>
[main] [ 2014-10-09 15:40:47.900 CDT ] [RuntimeExec.runCommand:192]  Returning from RunTimeExec.runCommand
[main] [ 2014-10-09 15:40:47.900 CDT ] [NativeSystem.isCmdScv:502]  isCmdScv: cmd=[/bin/rm -f /u01/app/11.2.0.4/grid/CFSFileName1412887247657]
[main] [ 2014-10-09 15:40:47.901 CDT ] [NativeSystem.isCmdScv:571]  isCmdScv: returned false
[main] [ 2014-10-09 15:40:47.901 CDT ] [NativeSystem.rununixcmd:1152]  NativeSystem.rununixcmd: RetString 1| :successful
[main] [ 2014-10-09 15:40:47.901 CDT ] [UnixSystem.isSharedPath:1611]  UnixSystem.isShared: creating file /u01/app/11.2.0.4/grid/CFSFileName1412887247657
[main] [ 2014-10-09 15:40:47.902 CDT ] [UnixSystem.isSharedPath:1620]  Failed to create the test CFS file at /u01/app/11.2.0.4/grid/CFSFileName1412887247657
[main] [ 2014-10-09 15:40:47.908 CDT ] [ClusterUtils.areSharedPaths:602]  oracle.ops.mgmt.nativesystem.UnixSystem.isSharedPath(UnixSystem.java:1624)
oracle.ops.mgmt.cluster.Cluster.isSharedPath(Cluster.java:1110)
oracle.ops.mgmt.cluster.Cluster.isSharedPath(Cluster.java:1037)
oracle.sysman.assistants.util.ClusterUtils.areSharedPaths(ClusterUtils.java:589)
oracle.sysman.assistants.util.ClusterUtils.isShared(ClusterUtils.java:500)
oracle.sysman.assistants.util.ClusterUtils.isShared(ClusterUtils.java:456)
oracle.sysman.assistants.util.attributes.CommonOPSAttributes.updateShared(CommonOPSAttributes.java:886)
oracle.sysman.assistants.util.attributes.CommonOPSAttributes.setNodeNames(CommonOPSAttributes.java:237)
oracle.sysman.assistants.usmca.model.UsmcaModelRac.initialize(UsmcaModelRac.java:142)
oracle.sysman.assistants.usmca.model.UsmcaModel.<init>(UsmcaModel.java:144)
oracle.sysman.assistants.usmca.model.UsmcaModelRac.<init>(UsmcaModelRac.java:89)
oracle.sysman.assistants.usmca.Usmca.getModel(Usmca.java:326)
oracle.sysman.assistants.usmca.Usmca.execute(Usmca.java:153)
oracle.sysman.assistants.usmca.Usmca.main(Usmca.java:369)
[main] [ 2014-10-09 15:40:47.908 CDT ] [UsmcaModelRac.initialize:150]  Remote Node odie2
[main] [ 2014-10-09 15:40:47.909 CDT ] [UsmcaLogger.logInfo:143]  Driver State after RAC check true
[main] [ 2014-10-09 15:40:47.909 CDT ] [UsmcaLogger.logEntry:115]  Entering oracle.sysman.assistants.usmca.model.UsmcaModelRac Method : performOperation
[main] [ 2014-10-09 15:40:47.909 CDT ] [UsmcaLogger.logEntry:115]  Entering oracle.sysman.assistants.usmca.model.UsmcaModelRac Method : performOperation
[main] [ 2014-10-09 15:40:47.911 CDT ] [UsmcaLogger.logExit:124]  Exiting oracle.sysman.assistants.usmca.model.UsmcaModelRac Method : performOperation
[main] [ 2014-10-09 15:40:47.943 CDT ] [UsmcaLogger.logEntry:115]  Entering oracle.sysman.assistants.usmca.backend.USMInstanceRac Method : initialize
[main] [ 2014-10-09 15:40:47.946 CDT ] [HASContext.getCRSHome:579]  /u01/app/11.2.0.4/grid
[main] [ 2014-10-09 15:40:47.946 CDT ] [Util.getCRSHome:604]  getCRSHome: ret=/u01/app/11.2.0.4/grid
[main] [ 2014-10-09 15:40:47.947 CDT ] [Version.isPre:583]  version to be checked 11.2.0.4.0 major version to check against10
[main] [ 2014-10-09 15:40:47.947 CDT ] [Version.isPre:594]  isPre.java: Returning FALSE
[main] [ 2014-10-09 15:40:47.947 CDT ] [ClusterInfo.<init>:241]  m_olsnodesPath=/u01/app/11.2.0.4/grid/bin/olsnodes
[main] [ 2014-10-09 15:40:47.947 CDT ] [RuntimeExec.runCommand:75]  Calling Runtime.exec() with the command 
[main] [ 2014-10-09 15:40:47.948 CDT ] [RuntimeExec.runCommand:77]  /u01/app/11.2.0.4/grid/bin/olsnodes 
[main] [ 2014-10-09 15:40:47.948 CDT ] [RuntimeExec.runCommand:77]  -n 
[Thread-24] [ 2014-10-09 15:40:47.951 CDT ] [StreamReader.run:61]  In StreamReader.run 
[main] [ 2014-10-09 15:40:47.951 CDT ] [RuntimeExec.runCommand:142]  runCommand: Waiting for the process
[Thread-23] [ 2014-10-09 15:40:47.951 CDT ] [StreamReader.run:61]  In StreamReader.run 
[Thread-23] [ 2014-10-09 15:40:48.977 CDT ] [StreamReader.run:65]  OUTPUT>odie1	1
[Thread-23] [ 2014-10-09 15:40:48.977 CDT ] [StreamReader.run:65]  OUTPUT>odie2	2
[main] [ 2014-10-09 15:40:48.981 CDT ] [RuntimeExec.runCommand:144]  runCommand: process returns 0
[main] [ 2014-10-09 15:40:48.981 CDT ] [RuntimeExec.runCommand:161]  RunTimeExec: output>
[main] [ 2014-10-09 15:40:48.981 CDT ] [RuntimeExec.runCommand:164]  odie1	1
[main] [ 2014-10-09 15:40:48.982 CDT ] [RuntimeExec.runCommand:164]  odie2	2
[main] [ 2014-10-09 15:40:48.982 CDT ] [RuntimeExec.runCommand:170]  RunTimeExec: error>
[main] [ 2014-10-09 15:40:48.982 CDT ] [RuntimeExec.runCommand:192]  Returning from RunTimeExec.runCommand
[main] [ 2014-10-09 15:40:48.982 CDT ] [ClusterInfo.getClusterNodeMap:992]  Number of nodes=2
[main] [ 2014-10-09 15:40:48.983 CDT ] [ClusterInfo.getClusterNodeMap:1004]  i=0 nodeName=odie1 nodeNum=1
[main] [ 2014-10-09 15:40:48.983 CDT ] [ClusterInfo.getClusterNodeMap:1004]  i=1 nodeName=odie2 nodeNum=2
[main] [ 2014-10-09 15:40:48.984 CDT ] [USMInstanceRac.getInstanceNumbers:429]  firstNodeNum=1
[main] [ 2014-10-09 15:40:48.984 CDT ] [USMInstanceRac.getInstanceNumbers:452]  node=odie1 nodeNum=1
[main] [ 2014-10-09 15:40:48.984 CDT ] [USMInstanceRac.getInstanceNumbers:467]  nodeNames[0]=odie1 instance number=1
[main] [ 2014-10-09 15:40:48.985 CDT ] [USMInstanceRac.getInstanceNumbers:452]  node=odie2 nodeNum=2
[main] [ 2014-10-09 15:40:48.985 CDT ] [USMInstanceRac.getInstanceNumbers:467]  nodeNames[1]=odie2 instance number=2
[main] [ 2014-10-09 15:40:48.985 CDT ] [USMInstanceRac.setTemporaryInstances:352]  node:odie1 instance:+ASM1
[main] [ 2014-10-09 15:40:48.985 CDT ] [USMInstanceRac.setTemporaryInstances:352]  node:odie2 instance:+ASM2
[main] [ 2014-10-09 15:40:48.985 CDT ] [ClusterUtils.areSharedPaths:556]  1. path=/u01/app/11.2.0.4/grid/assistants
[main] [ 2014-10-09 15:40:48.986 CDT ] [ClusterUtils.areSharedPaths:577]  2. path=/u01/app/11.2.0.4/grid/assistants
[main] [ 2014-10-09 15:40:48.986 CDT ] [ClusterUtils.areSharedPaths:582]  hashKey = [odie1, odie2]/u01/app/11.2.0.4/grid/assistants
[main] [ 2014-10-09 15:40:48.986 CDT ] [GetActiveNodes.create:226]  Returning an existing instance of GetActiveNodes
[main] [ 2014-10-09 15:40:48.986 CDT ] [Cluster.verifyNodeList:1148]  clusterNodes[0]=odie1
[main] [ 2014-10-09 15:40:48.987 CDT ] [Cluster.verifyNodeList:1148]  clusterNodes[1]=odie2
[main] [ 2014-10-09 15:40:48.987 CDT ] [Cluster.verifyNodeList:1153]  nodeList[0]=odie1
[main] [ 2014-10-09 15:40:48.987 CDT ] [Cluster.verifyNodeList:1153]  nodeList[1]=odie2
[main] [ 2014-10-09 15:40:48.987 CDT ] [GetActiveNodes.create:226]  Returning an existing instance of GetActiveNodes
[main] [ 2014-10-09 15:40:48.987 CDT ] [Cluster.isSharedPath:1072]  NodeList=[odie1, odie2]
[main] [ 2014-10-09 15:40:48.988 CDT ] [Cluster.isSharedPath:1108]  pathName=/u01/app/11.2.0.4/grid/assistants/ dirPath = /u01/app/11.2.0.4/grid/assistants
[main] [ 2014-10-09 15:40:48.988 CDT ] [UnixSystem.isSharedPath:1592]  dirPath=/u01/app/11.2.0.4/grid/assistants
[main] [ 2014-10-09 15:40:48.988 CDT ] [UnixSystem.isSharedPath:1597]  UnixSystem.isShared: pathName=/u01/app/11.2.0.4/grid/assistants tempFile=CFSFileName14128872489885364524065845659519.tmp
[main] [ 2014-10-09 15:40:48.988 CDT ] [UnixSystem.isSharedPath:1602]  UnixSystem.isShared: dirPathName is /u01/app/11.2.0.4/grid/assistants/CFSFileName14128872489885364524065845659519.tmp
[main] [ 2014-10-09 15:40:48.989 CDT ] [UnixSystem.isSharedPath:1606]  UnixSystem.isShared: removing file /u01/app/11.2.0.4/grid/assistants/CFSFileName14128872489885364524065845659519.tmpon  odie2
[main] [ 2014-10-09 15:40:48.989 CDT ] [Utils.getLocalHost:481]  Hostname retrieved: odie1.ship.iodp.tamu.edu, returned: odie1
[main] [ 2014-10-09 15:40:48.989 CDT ] [RuntimeExec.runCommand:75]  Calling Runtime.exec() with the command 
[main] [ 2014-10-09 15:40:48.989 CDT ] [RuntimeExec.runCommand:77]  /usr/bin/ssh 
[main] [ 2014-10-09 15:40:48.990 CDT ] [RuntimeExec.runCommand:77]  -o 
[main] [ 2014-10-09 15:40:48.990 CDT ] [RuntimeExec.runCommand:77]  FallBackToRsh=no 
[main] [ 2014-10-09 15:40:48.990 CDT ] [RuntimeExec.runCommand:77]  -o 
[main] [ 2014-10-09 15:40:48.990 CDT ] [RuntimeExec.runCommand:77]  PasswordAuthentication=no 
[main] [ 2014-10-09 15:40:48.991 CDT ] [RuntimeExec.runCommand:77]  -o 
[main] [ 2014-10-09 15:40:48.991 CDT ] [RuntimeExec.runCommand:77]  StrictHostKeyChecking=yes 
[main] [ 2014-10-09 15:40:48.991 CDT ] [RuntimeExec.runCommand:77]  -o 
[main] [ 2014-10-09 15:40:48.991 CDT ] [RuntimeExec.runCommand:77]  NumberOfPasswordPrompts=0 
[main] [ 2014-10-09 15:40:48.992 CDT ] [RuntimeExec.runCommand:77]  odie2 
[main] [ 2014-10-09 15:40:48.992 CDT ] [RuntimeExec.runCommand:77]  -n 
[main] [ 2014-10-09 15:40:48.992 CDT ] [RuntimeExec.runCommand:77]  /bin/rm 
[main] [ 2014-10-09 15:40:48.992 CDT ] [RuntimeExec.runCommand:77]  -f 
[main] [ 2014-10-09 15:40:48.992 CDT ] [RuntimeExec.runCommand:77]  /u01/app/11.2.0.4/grid/assistants/CFSFileName14128872489885364524065845659519.tmp 
[Thread-25] [ 2014-10-09 15:40:48.996 CDT ] [StreamReader.run:61]  In StreamReader.run 
[main] [ 2014-10-09 15:40:48.996 CDT ] [RuntimeExec.runCommand:142]  runCommand: Waiting for the process
[Thread-26] [ 2014-10-09 15:40:48.996 CDT ] [StreamReader.run:61]  In StreamReader.run 
[main] [ 2014-10-09 15:40:49.090 CDT ] [RuntimeExec.runCommand:144]  runCommand: process returns 0
[main] [ 2014-10-09 15:40:49.090 CDT ] [RuntimeExec.runCommand:161]  RunTimeExec: output>
[main] [ 2014-10-09 15:40:49.091 CDT ] [RuntimeExec.runCommand:170]  RunTimeExec: error>
[main] [ 2014-10-09 15:40:49.091 CDT ] [RuntimeExec.runCommand:192]  Returning from RunTimeExec.runCommand
[main] [ 2014-10-09 15:40:49.091 CDT ] [NativeSystem.isCmdScv:502]  isCmdScv: cmd=[/usr/bin/ssh -o FallBackToRsh=no -o PasswordAuthentication=no -o StrictHostKeyChecking=yes -o NumberOfPasswordPrompts=0 odie2 -n /bin/rm -f /u01/app/11.2.0.4/grid/assistants/CFSFileName14128872489885364524065845659519.tmp]
[main] [ 2014-10-09 15:40:49.091 CDT ] [NativeSystem.isCmdScv:552]  isCmdScv: /usr/bin/ssh is present.
[main] [ 2014-10-09 15:40:49.092 CDT ] [NativeSystem.isCmdScv:554]  isCmdScv: /usr/bin/ssh is a file.
[main] [ 2014-10-09 15:40:49.092 CDT ] [NativeSystem.isCmdScv:571]  isCmdScv: returned true
[main] [ 2014-10-09 15:40:49.092 CDT ] [NativeSystem.rununixcmd:1152]  NativeSystem.rununixcmd: RetString 1| :successful
[main] [ 2014-10-09 15:40:49.092 CDT ] [UnixSystem.isSharedPath:1606]  UnixSystem.isShared: removing file /u01/app/11.2.0.4/grid/assistants/CFSFileName14128872489885364524065845659519.tmpon  odie1
[main] [ 2014-10-09 15:40:49.092 CDT ] [RuntimeExec.runCommand:75]  Calling Runtime.exec() with the command 
[main] [ 2014-10-09 15:40:49.093 CDT ] [RuntimeExec.runCommand:77]  /bin/rm 
[main] [ 2014-10-09 15:40:49.093 CDT ] [RuntimeExec.runCommand:77]  -f 
[main] [ 2014-10-09 15:40:49.093 CDT ] [RuntimeExec.runCommand:77]  /u01/app/11.2.0.4/grid/assistants/CFSFileName14128872489885364524065845659519.tmp 
[Thread-27] [ 2014-10-09 15:40:49.096 CDT ] [StreamReader.run:61]  In StreamReader.run 
[main] [ 2014-10-09 15:40:49.096 CDT ] [RuntimeExec.runCommand:142]  runCommand: Waiting for the process
[Thread-28] [ 2014-10-09 15:40:49.096 CDT ] [StreamReader.run:61]  In StreamReader.run 
[main] [ 2014-10-09 15:40:49.098 CDT ] [RuntimeExec.runCommand:144]  runCommand: process returns 0
[main] [ 2014-10-09 15:40:49.098 CDT ] [RuntimeExec.runCommand:161]  RunTimeExec: output>
[main] [ 2014-10-09 15:40:49.098 CDT ] [RuntimeExec.runCommand:170]  RunTimeExec: error>
[main] [ 2014-10-09 15:40:49.098 CDT ] [RuntimeExec.runCommand:192]  Returning from RunTimeExec.runCommand
[main] [ 2014-10-09 15:40:49.099 CDT ] [NativeSystem.isCmdScv:502]  isCmdScv: cmd=[/bin/rm -f /u01/app/11.2.0.4/grid/assistants/CFSFileName14128872489885364524065845659519.tmp]
[main] [ 2014-10-09 15:40:49.099 CDT ] [NativeSystem.isCmdScv:571]  isCmdScv: returned false
[main] [ 2014-10-09 15:40:49.099 CDT ] [NativeSystem.rununixcmd:1152]  NativeSystem.rununixcmd: RetString 1| :successful
[main] [ 2014-10-09 15:40:49.099 CDT ] [UnixSystem.isSharedPath:1611]  UnixSystem.isShared: creating file /u01/app/11.2.0.4/grid/assistants/CFSFileName14128872489885364524065845659519.tmp
[main] [ 2014-10-09 15:40:49.100 CDT ] [UnixSystem.testCFSFile:1706]  The unix command is /usr/bin/ssh -o FallBackToRsh=no  -o PasswordAuthentication=no  -o StrictHostKeyChecking=yes  -o NumberOfPasswordPrompts=0  odie2 -n /bin/sh -c "/bin/ls /u01/app/11.2.0.4/grid/assistants > /dev/null 2>&1  && /bin/cat /u01/app/11.2.0.4/grid/assistants/CFSFileName14128872489885364524065845659519.tmp"
[main] [ 2014-10-09 15:40:49.100 CDT ] [RuntimeExec.runCommand:75]  Calling Runtime.exec() with the command 
[main] [ 2014-10-09 15:40:49.100 CDT ] [RuntimeExec.runCommand:77]  /usr/bin/ssh 
[main] [ 2014-10-09 15:40:49.101 CDT ] [RuntimeExec.runCommand:77]  -o 
[main] [ 2014-10-09 15:40:49.101 CDT ] [RuntimeExec.runCommand:77]  FallBackToRsh=no 
[main] [ 2014-10-09 15:40:49.101 CDT ] [RuntimeExec.runCommand:77]  -o 
[main] [ 2014-10-09 15:40:49.101 CDT ] [RuntimeExec.runCommand:77]  PasswordAuthentication=no 
[main] [ 2014-10-09 15:40:49.101 CDT ] [RuntimeExec.runCommand:77]  -o 
[main] [ 2014-10-09 15:40:49.102 CDT ] [RuntimeExec.runCommand:77]  StrictHostKeyChecking=yes 
[main] [ 2014-10-09 15:40:49.102 CDT ] [RuntimeExec.runCommand:77]  -o 
[main] [ 2014-10-09 15:40:49.102 CDT ] [RuntimeExec.runCommand:77]  NumberOfPasswordPrompts=0 
[main] [ 2014-10-09 15:40:49.102 CDT ] [RuntimeExec.runCommand:77]  odie2 
[main] [ 2014-10-09 15:40:49.102 CDT ] [RuntimeExec.runCommand:77]  -n 
[main] [ 2014-10-09 15:40:49.103 CDT ] [RuntimeExec.runCommand:77]  /bin/sh 
[main] [ 2014-10-09 15:40:49.103 CDT ] [RuntimeExec.runCommand:77]  -c 
[main] [ 2014-10-09 15:40:49.103 CDT ] [RuntimeExec.runCommand:77]  "/bin/ls 
[main] [ 2014-10-09 15:40:49.103 CDT ] [RuntimeExec.runCommand:77]  /u01/app/11.2.0.4/grid/assistants 
[main] [ 2014-10-09 15:40:49.104 CDT ] [RuntimeExec.runCommand:77]  > 
[main] [ 2014-10-09 15:40:49.104 CDT ] [RuntimeExec.runCommand:77]  /dev/null 
[main] [ 2014-10-09 15:40:49.104 CDT ] [RuntimeExec.runCommand:77]  2>&1 
[main] [ 2014-10-09 15:40:49.104 CDT ] [RuntimeExec.runCommand:77]  && 
[main] [ 2014-10-09 15:40:49.105 CDT ] [RuntimeExec.runCommand:77]  /bin/cat 
[main] [ 2014-10-09 15:40:49.105 CDT ] [RuntimeExec.runCommand:77]  /u01/app/11.2.0.4/grid/assistants/CFSFileName14128872489885364524065845659519.tmp" 
[Thread-29] [ 2014-10-09 15:40:49.108 CDT ] [StreamReader.run:61]  In StreamReader.run 
[main] [ 2014-10-09 15:40:49.108 CDT ] [RuntimeExec.runCommand:142]  runCommand: Waiting for the process
[Thread-30] [ 2014-10-09 15:40:49.108 CDT ] [StreamReader.run:61]  In StreamReader.run 
[Thread-30] [ 2014-10-09 15:40:49.243 CDT ] [StreamReader.run:65]  ERROR>/bin/cat: /u01/app/11.2.0.4/grid/assistants/CFSFileName14128872489885364524065845659519.tmp: No such file or directory
[main] [ 2014-10-09 15:40:49.244 CDT ] [RuntimeExec.runCommand:144]  runCommand: process returns 1
[main] [ 2014-10-09 15:40:49.244 CDT ] [RuntimeExec.runCommand:161]  RunTimeExec: output>
[main] [ 2014-10-09 15:40:49.245 CDT ] [RuntimeExec.runCommand:170]  RunTimeExec: error>
[main] [ 2014-10-09 15:40:49.245 CDT ] [RuntimeExec.runCommand:173]  /bin/cat: /u01/app/11.2.0.4/grid/assistants/CFSFileName14128872489885364524065845659519.tmp: No such file or directory
[main] [ 2014-10-09 15:40:49.245 CDT ] [RuntimeExec.runCommand:192]  Returning from RunTimeExec.runCommand
[main] [ 2014-10-09 15:40:49.245 CDT ] [UnixSystem.testCFSFile:1718]  Command output is empty
[main] [ 2014-10-09 15:40:49.245 CDT ] [UnixSystem.testCFSFile:1719]  ERROR: /bin/cat: /u01/app/11.2.0.4/grid/assistants/CFSFileName14128872489885364524065845659519.tmp: No such file or directory from node odie2
[main] [ 2014-10-09 15:40:49.246 CDT ] [ClusterUtils.areSharedPaths:591]  Got shared=false from SRVM call
[main] [ 2014-10-09 15:40:49.246 CDT ] [USMInstanceRac.initialize:322]  m_bShared = false
[main] [ 2014-10-09 15:40:49.250 CDT ] [UsmcaLogger.logEntry:115]  Entering oracle.sysman.assistants.usmca.backend.USMInstanceRac Method : discoverASMInstance
[main] [ 2014-10-09 15:40:49.251 CDT ] [UsmcaLogger.logEntry:115]  Entering oracle.sysman.assistants.usmca.backend.USMInstanceRac Method : checkASMResource
[main] [ 2014-10-09 15:40:49.256 CDT ] [Util.<init>:95]  Util Instance created.
[main] [ 2014-10-09 15:40:49.256 CDT ] [HASContext.getCRSHome:579]  /u01/app/11.2.0.4/grid
[main] [ 2014-10-09 15:40:49.256 CDT ] [Util.getCRSHome:604]  getCRSHome: ret=/u01/app/11.2.0.4/grid
[main] [ 2014-10-09 15:40:49.259 CDT ] [Version.isPre:583]  version to be checked 11.2.0.4.0 major version to check against10
[main] [ 2014-10-09 15:40:49.260 CDT ] [Version.isPre:594]  isPre.java: Returning FALSE
[main] [ 2014-10-09 15:40:49.260 CDT ] [OCR.loadLibrary:312]  
 Inside constructor of OCR
[main] [ 2014-10-09 15:40:49.260 CDT ] [OCR.isCluster:952]  Calling OCRNative for isCluster()
[main] [ 2014-10-09 15:40:49.260 CDT ] [OCR.isCluster:956]  OCR Result status = true
[main] [ 2014-10-09 15:40:49.261 CDT ] [OCR.isCluster:968]  Bolean result = true
[main] [ 2014-10-09 15:40:49.277 CDT ] [CRSNative.isEntityRegistered:737]  entity: ora.asm, type: 1, registered: true
[main] [ 2014-10-09 15:40:49.298 CDT ] [CRSNative.isEntityRegistered:737]  entity: ora.asm, type: 1, registered: true
[main] [ 2014-10-09 15:40:49.298 CDT ] [UsmcaLogger.logInfo:143]  ASM Exists? true
[main] [ 2014-10-09 15:40:49.298 CDT ] [UsmcaLogger.logInfo:143]  ASM resource present, Proceed further discovery.
[main] [ 2014-10-09 15:40:49.301 CDT ] [ASMUtils.checkASMExistence:594]   entering method checkASMExistence
[main] [ 2014-10-09 15:40:49.304 CDT ] [InventoryUtil.getOUIInvSession:347]  setting OUI READ level to ACCESSLEVEL_READ_LOCKLESS
[main] [ 2014-10-09 15:40:49.304 CDT ] [HAUtils.<init>:241]  oui location /u01/app/oraInventory/ContentsXML
[main] [ 2014-10-09 15:40:49.304 CDT ] [Version.isPre:583]  version to be checked 11.2.0.4.0 major version to check against10
[main] [ 2014-10-09 15:40:49.304 CDT ] [Version.isPre:594]  isPre.java: Returning FALSE
[main] [ 2014-10-09 15:40:49.305 CDT ] [OCR.loadLibrary:312]  
 Inside constructor of OCR
[main] [ 2014-10-09 15:40:49.305 CDT ] [OCR.isCluster:952]  Calling OCRNative for isCluster()
[main] [ 2014-10-09 15:40:49.305 CDT ] [OCR.isCluster:956]  OCR Result status = true
[main] [ 2014-10-09 15:40:49.305 CDT ] [OCR.isCluster:968]  Bolean result = true
[main] [ 2014-10-09 15:40:49.306 CDT ] [ClusterUtil.<init>:72]  ClusterUtil Instance created
[main] [ 2014-10-09 15:40:49.306 CDT ] [ClusterUtil.<init>:75]  ClusterUtil m_bSKGXN=true
[main] [ 2014-10-09 15:40:49.306 CDT ] [HAUtils.getCurrentOracleHome:368]  Oracle home from system property: /u01/app/11.2.0.4/grid
[main] [ 2014-10-09 15:40:49.306 CDT ] [GETCRSHOMEUtil.<init>:90]  Toolname: getcrshome   ---    Tool location: /u01/app/11.2.0.4/grid/srvm/adminTool dependencies: [Ljava.lang.String;@7d742700
[main] [ 2014-10-09 15:40:49.306 CDT ] [RuntimeExec.runCommand:75]  Calling Runtime.exec() with the command 
[main] [ 2014-10-09 15:40:49.307 CDT ] [RuntimeExec.runCommand:77]  /u01/app/11.2.0.4/grid/srvm/admin/getcrshome 
[Thread-32] [ 2014-10-09 15:40:49.310 CDT ] [StreamReader.run:61]  In StreamReader.run 
[main] [ 2014-10-09 15:40:49.310 CDT ] [RuntimeExec.runCommand:142]  runCommand: Waiting for the process
[Thread-31] [ 2014-10-09 15:40:49.310 CDT ] [StreamReader.run:61]  In StreamReader.run 
[Thread-31] [ 2014-10-09 15:40:49.319 CDT ] [StreamReader.run:65]  OUTPUT>/u01/app/11.2.0.4/grid
[main] [ 2014-10-09 15:40:49.319 CDT ] [RuntimeExec.runCommand:144]  runCommand: process returns 0
[main] [ 2014-10-09 15:40:49.320 CDT ] [RuntimeExec.runCommand:161]  RunTimeExec: output>
[main] [ 2014-10-09 15:40:49.320 CDT ] [RuntimeExec.runCommand:164]  /u01/app/11.2.0.4/grid
[main] [ 2014-10-09 15:40:49.320 CDT ] [RuntimeExec.runCommand:170]  RunTimeExec: error>
[main] [ 2014-10-09 15:40:49.320 CDT ] [RuntimeExec.runCommand:192]  Returning from RunTimeExec.runCommand
[main] [ 2014-10-09 15:40:49.320 CDT ] [HAUtils.getConfiguredGridHome:785]  Configured Grid Infrastructure home: /u01/app/11.2.0.4/grid
[main] [ 2014-10-09 15:40:49.321 CDT ] [HAUtils.getCurrentOracleHome:368]  Oracle home from system property: /u01/app/11.2.0.4/grid
[main] [ 2014-10-09 15:40:49.321 CDT ] [GETCRSHOMEUtil.<init>:90]  Toolname: getcrshome   ---    Tool location: /u01/app/11.2.0.4/grid/srvm/adminTool dependencies: [Ljava.lang.String;@7d742700
[main] [ 2014-10-09 15:40:49.321 CDT ] [RuntimeExec.runCommand:75]  Calling Runtime.exec() with the command 
[main] [ 2014-10-09 15:40:49.321 CDT ] [RuntimeExec.runCommand:77]  /u01/app/11.2.0.4/grid/srvm/admin/getcrshome 
[Thread-34] [ 2014-10-09 15:40:49.324 CDT ] [StreamReader.run:61]  In StreamReader.run 
[main] [ 2014-10-09 15:40:49.324 CDT ] [RuntimeExec.runCommand:142]  runCommand: Waiting for the process
[Thread-33] [ 2014-10-09 15:40:49.324 CDT ] [StreamReader.run:61]  In StreamReader.run 
[Thread-33] [ 2014-10-09 15:40:49.335 CDT ] [StreamReader.run:65]  OUTPUT>/u01/app/11.2.0.4/grid
[main] [ 2014-10-09 15:40:49.335 CDT ] [RuntimeExec.runCommand:144]  runCommand: process returns 0
[main] [ 2014-10-09 15:40:49.335 CDT ] [RuntimeExec.runCommand:161]  RunTimeExec: output>
[main] [ 2014-10-09 15:40:49.336 CDT ] [RuntimeExec.runCommand:164]  /u01/app/11.2.0.4/grid
[main] [ 2014-10-09 15:40:49.336 CDT ] [RuntimeExec.runCommand:170]  RunTimeExec: error>
[main] [ 2014-10-09 15:40:49.336 CDT ] [RuntimeExec.runCommand:192]  Returning from RunTimeExec.runCommand
[main] [ 2014-10-09 15:40:49.336 CDT ] [HAUtils.getConfiguredGridHome:785]  Configured Grid Infrastructure home: /u01/app/11.2.0.4/grid
[main] [ 2014-10-09 15:40:49.336 CDT ] [Version.isPre:583]  version to be checked 11.2.0.4.0 major version to check against10
[main] [ 2014-10-09 15:40:49.337 CDT ] [Version.isPre:594]  isPre.java: Returning FALSE
[main] [ 2014-10-09 15:40:49.337 CDT ] [Version.isPre:583]  version to be checked 11.2.0.4.0 major version to check against10
[main] [ 2014-10-09 15:40:49.337 CDT ] [Version.isPre:594]  isPre.java: Returning FALSE
[main] [ 2014-10-09 15:40:49.337 CDT ] [UnixSystem.isCRSConfigured:2597]  configFile=/etc/oracle/ocr.loc
[main] [ 2014-10-09 15:40:49.338 CDT ] [Utils.getPropertyValue:302]  propName=ocrconfig_loc propValue=+DATA
[main] [ 2014-10-09 15:40:49.338 CDT ] [UnixSystem.isCRSConfigured:2604]  ocrconfig_loc=+DATA
[main] [ 2014-10-09 15:40:49.338 CDT ] [Utils.getPropertyValue:302]  propName=local_only propValue=FALSE
[main] [ 2014-10-09 15:40:49.338 CDT ] [HAUtils.getCurrentOracleHome:368]  Oracle home from system property: /u01/app/11.2.0.4/grid
[main] [ 2014-10-09 15:40:49.339 CDT ] [GETCRSHOMEUtil.<init>:90]  Toolname: getcrshome   ---    Tool location: /u01/app/11.2.0.4/grid/srvm/adminTool dependencies: [Ljava.lang.String;@7d742700
[main] [ 2014-10-09 15:40:49.339 CDT ] [RuntimeExec.runCommand:75]  Calling Runtime.exec() with the command 
[main] [ 2014-10-09 15:40:49.339 CDT ] [RuntimeExec.runCommand:77]  /u01/app/11.2.0.4/grid/srvm/admin/getcrshome 
[Thread-36] [ 2014-10-09 15:40:49.342 CDT ] [StreamReader.run:61]  In StreamReader.run 
[main] [ 2014-10-09 15:40:49.342 CDT ] [RuntimeExec.runCommand:142]  runCommand: Waiting for the process
[Thread-35] [ 2014-10-09 15:40:49.342 CDT ] [StreamReader.run:61]  In StreamReader.run 
[Thread-35] [ 2014-10-09 15:40:49.351 CDT ] [StreamReader.run:65]  OUTPUT>/u01/app/11.2.0.4/grid
[main] [ 2014-10-09 15:40:49.351 CDT ] [RuntimeExec.runCommand:144]  runCommand: process returns 0
[main] [ 2014-10-09 15:40:49.351 CDT ] [RuntimeExec.runCommand:161]  RunTimeExec: output>
[main] [ 2014-10-09 15:40:49.352 CDT ] [RuntimeExec.runCommand:164]  /u01/app/11.2.0.4/grid
[main] [ 2014-10-09 15:40:49.352 CDT ] [RuntimeExec.runCommand:170]  RunTimeExec: error>
[main] [ 2014-10-09 15:40:49.352 CDT ] [RuntimeExec.runCommand:192]  Returning from RunTimeExec.runCommand
[main] [ 2014-10-09 15:40:49.352 CDT ] [HAUtils.getConfiguredGridHome:785]  Configured Grid Infrastructure home: /u01/app/11.2.0.4/grid
[main] [ 2014-10-09 15:40:49.353 CDT ] [Version.isPre:583]  version to be checked 11.2.0.4.0 major version to check against11
[main] [ 2014-10-09 15:40:49.353 CDT ] [Version.isPre:594]  isPre.java: Returning FALSE
[main] [ 2014-10-09 15:40:49.353 CDT ] [Version.isPre:583]  version to be checked 11.2.0.4.0 major version to check against11
[main] [ 2014-10-09 15:40:49.353 CDT ] [Version.isPre:594]  isPre.java: Returning FALSE
[main] [ 2014-10-09 15:40:49.353 CDT ] [Version.isPre112:427]  version to be checked 11.2.0.4.0 minor version to check against2
[main] [ 2014-10-09 15:40:49.353 CDT ] [Version.isPre112:438]  isPre112 : Returning FALSE for minor version check
[main] [ 2014-10-09 15:40:49.354 CDT ] [CRSCTLUtil.checkCRSRunning:409]  Checking if CRS is running for post 11 release
[main] [ 2014-10-09 15:40:49.354 CDT ] [RuntimeExec.runCommand:75]  Calling Runtime.exec() with the command 
[main] [ 2014-10-09 15:40:49.354 CDT ] [RuntimeExec.runCommand:77]  /u01/app/11.2.0.4/grid/bin/crsctl 
[main] [ 2014-10-09 15:40:49.354 CDT ] [RuntimeExec.runCommand:77]  check 
[main] [ 2014-10-09 15:40:49.355 CDT ] [RuntimeExec.runCommand:77]  cluster 
[Thread-37] [ 2014-10-09 15:40:49.358 CDT ] [StreamReader.run:61]  In StreamReader.run 
[main] [ 2014-10-09 15:40:49.358 CDT ] [RuntimeExec.runCommand:142]  runCommand: Waiting for the process
[Thread-38] [ 2014-10-09 15:40:49.358 CDT ] [StreamReader.run:61]  In StreamReader.run 
[Thread-37] [ 2014-10-09 15:40:49.415 CDT ] [StreamReader.run:65]  OUTPUT>CRS-4537: Cluster Ready Services is online
[Thread-37] [ 2014-10-09 15:40:49.416 CDT ] [StreamReader.run:65]  OUTPUT>CRS-4529: Cluster Synchronization Services is online
[Thread-37] [ 2014-10-09 15:40:49.416 CDT ] [StreamReader.run:65]  OUTPUT>CRS-4533: Event Manager is online
[main] [ 2014-10-09 15:40:49.518 CDT ] [RuntimeExec.runCommand:144]  runCommand: process returns 0
[main] [ 2014-10-09 15:40:49.537 CDT ] [RuntimeExec.runCommand:161]  RunTimeExec: output>
[main] [ 2014-10-09 15:40:49.538 CDT ] [RuntimeExec.runCommand:164]  CRS-4537: Cluster Ready Services is online
[main] [ 2014-10-09 15:40:49.538 CDT ] [RuntimeExec.runCommand:164]  CRS-4529: Cluster Synchronization Services is online
[main] [ 2014-10-09 15:40:49.538 CDT ] [RuntimeExec.runCommand:164]  CRS-4533: Event Manager is online
[main] [ 2014-10-09 15:40:49.538 CDT ] [RuntimeExec.runCommand:170]  RunTimeExec: error>
[main] [ 2014-10-09 15:40:49.538 CDT ] [RuntimeExec.runCommand:192]  Returning from RunTimeExec.runCommand
[main] [ 2014-10-09 15:40:49.553 CDT ] [CRSNative.isEntityRegistered:737]  entity: ora.asm, type: 1, registered: true
[main] [ 2014-10-09 15:40:49.574 CDT ] [CRSNative.isEntityRegistered:737]  entity: ora.asm, type: 1, registered: true
[main] [ 2014-10-09 15:40:49.582 CDT ] [CRSNative.internalQueryResources:1577]  About to doQueryResources: eType resource, nodeName null, filter (TYPE == ora.diskgroup.type)
[main] [ 2014-10-09 15:40:49.605 CDT ] [CRSNative.internalQueryResources:1585]  found 1 resources
[main] [ 2014-10-09 15:40:49.605 CDT ] [CRSNative.internalQueryResources:1587]  	ora.DATA.dg
[main] [ 2014-10-09 15:40:49.607 CDT ] [DiskGroupImpl.<init>:108]  name = ora.DATA.dg, display name = DATA
[main] [ 2014-10-09 15:40:49.626 CDT ] [CRSNative.isEntityRegistered:737]  entity: ora.DATA.dg, type: 1, registered: true
[main] [ 2014-10-09 15:40:49.627 CDT ] [UsmcaLogger.logInfo:143]  ASM present true
[main] [ 2014-10-09 15:40:49.627 CDT ] [UsmcaLogger.logEntry:115]  Entering oracle.sysman.assistants.usmca.backend.USMInstanceRac Method : discoverRACASM
[main] [ 2014-10-09 15:40:49.628 CDT ] [KfodUtil.kfodOutput:232]  /u01/app/11.2.0.4/grid/bin/kfod
[main] [ 2014-10-09 15:40:49.628 CDT ] [KfodUtil.kfodOutput:232]  nohdr=TRUE
[main] [ 2014-10-09 15:40:49.628 CDT ] [KfodUtil.kfodOutput:232]  OP=INSTS
[main] [ 2014-10-09 15:40:49.629 CDT ] [KfodUtil.kfodOutput:232]  status=true
[main] [ 2014-10-09 15:40:49.629 CDT ] [KfodUtil.kfodOutput:232]  hostlist=odie1,odie2
[Finalizer] [ 2014-10-09 15:40:49.646 CDT ] [ClusterUtil.finalize:102]  ClusterUtil: finalized called for oracle.ops.mgmt.has.ClusterUtil@6833f0de
[Finalizer] [ 2014-10-09 15:40:49.647 CDT ] [Util.finalize:126]  Util: finalized called for oracle.ops.mgmt.has.Util@2a0ab444
[main] [ 2014-10-09 15:40:49.698 CDT ] [CRSNative.isEntityRegistered:737]  entity: ora.asm, type: 1, registered: true
[main] [ 2014-10-09 15:40:49.719 CDT ] [CRSNative.isEntityRegistered:737]  entity: ora.asm, type: 1, registered: true
[main] [ 2014-10-09 15:40:49.741 CDT ] [CRSNativeResult.addRIAttr:139]  addRIAttr: name 'ora.asm odie1 1', 'LAST_SERVER':'odie1'
[main] [ 2014-10-09 15:40:49.742 CDT ] [CRSNativeResult.addRIAttr:139]  addRIAttr: name 'ora.asm odie1 1', 'USR_ORA_INST_NAME':'+ASM1'
[main] [ 2014-10-09 15:40:49.742 CDT ] [CRSNativeResult.addRIAttr:139]  addRIAttr: name 'ora.asm odie2 1', 'LAST_SERVER':'odie2'
[main] [ 2014-10-09 15:40:49.742 CDT ] [CRSNativeResult.addRIAttr:139]  addRIAttr: name 'ora.asm odie2 1', 'USR_ORA_INST_NAME':'+ASM2'
[main] [ 2014-10-09 15:40:49.743 CDT ] [CRSNative.searchEntities:1010]  found 2 entities
[main] [ 2014-10-09 15:40:49.745 CDT ] [Version.isPre:583]  version to be checked 11.2.0.4.0 major version to check against10
[main] [ 2014-10-09 15:40:49.745 CDT ] [Version.isPre:594]  isPre.java: Returning FALSE
[main] [ 2014-10-09 15:40:49.745 CDT ] [OCR.loadLibrary:312]  
 Inside constructor of OCR
[main] [ 2014-10-09 15:40:49.745 CDT ] [OCR.isCluster:952]  Calling OCRNative for isCluster()
[main] [ 2014-10-09 15:40:49.746 CDT ] [OCR.isCluster:956]  OCR Result status = true
[main] [ 2014-10-09 15:40:49.746 CDT ] [OCR.isCluster:968]  Bolean result = true
[main] [ 2014-10-09 15:40:49.746 CDT ] [GetActiveNodes.create:226]  Returning an existing instance of GetActiveNodes
[main] [ 2014-10-09 15:40:49.746 CDT ] [UsmcaLogger.logInfo:143]  Local ASM Instance+ASM1
[main] [ 2014-10-09 15:40:49.747 CDT ] [UsmcaLogger.logExit:124]  Exiting oracle.sysman.assistants.usmca.backend.USMInstanceRac Method : discoverRACASM
[main] [ 2014-10-09 15:40:49.747 CDT ] [UsmcaLogger.logEntry:115]  Entering oracle.sysman.assistants.usmca.backend.USMInstanceRac Method : findOSAuthentication
[main] [ 2014-10-09 15:40:49.747 CDT ] [UsmcaLogger.logEntry:115]  Entering oracle.sysman.assistants.usmca.backend.USMInstanceRac Method : createSQLEngine
[main] [ 2014-10-09 15:40:49.751 CDT ] [OracleHome.getVersion:892]  OracleHome.getVersion called.  Current Version: null
[main] [ 2014-10-09 15:40:49.753 CDT ] [InventoryUtil.getOUIInvSession:347]  setting OUI READ level to ACCESSLEVEL_READ_LOCKLESS
[main] [ 2014-10-09 15:40:49.753 CDT ] [OracleHome.getVersion:911]  Homeinfo /u01/app/11.2.0.4/grid,1
[main] [ 2014-10-09 15:40:49.877 CDT ] [OracleHome.getVersion:939]  OracleHome.server.getVersion Version: 11.2.0.4.0
[main] [ 2014-10-09 15:40:49.877 CDT ] [OracleHome.getVersion:960]  Current Version From Inventory: 11.2.0.4.0
[main] [ 2014-10-09 15:40:49.877 CDT ] [OracleHome.getVersion:892]  OracleHome.getVersion called.  Current Version: 11.2.0.4.0
[main] [ 2014-10-09 15:40:49.877 CDT ] [OracleHome.getVersion:960]  Current Version From Inventory: 11.2.0.4.0
[main] [ 2014-10-09 15:40:49.879 CDT ] [OracleHome.getVersion:892]  OracleHome.getVersion called.  Current Version: 11.2.0.4.0
[main] [ 2014-10-09 15:40:49.879 CDT ] [OracleHome.getVersion:960]  Current Version From Inventory: 11.2.0.4.0
[main] [ 2014-10-09 15:40:49.879 CDT ] [SQLPlusEngine.getCmmdParams:222]  m_home 11.2.0.4.0
[main] [ 2014-10-09 15:40:49.880 CDT ] [SQLPlusEngine.getCmmdParams:223]  version > 112 true
[main] [ 2014-10-09 15:40:49.880 CDT ] [SQLEngine.getEnvParams:555]  Default NLS_LANG: AMERICAN_AMERICA.AL32UTF8
[main] [ 2014-10-09 15:40:49.880 CDT ] [SQLEngine.getEnvParams:565]  NLS_LANG: AMERICAN_AMERICA.AL32UTF8
[main] [ 2014-10-09 15:40:49.881 CDT ] [SQLEngine.initialize:325]  Execing SQLPLUS/SVRMGR process...
[main] [ 2014-10-09 15:40:49.885 CDT ] [SQLEngine.initialize:362]  m_bReaderStarted: false
[main] [ 2014-10-09 15:40:49.886 CDT ] [SQLEngine.initialize:366]  Starting Reader Thread... 
[main] [ 2014-10-09 15:40:49.917 CDT ] [UsmcaLogger.logExit:124]  Exiting oracle.sysman.assistants.usmca.backend.USMInstanceRac Method : createSQLEngine
[main] [ 2014-10-09 15:40:49.918 CDT ] [OracleHome.getVersion:892]  OracleHome.getVersion called.  Current Version: null
[main] [ 2014-10-09 15:40:49.919 CDT ] [InventoryUtil.getOUIInvSession:347]  setting OUI READ level to ACCESSLEVEL_READ_LOCKLESS
[main] [ 2014-10-09 15:40:49.920 CDT ] [OracleHome.getVersion:911]  Homeinfo /u01/app/11.2.0.4/grid,1
[main] [ 2014-10-09 15:40:50.007 CDT ] [OracleHome.getVersion:939]  OracleHome.server.getVersion Version: 11.2.0.4.0
[main] [ 2014-10-09 15:40:50.007 CDT ] [OracleHome.getVersion:960]  Current Version From Inventory: 11.2.0.4.0
[main] [ 2014-10-09 15:40:50.056 CDT ] [UsmcaLogger.logExit:124]  Exiting oracle.sysman.assistants.usmca.backend.USMInstanceRac Method : findOSAuthentication
[main] [ 2014-10-09 15:40:50.056 CDT ] [UsmcaLogger.logEntry:115]  Entering oracle.sysman.assistants.usmca.backend.USMInstanceRac Method : checkAndStartupInstance
[main] [ 2014-10-09 15:40:50.056 CDT ] [UsmcaLogger.logEntry:115]  Entering oracle.sysman.assistants.usmca.backend.USMInstanceRac Method : createSQLEngine
[main] [ 2014-10-09 15:40:50.056 CDT ] [SQLEngine.done:2189]  Done called
[main] [ 2014-10-09 15:40:50.057 CDT ] [OracleHome.getVersion:892]  OracleHome.getVersion called.  Current Version: null
[main] [ 2014-10-09 15:40:50.058 CDT ] [InventoryUtil.getOUIInvSession:347]  setting OUI READ level to ACCESSLEVEL_READ_LOCKLESS
[main] [ 2014-10-09 15:40:50.058 CDT ] [OracleHome.getVersion:911]  Homeinfo /u01/app/11.2.0.4/grid,1
[main] [ 2014-10-09 15:40:50.127 CDT ] [OracleHome.getVersion:939]  OracleHome.server.getVersion Version: 11.2.0.4.0
[main] [ 2014-10-09 15:40:50.127 CDT ] [OracleHome.getVersion:960]  Current Version From Inventory: 11.2.0.4.0
[main] [ 2014-10-09 15:40:50.127 CDT ] [OracleHome.getVersion:892]  OracleHome.getVersion called.  Current Version: 11.2.0.4.0
[main] [ 2014-10-09 15:40:50.127 CDT ] [OracleHome.getVersion:960]  Current Version From Inventory: 11.2.0.4.0
[main] [ 2014-10-09 15:40:50.128 CDT ] [OracleHome.getVersion:892]  OracleHome.getVersion called.  Current Version: 11.2.0.4.0
[main] [ 2014-10-09 15:40:50.128 CDT ] [OracleHome.getVersion:960]  Current Version From Inventory: 11.2.0.4.0
[main] [ 2014-10-09 15:40:50.128 CDT ] [SQLPlusEngine.getCmmdParams:222]  m_home 11.2.0.4.0
[main] [ 2014-10-09 15:40:50.128 CDT ] [SQLPlusEngine.getCmmdParams:223]  version > 112 true
[main] [ 2014-10-09 15:40:50.129 CDT ] [SQLEngine.getEnvParams:555]  Default NLS_LANG: AMERICAN_AMERICA.AL32UTF8
[main] [ 2014-10-09 15:40:50.129 CDT ] [SQLEngine.getEnvParams:565]  NLS_LANG: AMERICAN_AMERICA.AL32UTF8
[main] [ 2014-10-09 15:40:50.130 CDT ] [SQLEngine.initialize:325]  Execing SQLPLUS/SVRMGR process...
[main] [ 2014-10-09 15:40:50.136 CDT ] [SQLEngine.initialize:362]  m_bReaderStarted: false
[main] [ 2014-10-09 15:40:50.137 CDT ] [SQLEngine.initialize:366]  Starting Reader Thread... 
[main] [ 2014-10-09 15:40:50.168 CDT ] [UsmcaLogger.logExit:124]  Exiting oracle.sysman.assistants.usmca.backend.USMInstanceRac Method : createSQLEngine
[main] [ 2014-10-09 15:40:50.168 CDT ] [OracleHome.getVersion:892]  OracleHome.getVersion called.  Current Version: null
[main] [ 2014-10-09 15:40:50.170 CDT ] [InventoryUtil.getOUIInvSession:347]  setting OUI READ level to ACCESSLEVEL_READ_LOCKLESS
[main] [ 2014-10-09 15:40:50.171 CDT ] [OracleHome.getVersion:911]  Homeinfo /u01/app/11.2.0.4/grid,1
[main] [ 2014-10-09 15:40:50.245 CDT ] [OracleHome.getVersion:939]  OracleHome.server.getVersion Version: 11.2.0.4.0
[main] [ 2014-10-09 15:40:50.245 CDT ] [OracleHome.getVersion:960]  Current Version From Inventory: 11.2.0.4.0
[main] [ 2014-10-09 15:40:50.245 CDT ] [UsmcaLogger.logInfo:143]  Role SYSASM
[main] [ 2014-10-09 15:40:50.245 CDT ] [UsmcaLogger.logInfo:143]  OS Auth true
[main] [ 2014-10-09 15:40:50.343 CDT ] [InitParamAttributes.loadDBParams:4563]  Checking if SPFILE is used
[main] [ 2014-10-09 15:40:50.375 CDT ] [InitParamAttributes.loadDBParams:4574]  spParams = [Ljava.lang.String;@11e7c5cb
[main] [ 2014-10-09 15:40:50.390 CDT ] [ASMParameters.loadASMParameters:469]  useSPFile=true
[main] [ 2014-10-09 15:40:50.391 CDT ] [UsmcaLogger.logExit:124]  Exiting oracle.sysman.assistants.usmca.backend.USMInstanceRac Method : checkAndStartupInstance
[main] [ 2014-10-09 15:40:50.391 CDT ] [UsmcaLogger.logEntry:115]  Entering oracle.sysman.assistants.usmca.backend.USMInstanceRac Method : updateInstances
[main] [ 2014-10-09 15:40:50.391 CDT ] [KfodUtil.kfodOutput:232]  /u01/app/11.2.0.4/grid/bin/kfod
[main] [ 2014-10-09 15:40:50.391 CDT ] [KfodUtil.kfodOutput:232]  nohdr=TRUE
[main] [ 2014-10-09 15:40:50.391 CDT ] [KfodUtil.kfodOutput:232]  OP=INSTS
[main] [ 2014-10-09 15:40:50.392 CDT ] [KfodUtil.kfodOutput:232]  status=true
[main] [ 2014-10-09 15:40:50.392 CDT ] [KfodUtil.kfodOutput:232]  hostlist=odie1,odie2
[main] [ 2014-10-09 15:40:50.438 CDT ] [UsmcaLogger.logInfo:143]  Node odie1
[main] [ 2014-10-09 15:40:50.438 CDT ] [UsmcaLogger.logInfo:143]  +ASM1
[main] [ 2014-10-09 15:40:50.439 CDT ] [UsmcaLogger.logInfo:143]  UP
[main] [ 2014-10-09 15:40:50.439 CDT ] [UsmcaLogger.logInfo:143]  Node odie2
[main] [ 2014-10-09 15:40:50.439 CDT ] [UsmcaLogger.logInfo:143]  +ASM2
[main] [ 2014-10-09 15:40:50.439 CDT ] [UsmcaLogger.logInfo:143]  UP
[main] [ 2014-10-09 15:40:50.440 CDT ] [UsmcaLogger.logExit:124]  Exiting oracle.sysman.assistants.usmca.backend.USMInstanceRac Method : updateInstances
[main] [ 2014-10-09 15:40:50.440 CDT ] [UsmcaLogger.logInfo:143]  is ASM latest true
[main] [ 2014-10-09 15:40:50.440 CDT ] [UsmcaLogger.logExit:124]  Exiting oracle.sysman.assistants.usmca.backend.USMInstanceRac Method : discoverASMInstance
[main] [ 2014-10-09 15:40:50.441 CDT ] [USMInstanceRac.initialize:333]  Reinitializing clustdbUtils...
[main] [ 2014-10-09 15:40:50.448 CDT ] [ClusterDatabaseUtils.<init>:263]  RACHA = true
[main] [ 2014-10-09 15:40:50.448 CDT ] [Version.isPre:583]  version to be checked 11.2.0.4.0 major version to check against10
[main] [ 2014-10-09 15:40:50.448 CDT ] [Version.isPre:594]  isPre.java: Returning FALSE
[main] [ 2014-10-09 15:40:50.448 CDT ] [OCR.loadLibrary:312]  
 Inside constructor of OCR
[main] [ 2014-10-09 15:40:50.449 CDT ] [OCR.isCluster:952]  Calling OCRNative for isCluster()
[main] [ 2014-10-09 15:40:50.449 CDT ] [OCR.isCluster:956]  OCR Result status = true
[main] [ 2014-10-09 15:40:50.449 CDT ] [OCR.isCluster:968]  Bolean result = true
[main] [ 2014-10-09 15:40:50.449 CDT ] [GetActiveNodes.create:226]  Returning an existing instance of GetActiveNodes
[main] [ 2014-10-09 15:40:50.450 CDT ] [UsmcaLogger.logExit:124]  Exiting oracle.sysman.assistants.usmca.backend.USMInstanceRac Method : initialize
[main] [ 2014-10-09 15:40:50.450 CDT ] [UsmcaLogger.logEntry:115]  Entering oracle.sysman.assistants.usmca.backend.USMInstanceRac Method : postConfigureASM
[main] [ 2014-10-09 15:40:50.475 CDT ] [CRSNative.isEntityRegistered:737]  entity: ora.LISTENER.lsnr, type: 1, registered: true
[main] [ 2014-10-09 15:40:50.495 CDT ] [CRSNative.isEntityRegistered:737]  entity: ora.LISTENER.lsnr, type: 1, registered: true
[main] [ 2014-10-09 15:40:50.495 CDT ] [CRSNative.getStat:1447]  About to call crs stat: name: ora.LISTENER.lsnr, type: 1, node: null
[main] [ 2014-10-09 15:40:50.495 CDT ] [CRSNative.getStat:1449]  looking for following attributes:
[main] [ 2014-10-09 15:40:50.496 CDT ] [CRSNative.getStat:1451]  		'TYPE'
[main] [ 2014-10-09 15:40:50.516 CDT ] [CRSNative.getStat:1464]  crs found 1 attributes
[main] [ 2014-10-09 15:40:50.516 CDT ] [CRSNative.getStat:1474]  	Name: 'TYPE'; Value: 'ora.listener.type'
[main] [ 2014-10-09 15:40:50.516 CDT ] [NodeAppsFactoryImpl.getListener:1140]  Resource type is ora.listener.type
[main] [ 2014-10-09 15:40:50.537 CDT ] [CRSNative.isEntityRegistered:737]  entity: ora.asm, type: 1, registered: true
[main] [ 2014-10-09 15:40:50.558 CDT ] [CRSNative.isEntityRegistered:737]  entity: ora.asm, type: 1, registered: true
[main] [ 2014-10-09 15:40:50.559 CDT ] [CRSNative.getStat:1447]  About to call crs stat: name: ora.asm, type: 1, node: null
[main] [ 2014-10-09 15:40:50.559 CDT ] [CRSNative.getStat:1449]  looking for following attributes:
[main] [ 2014-10-09 15:40:50.559 CDT ] [CRSNative.getStat:1451]  		'START_DEPENDENCIES'
[main] [ 2014-10-09 15:40:50.579 CDT ] [CRSNative.getStat:1464]  crs found 1 attributes
[main] [ 2014-10-09 15:40:50.580 CDT ] [CRSNative.getStat:1474]  	Name: 'START_DEPENDENCIES'; Value: 'weak(ora.LISTENER.lsnr)'
[main] [ 2014-10-09 15:40:50.580 CDT ] [CRSNative.getStat:1447]  About to call crs stat: name: ora.asm, type: 1, node: null
[main] [ 2014-10-09 15:40:50.580 CDT ] [CRSNative.getStat:1449]  looking for following attributes:
[main] [ 2014-10-09 15:40:50.580 CDT ] [CRSNative.getStat:1451]  		'START_DEPENDENCIES'
[main] [ 2014-10-09 15:40:50.601 CDT ] [CRSNative.getStat:1464]  crs found 1 attributes
[main] [ 2014-10-09 15:40:50.601 CDT ] [CRSNative.getStat:1474]  	Name: 'START_DEPENDENCIES'; Value: 'weak(ora.LISTENER.lsnr)'
[main] [ 2014-10-09 15:40:50.622 CDT ] [CRSNative.isEntityRegistered:737]  entity: ora.LISTENER.lsnr, type: 1, registered: true
[main] [ 2014-10-09 15:40:50.643 CDT ] [CRSNative.isEntityRegistered:737]  entity: ora.LISTENER.lsnr, type: 1, registered: true
[main] [ 2014-10-09 15:40:50.643 CDT ] [CRSNative.getStat:1447]  About to call crs stat: name: ora.LISTENER.lsnr, type: 1, node: null
[main] [ 2014-10-09 15:40:50.643 CDT ] [CRSNative.getStat:1449]  looking for following attributes:
[main] [ 2014-10-09 15:40:50.643 CDT ] [CRSNative.getStat:1451]  		'TYPE'
[main] [ 2014-10-09 15:40:50.664 CDT ] [CRSNative.getStat:1464]  crs found 1 attributes
[main] [ 2014-10-09 15:40:50.664 CDT ] [CRSNative.getStat:1474]  	Name: 'TYPE'; Value: 'ora.listener.type'
[main] [ 2014-10-09 15:40:50.664 CDT ] [NodeAppsFactoryImpl.getListener:1140]  Resource type is ora.listener.type
[main] [ 2014-10-09 15:40:50.664 CDT ] [ASMImpl.setListener:525]  current value=weak(ora.LISTENER.lsnr)
[main] [ 2014-10-09 15:40:50.665 CDT ] [ASMImpl.setListener:528]  new value=weak(ora.LISTENER.lsnr)
[main] [ 2014-10-09 15:40:50.665 CDT ] [CRSNative.register:1427]  About to register: name: ora.asm, type: 1, update: true, force: false
[main] [ 2014-10-09 15:40:50.665 CDT ] [CRSNative.register:1435]  	Name: 'START_DEPENDENCIES', Value: 'weak(ora.LISTENER.lsnr)'
[main] [ 2014-10-09 15:40:50.889 CDT ] [CRSNativeResult.addRIAttr:139]  addRIAttr: name 'ora.asm odie1 1', 'LAST_SERVER':'odie1'
[main] [ 2014-10-09 15:40:50.889 CDT ] [CRSNativeResult.addRIAttr:139]  addRIAttr: name 'ora.asm odie1 1', 'USR_ORA_INST_NAME':'+ASM1'
[main] [ 2014-10-09 15:40:50.889 CDT ] [CRSNativeResult.addRIAttr:139]  addRIAttr: name 'ora.asm odie2 1', 'LAST_SERVER':'odie2'
[main] [ 2014-10-09 15:40:50.889 CDT ] [CRSNativeResult.addRIAttr:139]  addRIAttr: name 'ora.asm odie2 1', 'USR_ORA_INST_NAME':'+ASM2'
[main] [ 2014-10-09 15:40:50.890 CDT ] [CRSNative.searchEntities:1010]  found 2 entities
[main] [ 2014-10-09 15:40:50.890 CDT ] [Version.isPre:583]  version to be checked 11.2.0.4.0 major version to check against10
[main] [ 2014-10-09 15:40:50.890 CDT ] [Version.isPre:594]  isPre.java: Returning FALSE
[main] [ 2014-10-09 15:40:50.890 CDT ] [OCR.loadLibrary:312]  
 Inside constructor of OCR
[main] [ 2014-10-09 15:40:50.890 CDT ] [OCR.isCluster:952]  Calling OCRNative for isCluster()
[main] [ 2014-10-09 15:40:50.891 CDT ] [OCR.isCluster:956]  OCR Result status = true
[main] [ 2014-10-09 15:40:50.891 CDT ] [OCR.isCluster:968]  Bolean result = true
[main] [ 2014-10-09 15:40:50.891 CDT ] [GetActiveNodes.create:226]  Returning an existing instance of GetActiveNodes
[main] [ 2014-10-09 15:40:50.891 CDT ] [UsmcaLogger.logInfo:143]  Local Instance detected +ASM1
[main] [ 2014-10-09 15:40:50.891 CDT ] [UsmcaLogger.logEntry:115]  Entering oracle.sysman.assistants.usmca.backend.USMInstanceRac Method : createPasswordFile
[main] [ 2014-10-09 15:40:50.897 CDT ] [OracleHome.getVersion:892]  OracleHome.getVersion called.  Current Version: null
[main] [ 2014-10-09 15:40:50.898 CDT ] [InventoryUtil.getOUIInvSession:347]  setting OUI READ level to ACCESSLEVEL_READ_LOCKLESS
[main] [ 2014-10-09 15:40:50.899 CDT ] [OracleHome.getVersion:911]  Homeinfo /u01/app/11.2.0.4/grid,1
[main] [ 2014-10-09 15:40:50.970 CDT ] [OracleHome.getVersion:939]  OracleHome.server.getVersion Version: 11.2.0.4.0
[main] [ 2014-10-09 15:40:50.970 CDT ] [OracleHome.getVersion:960]  Current Version From Inventory: 11.2.0.4.0
[main] [ 2014-10-09 15:40:50.970 CDT ] [OracleHome.getVersion:892]  OracleHome.getVersion called.  Current Version: 11.2.0.4.0
[main] [ 2014-10-09 15:40:50.970 CDT ] [OracleHome.getVersion:960]  Current Version From Inventory: 11.2.0.4.0
[main] [ 2014-10-09 15:40:50.970 CDT ] [CommonUtils.createPasswordFile:609]  calling new orapwd for 11.1 or higher
[main] [ 2014-10-09 15:40:50.974 CDT ] [OsUtilsBase.execProg:2183]  beginning execProg with input array.
[main] [ 2014-10-09 15:40:50.987 CDT ] [OsUtilsBase.execProg:2220]  finished execProg with input array. Status:0
[main] [ 2014-10-09 15:40:50.988 CDT ] [UsmcaLogger.logExit:124]  Exiting oracle.sysman.assistants.usmca.backend.USMInstanceRac Method : createPasswordFile
[main] [ 2014-10-09 15:40:50.988 CDT ] [UsmcaLogger.logEntry:115]  Entering oracle.sysman.assistants.usmca.backend.USMInstanceRac Method : createSQLEngine
[main] [ 2014-10-09 15:40:50.988 CDT ] [SQLEngine.done:2189]  Done called
[main] [ 2014-10-09 15:40:50.988 CDT ] [OracleHome.getVersion:892]  OracleHome.getVersion called.  Current Version: null
[main] [ 2014-10-09 15:40:50.991 CDT ] [InventoryUtil.getOUIInvSession:347]  setting OUI READ level to ACCESSLEVEL_READ_LOCKLESS
[main] [ 2014-10-09 15:40:50.991 CDT ] [OracleHome.getVersion:911]  Homeinfo /u01/app/11.2.0.4/grid,1
[main] [ 2014-10-09 15:40:51.056 CDT ] [OracleHome.getVersion:939]  OracleHome.server.getVersion Version: 11.2.0.4.0
[main] [ 2014-10-09 15:40:51.056 CDT ] [OracleHome.getVersion:960]  Current Version From Inventory: 11.2.0.4.0
[main] [ 2014-10-09 15:40:51.056 CDT ] [OracleHome.getVersion:892]  OracleHome.getVersion called.  Current Version: 11.2.0.4.0
[main] [ 2014-10-09 15:40:51.057 CDT ] [OracleHome.getVersion:960]  Current Version From Inventory: 11.2.0.4.0
[main] [ 2014-10-09 15:40:51.057 CDT ] [OracleHome.getVersion:892]  OracleHome.getVersion called.  Current Version: 11.2.0.4.0
[main] [ 2014-10-09 15:40:51.057 CDT ] [OracleHome.getVersion:960]  Current Version From Inventory: 11.2.0.4.0
[main] [ 2014-10-09 15:40:51.057 CDT ] [SQLPlusEngine.getCmmdParams:222]  m_home 11.2.0.4.0
[main] [ 2014-10-09 15:40:51.057 CDT ] [SQLPlusEngine.getCmmdParams:223]  version > 112 true
[main] [ 2014-10-09 15:40:51.058 CDT ] [SQLEngine.getEnvParams:555]  Default NLS_LANG: AMERICAN_AMERICA.AL32UTF8
[main] [ 2014-10-09 15:40:51.058 CDT ] [SQLEngine.getEnvParams:565]  NLS_LANG: AMERICAN_AMERICA.AL32UTF8
[main] [ 2014-10-09 15:40:51.060 CDT ] [SQLEngine.initialize:325]  Execing SQLPLUS/SVRMGR process...
[main] [ 2014-10-09 15:40:51.064 CDT ] [SQLEngine.initialize:362]  m_bReaderStarted: false
[main] [ 2014-10-09 15:40:51.064 CDT ] [SQLEngine.initialize:366]  Starting Reader Thread... 
[main] [ 2014-10-09 15:40:51.096 CDT ] [UsmcaLogger.logExit:124]  Exiting oracle.sysman.assistants.usmca.backend.USMInstanceRac Method : createSQLEngine
[main] [ 2014-10-09 15:40:51.097 CDT ] [OracleHome.getVersion:892]  OracleHome.getVersion called.  Current Version: null
[main] [ 2014-10-09 15:40:51.099 CDT ] [InventoryUtil.getOUIInvSession:347]  setting OUI READ level to ACCESSLEVEL_READ_LOCKLESS
[main] [ 2014-10-09 15:40:51.099 CDT ] [OracleHome.getVersion:911]  Homeinfo /u01/app/11.2.0.4/grid,1
[main] [ 2014-10-09 15:40:51.166 CDT ] [OracleHome.getVersion:939]  OracleHome.server.getVersion Version: 11.2.0.4.0
[main] [ 2014-10-09 15:40:51.166 CDT ] [OracleHome.getVersion:960]  Current Version From Inventory: 11.2.0.4.0
[main] [ 2014-10-09 15:40:51.166 CDT ] [UsmcaLogger.logInfo:143]  Role SYSASM
[main] [ 2014-10-09 15:40:51.166 CDT ] [UsmcaLogger.logInfo:143]  OS Auth true
[main] [ 2014-10-09 15:40:51.297 CDT ] [UsmcaLogger.logInfo:143]  Granted SYSASM
[main] [ 2014-10-09 15:40:51.297 CDT ] [UsmcaLogger.logEntry:115]  Entering oracle.sysman.assistants.usmca.backend.USMInstanceRac Method : addASMMonitorUser
[main] [ 2014-10-09 15:40:51.315 CDT ] [UsmcaLogger.logExit:124]  Exiting oracle.sysman.assistants.usmca.backend.USMInstanceRac Method : addASMMonitorUser
[main] [ 2014-10-09 15:40:51.316 CDT ] [UsmcaLogger.logInfo:143]  Added ASMSNMP monitoring user
[main] [ 2014-10-09 15:40:51.316 CDT ] [UsmcaLogger.logEntry:115]  Entering oracle.sysman.assistants.usmca.backend.USMInstanceRac Method : createPasswordFileRac
[main] [ 2014-10-09 15:40:51.316 CDT ] [UsmcaLogger.logInfo:143]  Password file /u01/app/11.2.0.4/grid/dbs/orapw+ASM
[main] [ 2014-10-09 15:40:51.325 CDT ] [ClusterConfig.isClusterInstalled:363]  hasJarPresent=true
[main] [ 2014-10-09 15:40:51.325 CDT ] [Version.isPre:583]  version to be checked 11.2.0.4.0 major version to check against10
[main] [ 2014-10-09 15:40:51.326 CDT ] [Version.isPre:594]  isPre.java: Returning FALSE
[main] [ 2014-10-09 15:40:51.326 CDT ] [OCR.loadLibrary:312]  
 Inside constructor of OCR
[main] [ 2014-10-09 15:40:51.326 CDT ] [OCR.isCluster:952]  Calling OCRNative for isCluster()
[main] [ 2014-10-09 15:40:51.326 CDT ] [OCR.isCluster:956]  OCR Result status = true
[main] [ 2014-10-09 15:40:51.326 CDT ] [OCR.isCluster:968]  Bolean result = true
[main] [ 2014-10-09 15:40:51.327 CDT ] [ClusterConfig.isClusterInstalled:363]  hasJarPresent=true
[main] [ 2014-10-09 15:40:51.327 CDT ] [Version.isPre:583]  version to be checked 11.2.0.4.0 major version to check against10
[main] [ 2014-10-09 15:40:51.327 CDT ] [Version.isPre:594]  isPre.java: Returning FALSE
[main] [ 2014-10-09 15:40:51.327 CDT ] [OCR.loadLibrary:312]  
 Inside constructor of OCR
[main] [ 2014-10-09 15:40:51.327 CDT ] [OCR.isCluster:952]  Calling OCRNative for isCluster()
[main] [ 2014-10-09 15:40:51.327 CDT ] [OCR.isCluster:956]  OCR Result status = true
[main] [ 2014-10-09 15:40:51.328 CDT ] [OCR.isCluster:968]  Bolean result = true
[main] [ 2014-10-09 15:40:51.328 CDT ] [GetActiveNodes.create:226]  Returning an existing instance of GetActiveNodes
[main] [ 2014-10-09 15:40:51.329 CDT ] [UnixSystem.copyFile:660]  Copy file localnode:/u01/app/11.2.0.4/grid/dbs/orapw+ASM to odie2:/u01/app/11.2.0.4/grid/dbs/orapw+ASM
[main] [ 2014-10-09 15:40:51.329 CDT ] [Utils.getLocalHost:481]  Hostname retrieved: odie1.ship.iodp.tamu.edu, returned: odie1
[main] [ 2014-10-09 15:40:51.329 CDT ] [UnixSystem.remoteCopyFile:637]  Copying files localnode/u01/app/11.2.0.4/grid/dbs/orapw+ASM odie2/u01/app/11.2.0.4/grid/dbs/orapw+ASM
[main] [ 2014-10-09 15:40:51.330 CDT ] [Utils.getLocalHost:481]  Hostname retrieved: odie1.ship.iodp.tamu.edu, returned: odie1
[main] [ 2014-10-09 15:40:51.330 CDT ] [UnixSystem.remoteCopyFile:654]  UnixSystem: /usr/bin/scp -p /u01/app/11.2.0.4/grid/dbs/orapw+ASM odie2:'/u01/app/11.2.0.4/grid/dbs/orapw+ASM'
[main] [ 2014-10-09 15:40:51.330 CDT ] [RuntimeExec.runCommand:75]  Calling Runtime.exec() with the command 
[main] [ 2014-10-09 15:40:51.330 CDT ] [RuntimeExec.runCommand:77]  /usr/bin/scp 
[main] [ 2014-10-09 15:40:51.330 CDT ] [RuntimeExec.runCommand:77]  -p 
[main] [ 2014-10-09 15:40:51.330 CDT ] [RuntimeExec.runCommand:77]  /u01/app/11.2.0.4/grid/dbs/orapw+ASM 
[main] [ 2014-10-09 15:40:51.331 CDT ] [RuntimeExec.runCommand:77]  odie2:'/u01/app/11.2.0.4/grid/dbs/orapw+ASM' 
[Thread-51] [ 2014-10-09 15:40:51.334 CDT ] [StreamReader.run:61]  In StreamReader.run 
[main] [ 2014-10-09 15:40:51.334 CDT ] [RuntimeExec.runCommand:142]  runCommand: Waiting for the process
[Thread-52] [ 2014-10-09 15:40:51.334 CDT ] [StreamReader.run:61]  In StreamReader.run 
[main] [ 2014-10-09 15:40:51.464 CDT ] [RuntimeExec.runCommand:144]  runCommand: process returns 0
[main] [ 2014-10-09 15:40:51.464 CDT ] [RuntimeExec.runCommand:161]  RunTimeExec: output>
[main] [ 2014-10-09 15:40:51.464 CDT ] [RuntimeExec.runCommand:170]  RunTimeExec: error>
[main] [ 2014-10-09 15:40:51.465 CDT ] [RuntimeExec.runCommand:192]  Returning from RunTimeExec.runCommand
[main] [ 2014-10-09 15:40:51.465 CDT ] [NativeSystem.isCmdScv:502]  isCmdScv: cmd=[/usr/bin/scp -p /u01/app/11.2.0.4/grid/dbs/orapw+ASM odie2:'/u01/app/11.2.0.4/grid/dbs/orapw+ASM']
[main] [ 2014-10-09 15:40:51.465 CDT ] [NativeSystem.isCmdScv:552]  isCmdScv: /usr/bin/scp is present.
[main] [ 2014-10-09 15:40:51.465 CDT ] [NativeSystem.isCmdScv:554]  isCmdScv: /usr/bin/scp is a file.
[main] [ 2014-10-09 15:40:51.465 CDT ] [NativeSystem.isCmdScv:571]  isCmdScv: returned true
[main] [ 2014-10-09 15:40:51.466 CDT ] [NativeSystem.rununixcmd:1152]  NativeSystem.rununixcmd: RetString 1| :successful
[main] [ 2014-10-09 15:40:51.466 CDT ] [CopyCommand.execute:79]  CopyCommand.execute: native copyFile returns `1| :successful'
[main] [ 2014-10-09 15:40:51.466 CDT ] [NativeResult.<init>:91]  NativeResult: The String obtained is1| :successful
[main] [ 2014-10-09 15:40:51.466 CDT ] [NativeResult.<init>:99]  The status string is: 1
[main] [ 2014-10-09 15:40:51.466 CDT ] [NativeResult.<init>:112]  The result string is:  :successful 1
[main] [ 2014-10-09 15:40:51.467 CDT ] [UsmcaLogger.logExit:124]  Exiting oracle.sysman.assistants.usmca.backend.USMInstanceRac Method : createPasswordFileRac
[main] [ 2014-10-09 15:40:51.467 CDT ] [UsmcaLogger.logInfo:143]  Copied password file
[main] [ 2014-10-09 15:40:51.478 CDT ] [UsmcaLogger.logInfo:143]  PostConfiguration completed successfully
[main] [ 2014-10-09 15:40:51.478 CDT ] [UsmcaLogger.logExit:124]  Exiting oracle.sysman.assistants.usmca.backend.USMInstanceRac Method : postConfigureASM
[main] [ 2014-10-09 15:40:51.478 CDT ] [UsmcaLogger.logExit:124]  Exiting oracle.sysman.assistants.usmca.model.UsmcaModelRac Method : performOperation
