[main] [ 2016-04-13 17:12:29.989 UTC ] [HASContext.<init>:125]  moduleInit = 7
[main] [ 2016-04-13 17:12:30.008 UTC ] [Library.load:194]  library.load
[main] [ 2016-04-13 17:12:30.008 UTC ] [sPlatform.isHybrid:66]  osName=Linux osArch=amd64 JVM=64 rc=false
[main] [ 2016-04-13 17:12:30.009 UTC ] [sPlatform.isHybrid:66]  osName=Linux osArch=amd64 JVM=64 rc=false
[main] [ 2016-04-13 17:12:30.009 UTC ] [Library.load:271]  Loading  library /u01/app/12.1.0.2/grid/lib/libsrvmhas12.so
[main] [ 2016-04-13 17:12:30.017 UTC ] [SRVMContext.init:114]  Performing SRVM Context init. Init Counter=1
[main] [ 2016-04-13 17:12:30.022 UTC ] [SRVMContext.init:131]  SRVM Context init-ed
[main] [ 2016-04-13 17:12:30.022 UTC ] [HASContext.<init>:136]  Initialised SRVMContext
[main] [ 2016-04-13 17:12:30.023 UTC ] [Util.<init>:103]  Util Instance created.
[main] [ 2016-04-13 17:12:30.024 UTC ] [HASContext.getCRSHome:642]  /u01/app/12.1.0.2/grid
[main] [ 2016-04-13 17:12:30.025 UTC ] [Util.getCRSHome:612]  getCRSHome: ret=/u01/app/12.1.0.2/grid
[main] [ 2016-04-13 17:12:30.035 UTC ] [Version.isPre:610]  version to be checked 12.1.0.2.0 major version to check against 10
[main] [ 2016-04-13 17:12:30.035 UTC ] [Version.isPre:621]  isPre.java: Returning FALSE
[main] [ 2016-04-13 17:12:30.037 UTC ] [OCR.loadLibrary:328]  
 Inside constructor of OCR
[main] [ 2016-04-13 17:12:30.037 UTC ] [OCR.loadLibrary:336]  Going to load the ocr library
[main] [ 2016-04-13 17:12:30.038 UTC ] [Library.load:194]  library.load
[main] [ 2016-04-13 17:12:30.038 UTC ] [sPlatform.isHybrid:66]  osName=Linux osArch=amd64 JVM=64 rc=false
[main] [ 2016-04-13 17:12:30.038 UTC ] [sPlatform.isHybrid:66]  osName=Linux osArch=amd64 JVM=64 rc=false
[main] [ 2016-04-13 17:12:30.038 UTC ] [Library.load:271]  Loading  library /u01/app/12.1.0.2/grid/lib/libsrvmocr12.so
[main] [ 2016-04-13 17:12:30.039 UTC ] [OCR.loadLibrary:338]  loaded ocr libraries
[main] [ 2016-04-13 17:12:30.039 UTC ] [SRVMContext.init:114]  Performing SRVM Context init. Init Counter=2
[main] [ 2016-04-13 17:12:30.039 UTC ] [OCR.isCluster:1000]  Calling OCRNative for isCluster()
[main] [ 2016-04-13 17:12:30.040 UTC ] [OCR.isCluster:1004]  OCR Result status = true
[main] [ 2016-04-13 17:12:30.040 UTC ] [OCR.isCluster:1016]  Bolean result = true
[main] [ 2016-04-13 17:12:30.110 UTC ] [EntityOperations.isEntityRegisteredCRSD:354]  entity: ora.asm, type: 1, registered: true
[main] [ 2016-04-13 17:12:30.112 UTC ] [CRSCache.<clinit>:74]  CRSCache: useCache is false
[main] [ 2016-04-13 17:12:30.112 UTC ] [CRSCache.getAttributesFromCRS:155]  CRS: name: ora.asm, type 1, node: null
[main] [ 2016-04-13 17:12:30.112 UTC ] [CRSCache.getAttributesFromCRS:156]  attrs: [TYPE]
[main] [ 2016-04-13 17:12:30.128 UTC ] [CRSCache.getAttributesFromCRS:163]  CRS: [<TYPE:ora.asm.type>]
[main] [ 2016-04-13 17:12:30.128 UTC ] [ASMImpl.<init>:218]  Resource type is ora.asm.type
[main] [ 2016-04-13 17:12:30.129 UTC ] [CRSCache.getAttributesFromCRS:155]  CRS: name: ora.asm.type, type 2, node: null
[main] [ 2016-04-13 17:12:30.129 UTC ] [CRSCache.getAttributesFromCRS:156]  attrs: [BASE_TYPE]
[main] [ 2016-04-13 17:12:30.158 UTC ] [CRSCache.getAttributesFromCRS:163]  CRS: [<BASE_TYPE:ora.cluster_asm.type>]
[main] [ 2016-04-13 17:12:30.158 UTC ] [ASMImpl.<init>:224]  Resource base type is ora.cluster_asm.type
[main] [ 2016-04-13 17:12:30.160 UTC ] [ASMImpl.<init>:230]  Setting ASMPresence to FLEX
[main] [ 2016-04-13 17:12:30.170 UTC ] [EntityOperations.isEntityRegisteredCRSD:354]  entity: ora.asm, type: 1, registered: true
[main] [ 2016-04-13 17:12:30.170 UTC ] [CRSCache.getAttributesFromCRS:155]  CRS: name: ora.asm, type 1, node: null
[main] [ 2016-04-13 17:12:30.170 UTC ] [CRSCache.getAttributesFromCRS:156]  attrs: [TYPE]
[main] [ 2016-04-13 17:12:30.190 UTC ] [CRSCache.getAttributesFromCRS:163]  CRS: [<TYPE:ora.asm.type>]
[main] [ 2016-04-13 17:12:30.190 UTC ] [ASMFactoryImpl.getClusterASM:2107]  Resource type is ora.asm.type
[main] [ 2016-04-13 17:12:30.194 UTC ] [Util.<init>:103]  Util Instance created.
[main] [ 2016-04-13 17:12:30.198 UTC ] [ClusterAlias.<init>:89]  ClusterAlias Instance created.
[main] [ 2016-04-13 17:12:30.233 UTC ] [InventoryUtil.getOUIInvSession:349]  setting OUI READ level to ACCESSLEVEL_READ_LOCKLESS
[main] [ 2016-04-13 17:12:30.234 UTC ] [HAUtils.<init>:303]  oui location /u01/app/oraInventory/ContentsXML
[main] [ 2016-04-13 17:12:30.250 UTC ] [InventoryUtil.getOUIInvSession:349]  setting OUI READ level to ACCESSLEVEL_READ_LOCKLESS
[main] [ 2016-04-13 17:12:30.250 UTC ] [OracleHome.isClientHome:1640]  Homeinfo /u01/app/12.1.0.2/grid,11
[Finalizer] [ 2016-04-13 17:12:30.495 UTC ] [Util.finalize:134]  Util: finalized called for oracle.ops.mgmt.has.Util@31e46a68
[main] [ 2016-04-13 17:12:30.594 UTC ] [HAUtils.<init>:313]  isClientHome: false
[main] [ 2016-04-13 17:12:30.596 UTC ] [ClusterUtil.<init>:85]  ClusterUtil Instance created
[main] [ 2016-04-13 17:12:30.596 UTC ] [ClusterUtil.<init>:88]  ClusterUtil m_bSKGXN=true
[main] [ 2016-04-13 17:12:30.596 UTC ] [ClusterUtil.getCSSMode:660]  Returned from native code
[main] [ 2016-04-13 17:12:30.597 UTC ] [ClusterUtil.getCSSMode:665]  Returned from native code
[main] [ 2016-04-13 17:12:30.598 UTC ] [ClusterUtil.getNodeActiveRole:376]  Get NodeActiveRole 1
[main] [ 2016-04-13 17:12:30.598 UTC ] [ClusterUtil.<init>:85]  ClusterUtil Instance created
[main] [ 2016-04-13 17:12:30.599 UTC ] [ClusterUtil.<init>:88]  ClusterUtil m_bSKGXN=true
[main] [ 2016-04-13 17:12:30.599 UTC ] [ClusterUtil.getASMMode:714]  Calling native code getASMMode
[main] [ 2016-04-13 17:12:30.842 UTC ] [ClusterUtil.getASMMode:718]  Returned from native code
[main] [ 2016-04-13 17:12:30.842 UTC ] [ClusterUtil.getASMMode:719]  mode string returned from native code is REMOTE
[main] [ 2016-04-13 17:12:30.842 UTC ] [ASMFactoryImpl.getASMMode:3362]  ASMMode = remote
[main] [ 2016-04-13 17:12:30.842 UTC ] [Usmca.checkIfBigClusterAndHubNode:490]  isBigCluster false
[main] [ 2016-04-13 17:12:30.843 UTC ] [Usmca.checkIfBigClusterAndHubNode:491]  isHubNode true
[main] [ 2016-04-13 17:12:30.843 UTC ] [Usmca.checkIfBigClusterAndHubNode:492]  isClientcluster false
[main] [ 2016-04-13 17:12:30.848 UTC ] [OsUtilsBase.getBaseFromOrabase:659]  oraBaseUtility /u01/app/12.1.0.2/grid/bin/orabase
[main] [ 2016-04-13 17:12:30.848 UTC ] [OsUtilsBase.getBaseFromOrabase:668]  cmds: /u01/app/12.1.0.2/grid/bin/orabase
[main] [ 2016-04-13 17:12:30.848 UTC ] [OsUtilsBase.getBaseFromOrabase:672]  envs:  ORACLE_HOME=/u01/app/12.1.0.2/grid
[main] [ 2016-04-13 17:12:30.850 UTC ] [OsUtilsBase.getBaseFromOrabase:682]  baseLocation from orabase 
/u01/app/grid
[main] [ 2016-04-13 17:12:30.850 UTC ] [OsUtilsBase.getBaseFromOrabase:707]   orabaseLocation= /u01/app/grid
[main] [ 2016-04-13 17:12:30.853 UTC ] [UsmcaLogger.logInfo:136]  AFD driver state script exists true
[main] [ 2016-04-13 17:12:30.853 UTC ] [UsmcaLogger.logEntry:111]  Entering null Method : executeCommand
[main] [ 2016-04-13 17:12:30.853 UTC ] [UsmcaLogger.logInfo:136]  Command: /u01/app/12.1.0.2/grid/bin/afddriverstate loaded
[main] [ 2016-04-13 17:12:30.957 UTC ] [UsmcaLogger.logInfo:136]  AFD-9204: AFD device driver installed or loaded status: 'false'

[main] [ 2016-04-13 17:12:30.957 UTC ] [UsmcaLogger.logInfo:136]  AFD driver state status code 1
[main] [ 2016-04-13 17:12:30.957 UTC ] [UsmcaCmdLineParser.discoverRAC:312]  Cluster Existence Check
[main] [ 2016-04-13 17:12:30.957 UTC ] [UsmcaCmdLineParser.discoverRAC:316]  cluster existence:true
[main] [ 2016-04-13 17:12:30.959 UTC ] [UsmcaLogger.logEntry:111]  Entering oracle.sysman.assistants.usmca.cli.UsmcaCmdLineParser Method : validateForCreateVolumes()
[main] [ 2016-04-13 17:12:30.959 UTC ] [UsmcaLogger.logExit:119]  Exiting oracle.sysman.assistants.usmca.cli.UsmcaCmdLineParser Method : validateForCreateVolumes()
[main] [ 2016-04-13 17:12:30.959 UTC ] [Usmca.discoverRAC:438]  Trying to check cluster existence
[main] [ 2016-04-13 17:12:30.959 UTC ] [Usmca.discoverRAC:443]  cluster existence:true
[main] [ 2016-04-13 17:12:30.959 UTC ] [Usmca.discoverRAC:458]  Cluster flag true
[main] [ 2016-04-13 17:12:31.103 UTC ] [UsmcaModelRac.initialize:105]  Inside RAC model init
[main] [ 2016-04-13 17:12:31.103 UTC ] [UsmcaLogger.logEntry:111]  Entering oracle.sysman.assistants.usmca.model.UsmcaModelRac Method : initialize
[main] [ 2016-04-13 17:12:31.103 UTC ] [OracleHome.getVersion:991]  OracleHome.getVersion called.  Current Version: null
[main] [ 2016-04-13 17:12:31.110 UTC ] [InventoryUtil.getOUIInvSession:349]  setting OUI READ level to ACCESSLEVEL_READ_LOCKLESS
[main] [ 2016-04-13 17:12:31.110 UTC ] [OracleHome.getVersion:1010]  Homeinfo /u01/app/12.1.0.2/grid,11
[main] [ 2016-04-13 17:12:31.288 UTC ] [OracleHome.getVersion:1038]  OracleHome.server.getVersion Version: 12.1.0.2.0
[main] [ 2016-04-13 17:12:31.288 UTC ] [OracleHome.getVersion:1059]  Current Version From Inventory: 12.1.0.2.0
[main] [ 2016-04-13 17:12:31.289 UTC ] [UsmcaLogger.logInfo:136]  Software Version: 12.1.0.2.0
[main] [ 2016-04-13 17:12:31.296 UTC ] [OsUtilsBase.getBaseFromOrabase:659]  oraBaseUtility /u01/app/12.1.0.2/grid/bin/orabase
[main] [ 2016-04-13 17:12:31.296 UTC ] [OsUtilsBase.getBaseFromOrabase:668]  cmds: /u01/app/12.1.0.2/grid/bin/orabase
[main] [ 2016-04-13 17:12:31.297 UTC ] [OsUtilsBase.getBaseFromOrabase:672]  envs:  ORACLE_HOME=/u01/app/12.1.0.2/grid
[main] [ 2016-04-13 17:12:31.299 UTC ] [OsUtilsBase.getBaseFromOrabase:682]  baseLocation from orabase 
/u01/app/grid
[main] [ 2016-04-13 17:12:31.299 UTC ] [OsUtilsBase.getBaseFromOrabase:707]   orabaseLocation= /u01/app/grid
[main] [ 2016-04-13 17:12:31.330 UTC ] [NetworkUtils.checkListenerStatus:499]  Checking default listener status 
[main] [ 2016-04-13 17:12:31.330 UTC ] [NetworkUtils.checkListenerStatus:504]  Checking listener status: LISTENER
[main] [ 2016-04-13 17:12:31.357 UTC ] [NetworkUtils.checkListenerStatus:510]  lsnrct status output 

LSNRCTL for Linux: Version 12.1.0.2.0 - Production on 13-APR-2016 17:12:31

Copyright (c) 1991, 2014, Oracle.  All rights reserved.

Connecting to (DESCRIPTION=(ADDRESS=(PROTOCOL=IPC)(KEY=LISTENER)))
STATUS of the LISTENER
------------------------
Alias                     LISTENER
Version                   TNSLSNR for Linux: Version 12.1.0.2.0 - Production
Start Date                13-APR-2016 17:11:23
Uptime                    0 days 0 hr. 1 min. 7 sec
Trace Level               off
Security                  ON: Local OS Authentication
SNMP                      OFF
Listener Parameter File   /u01/app/12.1.0.2/grid/network/admin/listener.ora
Listener Log File         /u01/app/grid/diag/tnslsnr/odie1/listener/alert/log.xml
Listening Endpoints Summary...
  (DESCRIPTION=(ADDRESS=(PROTOCOL=ipc)(KEY=LISTENER)))
  (DESCRIPTION=(ADDRESS=(PROTOCOL=tcp)(HOST=165.91.150.32)(PORT=1521)))
  (DESCRIPTION=(ADDRESS=(PROTOCOL=tcp)(HOST=165.91.150.37)(PORT=1521)))
Services Summary...
Service "+APX" has 1 instance(s).
  Instance "+APX1", status READY, has 1 handler(s) for this service...
Service "+ASM" has 1 instance(s).
  Instance "+ASM1", status READY, has 1 handler(s) for this service...
Service "LIMSJR.ship.iodp.tamu.edu" has 1 instance(s).
  Instance "LIMSJR", status READY, has 1 handler(s) for this service...
Service "LIMSJRXDB.ship.iodp.tamu.edu" has 1 instance(s).
  Instance "LIMSJR", status READY, has 1 handler(s) for this service...
Service "LIMSJR_DGB.ship.iodp.tamu.edu" has 1 instance(s).
  Instance "LIMSJR", status READY, has 1 handler(s) for this service...
Service "orcl" has 1 instance(s).
  Instance "orcl", status READY, has 1 handler(s) for this service...
Service "orclXDB" has 1 instance(s).
  Instance "orcl", status READY, has 1 handler(s) for this service...
Service "primlimsjr.ship.iodp.tamu.edu" has 1 instance(s).
  Instance "LIMSJR", status READY, has 1 handler(s) for this service...
The command completed successfully
[main] [ 2016-04-13 17:12:31.357 UTC ] [NetworkUtils.checkListenerStatus:529]  returning listenerLISTENER
[main] [ 2016-04-13 17:12:31.357 UTC ] [NetworkUtils.getOneLocalListenerProtocolAddress:3111]  lsnr LISTENER
[main] [ 2016-04-13 17:12:31.357 UTC ] [HAUtils.getCurrentOracleHome:593]  Oracle home from system property: /u01/app/12.1.0.2/grid
[main] [ 2016-04-13 17:12:31.358 UTC ] [HAUtils.getConfiguredGridHome:1343]  ----- Getting CRS HOME ----
[main] [ 2016-04-13 17:12:31.358 UTC ] [UnixSystem.getCRSHome:2967]  olrFileName = /etc/oracle/olr.loc
[main] [ 2016-04-13 17:12:31.358 UTC ] [UnixSystem.getCRSHome:3011]  configFile=/etc/oracle/olr.loc
[main] [ 2016-04-13 17:12:31.359 UTC ] [Utils.getPropertyValue:263]  keyName=olrconfig_loc props.val=/u01/app/12.1.0.2/grid/cdata/odie1.olr propValue=/u01/app/12.1.0.2/grid/cdata/odie1.olr
[main] [ 2016-04-13 17:12:31.359 UTC ] [Utils.getPropertyValue:263]  keyName=crs_home props.val=/u01/app/12.1.0.2/grid propValue=/u01/app/12.1.0.2/grid
[main] [ 2016-04-13 17:12:31.359 UTC ] [Utils.getPropertyValue:323]  propName=crs_home propValue=/u01/app/12.1.0.2/grid
[main] [ 2016-04-13 17:12:31.359 UTC ] [UnixSystem.getCRSHome:3019]  crs_home=/u01/app/12.1.0.2/grid
[main] [ 2016-04-13 17:12:31.359 UTC ] [HAUtils.getConfiguredGridHome:1345]  Configured Grid Infrastructure home: /u01/app/12.1.0.2/grid
[main] [ 2016-04-13 17:12:31.360 UTC ] [Version.isPre:610]  version to be checked 12.1.0.2.0 major version to check against 10
[main] [ 2016-04-13 17:12:31.360 UTC ] [Version.isPre:621]  isPre.java: Returning FALSE
[main] [ 2016-04-13 17:12:31.360 UTC ] [Version.isPre:610]  version to be checked 12.1.0.2.0 major version to check against 10
[main] [ 2016-04-13 17:12:31.360 UTC ] [Version.isPre:621]  isPre.java: Returning FALSE
[main] [ 2016-04-13 17:12:31.360 UTC ] [UnixSystem.isCRSConfigured:2813]  configFile=/etc/oracle/ocr.loc
[main] [ 2016-04-13 17:12:31.361 UTC ] [Utils.getPropertyValue:263]  keyName=ocrconfig_loc props.val=+DATA/odie-c/OCRFILE/REGISTRY.255.860513277 propValue=+DATA/odie-c/OCRFILE/REGISTRY.255.860513277
[main] [ 2016-04-13 17:12:31.361 UTC ] [Utils.getPropertyValue:323]  propName=ocrconfig_loc propValue=+DATA/odie-c/OCRFILE/REGISTRY.255.860513277
[main] [ 2016-04-13 17:12:31.361 UTC ] [UnixSystem.isCRSConfigured:2820]  ocrconfig_loc=+DATA/odie-c/OCRFILE/REGISTRY.255.860513277
[main] [ 2016-04-13 17:12:31.361 UTC ] [Utils.getPropertyValue:263]  keyName=ocrconfig_loc props.val=+DATA/odie-c/OCRFILE/REGISTRY.255.860513277 propValue=+DATA/odie-c/OCRFILE/REGISTRY.255.860513277
[main] [ 2016-04-13 17:12:31.362 UTC ] [Utils.getPropertyValue:323]  propName=local_only propValue=false
[main] [ 2016-04-13 17:12:31.362 UTC ] [HAUtils.getCurrentOracleHome:593]  Oracle home from system property: /u01/app/12.1.0.2/grid
[main] [ 2016-04-13 17:12:31.362 UTC ] [HAUtils.getConfiguredGridHome:1343]  ----- Getting CRS HOME ----
[main] [ 2016-04-13 17:12:31.362 UTC ] [UnixSystem.getCRSHome:2967]  olrFileName = /etc/oracle/olr.loc
[main] [ 2016-04-13 17:12:31.362 UTC ] [UnixSystem.getCRSHome:3011]  configFile=/etc/oracle/olr.loc
[main] [ 2016-04-13 17:12:31.363 UTC ] [Utils.getPropertyValue:263]  keyName=olrconfig_loc props.val=/u01/app/12.1.0.2/grid/cdata/odie1.olr propValue=/u01/app/12.1.0.2/grid/cdata/odie1.olr
[main] [ 2016-04-13 17:12:31.363 UTC ] [Utils.getPropertyValue:263]  keyName=crs_home props.val=/u01/app/12.1.0.2/grid propValue=/u01/app/12.1.0.2/grid
[main] [ 2016-04-13 17:12:31.363 UTC ] [Utils.getPropertyValue:323]  propName=crs_home propValue=/u01/app/12.1.0.2/grid
[main] [ 2016-04-13 17:12:31.363 UTC ] [UnixSystem.getCRSHome:3019]  crs_home=/u01/app/12.1.0.2/grid
[main] [ 2016-04-13 17:12:31.363 UTC ] [HAUtils.getConfiguredGridHome:1345]  Configured Grid Infrastructure home: /u01/app/12.1.0.2/grid
[main] [ 2016-04-13 17:12:31.368 UTC ] [Version.isPre:610]  version to be checked 12.1.0.2.0 major version to check against 11
[main] [ 2016-04-13 17:12:31.368 UTC ] [Version.isPre:621]  isPre.java: Returning FALSE
[main] [ 2016-04-13 17:12:31.368 UTC ] [Version.isPre:642]  version to be checked 12.1.0.2.0 major version to check against 11 minor version to check against 2
[main] [ 2016-04-13 17:12:31.368 UTC ] [Version.isPre:651]  isPre: Returning FALSE for major version check
[main] [ 2016-04-13 17:12:31.368 UTC ] [CRSCTLUtil.checkCRSRunning:436]  Checking if CRS is running for post 11 release
[main] [ 2016-04-13 17:12:31.369 UTC ] [RuntimeExec.runCommand:135]  Calling Runtime.exec() with the command 
[main] [ 2016-04-13 17:12:31.369 UTC ] [RuntimeExec.runCommand:137]  /u01/app/12.1.0.2/grid/bin/crsctl 
[main] [ 2016-04-13 17:12:31.370 UTC ] [RuntimeExec.runCommand:137]  check 
[main] [ 2016-04-13 17:12:31.370 UTC ] [RuntimeExec.runCommand:137]  cluster 
[main] [ 2016-04-13 17:12:31.371 UTC ] [RuntimeExec.runCommand:207]  runCommand: Waiting for the process
[Thread-15] [ 2016-04-13 17:12:31.371 UTC ] [StreamReader.run:61]  In StreamReader.run 
[Thread-16] [ 2016-04-13 17:12:31.371 UTC ] [StreamReader.run:61]  In StreamReader.run 
[Thread-15] [ 2016-04-13 17:12:31.421 UTC ] [StreamReader.run:65]  OUTPUT>CRS-4537: Cluster Ready Services is online
[Thread-15] [ 2016-04-13 17:12:31.421 UTC ] [StreamReader.run:65]  OUTPUT>CRS-4529: Cluster Synchronization Services is online
[Thread-15] [ 2016-04-13 17:12:31.422 UTC ] [StreamReader.run:65]  OUTPUT>CRS-4533: Event Manager is online
[main] [ 2016-04-13 17:12:31.425 UTC ] [RuntimeExec.runCommand:209]  runCommand: process returns 0
[main] [ 2016-04-13 17:12:31.425 UTC ] [RuntimeExec.runCommand:226]  RunTimeExec: output>
[main] [ 2016-04-13 17:12:31.426 UTC ] [RuntimeExec.runCommand:229]  CRS-4537: Cluster Ready Services is online
[main] [ 2016-04-13 17:12:31.426 UTC ] [RuntimeExec.runCommand:229]  CRS-4529: Cluster Synchronization Services is online
[main] [ 2016-04-13 17:12:31.426 UTC ] [RuntimeExec.runCommand:229]  CRS-4533: Event Manager is online
[main] [ 2016-04-13 17:12:31.426 UTC ] [RuntimeExec.runCommand:235]  RunTimeExec: error>
[main] [ 2016-04-13 17:12:31.426 UTC ] [RuntimeExec.runCommand:257]  Returning from RunTimeExec.runCommand
[main] [ 2016-04-13 17:12:31.427 UTC ] [CmdToolUtil.doexecuteLocally:910]  retval =  0
[main] [ 2016-04-13 17:12:31.427 UTC ] [CmdToolUtil.doexecuteLocally:911]  exitval =  0
[main] [ 2016-04-13 17:12:31.427 UTC ] [CmdToolUtil.doexecuteLocally:912]  rtErrLength =  0
[Finalizer] [ 2016-04-13 17:12:31.432 UTC ] [ClusterUtil.finalize:117]  ClusterUtil: finalized called for oracle.ops.mgmt.has.ClusterUtil@2c8c7d6
[main] [ 2016-04-13 17:12:31.447 UTC ] [ListenerImpl.getResourceName:2095]  Get listener resource name ora.LISTENER.lsnr
[main] [ 2016-04-13 17:12:31.450 UTC ] [EntityOperations.isEntityRegisteredCRSD:354]  entity: ora.LISTENER.lsnr, type: 1, registered: true
[main] [ 2016-04-13 17:12:31.470 UTC ] [EntityOperations.isEntityRegisteredCRSD:354]  entity: ora.LISTENER.lsnr, type: 1, registered: true
[main] [ 2016-04-13 17:12:31.470 UTC ] [CRSCache.getAttributesFromCRS:155]  CRS: name: ora.LISTENER.lsnr, type 1, node: null
[main] [ 2016-04-13 17:12:31.470 UTC ] [CRSCache.getAttributesFromCRS:156]  attrs: [TYPE]
[main] [ 2016-04-13 17:12:31.490 UTC ] [CRSCache.getAttributesFromCRS:163]  CRS: [<TYPE:ora.listener.type>]
[main] [ 2016-04-13 17:12:31.490 UTC ] [NodeAppsFactoryImpl.getListener:1714]  Resource type is ora.listener.type
[main] [ 2016-04-13 17:12:31.490 UTC ] [CRSCache.getAttributesFromCRS:155]  CRS: name: ora.LISTENER.lsnr, type 1, node: null
[main] [ 2016-04-13 17:12:31.490 UTC ] [CRSCache.getAttributesFromCRS:156]  attrs: [ENDPOINTS]
[main] [ 2016-04-13 17:12:31.510 UTC ] [CRSCache.getAttributesFromCRS:163]  CRS: [<ENDPOINTS:TCP:1521>]
[main] [ 2016-04-13 17:12:31.510 UTC ] [CRSCache.getAttributesFromCRS:155]  CRS: name: ora.LISTENER.lsnr, type 1, node: null
[main] [ 2016-04-13 17:12:31.511 UTC ] [CRSCache.getAttributesFromCRS:156]  attrs: [TYPE]
[main] [ 2016-04-13 17:12:31.541 UTC ] [CRSCache.getAttributesFromCRS:163]  CRS: [<TYPE:ora.listener.type>]
[main] [ 2016-04-13 17:12:31.541 UTC ] [ListenerImpl.type:1307]  Resource type is ora.listener.type
[main] [ 2016-04-13 17:12:31.541 UTC ] [ListenerType.getEnumMember:72]  listenerType is ora.listener.type, compare with ora.listener.type
[main] [ 2016-04-13 17:12:31.542 UTC ] [ListenerType.getEnumMember:72]  listenerType is ora.mgmtlsnr.type, compare with ora.listener.type
[main] [ 2016-04-13 17:12:31.542 UTC ] [ListenerType.getEnumMember:72]  listenerType is ora.mgmtlsnr.type, compare with ora.asm_listener.type
[main] [ 2016-04-13 17:12:31.542 UTC ] [ListenerType.getEnumMember:72]  listenerType is ora.mgmtlsnr.type, compare with ora.leaf_listener.type
[main] [ 2016-04-13 17:12:31.543 UTC ] [ListenerType.getEnumMember:72]  listenerType is ora.mgmtlsnr.type, compare with ora.mgmtlsnr.type
[main] [ 2016-04-13 17:12:31.543 UTC ] [EndpointsImpl.<init>:309]  Get listener endpoints from TCP:1521
[main] [ 2016-04-13 17:12:31.544 UTC ] [EndpointsImpl.<init>:335]  Token count is 1
[main] [ 2016-04-13 17:12:31.544 UTC ] [EndpointsImpl.<init>:361]  LsnrProtocol type = TCP, values = 1521
[main] [ 2016-04-13 17:12:31.545 UTC ] [EndpointsImpl$LsnrProtocol.addPortValue:88]  Calling parseInt to check 1521
[main] [ 2016-04-13 17:12:31.545 UTC ] [EndpointsImpl$LsnrProtocol.addPortValue:99]  Get port number 1521
[main] [ 2016-04-13 17:12:31.545 UTC ] [NetworkUtils.getOneLocalListenerProtocolAddress:3137]  lsnr endpoints TCP:1521
[main] [ 2016-04-13 17:12:31.546 UTC ] [HAListenerUtils.getOneLocalListenerProtocolAddress:684]  enter getOneLocalListenerProtocolAddress()
[main] [ 2016-04-13 17:12:31.546 UTC ] [HAListenerUtils.getOneLocalListenerProtocolAddress:685]  host odie1.ship.iodp.tamu.edu
[main] [ 2016-04-13 17:12:31.546 UTC ] [HAListenerUtils.getOneLocalListenerProtocolAddress:696]  endPt TCP:1521
[main] [ 2016-04-13 17:12:31.546 UTC ] [HAListenerUtils.getOneLocalListenerProtocolAddress:702]  protocol TCP
[main] [ 2016-04-13 17:12:31.546 UTC ] [HAListenerUtils.getOneLocalListenerProtocolAddress:709]  ports 1521
[main] [ 2016-04-13 17:12:31.547 UTC ] [HAListenerUtils.getOneLocalListenerProtocolAddress:716]  port 1521
[main] [ 2016-04-13 17:12:31.550 UTC ] [HAListenerUtils.getOneLocalListenerProtocolAddress:748]  (ADDRESS=(PROTOCOL=TCP)(HOST=odie1.ship.iodp.tamu.edu)(PORT=1521))
[main] [ 2016-04-13 17:12:31.550 UTC ] [HAListenerUtils.getOneLocalListenerProtocolAddress:749]  port 1521
[main] [ 2016-04-13 17:12:31.550 UTC ] [HAListenerUtils.getOneLocalListenerProtocolAddress:750]  protocol TCP
[main] [ 2016-04-13 17:12:31.551 UTC ] [NetworkUtils.getOneLocalListenerProtocolAddress:3140]  addr (ADDRESS=(PROTOCOL=TCP)(HOST=odie1.ship.iodp.tamu.edu)(PORT=1521))
[main] [ 2016-04-13 17:12:31.551 UTC ] [UsmcaLogger.logInfo:136]  ignoreprereqsfalse
[main] [ 2016-04-13 17:12:31.552 UTC ] [OsUtilsBase.getBaseFromOrabase:659]  oraBaseUtility /u01/app/12.1.0.2/grid/bin/orabase
[main] [ 2016-04-13 17:12:31.552 UTC ] [OsUtilsBase.getBaseFromOrabase:668]  cmds: /u01/app/12.1.0.2/grid/bin/orabase
[main] [ 2016-04-13 17:12:31.552 UTC ] [OsUtilsBase.getBaseFromOrabase:672]  envs:  ORACLE_HOME=/u01/app/12.1.0.2/grid
[main] [ 2016-04-13 17:12:31.554 UTC ] [OsUtilsBase.getBaseFromOrabase:682]  baseLocation from orabase 
/u01/app/grid
[main] [ 2016-04-13 17:12:31.554 UTC ] [OsUtilsBase.getBaseFromOrabase:707]   orabaseLocation= /u01/app/grid
[main] [ 2016-04-13 17:12:31.554 UTC ] [UsmcaLogger.logInfo:136]  ACFS driver state script exists true
[main] [ 2016-04-13 17:12:31.554 UTC ] [UsmcaLogger.logEntry:111]  Entering null Method : executeCommand
[main] [ 2016-04-13 17:12:31.555 UTC ] [UsmcaLogger.logInfo:136]  Command: /u01/app/12.1.0.2/grid/bin/acfsdriverstate loaded
[main] [ 2016-04-13 17:12:31.644 UTC ] [UsmcaLogger.logInfo:136]  ACFS-9203: true

[main] [ 2016-04-13 17:12:31.645 UTC ] [UsmcaLogger.logInfo:136]  ACFS driver state status code 0
[main] [ 2016-04-13 17:12:31.645 UTC ] [UsmcaLogger.logInfo:136]  AFD driver state script exists true
[main] [ 2016-04-13 17:12:31.645 UTC ] [UsmcaLogger.logEntry:111]  Entering null Method : executeCommand
[main] [ 2016-04-13 17:12:31.645 UTC ] [UsmcaLogger.logInfo:136]  Command: /u01/app/12.1.0.2/grid/bin/afddriverstate loaded
[main] [ 2016-04-13 17:12:31.744 UTC ] [UsmcaLogger.logInfo:136]  AFD-9204: AFD device driver installed or loaded status: 'false'

[main] [ 2016-04-13 17:12:31.744 UTC ] [UsmcaLogger.logInfo:136]  AFD driver state status code 1
[main] [ 2016-04-13 17:12:31.744 UTC ] [UsmcaLogger.logEntry:111]  Entering oracle.sysman.assistants.usmca.model.UsmcaModelRac Method : loadandSetSecEncrInit
[main] [ 2016-04-13 17:12:31.745 UTC ] [UsmcaLogger.logInfo:136]  Security command
[main] [ 2016-04-13 17:12:31.745 UTC ] [UsmcaLogger.logArrayInfo:185]  /sbin/acfsutil sec info -i 
[main] [ 2016-04-13 17:12:31.783 UTC ] [UsmcaLogger.logInfo:136]  Security command exit code 1
[main] [ 2016-04-13 17:12:31.783 UTC ] [UsmcaLogger.logInfo:136]  Encryption command
[main] [ 2016-04-13 17:12:31.783 UTC ] [UsmcaLogger.logArrayInfo:185]  /sbin/acfsutil encr info -i 
[main] [ 2016-04-13 17:12:31.824 UTC ] [UsmcaLogger.logInfo:136]  Encryption command exit code 1
[main] [ 2016-04-13 17:12:31.824 UTC ] [UsmcaLogger.logExit:119]  Exiting oracle.sysman.assistants.usmca.model.UsmcaModelRac Method : loadandSetSecEncrInit
[main] [ 2016-04-13 17:12:31.824 UTC ] [UsmcaLogger.logExit:119]  Exiting oracle.sysman.assistants.usmca.model.UsmcaModelRac Method : initialize
[main] [ 2016-04-13 17:12:31.830 UTC ] [UsmcaModelRac.initialize:113]  Inside RAC model init
[main] [ 2016-04-13 17:12:31.833 UTC ] [GetActiveNodes.create:220]  Going into GetActiveNodes constructor...
[main] [ 2016-04-13 17:12:31.833 UTC ] [ClusterUtil.<init>:85]  ClusterUtil Instance created
[main] [ 2016-04-13 17:12:31.834 UTC ] [ClusterUtil.<init>:88]  ClusterUtil m_bSKGXN=true
[main] [ 2016-04-13 17:12:31.848 UTC ] [GetActiveNodes.<init>:192]  Inside GetActiveNodes :odie1
[main] [ 2016-04-13 17:12:31.850 UTC ] [GetActiveNodes.<init>:204]  Started clusterware daemon thread
[GetActiveNodesThread] [ 2016-04-13 17:12:31.850 UTC ] [Semaphore.acquire:109]  SyncBufferFull:Acquire called by thread GetActiveNodesThread m_count=0
[main] [ 2016-04-13 17:12:31.850 UTC ] [GetActiveNodes.create:222]  Out of GetActiveNodes constructor.
[main] [ 2016-04-13 17:12:31.850 UTC ] [GetActiveNodes.create:226]  Returning an existing instance of GetActiveNodes
[main] [ 2016-04-13 17:12:31.851 UTC ] [ClusterUtils.areSharedPaths:560]  1. path=/u01/app/12.1.0.2/grid
[main] [ 2016-04-13 17:12:31.852 UTC ] [ClusterUtils.areSharedPaths:581]  2. path=/u01/app/12.1.0.2/grid
[main] [ 2016-04-13 17:12:31.852 UTC ] [ClusterUtils.areSharedPaths:586]  hashKey = [odie1, odie2]/u01/app/12.1.0.2/grid
[main] [ 2016-04-13 17:12:31.852 UTC ] [GetActiveNodes.create:226]  Returning an existing instance of GetActiveNodes
[main] [ 2016-04-13 17:12:31.852 UTC ] [Cluster.verifyNodeList:1276]  clusterNodes[0]=odie1
[main] [ 2016-04-13 17:12:31.853 UTC ] [Cluster.verifyNodeList:1276]  clusterNodes[1]=odie2
[main] [ 2016-04-13 17:12:31.853 UTC ] [Cluster.verifyNodeList:1281]  nodeList[0]=odie1
[main] [ 2016-04-13 17:12:31.853 UTC ] [Cluster.verifyNodeList:1281]  nodeList[1]=odie2
[main] [ 2016-04-13 17:12:31.853 UTC ] [GetActiveNodes.create:226]  Returning an existing instance of GetActiveNodes
[main] [ 2016-04-13 17:12:31.853 UTC ] [Cluster.isSharedPath:1090]  NodeList=[odie1, odie2]
[main] [ 2016-04-13 17:12:31.854 UTC ] [Cluster.isSharedPath:1115]  pathName=/u01/app/12.1.0.2/grid/ dirPath = /u01/app/12.1.0.2/grid
[main] [ 2016-04-13 17:12:31.854 UTC ] [UnixSystem.checkSharedFileSystemPath:1772]  dirPath=/u01/app/12.1.0.2/grid
[main] [ 2016-04-13 17:12:31.861 UTC ] [UnixSystem.checkSharedFileSystemPath:1777]  pathName=/u01/app/12.1.0.2/grid tempFile=CFSFileName1460567551861
[main] [ 2016-04-13 17:12:31.861 UTC ] [UnixSystem.checkSharedFileSystemPath:1782]  dirPathName is /u01/app/12.1.0.2/grid/CFSFileName1460567551861
[main] [ 2016-04-13 17:12:31.861 UTC ] [UnixSystem.checkSharedFileSystemPath:1787]  removing file /u01/app/12.1.0.2/grid/CFSFileName1460567551861on  odie1
[main] [ 2016-04-13 17:12:31.861 UTC ] [RuntimeExec.runCommand:135]  Calling Runtime.exec() with the command 
[main] [ 2016-04-13 17:12:31.862 UTC ] [RuntimeExec.runCommand:137]  /bin/rm 
[main] [ 2016-04-13 17:12:31.862 UTC ] [RuntimeExec.runCommand:137]  -f 
[main] [ 2016-04-13 17:12:31.862 UTC ] [RuntimeExec.runCommand:137]  /u01/app/12.1.0.2/grid/CFSFileName1460567551861 
[Thread-28] [ 2016-04-13 17:12:31.863 UTC ] [StreamReader.run:61]  In StreamReader.run 
[main] [ 2016-04-13 17:12:31.863 UTC ] [RuntimeExec.runCommand:207]  runCommand: Waiting for the process
[Thread-27] [ 2016-04-13 17:12:31.863 UTC ] [StreamReader.run:61]  In StreamReader.run 
[main] [ 2016-04-13 17:12:31.863 UTC ] [RuntimeExec.runCommand:209]  runCommand: process returns 0
[main] [ 2016-04-13 17:12:31.863 UTC ] [RuntimeExec.runCommand:226]  RunTimeExec: output>
[main] [ 2016-04-13 17:12:31.863 UTC ] [RuntimeExec.runCommand:235]  RunTimeExec: error>
[main] [ 2016-04-13 17:12:31.863 UTC ] [RuntimeExec.runCommand:257]  Returning from RunTimeExec.runCommand
[main] [ 2016-04-13 17:12:31.864 UTC ] [NativeSystem.isCmdScv:535]  isCmdScv: cmd=[/bin/rm -f /u01/app/12.1.0.2/grid/CFSFileName1460567551861]
[main] [ 2016-04-13 17:12:31.864 UTC ] [NativeSystem.isCmdScv:604]  isCmdScv: returned false
[main] [ 2016-04-13 17:12:31.864 UTC ] [NativeSystem.rununixcmd:1221]  NativeSystem.rununixcmd: RetString 1| :successful
[main] [ 2016-04-13 17:12:31.864 UTC ] [UnixSystem.checkSharedFileSystemPath:1787]  removing file /u01/app/12.1.0.2/grid/CFSFileName1460567551861on  odie2
[main] [ 2016-04-13 17:12:31.865 UTC ] [Utils.getLocalHost:430]  Hostname retrieved: odie1.ship.iodp.tamu.edu, returned: odie1
[main] [ 2016-04-13 17:12:31.866 UTC ] [Library.load:194]  library.load
[main] [ 2016-04-13 17:12:31.866 UTC ] [sPlatform.isHybrid:66]  osName=Linux osArch=amd64 JVM=64 rc=false
[main] [ 2016-04-13 17:12:31.866 UTC ] [sPlatform.isHybrid:66]  osName=Linux osArch=amd64 JVM=64 rc=false
[main] [ 2016-04-13 17:12:31.866 UTC ] [Library.load:271]  Loading  library /u01/app/12.1.0.2/grid/lib/libsrvm12.so
[main] [ 2016-04-13 17:12:31.867 UTC ] [UnixSystem.checkRemoteExecutionSetup:2401]  checkRemoteExecutionSetup:: Checking user equivalence using Secured Shell '/usr/bin/ssh'
[main] [ 2016-04-13 17:12:31.868 UTC ] [UnixSystem.checkRemoteExecutionSetup:2403]  checkRemoteExecutionSetup:: Running Unix command: /usr/bin/ssh -o FallBackToRsh=no  -o PasswordAuthentication=no  -o StrictHostKeyChecking=yes  -o NumberOfPasswordPrompts=0 odie2 /bin/true
[main] [ 2016-04-13 17:12:31.868 UTC ] [RuntimeExec.runCommand:135]  Calling Runtime.exec() with the command 
[main] [ 2016-04-13 17:12:31.868 UTC ] [RuntimeExec.runCommand:137]  /usr/bin/ssh 
[main] [ 2016-04-13 17:12:31.868 UTC ] [RuntimeExec.runCommand:137]  -o 
[main] [ 2016-04-13 17:12:31.868 UTC ] [RuntimeExec.runCommand:137]  FallBackToRsh=no 
[main] [ 2016-04-13 17:12:31.868 UTC ] [RuntimeExec.runCommand:137]  -o 
[main] [ 2016-04-13 17:12:31.869 UTC ] [RuntimeExec.runCommand:137]  PasswordAuthentication=no 
[main] [ 2016-04-13 17:12:31.869 UTC ] [RuntimeExec.runCommand:137]  -o 
[main] [ 2016-04-13 17:12:31.869 UTC ] [RuntimeExec.runCommand:137]  StrictHostKeyChecking=yes 
[main] [ 2016-04-13 17:12:31.869 UTC ] [RuntimeExec.runCommand:137]  -o 
[main] [ 2016-04-13 17:12:31.869 UTC ] [RuntimeExec.runCommand:137]  NumberOfPasswordPrompts=0 
[main] [ 2016-04-13 17:12:31.869 UTC ] [RuntimeExec.runCommand:137]  odie2 
[main] [ 2016-04-13 17:12:31.870 UTC ] [RuntimeExec.runCommand:137]  /bin/true 
[Thread-30] [ 2016-04-13 17:12:31.870 UTC ] [StreamReader.run:61]  In StreamReader.run 
[main] [ 2016-04-13 17:12:31.870 UTC ] [RuntimeExec.runCommand:207]  runCommand: Waiting for the process
[Thread-29] [ 2016-04-13 17:12:31.870 UTC ] [StreamReader.run:61]  In StreamReader.run 
[main] [ 2016-04-13 17:12:31.983 UTC ] [RuntimeExec.runCommand:209]  runCommand: process returns 0
[main] [ 2016-04-13 17:12:31.983 UTC ] [RuntimeExec.runCommand:226]  RunTimeExec: output>
[main] [ 2016-04-13 17:12:31.983 UTC ] [RuntimeExec.runCommand:235]  RunTimeExec: error>
[main] [ 2016-04-13 17:12:31.984 UTC ] [RuntimeExec.runCommand:257]  Returning from RunTimeExec.runCommand
[main] [ 2016-04-13 17:12:31.984 UTC ] [UnixSystem.checkRemoteExecutionSetup:2509]  Using Remote Shell Command: '/usr/bin/ssh -o FallBackToRsh=no  -o PasswordAuthentication=no  -o StrictHostKeyChecking=yes  -o NumberOfPasswordPrompts=0 '
[main] [ 2016-04-13 17:12:31.984 UTC ] [UnixSystem.checkRemoteExecutionSetup:2510]  Using Remote Copy Command: '/usr/bin/scp'
[main] [ 2016-04-13 17:12:31.984 UTC ] [RuntimeExec.runCommand:135]  Calling Runtime.exec() with the command 
[main] [ 2016-04-13 17:12:31.984 UTC ] [RuntimeExec.runCommand:137]  /usr/bin/ssh 
[main] [ 2016-04-13 17:12:31.985 UTC ] [RuntimeExec.runCommand:137]  -o 
[main] [ 2016-04-13 17:12:31.985 UTC ] [RuntimeExec.runCommand:137]  FallBackToRsh=no 
[main] [ 2016-04-13 17:12:31.985 UTC ] [RuntimeExec.runCommand:137]  -o 
[main] [ 2016-04-13 17:12:31.985 UTC ] [RuntimeExec.runCommand:137]  PasswordAuthentication=no 
[main] [ 2016-04-13 17:12:31.985 UTC ] [RuntimeExec.runCommand:137]  -o 
[main] [ 2016-04-13 17:12:31.985 UTC ] [RuntimeExec.runCommand:137]  StrictHostKeyChecking=yes 
[main] [ 2016-04-13 17:12:31.986 UTC ] [RuntimeExec.runCommand:137]  -o 
[main] [ 2016-04-13 17:12:31.986 UTC ] [RuntimeExec.runCommand:137]  NumberOfPasswordPrompts=0 
[main] [ 2016-04-13 17:12:31.986 UTC ] [RuntimeExec.runCommand:137]  odie2 
[main] [ 2016-04-13 17:12:31.986 UTC ] [RuntimeExec.runCommand:137]  -n 
[main] [ 2016-04-13 17:12:31.986 UTC ] [RuntimeExec.runCommand:137]  /bin/rm 
[main] [ 2016-04-13 17:12:31.986 UTC ] [RuntimeExec.runCommand:137]  -f 
[main] [ 2016-04-13 17:12:31.987 UTC ] [RuntimeExec.runCommand:137]  /u01/app/12.1.0.2/grid/CFSFileName1460567551861 
[main] [ 2016-04-13 17:12:31.987 UTC ] [RuntimeExec.runCommand:207]  runCommand: Waiting for the process
[Thread-32] [ 2016-04-13 17:12:31.987 UTC ] [StreamReader.run:61]  In StreamReader.run 
[Thread-31] [ 2016-04-13 17:12:31.987 UTC ] [StreamReader.run:61]  In StreamReader.run 
[main] [ 2016-04-13 17:12:32.071 UTC ] [RuntimeExec.runCommand:209]  runCommand: process returns 0
[main] [ 2016-04-13 17:12:32.071 UTC ] [RuntimeExec.runCommand:226]  RunTimeExec: output>
[main] [ 2016-04-13 17:12:32.072 UTC ] [RuntimeExec.runCommand:235]  RunTimeExec: error>
[main] [ 2016-04-13 17:12:32.072 UTC ] [RuntimeExec.runCommand:257]  Returning from RunTimeExec.runCommand
[main] [ 2016-04-13 17:12:32.072 UTC ] [NativeSystem.isCmdScv:535]  isCmdScv: cmd=[/usr/bin/ssh -o FallBackToRsh=no -o PasswordAuthentication=no -o StrictHostKeyChecking=yes -o NumberOfPasswordPrompts=0 odie2 -n /bin/rm -f /u01/app/12.1.0.2/grid/CFSFileName1460567551861]
[main] [ 2016-04-13 17:12:32.072 UTC ] [NativeSystem.isCmdScv:585]  isCmdScv: /usr/bin/ssh is present.
[main] [ 2016-04-13 17:12:32.072 UTC ] [NativeSystem.isCmdScv:587]  isCmdScv: /usr/bin/ssh is a file.
[main] [ 2016-04-13 17:12:32.073 UTC ] [NativeSystem.isCmdScv:604]  isCmdScv: returned true
[main] [ 2016-04-13 17:12:32.073 UTC ] [NativeSystem.rununixcmd:1221]  NativeSystem.rununixcmd: RetString 1| :successful
[main] [ 2016-04-13 17:12:32.073 UTC ] [UnixSystem.checkSharedFileSystemPath:1792]  creating file /u01/app/12.1.0.2/grid/CFSFileName1460567551861
[main] [ 2016-04-13 17:12:32.073 UTC ] [UnixSystem.checkSharedFileSystemPath:1803]  Failed to create the test CFS file at /u01/app/12.1.0.2/grid/CFSFileName1460567551861
[main] [ 2016-04-13 17:12:32.078 UTC ] [ClusterUtils.areSharedPaths:606]  PRKC-1025 : Failed to create a file under the filepath /u01/app/12.1.0.2/grid because the filepath is not executable or writable
oracle.ops.mgmt.nativesystem.UnixSystem.checkSharedFileSystemPath(UnixSystem.java:1807)
oracle.ops.mgmt.nativesystem.UnixSystem.isSharedPath(UnixSystem.java:1704)
oracle.ops.mgmt.cluster.Cluster.isSharedPath(Cluster.java:1117)
oracle.ops.mgmt.cluster.Cluster.isSharedPath(Cluster.java:1045)
oracle.sysman.assistants.util.ClusterUtils.areSharedPaths(ClusterUtils.java:593)
oracle.sysman.assistants.util.ClusterUtils.isShared(ClusterUtils.java:498)
oracle.sysman.assistants.util.ClusterUtils.isShared(ClusterUtils.java:454)
oracle.sysman.assistants.util.attributes.CommonOPSAttributes.updateShared(CommonOPSAttributes.java:962)
oracle.sysman.assistants.util.attributes.CommonOPSAttributes.setNodeNames(CommonOPSAttributes.java:248)
oracle.sysman.assistants.usmca.model.UsmcaModelRac.initialize(UsmcaModelRac.java:148)
oracle.sysman.assistants.usmca.model.UsmcaModel.<init>(UsmcaModel.java:165)
oracle.sysman.assistants.usmca.model.UsmcaModelRac.<init>(UsmcaModelRac.java:87)
oracle.sysman.assistants.usmca.Usmca.getModel(Usmca.java:428)
oracle.sysman.assistants.usmca.Usmca.execute(Usmca.java:197)
oracle.sysman.assistants.usmca.Usmca.main(Usmca.java:521)
[main] [ 2016-04-13 17:12:32.078 UTC ] [UsmcaModelRac.initialize:156]  Remote Node odie2
[main] [ 2016-04-13 17:12:32.078 UTC ] [UsmcaLogger.logInfo:136]  Driver State after RAC check true
[main] [ 2016-04-13 17:12:32.078 UTC ] [UsmcaLogger.logEntry:111]  Entering oracle.sysman.assistants.usmca.model.UsmcaModelRac Method : performOperation
[main] [ 2016-04-13 17:12:32.079 UTC ] [UsmcaLogger.logEntry:111]  Entering oracle.sysman.assistants.usmca.model.UsmcaModelRac Method : performOperation
[main] [ 2016-04-13 17:12:32.102 UTC ] [UsmcaLogger.logEntry:111]  Entering oracle.sysman.assistants.usmca.backend.USMInstanceRac Method : initialize
[main] [ 2016-04-13 17:12:32.105 UTC ] [HASContext.getCRSHome:642]  /u01/app/12.1.0.2/grid
[main] [ 2016-04-13 17:12:32.105 UTC ] [Util.getCRSHome:612]  getCRSHome: ret=/u01/app/12.1.0.2/grid
[main] [ 2016-04-13 17:12:32.105 UTC ] [Version.isPre:610]  version to be checked 12.1.0.2.0 major version to check against 10
[main] [ 2016-04-13 17:12:32.105 UTC ] [Version.isPre:621]  isPre.java: Returning FALSE
[main] [ 2016-04-13 17:12:32.105 UTC ] [ClusterInfo.<init>:258]  m_olsnodesPath=/u01/app/12.1.0.2/grid/bin/olsnodes
[main] [ 2016-04-13 17:12:32.106 UTC ] [RuntimeExec.runCommand:135]  Calling Runtime.exec() with the command 
[main] [ 2016-04-13 17:12:32.106 UTC ] [RuntimeExec.runCommand:137]  /u01/app/12.1.0.2/grid/bin/olsnodes 
[main] [ 2016-04-13 17:12:32.106 UTC ] [RuntimeExec.runCommand:137]  -n 
[main] [ 2016-04-13 17:12:32.107 UTC ] [RuntimeExec.runCommand:207]  runCommand: Waiting for the process
[Thread-34] [ 2016-04-13 17:12:32.107 UTC ] [StreamReader.run:61]  In StreamReader.run 
[Thread-33] [ 2016-04-13 17:12:32.107 UTC ] [StreamReader.run:61]  In StreamReader.run 
[Thread-33] [ 2016-04-13 17:12:32.136 UTC ] [StreamReader.run:65]  OUTPUT>odie1	1
[Thread-33] [ 2016-04-13 17:12:32.137 UTC ] [StreamReader.run:65]  OUTPUT>odie2	2
[main] [ 2016-04-13 17:12:32.139 UTC ] [RuntimeExec.runCommand:209]  runCommand: process returns 0
[main] [ 2016-04-13 17:12:32.139 UTC ] [RuntimeExec.runCommand:226]  RunTimeExec: output>
[main] [ 2016-04-13 17:12:32.139 UTC ] [RuntimeExec.runCommand:229]  odie1	1
[main] [ 2016-04-13 17:12:32.139 UTC ] [RuntimeExec.runCommand:229]  odie2	2
[main] [ 2016-04-13 17:12:32.140 UTC ] [RuntimeExec.runCommand:235]  RunTimeExec: error>
[main] [ 2016-04-13 17:12:32.140 UTC ] [RuntimeExec.runCommand:257]  Returning from RunTimeExec.runCommand
[main] [ 2016-04-13 17:12:32.140 UTC ] [ClusterInfo.getClusterNodeMap:1009]  Number of nodes=2
[main] [ 2016-04-13 17:12:32.140 UTC ] [ClusterInfo.getClusterNodeMap:1021]  i=0 nodeName=odie1 nodeNum=1
[main] [ 2016-04-13 17:12:32.140 UTC ] [ClusterInfo.getClusterNodeMap:1021]  i=1 nodeName=odie2 nodeNum=2
[main] [ 2016-04-13 17:12:32.141 UTC ] [USMInstanceRac.getInstanceNumbers:581]  firstNodeNum=1
[main] [ 2016-04-13 17:12:32.141 UTC ] [USMInstanceRac.getInstanceNumbers:604]  node=odie1 nodeNum=1
[main] [ 2016-04-13 17:12:32.142 UTC ] [USMInstanceRac.getInstanceNumbers:619]  nodeNames[0]=odie1 instance number=1
[main] [ 2016-04-13 17:12:32.142 UTC ] [USMInstanceRac.getInstanceNumbers:604]  node=odie2 nodeNum=2
[main] [ 2016-04-13 17:12:32.142 UTC ] [USMInstanceRac.getInstanceNumbers:619]  nodeNames[1]=odie2 instance number=2
[main] [ 2016-04-13 17:12:32.142 UTC ] [USMInstanceRac.setTemporaryInstances:499]  node:odie1 instance:+ASM1
[main] [ 2016-04-13 17:12:32.142 UTC ] [UsmcaLogger.logDebug:127]  DEBUG:method oracle.sysman.assistants.usmca.backend.USMInstanceRac:setTemporaryInstances
[main] [ 2016-04-13 17:12:32.142 UTC ] [UsmcaLogger.logDebug:128]  Message m_asmSID = +ASM1 on node odie1
[main] [ 2016-04-13 17:12:32.143 UTC ] [USMInstanceRac.setTemporaryInstances:499]  node:odie2 instance:+ASM2
[main] [ 2016-04-13 17:12:32.143 UTC ] [ClusterUtils.areSharedPaths:560]  1. path=/u01/app/12.1.0.2/grid/assistants
[main] [ 2016-04-13 17:12:32.143 UTC ] [ClusterUtils.areSharedPaths:581]  2. path=/u01/app/12.1.0.2/grid/assistants
[main] [ 2016-04-13 17:12:32.143 UTC ] [ClusterUtils.areSharedPaths:586]  hashKey = [odie1, odie2]/u01/app/12.1.0.2/grid/assistants
[main] [ 2016-04-13 17:12:32.143 UTC ] [GetActiveNodes.create:226]  Returning an existing instance of GetActiveNodes
[main] [ 2016-04-13 17:12:32.143 UTC ] [Cluster.verifyNodeList:1276]  clusterNodes[0]=odie1
[main] [ 2016-04-13 17:12:32.144 UTC ] [Cluster.verifyNodeList:1276]  clusterNodes[1]=odie2
[main] [ 2016-04-13 17:12:32.144 UTC ] [Cluster.verifyNodeList:1281]  nodeList[0]=odie1
[main] [ 2016-04-13 17:12:32.144 UTC ] [Cluster.verifyNodeList:1281]  nodeList[1]=odie2
[main] [ 2016-04-13 17:12:32.144 UTC ] [GetActiveNodes.create:226]  Returning an existing instance of GetActiveNodes
[main] [ 2016-04-13 17:12:32.144 UTC ] [Cluster.isSharedPath:1090]  NodeList=[odie1, odie2]
[main] [ 2016-04-13 17:12:32.144 UTC ] [Cluster.isSharedPath:1115]  pathName=/u01/app/12.1.0.2/grid/assistants/ dirPath = /u01/app/12.1.0.2/grid/assistants
[main] [ 2016-04-13 17:12:32.145 UTC ] [UnixSystem.checkSharedFileSystemPath:1772]  dirPath=/u01/app/12.1.0.2/grid/assistants
[main] [ 2016-04-13 17:12:32.145 UTC ] [UnixSystem.checkSharedFileSystemPath:1777]  pathName=/u01/app/12.1.0.2/grid/assistants tempFile=CFSFileName14605675521453271535507749388616.tmp
[main] [ 2016-04-13 17:12:32.145 UTC ] [UnixSystem.checkSharedFileSystemPath:1782]  dirPathName is /u01/app/12.1.0.2/grid/assistants/CFSFileName14605675521453271535507749388616.tmp
[main] [ 2016-04-13 17:12:32.145 UTC ] [UnixSystem.checkSharedFileSystemPath:1787]  removing file /u01/app/12.1.0.2/grid/assistants/CFSFileName14605675521453271535507749388616.tmpon  odie1
[main] [ 2016-04-13 17:12:32.145 UTC ] [RuntimeExec.runCommand:135]  Calling Runtime.exec() with the command 
[main] [ 2016-04-13 17:12:32.146 UTC ] [RuntimeExec.runCommand:137]  /bin/rm 
[main] [ 2016-04-13 17:12:32.146 UTC ] [RuntimeExec.runCommand:137]  -f 
[main] [ 2016-04-13 17:12:32.146 UTC ] [RuntimeExec.runCommand:137]  /u01/app/12.1.0.2/grid/assistants/CFSFileName14605675521453271535507749388616.tmp 
[main] [ 2016-04-13 17:12:32.147 UTC ] [RuntimeExec.runCommand:207]  runCommand: Waiting for the process
[Thread-36] [ 2016-04-13 17:12:32.147 UTC ] [StreamReader.run:61]  In StreamReader.run 
[Thread-35] [ 2016-04-13 17:12:32.147 UTC ] [StreamReader.run:61]  In StreamReader.run 
[main] [ 2016-04-13 17:12:32.147 UTC ] [RuntimeExec.runCommand:209]  runCommand: process returns 0
[main] [ 2016-04-13 17:12:32.147 UTC ] [RuntimeExec.runCommand:226]  RunTimeExec: output>
[main] [ 2016-04-13 17:12:32.147 UTC ] [RuntimeExec.runCommand:235]  RunTimeExec: error>
[main] [ 2016-04-13 17:12:32.148 UTC ] [RuntimeExec.runCommand:257]  Returning from RunTimeExec.runCommand
[main] [ 2016-04-13 17:12:32.148 UTC ] [NativeSystem.isCmdScv:535]  isCmdScv: cmd=[/bin/rm -f /u01/app/12.1.0.2/grid/assistants/CFSFileName14605675521453271535507749388616.tmp]
[main] [ 2016-04-13 17:12:32.148 UTC ] [NativeSystem.isCmdScv:604]  isCmdScv: returned false
[main] [ 2016-04-13 17:12:32.148 UTC ] [NativeSystem.rununixcmd:1221]  NativeSystem.rununixcmd: RetString 1| :successful
[main] [ 2016-04-13 17:12:32.148 UTC ] [UnixSystem.checkSharedFileSystemPath:1787]  removing file /u01/app/12.1.0.2/grid/assistants/CFSFileName14605675521453271535507749388616.tmpon  odie2
[main] [ 2016-04-13 17:12:32.149 UTC ] [Utils.getLocalHost:430]  Hostname retrieved: odie1.ship.iodp.tamu.edu, returned: odie1
[main] [ 2016-04-13 17:12:32.149 UTC ] [RuntimeExec.runCommand:135]  Calling Runtime.exec() with the command 
[main] [ 2016-04-13 17:12:32.149 UTC ] [RuntimeExec.runCommand:137]  /usr/bin/ssh 
[main] [ 2016-04-13 17:12:32.149 UTC ] [RuntimeExec.runCommand:137]  -o 
[main] [ 2016-04-13 17:12:32.149 UTC ] [RuntimeExec.runCommand:137]  FallBackToRsh=no 
[main] [ 2016-04-13 17:12:32.149 UTC ] [RuntimeExec.runCommand:137]  -o 
[main] [ 2016-04-13 17:12:32.150 UTC ] [RuntimeExec.runCommand:137]  PasswordAuthentication=no 
[main] [ 2016-04-13 17:12:32.150 UTC ] [RuntimeExec.runCommand:137]  -o 
[main] [ 2016-04-13 17:12:32.150 UTC ] [RuntimeExec.runCommand:137]  StrictHostKeyChecking=yes 
[main] [ 2016-04-13 17:12:32.150 UTC ] [RuntimeExec.runCommand:137]  -o 
[main] [ 2016-04-13 17:12:32.150 UTC ] [RuntimeExec.runCommand:137]  NumberOfPasswordPrompts=0 
[main] [ 2016-04-13 17:12:32.150 UTC ] [RuntimeExec.runCommand:137]  odie2 
[main] [ 2016-04-13 17:12:32.151 UTC ] [RuntimeExec.runCommand:137]  -n 
[main] [ 2016-04-13 17:12:32.151 UTC ] [RuntimeExec.runCommand:137]  /bin/rm 
[main] [ 2016-04-13 17:12:32.151 UTC ] [RuntimeExec.runCommand:137]  -f 
[main] [ 2016-04-13 17:12:32.151 UTC ] [RuntimeExec.runCommand:137]  /u01/app/12.1.0.2/grid/assistants/CFSFileName14605675521453271535507749388616.tmp 
[Thread-38] [ 2016-04-13 17:12:32.152 UTC ] [StreamReader.run:61]  In StreamReader.run 
[main] [ 2016-04-13 17:12:32.152 UTC ] [RuntimeExec.runCommand:207]  runCommand: Waiting for the process
[Thread-37] [ 2016-04-13 17:12:32.152 UTC ] [StreamReader.run:61]  In StreamReader.run 
[main] [ 2016-04-13 17:12:32.235 UTC ] [RuntimeExec.runCommand:209]  runCommand: process returns 0
[main] [ 2016-04-13 17:12:32.235 UTC ] [RuntimeExec.runCommand:226]  RunTimeExec: output>
[main] [ 2016-04-13 17:12:32.236 UTC ] [RuntimeExec.runCommand:235]  RunTimeExec: error>
[main] [ 2016-04-13 17:12:32.236 UTC ] [RuntimeExec.runCommand:257]  Returning from RunTimeExec.runCommand
[main] [ 2016-04-13 17:12:32.236 UTC ] [NativeSystem.isCmdScv:535]  isCmdScv: cmd=[/usr/bin/ssh -o FallBackToRsh=no -o PasswordAuthentication=no -o StrictHostKeyChecking=yes -o NumberOfPasswordPrompts=0 odie2 -n /bin/rm -f /u01/app/12.1.0.2/grid/assistants/CFSFileName14605675521453271535507749388616.tmp]
[main] [ 2016-04-13 17:12:32.236 UTC ] [NativeSystem.isCmdScv:585]  isCmdScv: /usr/bin/ssh is present.
[main] [ 2016-04-13 17:12:32.236 UTC ] [NativeSystem.isCmdScv:587]  isCmdScv: /usr/bin/ssh is a file.
[main] [ 2016-04-13 17:12:32.237 UTC ] [NativeSystem.isCmdScv:604]  isCmdScv: returned true
[main] [ 2016-04-13 17:12:32.237 UTC ] [NativeSystem.rununixcmd:1221]  NativeSystem.rununixcmd: RetString 1| :successful
[main] [ 2016-04-13 17:12:32.237 UTC ] [UnixSystem.checkSharedFileSystemPath:1792]  creating file /u01/app/12.1.0.2/grid/assistants/CFSFileName14605675521453271535507749388616.tmp
[main] [ 2016-04-13 17:12:32.237 UTC ] [UnixSystem.testCFSFile:1922]  The unix command is /usr/bin/ssh -o FallBackToRsh=no  -o PasswordAuthentication=no  -o StrictHostKeyChecking=yes  -o NumberOfPasswordPrompts=0  odie2 -n /bin/sh -c "/bin/ls /u01/app/12.1.0.2/grid/assistants > /dev/null 2>&1  && /bin/cat /u01/app/12.1.0.2/grid/assistants/CFSFileName14605675521453271535507749388616.tmp"
[main] [ 2016-04-13 17:12:32.237 UTC ] [RuntimeExec.runCommand:135]  Calling Runtime.exec() with the command 
[main] [ 2016-04-13 17:12:32.238 UTC ] [RuntimeExec.runCommand:137]  /usr/bin/ssh 
[main] [ 2016-04-13 17:12:32.238 UTC ] [RuntimeExec.runCommand:137]  -o 
[main] [ 2016-04-13 17:12:32.238 UTC ] [RuntimeExec.runCommand:137]  FallBackToRsh=no 
[main] [ 2016-04-13 17:12:32.238 UTC ] [RuntimeExec.runCommand:137]  -o 
[main] [ 2016-04-13 17:12:32.238 UTC ] [RuntimeExec.runCommand:137]  PasswordAuthentication=no 
[main] [ 2016-04-13 17:12:32.238 UTC ] [RuntimeExec.runCommand:137]  -o 
[main] [ 2016-04-13 17:12:32.239 UTC ] [RuntimeExec.runCommand:137]  StrictHostKeyChecking=yes 
[main] [ 2016-04-13 17:12:32.239 UTC ] [RuntimeExec.runCommand:137]  -o 
[main] [ 2016-04-13 17:12:32.239 UTC ] [RuntimeExec.runCommand:137]  NumberOfPasswordPrompts=0 
[main] [ 2016-04-13 17:12:32.239 UTC ] [RuntimeExec.runCommand:137]  odie2 
[main] [ 2016-04-13 17:12:32.239 UTC ] [RuntimeExec.runCommand:137]  -n 
[main] [ 2016-04-13 17:12:32.239 UTC ] [RuntimeExec.runCommand:137]  /bin/sh 
[main] [ 2016-04-13 17:12:32.240 UTC ] [RuntimeExec.runCommand:137]  -c 
[main] [ 2016-04-13 17:12:32.240 UTC ] [RuntimeExec.runCommand:137]  "/bin/ls 
[main] [ 2016-04-13 17:12:32.240 UTC ] [RuntimeExec.runCommand:137]  /u01/app/12.1.0.2/grid/assistants 
[main] [ 2016-04-13 17:12:32.240 UTC ] [RuntimeExec.runCommand:137]  > 
[main] [ 2016-04-13 17:12:32.240 UTC ] [RuntimeExec.runCommand:137]  /dev/null 
[main] [ 2016-04-13 17:12:32.240 UTC ] [RuntimeExec.runCommand:137]  2>&1 
[main] [ 2016-04-13 17:12:32.241 UTC ] [RuntimeExec.runCommand:137]  && 
[main] [ 2016-04-13 17:12:32.241 UTC ] [RuntimeExec.runCommand:137]  /bin/cat 
[main] [ 2016-04-13 17:12:32.241 UTC ] [RuntimeExec.runCommand:137]  /u01/app/12.1.0.2/grid/assistants/CFSFileName14605675521453271535507749388616.tmp" 
[Thread-40] [ 2016-04-13 17:12:32.242 UTC ] [StreamReader.run:61]  In StreamReader.run 
[main] [ 2016-04-13 17:12:32.242 UTC ] [RuntimeExec.runCommand:207]  runCommand: Waiting for the process
[Thread-39] [ 2016-04-13 17:12:32.242 UTC ] [StreamReader.run:61]  In StreamReader.run 
[Thread-40] [ 2016-04-13 17:12:32.367 UTC ] [StreamReader.run:65]  ERROR>/bin/cat: /u01/app/12.1.0.2/grid/assistants/CFSFileName14605675521453271535507749388616.tmp: No such file or directory
[main] [ 2016-04-13 17:12:32.367 UTC ] [RuntimeExec.runCommand:209]  runCommand: process returns 1
[main] [ 2016-04-13 17:12:32.367 UTC ] [RuntimeExec.runCommand:226]  RunTimeExec: output>
[main] [ 2016-04-13 17:12:32.367 UTC ] [RuntimeExec.runCommand:235]  RunTimeExec: error>
[main] [ 2016-04-13 17:12:32.368 UTC ] [RuntimeExec.runCommand:238]  /bin/cat: /u01/app/12.1.0.2/grid/assistants/CFSFileName14605675521453271535507749388616.tmp: No such file or directory
[main] [ 2016-04-13 17:12:32.368 UTC ] [RuntimeExec.runCommand:257]  Returning from RunTimeExec.runCommand
[main] [ 2016-04-13 17:12:32.368 UTC ] [UnixSystem.testCFSFile:1934]  Command output is empty
[main] [ 2016-04-13 17:12:32.368 UTC ] [UnixSystem.testCFSFile:1935]  ERROR: /bin/cat: /u01/app/12.1.0.2/grid/assistants/CFSFileName14605675521453271535507749388616.tmp: No such file or directory from node odie2
[main] [ 2016-04-13 17:12:32.370 UTC ] [UnixSystem.checkSharedFileSystemPath:1891]  Path (/u01/app/12.1.0.2/grid/assistants) is shared between nodes []
[main] [ 2016-04-13 17:12:32.370 UTC ] [ClusterUtils.areSharedPaths:595]  Got shared=false from SRVM call
[main] [ 2016-04-13 17:12:32.371 UTC ] [USMInstanceRac.initialize:456]  m_bShared = false
[main] [ 2016-04-13 17:12:32.373 UTC ] [UsmcaLogger.logEntry:111]  Entering oracle.sysman.assistants.usmca.backend.USMInstanceRac Method : discoverASMInstance
[main] [ 2016-04-13 17:12:32.376 UTC ] [EntityOperations.isEntityRegisteredCRSD:354]  entity: ora.asm, type: 1, registered: true
[main] [ 2016-04-13 17:12:32.377 UTC ] [CRSCache.getAttributesFromCRS:155]  CRS: name: ora.asm, type 1, node: null
[main] [ 2016-04-13 17:12:32.377 UTC ] [CRSCache.getAttributesFromCRS:156]  attrs: [TYPE]
[main] [ 2016-04-13 17:12:32.396 UTC ] [CRSCache.getAttributesFromCRS:163]  CRS: [<TYPE:ora.asm.type>]
[main] [ 2016-04-13 17:12:32.396 UTC ] [ASMImpl.<init>:218]  Resource type is ora.asm.type
[main] [ 2016-04-13 17:12:32.396 UTC ] [CRSCache.getAttributesFromCRS:155]  CRS: name: ora.asm.type, type 2, node: null
[main] [ 2016-04-13 17:12:32.397 UTC ] [CRSCache.getAttributesFromCRS:156]  attrs: [BASE_TYPE]
[main] [ 2016-04-13 17:12:32.416 UTC ] [CRSCache.getAttributesFromCRS:163]  CRS: [<BASE_TYPE:ora.cluster_asm.type>]
[main] [ 2016-04-13 17:12:32.416 UTC ] [ASMImpl.<init>:224]  Resource base type is ora.cluster_asm.type
[main] [ 2016-04-13 17:12:32.417 UTC ] [ASMImpl.<init>:230]  Setting ASMPresence to FLEX
[main] [ 2016-04-13 17:12:32.437 UTC ] [EntityOperations.isEntityRegisteredCRSD:354]  entity: ora.asm, type: 1, registered: true
[main] [ 2016-04-13 17:12:32.437 UTC ] [CRSCache.getAttributesFromCRS:155]  CRS: name: ora.asm, type 1, node: null
[main] [ 2016-04-13 17:12:32.437 UTC ] [CRSCache.getAttributesFromCRS:156]  attrs: [TYPE]
[main] [ 2016-04-13 17:12:32.457 UTC ] [CRSCache.getAttributesFromCRS:163]  CRS: [<TYPE:ora.asm.type>]
[main] [ 2016-04-13 17:12:32.457 UTC ] [ASMFactoryImpl.getClusterASM:2107]  Resource type is ora.asm.type
[main] [ 2016-04-13 17:12:32.458 UTC ] [UsmcaLogger.logEntry:111]  Entering oracle.sysman.assistants.usmca.backend.USMInstanceRac Method : checkASMResource
[main] [ 2016-04-13 17:12:32.477 UTC ] [EntityOperations.isEntityRegisteredCRSD:354]  entity: ora.asm, type: 1, registered: true
[main] [ 2016-04-13 17:12:32.478 UTC ] [CRSCache.getAttributesFromCRS:155]  CRS: name: ora.asm, type 1, node: null
[main] [ 2016-04-13 17:12:32.478 UTC ] [CRSCache.getAttributesFromCRS:156]  attrs: [TYPE]
[main] [ 2016-04-13 17:12:32.497 UTC ] [CRSCache.getAttributesFromCRS:163]  CRS: [<TYPE:ora.asm.type>]
[main] [ 2016-04-13 17:12:32.498 UTC ] [ASMImpl.<init>:218]  Resource type is ora.asm.type
[main] [ 2016-04-13 17:12:32.498 UTC ] [CRSCache.getAttributesFromCRS:155]  CRS: name: ora.asm.type, type 2, node: null
[main] [ 2016-04-13 17:12:32.498 UTC ] [CRSCache.getAttributesFromCRS:156]  attrs: [BASE_TYPE]
[main] [ 2016-04-13 17:12:32.518 UTC ] [CRSCache.getAttributesFromCRS:163]  CRS: [<BASE_TYPE:ora.cluster_asm.type>]
[main] [ 2016-04-13 17:12:32.518 UTC ] [ASMImpl.<init>:224]  Resource base type is ora.cluster_asm.type
[main] [ 2016-04-13 17:12:32.518 UTC ] [ASMImpl.<init>:230]  Setting ASMPresence to FLEX
[main] [ 2016-04-13 17:12:32.548 UTC ] [EntityOperations.isEntityRegisteredCRSD:354]  entity: ora.asm, type: 1, registered: true
[main] [ 2016-04-13 17:12:32.548 UTC ] [CRSCache.getAttributesFromCRS:155]  CRS: name: ora.asm, type 1, node: null
[main] [ 2016-04-13 17:12:32.549 UTC ] [CRSCache.getAttributesFromCRS:156]  attrs: [TYPE]
[main] [ 2016-04-13 17:12:32.560 UTC ] [CRSCache.getAttributesFromCRS:163]  CRS: [<TYPE:ora.asm.type>]
[main] [ 2016-04-13 17:12:32.560 UTC ] [ASMFactoryImpl.getClusterASM:2107]  Resource type is ora.asm.type
[main] [ 2016-04-13 17:12:32.560 UTC ] [UsmcaLogger.logInfo:136]  ASM Exists? true
[main] [ 2016-04-13 17:12:32.560 UTC ] [UsmcaLogger.logInfo:136]  ASM resource present, Proceed further discovery.
[main] [ 2016-04-13 17:12:32.563 UTC ] [ASMUtils.checkASMExistence:837]   entering method checkASMExistence
[main] [ 2016-04-13 17:12:32.563 UTC ] [ASMUtils.checkASMExistence:843]   in check asm
[main] [ 2016-04-13 17:12:32.568 UTC ] [InventoryUtil.getOUIInvSession:349]  setting OUI READ level to ACCESSLEVEL_READ_LOCKLESS
[main] [ 2016-04-13 17:12:32.568 UTC ] [HAUtils.<init>:303]  oui location /u01/app/oraInventory/ContentsXML
[main] [ 2016-04-13 17:12:32.572 UTC ] [InventoryUtil.getOUIInvSession:349]  setting OUI READ level to ACCESSLEVEL_READ_LOCKLESS
[main] [ 2016-04-13 17:12:32.572 UTC ] [OracleHome.isClientHome:1640]  Homeinfo /u01/app/12.1.0.2/grid,11
[Finalizer] [ 2016-04-13 17:12:32.591 UTC ] [ClusterUtil.finalize:117]  ClusterUtil: finalized called for oracle.ops.mgmt.has.ClusterUtil@4526ba64
[main] [ 2016-04-13 17:12:32.660 UTC ] [HAUtils.<init>:313]  isClientHome: false
[main] [ 2016-04-13 17:12:32.661 UTC ] [ClusterUtil.<init>:85]  ClusterUtil Instance created
[main] [ 2016-04-13 17:12:32.661 UTC ] [ClusterUtil.<init>:88]  ClusterUtil m_bSKGXN=true
[main] [ 2016-04-13 17:12:32.661 UTC ] [HAUtils.getCurrentOracleHome:593]  Oracle home from system property: /u01/app/12.1.0.2/grid
[main] [ 2016-04-13 17:12:32.661 UTC ] [HAUtils.getConfiguredGridHome:1343]  ----- Getting CRS HOME ----
[main] [ 2016-04-13 17:12:32.661 UTC ] [UnixSystem.getCRSHome:2967]  olrFileName = /etc/oracle/olr.loc
[main] [ 2016-04-13 17:12:32.661 UTC ] [UnixSystem.getCRSHome:3011]  configFile=/etc/oracle/olr.loc
[main] [ 2016-04-13 17:12:32.662 UTC ] [Utils.getPropertyValue:263]  keyName=olrconfig_loc props.val=/u01/app/12.1.0.2/grid/cdata/odie1.olr propValue=/u01/app/12.1.0.2/grid/cdata/odie1.olr
[main] [ 2016-04-13 17:12:32.662 UTC ] [Utils.getPropertyValue:263]  keyName=crs_home props.val=/u01/app/12.1.0.2/grid propValue=/u01/app/12.1.0.2/grid
[main] [ 2016-04-13 17:12:32.662 UTC ] [Utils.getPropertyValue:323]  propName=crs_home propValue=/u01/app/12.1.0.2/grid
[main] [ 2016-04-13 17:12:32.662 UTC ] [UnixSystem.getCRSHome:3019]  crs_home=/u01/app/12.1.0.2/grid
[main] [ 2016-04-13 17:12:32.662 UTC ] [HAUtils.getConfiguredGridHome:1345]  Configured Grid Infrastructure home: /u01/app/12.1.0.2/grid
[main] [ 2016-04-13 17:12:32.663 UTC ] [Version.isPre:610]  version to be checked 12.1.0.2.0 major version to check against 10
[main] [ 2016-04-13 17:12:32.663 UTC ] [Version.isPre:621]  isPre.java: Returning FALSE
[main] [ 2016-04-13 17:12:32.663 UTC ] [Version.isPre:610]  version to be checked 12.1.0.2.0 major version to check against 10
[main] [ 2016-04-13 17:12:32.663 UTC ] [Version.isPre:621]  isPre.java: Returning FALSE
[main] [ 2016-04-13 17:12:32.663 UTC ] [UnixSystem.isCRSConfigured:2813]  configFile=/etc/oracle/ocr.loc
[main] [ 2016-04-13 17:12:32.664 UTC ] [Utils.getPropertyValue:263]  keyName=ocrconfig_loc props.val=+DATA/odie-c/OCRFILE/REGISTRY.255.860513277 propValue=+DATA/odie-c/OCRFILE/REGISTRY.255.860513277
[main] [ 2016-04-13 17:12:32.664 UTC ] [Utils.getPropertyValue:323]  propName=ocrconfig_loc propValue=+DATA/odie-c/OCRFILE/REGISTRY.255.860513277
[main] [ 2016-04-13 17:12:32.664 UTC ] [UnixSystem.isCRSConfigured:2820]  ocrconfig_loc=+DATA/odie-c/OCRFILE/REGISTRY.255.860513277
[main] [ 2016-04-13 17:12:32.664 UTC ] [Utils.getPropertyValue:263]  keyName=ocrconfig_loc props.val=+DATA/odie-c/OCRFILE/REGISTRY.255.860513277 propValue=+DATA/odie-c/OCRFILE/REGISTRY.255.860513277
[main] [ 2016-04-13 17:12:32.664 UTC ] [Utils.getPropertyValue:323]  propName=local_only propValue=false
[main] [ 2016-04-13 17:12:32.665 UTC ] [HAUtils.getCurrentOracleHome:593]  Oracle home from system property: /u01/app/12.1.0.2/grid
[main] [ 2016-04-13 17:12:32.665 UTC ] [HAUtils.getConfiguredGridHome:1343]  ----- Getting CRS HOME ----
[main] [ 2016-04-13 17:12:32.665 UTC ] [UnixSystem.getCRSHome:2967]  olrFileName = /etc/oracle/olr.loc
[main] [ 2016-04-13 17:12:32.665 UTC ] [UnixSystem.getCRSHome:3011]  configFile=/etc/oracle/olr.loc
[main] [ 2016-04-13 17:12:32.665 UTC ] [Utils.getPropertyValue:263]  keyName=olrconfig_loc props.val=/u01/app/12.1.0.2/grid/cdata/odie1.olr propValue=/u01/app/12.1.0.2/grid/cdata/odie1.olr
[main] [ 2016-04-13 17:12:32.666 UTC ] [Utils.getPropertyValue:263]  keyName=crs_home props.val=/u01/app/12.1.0.2/grid propValue=/u01/app/12.1.0.2/grid
[main] [ 2016-04-13 17:12:32.666 UTC ] [Utils.getPropertyValue:323]  propName=crs_home propValue=/u01/app/12.1.0.2/grid
[main] [ 2016-04-13 17:12:32.666 UTC ] [UnixSystem.getCRSHome:3019]  crs_home=/u01/app/12.1.0.2/grid
[main] [ 2016-04-13 17:12:32.666 UTC ] [HAUtils.getConfiguredGridHome:1345]  Configured Grid Infrastructure home: /u01/app/12.1.0.2/grid
[main] [ 2016-04-13 17:12:32.667 UTC ] [Version.isPre:610]  version to be checked 12.1.0.2.0 major version to check against 11
[main] [ 2016-04-13 17:12:32.667 UTC ] [Version.isPre:621]  isPre.java: Returning FALSE
[main] [ 2016-04-13 17:12:32.667 UTC ] [Version.isPre:642]  version to be checked 12.1.0.2.0 major version to check against 11 minor version to check against 2
[main] [ 2016-04-13 17:12:32.667 UTC ] [Version.isPre:651]  isPre: Returning FALSE for major version check
[main] [ 2016-04-13 17:12:32.667 UTC ] [CRSCTLUtil.checkCRSRunning:436]  Checking if CRS is running for post 11 release
[main] [ 2016-04-13 17:12:32.667 UTC ] [RuntimeExec.runCommand:135]  Calling Runtime.exec() with the command 
[main] [ 2016-04-13 17:12:32.668 UTC ] [RuntimeExec.runCommand:137]  /u01/app/12.1.0.2/grid/bin/crsctl 
[main] [ 2016-04-13 17:12:32.668 UTC ] [RuntimeExec.runCommand:137]  check 
[main] [ 2016-04-13 17:12:32.668 UTC ] [RuntimeExec.runCommand:137]  cluster 
[Thread-42] [ 2016-04-13 17:12:32.669 UTC ] [StreamReader.run:61]  In StreamReader.run 
[main] [ 2016-04-13 17:12:32.669 UTC ] [RuntimeExec.runCommand:207]  runCommand: Waiting for the process
[Thread-41] [ 2016-04-13 17:12:32.669 UTC ] [StreamReader.run:61]  In StreamReader.run 
[Thread-41] [ 2016-04-13 17:12:32.721 UTC ] [StreamReader.run:65]  OUTPUT>CRS-4537: Cluster Ready Services is online
[Thread-41] [ 2016-04-13 17:12:32.721 UTC ] [StreamReader.run:65]  OUTPUT>CRS-4529: Cluster Synchronization Services is online
[Thread-41] [ 2016-04-13 17:12:32.721 UTC ] [StreamReader.run:65]  OUTPUT>CRS-4533: Event Manager is online
[main] [ 2016-04-13 17:12:32.725 UTC ] [RuntimeExec.runCommand:209]  runCommand: process returns 0
[main] [ 2016-04-13 17:12:32.725 UTC ] [RuntimeExec.runCommand:226]  RunTimeExec: output>
[main] [ 2016-04-13 17:12:32.726 UTC ] [RuntimeExec.runCommand:229]  CRS-4537: Cluster Ready Services is online
[main] [ 2016-04-13 17:12:32.726 UTC ] [RuntimeExec.runCommand:229]  CRS-4529: Cluster Synchronization Services is online
[main] [ 2016-04-13 17:12:32.726 UTC ] [RuntimeExec.runCommand:229]  CRS-4533: Event Manager is online
[main] [ 2016-04-13 17:12:32.726 UTC ] [RuntimeExec.runCommand:235]  RunTimeExec: error>
[main] [ 2016-04-13 17:12:32.726 UTC ] [RuntimeExec.runCommand:257]  Returning from RunTimeExec.runCommand
[main] [ 2016-04-13 17:12:32.726 UTC ] [CmdToolUtil.doexecuteLocally:910]  retval =  0
[main] [ 2016-04-13 17:12:32.727 UTC ] [CmdToolUtil.doexecuteLocally:911]  exitval =  0
[main] [ 2016-04-13 17:12:32.727 UTC ] [CmdToolUtil.doexecuteLocally:912]  rtErrLength =  0
[main] [ 2016-04-13 17:12:32.727 UTC ] [ASMUtils.checkASMExistence:866]  Checking for Near ASM
[main] [ 2016-04-13 17:12:32.730 UTC ] [EntityOperations.isEntityRegisteredCRSD:354]  entity: ora.asm, type: 1, registered: true
[main] [ 2016-04-13 17:12:32.730 UTC ] [CRSCache.getAttributesFromCRS:155]  CRS: name: ora.asm, type 1, node: null
[main] [ 2016-04-13 17:12:32.730 UTC ] [CRSCache.getAttributesFromCRS:156]  attrs: [TYPE]
[main] [ 2016-04-13 17:12:32.750 UTC ] [CRSCache.getAttributesFromCRS:163]  CRS: [<TYPE:ora.asm.type>]
[main] [ 2016-04-13 17:12:32.750 UTC ] [ASMImpl.<init>:218]  Resource type is ora.asm.type
[main] [ 2016-04-13 17:12:32.750 UTC ] [CRSCache.getAttributesFromCRS:155]  CRS: name: ora.asm.type, type 2, node: null
[main] [ 2016-04-13 17:12:32.750 UTC ] [CRSCache.getAttributesFromCRS:156]  attrs: [BASE_TYPE]
[main] [ 2016-04-13 17:12:32.770 UTC ] [CRSCache.getAttributesFromCRS:163]  CRS: [<BASE_TYPE:ora.cluster_asm.type>]
[main] [ 2016-04-13 17:12:32.770 UTC ] [ASMImpl.<init>:224]  Resource base type is ora.cluster_asm.type
[main] [ 2016-04-13 17:12:32.770 UTC ] [ASMImpl.<init>:230]  Setting ASMPresence to FLEX
[main] [ 2016-04-13 17:12:32.791 UTC ] [EntityOperations.isEntityRegisteredCRSD:354]  entity: ora.asm, type: 1, registered: true
[main] [ 2016-04-13 17:12:32.791 UTC ] [CRSCache.getAttributesFromCRS:155]  CRS: name: ora.asm, type 1, node: null
[main] [ 2016-04-13 17:12:32.791 UTC ] [CRSCache.getAttributesFromCRS:156]  attrs: [TYPE]
[main] [ 2016-04-13 17:12:32.811 UTC ] [CRSCache.getAttributesFromCRS:163]  CRS: [<TYPE:ora.asm.type>]
[main] [ 2016-04-13 17:12:32.811 UTC ] [ASMFactoryImpl.getClusterASM:2107]  Resource type is ora.asm.type
[main] [ 2016-04-13 17:12:32.811 UTC ] [ASMUtils.checkASMExistence:882]  ASM Resource found true
[main] [ 2016-04-13 17:12:32.818 UTC ] [CRSNative.internalQueryResources:1039]  About to doQueryResources: eType resource, nodeName null, filter (TYPE == ora.diskgroup.type)
[main] [ 2016-04-13 17:12:32.832 UTC ] [CRSNative.internalQueryResources:1053]  found 3 resources
[main] [ 2016-04-13 17:12:32.832 UTC ] [CRSNative.internalQueryResources:1055]  	ora.DATA.dg
[main] [ 2016-04-13 17:12:32.832 UTC ] [CRSNative.internalQueryResources:1055]  	ora.RECO.dg
[main] [ 2016-04-13 17:12:32.832 UTC ] [CRSNative.internalQueryResources:1055]  	ora.REDO.dg
[main] [ 2016-04-13 17:12:32.833 UTC ] [DiskGroupImpl.<init>:163]  name = ora.DATA.dg, display name = DATA
[main] [ 2016-04-13 17:12:32.851 UTC ] [EntityOperations.isEntityRegisteredCRSD:354]  entity: ora.DATA.dg, type: 1, registered: true
[main] [ 2016-04-13 17:12:32.852 UTC ] [DiskGroupImpl.<init>:163]  name = ora.RECO.dg, display name = RECO
[main] [ 2016-04-13 17:12:32.872 UTC ] [EntityOperations.isEntityRegisteredCRSD:354]  entity: ora.RECO.dg, type: 1, registered: true
[main] [ 2016-04-13 17:12:32.872 UTC ] [DiskGroupImpl.<init>:163]  name = ora.REDO.dg, display name = REDO
[main] [ 2016-04-13 17:12:32.892 UTC ] [EntityOperations.isEntityRegisteredCRSD:354]  entity: ora.REDO.dg, type: 1, registered: true
[main] [ 2016-04-13 17:12:32.892 UTC ] [UsmcaLogger.logInfo:136]  ASM present true
[main] [ 2016-04-13 17:12:32.892 UTC ] [ASMFactoryImpl.getConnectionInfo:3401]  Get connection info from ASM for service: +ASM, instance: null, connection id: null
[main] [ 2016-04-13 17:12:32.893 UTC ] [ASMFactoryImpl.getConnectionInfo:3416]  ASM resource check. Trial 1
[main] [ 2016-04-13 17:12:32.912 UTC ] [EntityOperations.isEntityRegisteredCRSD:354]  entity: ora.asm, type: 1, registered: true
[main] [ 2016-04-13 17:12:32.913 UTC ] [CRSCache.getAttributesFromCRS:155]  CRS: name: ora.asm, type 1, node: null
[main] [ 2016-04-13 17:12:32.913 UTC ] [CRSCache.getAttributesFromCRS:156]  attrs: [TYPE]
[main] [ 2016-04-13 17:12:32.933 UTC ] [CRSCache.getAttributesFromCRS:163]  CRS: [<TYPE:ora.asm.type>]
[main] [ 2016-04-13 17:12:32.933 UTC ] [ASMImpl.<init>:218]  Resource type is ora.asm.type
[main] [ 2016-04-13 17:12:32.933 UTC ] [CRSCache.getAttributesFromCRS:155]  CRS: name: ora.asm.type, type 2, node: null
[main] [ 2016-04-13 17:12:32.933 UTC ] [CRSCache.getAttributesFromCRS:156]  attrs: [BASE_TYPE]
[main] [ 2016-04-13 17:12:32.953 UTC ] [CRSCache.getAttributesFromCRS:163]  CRS: [<BASE_TYPE:ora.cluster_asm.type>]
[main] [ 2016-04-13 17:12:32.953 UTC ] [ASMImpl.<init>:224]  Resource base type is ora.cluster_asm.type
[main] [ 2016-04-13 17:12:32.953 UTC ] [ASMImpl.<init>:230]  Setting ASMPresence to FLEX
[main] [ 2016-04-13 17:12:32.953 UTC ] [ASMFactoryImpl.getASM:2053]  ASM mode is near-ASM
[main] [ 2016-04-13 17:12:32.973 UTC ] [EntityOperations.isEntityRegisteredCRSD:354]  entity: ora.asm, type: 1, registered: true
[main] [ 2016-04-13 17:12:32.974 UTC ] [CRSCache.getAttributesFromCRS:155]  CRS: name: ora.asm, type 1, node: null
[main] [ 2016-04-13 17:12:32.974 UTC ] [CRSCache.getAttributesFromCRS:156]  attrs: [TYPE]
[main] [ 2016-04-13 17:12:33.004 UTC ] [CRSCache.getAttributesFromCRS:163]  CRS: [<TYPE:ora.asm.type>]
[main] [ 2016-04-13 17:12:33.004 UTC ] [ASMImpl.<init>:218]  Resource type is ora.asm.type
[main] [ 2016-04-13 17:12:33.004 UTC ] [CRSCache.getAttributesFromCRS:155]  CRS: name: ora.asm.type, type 2, node: null
[main] [ 2016-04-13 17:12:33.004 UTC ] [CRSCache.getAttributesFromCRS:156]  attrs: [BASE_TYPE]
[main] [ 2016-04-13 17:12:33.015 UTC ] [CRSCache.getAttributesFromCRS:163]  CRS: [<BASE_TYPE:ora.cluster_asm.type>]
[main] [ 2016-04-13 17:12:33.016 UTC ] [ASMImpl.<init>:224]  Resource base type is ora.cluster_asm.type
[main] [ 2016-04-13 17:12:33.016 UTC ] [ASMImpl.<init>:230]  Setting ASMPresence to FLEX
[main] [ 2016-04-13 17:12:33.036 UTC ] [EntityOperations.isEntityRegisteredCRSD:354]  entity: ora.asm, type: 1, registered: true
[main] [ 2016-04-13 17:12:33.037 UTC ] [CRSNative.getResourceInstancesID:1082]  Looking for RIs using filter: ((NAME == ora.asm) AND ((STATE == ONLINE) OR (STATE == INTERMEDIATE)))
[main] [ 2016-04-13 17:12:33.057 UTC ] [CRSNative.getResourceInstancesID:1096]  found 2 RIs
[main] [ 2016-04-13 17:12:33.057 UTC ] [CRSNative.getResourceInstancesID:1098]  	ora.asm 1 1
[main] [ 2016-04-13 17:12:33.058 UTC ] [CRSNative.getResourceInstancesID:1098]  	ora.asm 2 1
[main] [ 2016-04-13 17:12:33.663 UTC ] [ConnNativeResult.setConnectionStr:68]  callback:connection string is (DESCRIPTION=(ADDRESS=(PROTOCOL=beq)(PROGRAM=/u01/app/12.1.0.2/grid/bin/oracle)(ARGV0=oracle+ASM1)(ENVS='ORACLE_HOME=/u01/app/12.1.0.2/grid,ORACLE_SID=+ASM1')(ARGS='(DESCRIPTION=(LOCAL=YES)(ADDRESS=(PROTOCOL=beq)))'))(enable=setuser))
[main] [ 2016-04-13 17:12:33.664 UTC ] [ASMFactoryImpl.getConnectionInfo:3425]  Connection string is (DESCRIPTION=(ADDRESS=(PROTOCOL=beq)(PROGRAM=/u01/app/12.1.0.2/grid/bin/oracle)(ARGV0=oracle+ASM1)(ENVS='ORACLE_HOME=/u01/app/12.1.0.2/grid,ORACLE_SID=+ASM1')(ARGS='(DESCRIPTION=(LOCAL=YES)(ADDRESS=(PROTOCOL=beq)))'))(enable=setuser))
[main] [ 2016-04-13 17:12:33.665 UTC ] [ASMUtils.createASMTwoTaskSQLEngine:1546]  ASM Connection Info: (DESCRIPTION=(ADDRESS=(PROTOCOL=beq)(PROGRAM=/u01/app/12.1.0.2/grid/bin/oracle)(ARGV0=oracle+ASM1)(ENVS='ORACLE_HOME=/u01/app/12.1.0.2/grid,ORACLE_SID=+ASM1')(ARGS='(DESCRIPTION=(LOCAL=YES)(ADDRESS=(PROTOCOL=beq)))'))(enable=setuser))
[main] [ 2016-04-13 17:12:33.665 UTC ] [ASMUtils.createASMTwoTaskSQLEngine:1594]  Empty Credential Store, Could be local ASM present, Trying BEQ
[main] [ 2016-04-13 17:12:33.667 UTC ] [OracleHome.getVersion:991]  OracleHome.getVersion called.  Current Version: null
[main] [ 2016-04-13 17:12:33.671 UTC ] [InventoryUtil.getOUIInvSession:349]  setting OUI READ level to ACCESSLEVEL_READ_LOCKLESS
[main] [ 2016-04-13 17:12:33.671 UTC ] [OracleHome.getVersion:1010]  Homeinfo /u01/app/12.1.0.2/grid,11
[main] [ 2016-04-13 17:12:33.741 UTC ] [OracleHome.getVersion:1038]  OracleHome.server.getVersion Version: 12.1.0.2.0
[main] [ 2016-04-13 17:12:33.741 UTC ] [OracleHome.getVersion:1059]  Current Version From Inventory: 12.1.0.2.0
[main] [ 2016-04-13 17:12:33.742 UTC ] [OracleHome.getVersion:991]  OracleHome.getVersion called.  Current Version: 12.1.0.2.0
[main] [ 2016-04-13 17:12:33.742 UTC ] [OracleHome.getVersion:1059]  Current Version From Inventory: 12.1.0.2.0
[main] [ 2016-04-13 17:12:33.743 UTC ] [OracleHome.getVersion:991]  OracleHome.getVersion called.  Current Version: 12.1.0.2.0
[main] [ 2016-04-13 17:12:33.743 UTC ] [OracleHome.getVersion:1059]  Current Version From Inventory: 12.1.0.2.0
[main] [ 2016-04-13 17:12:33.743 UTC ] [SQLPlusEngine.getCmmdParams:225]  m_home 12.1.0.2.0
[main] [ 2016-04-13 17:12:33.744 UTC ] [SQLPlusEngine.getCmmdParams:226]  version > 112 true
[main] [ 2016-04-13 17:12:33.744 UTC ] [OsUtilsBase.getBaseFromOrabase:659]  oraBaseUtility /u01/app/12.1.0.2/grid/bin/orabase
[main] [ 2016-04-13 17:12:33.744 UTC ] [OsUtilsBase.getBaseFromOrabase:668]  cmds: /u01/app/12.1.0.2/grid/bin/orabase
[main] [ 2016-04-13 17:12:33.744 UTC ] [OsUtilsBase.getBaseFromOrabase:672]  envs:  ORACLE_HOME=/u01/app/12.1.0.2/grid
[main] [ 2016-04-13 17:12:33.746 UTC ] [OsUtilsBase.getBaseFromOrabase:682]  baseLocation from orabase 
/u01/app/grid
[main] [ 2016-04-13 17:12:33.747 UTC ] [OsUtilsBase.getBaseFromOrabase:707]   orabaseLocation= /u01/app/grid
[main] [ 2016-04-13 17:12:33.747 UTC ] [SQLEngine.getEnvParams:602]  Default NLS_LANG: AMERICAN_AMERICA.AL32UTF8
[main] [ 2016-04-13 17:12:33.747 UTC ] [SQLEngine.getEnvParams:612]  NLS_LANG: AMERICAN_AMERICA.AL32UTF8
[main] [ 2016-04-13 17:12:33.748 UTC ] [SQLEngine.initialize:358]  Execing SQLPLUS/SVRMGR process...
[main] [ 2016-04-13 17:12:33.749 UTC ] [SQLEngine.initialize:395]  m_bReaderStarted: false
[main] [ 2016-04-13 17:12:33.749 UTC ] [SQLEngine.initialize:399]  Starting Reader Thread... 
[main] [ 2016-04-13 17:12:33.775 UTC ] [ASMUtils.createASMTwoTaskSQLEngine:1598]  Connected to ASM
[main] [ 2016-04-13 17:12:33.775 UTC ] [SQLEngine.done:2278]  Done called
[main] [ 2016-04-13 17:12:33.776 UTC ] [SQLEngine.reInitialize:785]  Reinitializing SQLEngine...
[main] [ 2016-04-13 17:12:33.776 UTC ] [OracleHome.getVersion:991]  OracleHome.getVersion called.  Current Version: 12.1.0.2.0
[main] [ 2016-04-13 17:12:33.776 UTC ] [OracleHome.getVersion:1059]  Current Version From Inventory: 12.1.0.2.0
[main] [ 2016-04-13 17:12:33.776 UTC ] [OracleHome.getVersion:991]  OracleHome.getVersion called.  Current Version: 12.1.0.2.0
[main] [ 2016-04-13 17:12:33.777 UTC ] [OracleHome.getVersion:1059]  Current Version From Inventory: 12.1.0.2.0
[main] [ 2016-04-13 17:12:33.777 UTC ] [OracleHome.getVersion:991]  OracleHome.getVersion called.  Current Version: 12.1.0.2.0
[main] [ 2016-04-13 17:12:33.777 UTC ] [OracleHome.getVersion:1059]  Current Version From Inventory: 12.1.0.2.0
[main] [ 2016-04-13 17:12:33.777 UTC ] [SQLPlusEngine.getCmmdParams:225]  m_home 12.1.0.2.0
[main] [ 2016-04-13 17:12:33.777 UTC ] [SQLPlusEngine.getCmmdParams:226]  version > 112 true
[main] [ 2016-04-13 17:12:33.778 UTC ] [OsUtilsBase.getBaseFromOrabase:659]  oraBaseUtility /u01/app/12.1.0.2/grid/bin/orabase
[main] [ 2016-04-13 17:12:33.778 UTC ] [OsUtilsBase.getBaseFromOrabase:668]  cmds: /u01/app/12.1.0.2/grid/bin/orabase
[main] [ 2016-04-13 17:12:33.778 UTC ] [OsUtilsBase.getBaseFromOrabase:672]  envs:  ORACLE_HOME=/u01/app/12.1.0.2/grid
[main] [ 2016-04-13 17:12:33.780 UTC ] [OsUtilsBase.getBaseFromOrabase:682]  baseLocation from orabase 
/u01/app/grid
[main] [ 2016-04-13 17:12:33.780 UTC ] [OsUtilsBase.getBaseFromOrabase:707]   orabaseLocation= /u01/app/grid
[main] [ 2016-04-13 17:12:33.780 UTC ] [SQLEngine.getEnvParams:602]  Default NLS_LANG: AMERICAN_AMERICA.AL32UTF8
[main] [ 2016-04-13 17:12:33.781 UTC ] [SQLEngine.getEnvParams:612]  NLS_LANG: AMERICAN_AMERICA.AL32UTF8
[main] [ 2016-04-13 17:12:33.781 UTC ] [SQLEngine.initialize:358]  Execing SQLPLUS/SVRMGR process...
[main] [ 2016-04-13 17:12:33.782 UTC ] [SQLEngine.initialize:395]  m_bReaderStarted: false
[main] [ 2016-04-13 17:12:33.782 UTC ] [SQLEngine.initialize:399]  Starting Reader Thread... 
[main] [ 2016-04-13 17:12:33.782 UTC ] [SQLEngine.initialize:448]  Waiting for m_bReaderStarted to be true 
[main] [ 2016-04-13 17:12:33.851 UTC ] [UsmcaLogger.logInfo:136]  SQL: select count(*) from gv$parameter where name='instance_type' and upper(value)='ASM'
[main] [ 2016-04-13 17:12:33.870 UTC ] [UsmcaLogger.logInfo:136]  gv$ query successful
[main] [ 2016-04-13 17:12:33.870 UTC ] [UsmcaLogger.logEntry:111]  Entering oracle.sysman.assistants.usmca.backend.USMInstanceRac Method : createASMProxyEngine
[main] [ 2016-04-13 17:12:33.872 UTC ] [ProxyASMImpl.<init>:132]  values.length is 2, values[0]=ora, values[1]=proxy_advm
[main] [ 2016-04-13 17:12:33.875 UTC ] [EntityOperations.isEntityRegisteredCRSD:354]  entity: ora.proxy_advm, type: 1, registered: true
[main] [ 2016-04-13 17:12:33.895 UTC ] [EntityOperations.isEntityRegisteredCRSD:354]  entity: ora.proxy_advm, type: 1, registered: true
[main] [ 2016-04-13 17:12:33.916 UTC ] [CRSNative.searchEntities:664]  found 2 entities
[main] [ 2016-04-13 17:12:33.921 UTC ] [GetActiveNodes.create:226]  Returning an existing instance of GetActiveNodes
[main] [ 2016-04-13 17:12:33.921 UTC ] [UsmcaLogger.logInfo:136]  ASM proxy SID +APX1
[main] [ 2016-04-13 17:12:33.922 UTC ] [OracleHome.getVersion:991]  OracleHome.getVersion called.  Current Version: null
[main] [ 2016-04-13 17:12:33.925 UTC ] [InventoryUtil.getOUIInvSession:349]  setting OUI READ level to ACCESSLEVEL_READ_LOCKLESS
[main] [ 2016-04-13 17:12:33.926 UTC ] [OracleHome.getVersion:1010]  Homeinfo /u01/app/12.1.0.2/grid,11
[main] [ 2016-04-13 17:12:33.993 UTC ] [OracleHome.getVersion:1038]  OracleHome.server.getVersion Version: 12.1.0.2.0
[main] [ 2016-04-13 17:12:33.993 UTC ] [OracleHome.getVersion:1059]  Current Version From Inventory: 12.1.0.2.0
[main] [ 2016-04-13 17:12:33.994 UTC ] [OracleHome.getVersion:991]  OracleHome.getVersion called.  Current Version: 12.1.0.2.0
[main] [ 2016-04-13 17:12:33.994 UTC ] [OracleHome.getVersion:1059]  Current Version From Inventory: 12.1.0.2.0
[main] [ 2016-04-13 17:12:33.994 UTC ] [OracleHome.getVersion:991]  OracleHome.getVersion called.  Current Version: 12.1.0.2.0
[main] [ 2016-04-13 17:12:33.994 UTC ] [OracleHome.getVersion:1059]  Current Version From Inventory: 12.1.0.2.0
[main] [ 2016-04-13 17:12:33.994 UTC ] [SQLPlusEngine.getCmmdParams:225]  m_home 12.1.0.2.0
[main] [ 2016-04-13 17:12:33.994 UTC ] [SQLPlusEngine.getCmmdParams:226]  version > 112 true
[main] [ 2016-04-13 17:12:33.995 UTC ] [OsUtilsBase.getBaseFromOrabase:659]  oraBaseUtility /u01/app/12.1.0.2/grid/bin/orabase
[main] [ 2016-04-13 17:12:33.995 UTC ] [OsUtilsBase.getBaseFromOrabase:668]  cmds: /u01/app/12.1.0.2/grid/bin/orabase
[main] [ 2016-04-13 17:12:33.995 UTC ] [OsUtilsBase.getBaseFromOrabase:672]  envs:  ORACLE_HOME=/u01/app/12.1.0.2/grid
[main] [ 2016-04-13 17:12:33.997 UTC ] [OsUtilsBase.getBaseFromOrabase:682]  baseLocation from orabase 
/u01/app/grid
[main] [ 2016-04-13 17:12:33.997 UTC ] [OsUtilsBase.getBaseFromOrabase:707]   orabaseLocation= /u01/app/grid
[main] [ 2016-04-13 17:12:33.998 UTC ] [SQLEngine.getEnvParams:602]  Default NLS_LANG: AMERICAN_AMERICA.AL32UTF8
[main] [ 2016-04-13 17:12:33.998 UTC ] [SQLEngine.getEnvParams:612]  NLS_LANG: AMERICAN_AMERICA.AL32UTF8
[main] [ 2016-04-13 17:12:33.998 UTC ] [SQLEngine.initialize:358]  Execing SQLPLUS/SVRMGR process...
[main] [ 2016-04-13 17:12:33.999 UTC ] [SQLEngine.initialize:395]  m_bReaderStarted: false
[main] [ 2016-04-13 17:12:33.999 UTC ] [SQLEngine.initialize:399]  Starting Reader Thread... 
[main] [ 2016-04-13 17:12:34.065 UTC ] [UsmcaLogger.logExit:119]  Exiting oracle.sysman.assistants.usmca.backend.USMInstanceRac Method : createASMProxyEngine
[main] [ 2016-04-13 17:12:34.065 UTC ] [InitParamAttributes.loadDBParams:4459]  ParamSql select name from v$parameter where isdefault='FALSE'union select name from v$system_parameter where ismodified='MODIFIED'
[main] [ 2016-04-13 17:12:34.147 UTC ] [InitParamAttributes.loadDBParams:4500]  loadDBParams: sid=+ASM paramSid=null
[main] [ 2016-04-13 17:12:34.165 UTC ] [InitParamAttributes.loadDBParams:4552]  Checking if SPFILE is used
[main] [ 2016-04-13 17:12:34.196 UTC ] [InitParamAttributes.loadDBParams:4563]  spParams = [Ljava.lang.String;@2bab5dae
[main] [ 2016-04-13 17:12:34.258 UTC ] [ASMParameters.loadASMParameters:464]  useSPFile=true
[main] [ 2016-04-13 17:12:34.258 UTC ] [UsmcaLogger.logEntry:111]  Entering oracle.sysman.assistants.usmca.backend.USMInstanceRac Method : updateInstances
[main] [ 2016-04-13 17:12:34.259 UTC ] [KfodUtil.kfodOutput:361]  /u01/app/12.1.0.2/grid/bin/kfod
[main] [ 2016-04-13 17:12:34.260 UTC ] [KfodUtil.kfodOutput:361]  nohdr=TRUE
[main] [ 2016-04-13 17:12:34.260 UTC ] [KfodUtil.kfodOutput:361]  OP=INSTS
[main] [ 2016-04-13 17:12:34.260 UTC ] [KfodUtil.kfodOutput:361]  status=true
[main] [ 2016-04-13 17:12:34.260 UTC ] [KfodUtil.kfodOutput:361]  hostlist=odie1,odie2
[main] [ 2016-04-13 17:12:34.320 UTC ] [KfodUtil.kfodOutput:372]  Kfod result 
+ASM1 /u01/app/12.1.0.2/grid odie1 
+ASM2 /u01/app/12.1.0.2/grid odie2 
[main] [ 2016-04-13 17:12:34.324 UTC ] [UsmcaLogger.logInfo:136]  Node odie1
[main] [ 2016-04-13 17:12:34.324 UTC ] [UsmcaLogger.logInfo:136]  +ASM1
[main] [ 2016-04-13 17:12:34.324 UTC ] [UsmcaLogger.logInfo:136]  UP
[main] [ 2016-04-13 17:12:34.324 UTC ] [UsmcaLogger.logInfo:136]  Node odie2
[main] [ 2016-04-13 17:12:34.325 UTC ] [UsmcaLogger.logInfo:136]  +ASM2
[main] [ 2016-04-13 17:12:34.325 UTC ] [UsmcaLogger.logInfo:136]  UP
[main] [ 2016-04-13 17:12:34.326 UTC ] [UsmcaLogger.logExit:119]  Exiting oracle.sysman.assistants.usmca.backend.USMInstanceRac Method : updateInstances
[main] [ 2016-04-13 17:12:34.326 UTC ] [UsmcaLogger.logInfo:136]  is ASM latest true
[main] [ 2016-04-13 17:12:34.326 UTC ] [UsmcaLogger.logExit:119]  Exiting oracle.sysman.assistants.usmca.backend.USMInstanceRac Method : discoverASMInstance
[main] [ 2016-04-13 17:12:34.326 UTC ] [USMInstanceRac.initialize:467]  Reinitializing clustdbUtils...
[main] [ 2016-04-13 17:12:34.330 UTC ] [ClusterDatabaseUtils.<init>:267]  RACHA = true
[main] [ 2016-04-13 17:12:34.330 UTC ] [GetActiveNodes.create:226]  Returning an existing instance of GetActiveNodes
[main] [ 2016-04-13 17:12:34.330 UTC ] [UsmcaLogger.logExit:119]  Exiting oracle.sysman.assistants.usmca.backend.USMInstanceRac Method : initialize
[main] [ 2016-04-13 17:12:34.332 UTC ] [UsmcaLogger.logEntry:111]  Entering oracle.sysman.assistants.usmca.backend.USMVolumeManagerRac Method : createVolumes
[main] [ 2016-04-13 17:12:34.332 UTC ] [UsmcaLogger.logEntry:111]  Entering oracle.sysman.assistants.usmca.backend.USMVolumeManagerRac Method : createVolumes
[main] [ 2016-04-13 17:12:34.332 UTC ] [SQLEngine.doSQLSubstitution:2506]  The substituted sql statement:=select count(*) from v$asm_volume vol, v$asm_diskgroup dg where vol.volume_name=upper('datafsvol') and dg.name=upper('RECO') and vol.group_number=dg.group_number
[main] [ 2016-04-13 17:12:34.434 UTC ] [UsmcaLogger.logExit:119]  Exiting oracle.sysman.assistants.usmca.backend.USMDiskGroupManagerRac Method : initialize:rac
[main] [ 2016-04-13 17:12:34.434 UTC ] [SQLEngine.doSQLSubstitution:2506]  The substituted sql statement:=select count(*) from v$ASM_DISKGROUP where name=upper('RECO')
[main] [ 2016-04-13 17:12:34.448 UTC ] [UsmcaLogger.logExit:119]  Exiting oracle.sysman.assistants.usmca.backend.USMDiskGroupManagerRac Method : initialize:rac
[main] [ 2016-04-13 17:12:34.448 UTC ] [SQLEngine.doSQLSubstitution:2506]  The substituted sql statement:=select state from v$asm_diskgroup where name=upper('RECO')
[main] [ 2016-04-13 17:12:34.459 UTC ] [UsmcaLogger.logInfo:136]  SQLALTER DISKGROUP RECO ADD VOLUME datafsvol SIZE 5242880K
[main] [ 2016-04-13 17:12:36.146 UTC ] [UsmcaLogger.logInfo:136]  Volume datafsvol created successfully.
[main] [ 2016-04-13 17:12:36.146 UTC ] [UsmcaLogger.logExit:119]  Exiting oracle.sysman.assistants.usmca.backend.USMVolumeManagerRac Method : createVolumes
[main] [ 2016-04-13 17:12:36.146 UTC ] [UsmcaLogger.logEntry:111]  Entering oracle.sysman.assistants.usmca.backend.USMVolumeManagerRac Method : fetchVolumes
[main] [ 2016-04-13 17:12:36.148 UTC ] [UsmcaLogger.logInfo:136]  Fetch SQL:select inst.INSTANCE_NAME||'|'|| vol.VOLUME_NAME||'|'||vol.VOLUME_DEVICE||'|'||dg.NAME||'|'||nvl(vol.STATE, 'USMCA_NULL')||'|'||nvl(vol.USAGE, 'USMCA_NULL')||'|'||nvl(vol.MOUNTPATH, 'USMCA_NULL')||'|'||round(nvl(vol.SIZE_MB,0)) from gv$asm_volume vol, gv$asm_diskgroup dg, gv$instance inst where vol.GROUP_NUMBER = dg.GROUP_NUMBER and inst.INST_ID=vol.INST_ID and inst.INST_ID=dg.INST_ID order by NAME
[main] [ 2016-04-13 17:12:36.723 UTC ] [CRSNative.searchEntities:664]  found 2 entities
[main] [ 2016-04-13 17:12:36.724 UTC ] [VolumeImpl.<init>:121]  value of attribute = ora.RECO.ACFSVOL.advm
[main] [ 2016-04-13 17:12:36.725 UTC ] [VolumeImpl.<init>:140]  m_name = ora.RECO.ACFSVOL.advm, m_displayName = RECO.ACFSVOL, disk group name = RECO, volume name = ACFSVOL
[main] [ 2016-04-13 17:12:36.750 UTC ] [EntityOperations.isEntityRegisteredCRSD:354]  entity: ora.RECO.ACFSVOL.advm, type: 1, registered: true
[main] [ 2016-04-13 17:12:36.750 UTC ] [VolumeImpl.<init>:121]  value of attribute = ora.RECO.DATAFSVOL.advm
[main] [ 2016-04-13 17:12:36.751 UTC ] [VolumeImpl.<init>:140]  m_name = ora.RECO.DATAFSVOL.advm, m_displayName = RECO.DATAFSVOL, disk group name = RECO, volume name = DATAFSVOL
[main] [ 2016-04-13 17:12:36.762 UTC ] [EntityOperations.isEntityRegisteredCRSD:354]  entity: ora.RECO.DATAFSVOL.advm, type: 1, registered: true
[main] [ 2016-04-13 17:12:36.762 UTC ] [HAASMUtils.getRunningNodesForAllVolumes:1983]  Volume resource list 2
[main] [ 2016-04-13 17:12:36.762 UTC ] [VolumeImpl.crsResource:652]  calling parent's crsResource
[main] [ 2016-04-13 17:12:36.782 UTC ] [EntityOperations.isEntityRegisteredCRSD:354]  entity: ora.RECO.ACFSVOL.advm, type: 1, registered: true
[main] [ 2016-04-13 17:12:36.783 UTC ] [EntityOperations.fetchRunningNodeNames:1207]  Looking for nodes: resource ora.RECO.ACFSVOL.advm
[main] [ 2016-04-13 17:12:36.803 UTC ] [CRSNative.searchEntities:664]  found 2 entities
[main] [ 2016-04-13 17:12:36.804 UTC ] [EntityOperations.fetchRunningNodeNames:1239]  	riid : ora.RECO.ACFSVOL.advm odie1 1 node: odie1, state ONLINE, istate STABLE
[main] [ 2016-04-13 17:12:36.804 UTC ] [EntityOperations.fetchRunningNodeNames:1239]  	riid : ora.RECO.ACFSVOL.advm odie2 1 node: odie2, state ONLINE, istate STABLE
[main] [ 2016-04-13 17:12:36.804 UTC ] [CRSCache.getAttributesFromCRS:155]  CRS: name: ora.RECO.ACFSVOL.advm, type 1, node: null
[main] [ 2016-04-13 17:12:36.804 UTC ] [CRSCache.getAttributesFromCRS:156]  attrs: [VOLUME_DEVICE]
[main] [ 2016-04-13 17:12:36.823 UTC ] [CRSCache.getAttributesFromCRS:163]  CRS: [<VOLUME_DEVICE:/dev/asm/acfsvol-316>]
[main] [ 2016-04-13 17:12:36.823 UTC ] [VolumeImpl.crsResource:652]  calling parent's crsResource
[main] [ 2016-04-13 17:12:36.843 UTC ] [EntityOperations.isEntityRegisteredCRSD:354]  entity: ora.RECO.DATAFSVOL.advm, type: 1, registered: true
[main] [ 2016-04-13 17:12:36.843 UTC ] [EntityOperations.fetchRunningNodeNames:1207]  Looking for nodes: resource ora.RECO.DATAFSVOL.advm
[main] [ 2016-04-13 17:12:36.864 UTC ] [CRSNative.searchEntities:664]  found 2 entities
[main] [ 2016-04-13 17:12:36.864 UTC ] [EntityOperations.fetchRunningNodeNames:1239]  	riid : ora.RECO.DATAFSVOL.advm odie2 1 node: odie2, state ONLINE, istate STABLE
[main] [ 2016-04-13 17:12:36.865 UTC ] [CRSCache.getAttributesFromCRS:155]  CRS: name: ora.RECO.DATAFSVOL.advm, type 1, node: null
[main] [ 2016-04-13 17:12:36.865 UTC ] [CRSCache.getAttributesFromCRS:156]  attrs: [VOLUME_DEVICE]
[main] [ 2016-04-13 17:12:36.884 UTC ] [CRSCache.getAttributesFromCRS:163]  CRS: [<VOLUME_DEVICE:/dev/asm/datafsvol-316>]
[main] [ 2016-04-13 17:12:36.884 UTC ] [ClusterUtil.<init>:85]  ClusterUtil Instance created
[main] [ 2016-04-13 17:12:36.884 UTC ] [ClusterUtil.<init>:88]  ClusterUtil m_bSKGXN=true
[main] [ 2016-04-13 17:12:36.886 UTC ] [ClusterUtil.<init>:85]  ClusterUtil Instance created
[main] [ 2016-04-13 17:12:36.886 UTC ] [ClusterUtil.<init>:88]  ClusterUtil m_bSKGXN=true
[main] [ 2016-04-13 17:12:36.887 UTC ] [GetActiveNodes.getHostName:518]  hostname = odie1
[main] [ 2016-04-13 17:12:36.887 UTC ] [Cluster.getHostName:1344]  hostname = odie1
[main] [ 2016-04-13 17:12:36.887 UTC ] [UsmcaLogger.logInfo:136]  Volume state count from resource 2 for volume /dev/asm/acfsvol-316
[main] [ 2016-04-13 17:12:36.888 UTC ] [NodeImpl.equals:210]  m_nodeName = odie1, node.m_nodeName = odie1 
[main] [ 2016-04-13 17:12:36.888 UTC ] [UsmcaLogger.logInfo:136]  Volume state count from resource 1 for volume /dev/asm/datafsvol-316
[main] [ 2016-04-13 17:12:36.888 UTC ] [NodeImpl.equals:210]  m_nodeName = odie1, node.m_nodeName = odie2 
[main] [ 2016-04-13 17:12:36.888 UTC ] [UsmcaLogger.logInfo:136]  Volumes fetched successfully. Check /u01/app/grid/cfgtoollogs/asmca/asmca-160413PM051229.log for details.
[main] [ 2016-04-13 17:12:36.888 UTC ] [UsmcaLogger.logExit:119]  Exiting oracle.sysman.assistants.usmca.backend.USMVolumeManagerRac Method : fetchVolumes
[main] [ 2016-04-13 17:12:36.889 UTC ] [UsmcaLogger.logExit:119]  Exiting oracle.sysman.assistants.usmca.backend.USMVolumeManagerRac Method : createVolumes
[main] [ 2016-04-13 17:12:36.889 UTC ] [UsmcaLogger.logExit:119]  Exiting oracle.sysman.assistants.usmca.model.UsmcaModelRac Method : performOperation
[main] [ 2016-04-13 17:12:36.889 UTC ] [UsmcaLogger.logExit:119]  Exiting oracle.sysman.assistants.usmca.model.UsmcaModelRac Method : performOperation
