2017-07-06 10:26:26,146 INFO  [1] com.oracle.glcm.patch.auto.OPatchAuto - OPatchAuto version: 13.9.1.1.0
2017-07-06 10:26:26,149 INFO  [1] com.oracle.cie.common.util.reporting.CommonReporter - Reporting console output : Message{id='null', message='Session log file is /u01/app/oracle/product/12.1.0.2/dbhome_1/cfgtoollogs/opatchauto/opatchauto2017-07-06_10-26-26AM.log'}
2017-07-06 10:26:26,631 INFO  [1] com.oracle.cie.common.util.reporting.CommonReporter - Reporting console output : Message{id='null', message='
WARNING: the option -ocmrf is deprecated and no longer needed. OPatch no longer checks for OCM configuration. It will be removed in a future release.
'}
2017-07-06 10:26:26,633 INFO  [1] com.oracle.glcm.patch.auto.OPatchAutoOptions - OPatchAutoOptions configured options:
2017-07-06 10:26:26,634 INFO  [1] com.oracle.glcm.patch.auto.OPatchAutoOptions - Option: patch.location:patch-location Value:/tmp/oakpatch/db/12.1.0.2.0/24732082/24917825
2017-07-06 10:26:26,634 INFO  [1] com.oracle.glcm.patch.auto.OPatchAutoOptions - Option: home:-oh Value:/u01/app/oracle/product/12.1.0.2/dbhome_1
2017-07-06 10:26:26,634 INFO  [1] com.oracle.glcm.patch.auto.OPatchAutoOptions - Option: log:-log Value:/u01/app/oracle/product/12.1.0.2/dbhome_1/cfgtoollogs/opatchauto/opatchauto2017-07-06_10-26-26AM.log
2017-07-06 10:26:26,634 INFO  [1] com.oracle.glcm.patch.auto.OPatchAutoOptions - Option: log_priority:-logLevel Value:INFO
2017-07-06 10:26:26,634 INFO  [1] com.oracle.glcm.patch.auto.OPatchAutoOptions - Option: inventory.pointer.location:-invPtrLoc Value:/u01/app/oracle/product/12.1.0.2/dbhome_1/oraInst.loc
2017-07-06 10:26:26,634 INFO  [1] com.oracle.glcm.patch.auto.OPatchAutoOptions - Option: host:-host Value:odie2.ship.iodp.tamu.edu
2017-07-06 10:26:26,634 INFO  [1] com.oracle.glcm.patch.auto.OPatchAutoOptions - Option: patch.plan:-plan Value:siha
2017-07-06 10:26:26,634 INFO  [1] com.oracle.glcm.patch.auto.OPatchAutoOptions - Option: ocmrf:-ocmrf Value:/opt/oracle/oak/pkgrepos/System/12.1.2.10.0/conf/default-ocm.rsp
2017-07-06 10:26:26,635 INFO  [1] com.oracle.glcm.patch.auto.OPatchAutoOptions - Option: nonrolling:-nonrolling Value:false
2017-07-06 10:26:26,635 INFO  [1] com.oracle.glcm.patch.auto.OPatchAutoOptions - Option: session:-session Value:37SV
2017-07-06 10:26:26,811 INFO  [1] com.oracle.glcm.patch.auto.OPatchAuto - The id for this session is 37SV
2017-07-06 10:26:26,811 INFO  [1] com.oracle.cie.common.util.reporting.CommonReporter - Reporting console output : Message{id='null', message='The id for this session is 37SV'}
2017-07-06 10:26:26,833 INFO  [1] com.oracle.glcm.patch.auto.db.framework.core.patch.impl.PatchPackageFactoryImpl - Entering getPatchPackageFromDir, getting patch object for the given patch location /tmp/oakpatch/db/12.1.0.2.0/24732082/24917825
2017-07-06 10:26:26,991 INFO  [1] oracle.dbsysmodel.engineeredsystem.EngineeredSystemPatchValidatorAndGenerator - There is a composite patch in /tmp/oakpatch/db/12.1.0.2.0/24732082/24917825/24732082
2017-07-06 10:26:27,151 INFO  [1] com.oracle.glcm.patch.auto.db.framework.core.patch.OPatchBundlePatchValidatorAndGenerator - Bundle.xml does not exist
2017-07-06 10:26:27,151 INFO  [1] com.oracle.glcm.patch.auto.db.framework.core.patch.OPatchSingletonPatchValidatorAndGenerator - inventory.xml found at /tmp/oakpatch/db/12.1.0.2.0/24732082/24917825/21436941/etc/config/inventory.xml which implies it is an OPatch Singleton patch
2017-07-06 10:26:27,333 INFO  [1] com.oracle.glcm.patch.auto.db.framework.core.patch.OPatchBundlePatchValidatorAndGenerator - Bundle.xml does not exist
2017-07-06 10:26:27,334 INFO  [1] com.oracle.glcm.patch.auto.db.framework.core.patch.CompositePatchValidatorAndGenerator - Inventory.xml found at /tmp/oakpatch/db/12.1.0.2.0/24732082/24917825/24732082/24732082/etc/config/inventory.xml which implies it contains a valid OPatch Singleton patch. Also contains patch with composite.xml at /tmp/oakpatch/db/12.1.0.2.0/24732082/24917825/24732082/24732082/etc/config/composite.xml
2017-07-06 10:26:27,334 INFO  [1] com.oracle.glcm.patch.auto.db.framework.core.patch.OPatchSingletonPatchValidatorAndGenerator - inventory.xml found at /tmp/oakpatch/db/12.1.0.2.0/24732082/24917825/24732082/23054246/etc/config/inventory.xml which implies it is an OPatch Singleton patch
2017-07-06 10:26:27,393 INFO  [1] com.oracle.glcm.patch.auto.db.framework.core.patch.OPatchSingletonPatchValidatorAndGenerator - inventory.xml found at /tmp/oakpatch/db/12.1.0.2.0/24732082/24917825/24732082/22291127/etc/config/inventory.xml which implies it is an OPatch Singleton patch
2017-07-06 10:26:27,416 INFO  [1] com.oracle.glcm.patch.auto.db.framework.core.patch.OPatchSingletonPatchValidatorAndGenerator - inventory.xml found at /tmp/oakpatch/db/12.1.0.2.0/24732082/24917825/24732082/21948354/etc/config/inventory.xml which implies it is an OPatch Singleton patch
2017-07-06 10:26:27,433 INFO  [1] com.oracle.glcm.patch.auto.db.framework.core.patch.OPatchSingletonPatchValidatorAndGenerator - inventory.xml found at /tmp/oakpatch/db/12.1.0.2.0/24732082/24917825/24732082/21359755/etc/config/inventory.xml which implies it is an OPatch Singleton patch
2017-07-06 10:26:27,448 INFO  [1] com.oracle.glcm.patch.auto.db.framework.core.patch.OPatchSingletonPatchValidatorAndGenerator - inventory.xml found at /tmp/oakpatch/db/12.1.0.2.0/24732082/24917825/24732082/24732082/etc/config/inventory.xml which implies it is an OPatch Singleton patch
2017-07-06 10:26:27,472 INFO  [1] com.oracle.glcm.patch.auto.db.framework.core.patch.OPatchSingletonPatchValidatorAndGenerator - inventory.xml found at /tmp/oakpatch/db/12.1.0.2.0/24732082/24917825/24732082/24006101/etc/config/inventory.xml which implies it is an OPatch Singleton patch
2017-07-06 10:26:27,493 INFO  [1] com.oracle.glcm.patch.auto.db.framework.core.patch.OPatchSingletonPatchValidatorAndGenerator - inventory.xml found at /tmp/oakpatch/db/12.1.0.2.0/24732082/24917825/24732082/20299023/etc/config/inventory.xml which implies it is an OPatch Singleton patch
2017-07-06 10:26:27,510 INFO  [1] com.oracle.glcm.patch.auto.db.framework.core.patch.OPatchSingletonPatchValidatorAndGenerator - inventory.xml found at /tmp/oakpatch/db/12.1.0.2.0/24732082/24917825/24732082/20831110/etc/config/inventory.xml which implies it is an OPatch Singleton patch
2017-07-06 10:26:27,519 INFO  [1] com.oracle.glcm.patch.auto.db.framework.core.patch.OPatchSingletonPatchValidatorAndGenerator - inventory.xml found at /tmp/oakpatch/db/12.1.0.2.0/24732082/24917825/24732082/19769480/etc/config/inventory.xml which implies it is an OPatch Singleton patch
2017-07-06 10:26:27,536 INFO  [1] com.oracle.glcm.patch.auto.db.framework.core.patch.OPatchBundlePatchValidatorAndGenerator - Bundle.xml does not exist
2017-07-06 10:26:27,536 INFO  [1] com.oracle.glcm.patch.auto.db.framework.core.patch.OPatchSingletonPatchValidatorAndGenerator - inventory.xml found at /tmp/oakpatch/db/12.1.0.2.0/24732082/24917825/24828633/etc/config/inventory.xml which implies it is an OPatch Singleton patch
2017-07-06 10:26:27,576 INFO  [1] com.oracle.glcm.patch.auto.db.framework.core.patch.OPatchBundlePatchValidatorAndGenerator - Bundle.xml does not exist
2017-07-06 10:26:27,577 INFO  [1] com.oracle.glcm.patch.auto.db.framework.core.patch.OPatchSingletonPatchValidatorAndGenerator - inventory.xml found at /tmp/oakpatch/db/12.1.0.2.0/24732082/24917825/24828643/etc/config/inventory.xml which implies it is an OPatch Singleton patch
2017-07-06 10:26:27,605 INFO  [1] com.oracle.glcm.patch.auto.db.product.validation.validators.CheckForNullValuesValidator - Method Filter's for class dbmodel.db_crs.CRSCluster don't exist or is empty in the Validation Filter map. This class will be ignored for validation
2017-07-06 10:26:27,711 INFO  [1] com.oracle.glcm.patch.auto.OPatchAuto - Topology loaded:
Topology Hosts: [odie2 Homes: [/u01/app/oracle/product/12.1.0.2/dbhome_1 [sidb [home], default [home]]]]
2017-07-06 10:26:27,977 INFO  [39] com.oracle.cie.wizard.silent.tasks.LogKeyTask - The key operation has a value of <apply>
2017-07-06 10:26:27,977 INFO  [40] com.oracle.cie.wizard.silent.tasks.LogKeyTask - The key patch.plan has a value of <siha>
2017-07-06 10:26:27,978 INFO  [41] com.oracle.cie.wizard.silent.tasks.LogKeyTask - The key patch.plan.target has a value of <siha>
2017-07-06 10:26:27,980 INFO  [36] com.oracle.cie.wizard.internal.tasks.EvaluateExternalWCF - No extension file: wcf/opatchauto/db_lifecycle.xml available in classpath.
2017-07-06 10:26:28,216 WARNING [36] com.oracle.cie.wizard.internal.wcf.WCFParser$WCFValidationEventHandler - [jar:file:/u01/app/oracle/product/12.1.0.2/dbhome_1/OPatch/auto/database/modules/com.oracle.glcm.patch.opatchautodb-actions_13.9.1.1.jar!/wcf/opatchauto/db_siha_patch_plan.xml - line:7, column:85] cvc-complex-type.4: Attribute 'default-target' must appear on element 'wizard-control-file'.
2017-07-06 10:26:28,255 INFO  [56] com.oracle.glcm.patch.auto.action.PatchActionExecutor - Execute called for patch actions of [init:init] phase:goal.
2017-07-06 10:26:28,255 INFO  [56] com.oracle.glcm.patch.auto.action.PatchActionExecutor - Attempting to execute patch actions [OPatchAutoBinaryAction, SDBPatchAction, GIRACPrereqAction, SIHAPrereqAction, SIDBPrereqAction, DGOGGPatchAction, RACDBPrereqAction] for [init:init] phase:goal using patch targets [odie2->/u01/app/oracle/product/12.1.0.2/dbhome_1 Type[sidb]] for types [sidb]
2017-07-06 10:26:28,258 INFO  [57] com.oracle.glcm.patch.auto.action.LocalPatchActionRunner - Local patch action runner executing is required check for patch action OPatchAutoBinaryAction on patch target odie2->/u01/app/oracle/product/12.1.0.2/dbhome_1 Type[sidb]
2017-07-06 10:26:28,275 INFO  [57] com.oracle.glcm.patch.auto.db.integration.controller.action.DBCommonPatchAction - Is command needs to be executed for current oracle home::true
2017-07-06 10:26:28,276 INFO  [56] com.oracle.glcm.patch.auto.action.PatchActionExecutor - Executing patch action [com.oracle.glcm.patch.auto.db.integration.controller.action.OPatchAutoBinaryAction] for patch targets [odie2->/u01/app/oracle/product/12.1.0.2/dbhome_1 Type[sidb]].
2017-07-06 10:26:28,276 INFO  [58] com.oracle.glcm.patch.auto.action.LocalPatchActionRunner - Local patch action runner executing patch action OPatchAutoBinaryAction on patch target odie2->/u01/app/oracle/product/12.1.0.2/dbhome_1 Type[sidb]
2017-07-06 10:26:28,276 INFO  [58] com.oracle.cie.common.util.reporting.CommonReporter - Reporting console output : Message{id='null', message='
Executing OPatch prereq operations to verify patch applicability on home /u01/app/oracle/product/12.1.0.2/dbhome_1'}
2017-07-06 10:26:28,395 INFO  [58] com.oracle.glcm.patch.auto.db.integration.controller.action.OPatchAutoBinaryAction - 
Executing command as oracle: 
 /u01/app/oracle/product/12.1.0.2/dbhome_1/OPatch/opatchauto  apply /tmp/oakpatch/db/12.1.0.2.0/24732082/24917825 -oh /u01/app/oracle/product/12.1.0.2/dbhome_1 -target_type oracle_database -binary -invPtrLoc /u01/app/oracle/product/12.1.0.2/dbhome_1/oraInst.loc -persistresult /u01/app/oracle/product/12.1.0.2/dbhome_1/OPatch/auto/dbsessioninfo/sessionresult_analyze_odie2_SHIPTEST.ser -analyze -online
2017-07-06 10:26:52,064 INFO  [58] com.oracle.glcm.patch.auto.db.integration.controller.action.OPatchAutoBinaryAction - Opatchcore binary return code=0
2017-07-06 10:26:52,064 INFO  [58] com.oracle.glcm.patch.auto.db.integration.controller.action.OPatchAutoBinaryAction - Opatchcore binary output=Oracle Home : /u01/app/oracle/product/12.1.0.2/dbhome_1

OPatchAuto binary patching Tool
Copyright (c)2014, Oracle Corporation. All rights reserved.

OPatchauto Version : 13.9.1.0.0
Running from       : /u01/app/oracle/product/12.1.0.2/dbhome_1

opatchauto log file: /u01/app/oracle/product/12.1.0.2/dbhome_1/cfgtoollogs/opatchauto/opatchauto_2017-07-06_10-26-28_binary.log

Target type : oracle_database

Patch selected: /tmp/oakpatch/db/12.1.0.2.0/24732082/24917825


Analysing this list of patches : 
[/tmp/oakpatch/db/12.1.0.2.0/24732082/24917825/24732082, /tmp/oakpatch/db/12.1.0.2.0/24732082/24917825/24828633] ...

Analysis completed.


opatchauto SUCCEEDED.



2017-07-06 10:26:52,064 INFO  [58] com.oracle.glcm.patch.auto.db.integration.controller.action.OPatchAutoBinaryAction - Opatchcore binary error message=
2017-07-06 10:26:52,064 INFO  [58] com.oracle.glcm.patch.auto.db.integration.controller.action.OPatchAutoBinaryAction - Reading session result from /u01/app/oracle/product/12.1.0.2/dbhome_1/OPatch/auto/dbsessioninfo/sessionresult_analyze_odie2_SHIPTEST.ser
2017-07-06 10:26:52,073 INFO  [58] com.oracle.glcm.patch.auto.db.integration.controller.action.OPatchAutoBinaryAction - 

==Following patches were SKIPPED:

Patch: /tmp/oakpatch/db/12.1.0.2.0/24732082/24917825/21436941
Reason: This patch is not applicable to this specified target type - "oracle_database"

Patch: /tmp/oakpatch/db/12.1.0.2.0/24732082/24917825/24828643
Reason: This patch is not applicable to this specified target type - "oracle_database"


==Following patches were SUCCESSFULLY analyzed to be applied:

Patch: /tmp/oakpatch/db/12.1.0.2.0/24732082/24917825/24732082
Log: /u01/app/oracle/product/12.1.0.2/dbhome_1/cfgtoollogs/opatchauto/core/opatch/opatch2017-07-06_10-26-29AM_1.log

Patch: /tmp/oakpatch/db/12.1.0.2.0/24732082/24917825/24828633
Log: /u01/app/oracle/product/12.1.0.2/dbhome_1/cfgtoollogs/opatchauto/core/opatch/opatch2017-07-06_10-26-29AM_1.log

2017-07-06 10:26:52,075 INFO  [58] com.oracle.cie.common.util.reporting.CommonReporter - Reporting console output : Message{id='null', message='Patch applicablity verified successfully on home /u01/app/oracle/product/12.1.0.2/dbhome_1
'}
2017-07-06 10:26:52,075 INFO  [56] com.oracle.glcm.patch.auto.action.PatchActionExecutor - Skipping patch action because it does not support one of the current patch target types [sidb]
2017-07-06 10:26:52,075 INFO  [56] com.oracle.glcm.patch.auto.action.PatchActionExecutor - Skipping patch action because it does not support one of the current patch target types [sidb]
2017-07-06 10:26:52,075 INFO  [56] com.oracle.glcm.patch.auto.action.PatchActionExecutor - Skipping patch action because it does not support one of the current patch target types [sidb]
2017-07-06 10:26:52,076 INFO  [65] com.oracle.glcm.patch.auto.action.LocalPatchActionRunner - Local patch action runner executing is required check for patch action SIDBPrereqAction on patch target odie2->/u01/app/oracle/product/12.1.0.2/dbhome_1 Type[sidb]
2017-07-06 10:26:52,076 INFO  [65] com.oracle.glcm.patch.auto.db.integration.controller.action.DBCommonPatchAction - Is command needs to be executed for current oracle home::true
2017-07-06 10:26:52,076 INFO  [56] com.oracle.glcm.patch.auto.action.PatchActionExecutor - Executing patch action [com.oracle.glcm.patch.auto.db.integration.controller.action.siha.SIDBPrereqAction] for patch targets [odie2->/u01/app/oracle/product/12.1.0.2/dbhome_1 Type[sidb]].
2017-07-06 10:26:52,077 INFO  [66] com.oracle.glcm.patch.auto.action.LocalPatchActionRunner - Local patch action runner executing patch action SIDBPrereqAction on patch target odie2->/u01/app/oracle/product/12.1.0.2/dbhome_1 Type[sidb]
2017-07-06 10:26:52,077 INFO  [66] com.oracle.cie.common.util.reporting.CommonReporter - Reporting console output : Message{id='null', message='
Verifying patch inventory on home /u01/app/oracle/product/12.1.0.2/dbhome_1'}
2017-07-06 10:26:52,079 INFO  [66] com.oracle.glcm.patch.auto.db.product.DBPatchVersionSelection - Found CRSCluster- with version: 12.1.0.2.0
2017-07-06 10:26:52,091 INFO  [66] com.oracle.glcm.patch.auto.db.framework.sdk.patchplanner.SystemModelUtils - Base Class: class dbmodel.common.OracleHome PropertyName: owner Value: oracle
2017-07-06 10:26:52,093 INFO  [66] com.oracle.glcm.patch.auto.db.framework.sdk.patchplanner.SystemModelUtils - Base Class: class dbmodel.common.OracleHome PropertyName: owner Value: oracle
2017-07-06 10:26:54,296 INFO  [66] com.oracle.glcm.patch.auto.db.integration.controller.action.PrereqAction - Database "SHIPTEST" is not running. 
2017-07-06 10:26:54,298 INFO  [66] com.oracle.glcm.patch.auto.db.product.executor.PatchingStepExecutor - 
Executing command as oracle: 
 /u01/app/oracle/product/12.1.0.2/dbhome_1/OPatch/opatch lsinventory -invPtrLoc /u01/app/oracle/product/12.1.0.2/dbhome_1/oraInst.loc -oh /u01/app/oracle/product/12.1.0.2/dbhome_1
2017-07-06 10:26:56,283 INFO  [66] com.oracle.glcm.patch.auto.db.product.executor.PatchingStepExecutor - Successfully executed the above command.

2017-07-06 10:26:56,283 INFO  [66] com.oracle.glcm.patch.auto.db.product.executor.PatchingStepExecutor - Output from the command:
2017-07-06 10:26:56,283 INFO  [66] com.oracle.glcm.patch.auto.db.product.executor.PatchingStepExecutor - Oracle Interim Patch Installer version 12.2.0.1.8
Copyright (c) 2017, Oracle Corporation.  All rights reserved.


Oracle Home       : /u01/app/oracle/product/12.1.0.2/dbhome_1
Central Inventory : /u01/app/oraInventory
   from           : /u01/app/oracle/product/12.1.0.2/dbhome_1/oraInst.loc
OPatch version    : 12.2.0.1.8
OUI version       : 12.1.0.2.0
Log file location : /u01/app/oracle/product/12.1.0.2/dbhome_1/cfgtoollogs/opatch/opatch2017-07-06_10-26-54AM_1.log

Lsinventory Output file location : /u01/app/oracle/product/12.1.0.2/dbhome_1/cfgtoollogs/opatch/lsinv/lsinventory2017-07-06_10-26-54AM.txt

--------------------------------------------------------------------------------
Local Machine Information::
Hostname: odie2.ship.iodp.tamu.edu
ARU platform id: 226
ARU platform description:: Linux x86-64

Installed Top-level Products (1): 

Oracle Database 12c                                                  12.1.0.2.0
There are 1 products installed in this Oracle Home.


Interim patches (2) :

Patch  22291127     : applied on Fri Apr 15 10:45:40 UTC 2016
Unique Patch ID:  19694308
Patch description:  "Database Patch Set Update : 12.1.0.2.160419 (22291127)"
   Created on 6 Apr 2016, 03:46:21 hrs PST8PDT
Sub-patch  21948354; "Database Patch Set Update : 12.1.0.2.160119 (21948354)"
Sub-patch  21359755; "Database Patch Set Update : 12.1.0.2.5 (21359755)"
Sub-patch  20831110; "Database Patch Set Update : 12.1.0.2.4 (20831110)"
Sub-patch  20299023; "Database Patch Set Update : 12.1.0.2.3 (20299023)"
Sub-patch  19769480; "Database Patch Set Update : 12.1.0.2.2 (19769480)"
   Bugs fixed:
     21847223, 19189525, 19075256, 19141838, 22762046, 20117253, 19865345
     19791273, 19280225, 18845653, 19248799, 20951038, 19243521, 21756699
     18988834, 21281532, 19238590, 18921743, 20245930, 18799063, 19134173
     20373598, 19571367, 20476175, 20925795, 19018206, 20711718, 20387265
     20509482, 20588502, 19149990, 18849537, 17551063, 18886413, 19183343
     19703301, 21917884, 19001390, 18202441, 19189317, 19644859, 19358317
     19390567, 19279273, 19706965, 22528741, 19068970, 20825533, 19619732
     18607546, 20348653, 19649152, 19670108, 18940497, 18948177, 19315691
     19676905, 18964978, 19035573, 20165574, 19176326, 20413820, 20558005
     19176223, 19532017, 20904530, 20134339, 19450314, 22353346, 19074147
     18411216, 20361671, 20425790, 18966843, 21329301, 20294666, 19333670
     19195895, 19307662, 19371175, 20043616, 19154375, 20124446, 18914624
     19468991, 19883092, 19382851, 19520602, 19174521, 21875360, 19676012
     19326908, 19658708, 19591608, 20093776, 20618595, 21787056, 17835294
     19721304, 19791377, 19068610, 22173980, 20746251, 20048359, 19143550
     19185876, 19627012, 20281121, 19577410, 22092979, 19001359, 19518079
     18610915, 19490948, 18674024, 18306996, 19309466, 19081128, 19915271
     20122715, 21188532, 18791688, 20284155, 20890311, 21442094, 20596234
     18973548, 19303936, 19597439, 20936905, 20235511, 19888853, 21756677
     18964939, 19354335, 19430401, 19044962, 19639483, 21153266, 22353199
     19409212, 20657441, 19879746, 19684504, 19024808, 21260431, 21756661
     18799993, 20877664, 19028800, 20879889, 19065556, 19723336, 19077215
     19604659, 21421886, 19524384, 18288842, 19048007, 19689979, 20446883
     18952989, 16870214, 19928926, 19835133, 21526048, 20466628, 19197175
     19180770, 19902195, 20318889, 19730508, 19012119, 19067244, 20074391
     20356733, 14643995, 19512341, 19841800, 20331945, 19587324, 19547370
     19065677, 21225209, 19637186, 20397490, 18967382, 19174430, 19054077
     18674047, 19536415, 19708632, 21091431, 19289642, 22168163, 20869721
     19335438, 19258504, 20447445, 17365043, 18856999, 19468347, 20471920
     19869255, 21620471, 16359751, 18990693, 17890099, 19769480, 19439759
     19272708, 18990023, 19978542, 20402832, 20101006, 21300341, 19329654
     19873610, 21744290, 13542050, 21517440, 21668627, 19304354, 19052488
     20794034, 19291380, 21915719, 18681056, 20952966, 19896336, 19076343
     19561643, 19990037, 18618122, 20440930, 18456643, 19699191, 19487147
     18909599, 20831538, 18250893, 19016730, 18743542, 20347562, 16619249
     18354830, 19777862, 19687159, 19174942, 20424899, 19989009, 20688221
     21899588, 20441797, 19157754, 19032777, 19058490, 19399918, 18885870
     19434529, 21273804, 19018447, 18893947, 16923858, 18417036, 20919320
     19022470, 19284031, 20474192, 22046677, 20173897, 22062026, 19385656
     19501299, 17274537, 20899461, 21315084, 19440586, 22374754, 16887946
     19606174, 18436647, 17655240, 19023822, 19178851, 19124589, 16439813
     19805359, 19597583, 18499088, 19155797, 19050649, 19393542

Patch  22502555     : applied on Fri Apr 15 10:44:10 UTC 2016
Unique Patch ID:  19941482
Patch description:  "OCW Patch Set Update : 12.1.0.2.160419 (22502555)"
   Created on 14 Apr 2016, 02:42:10 hrs PST8PDT
   Bugs fixed:
     21339083, 19701617, 18589889, 20768643, 19139608, 19280860, 19061429
     21453435, 19133945, 19521169, 19341538, 20011424, 18946768, 19135521
     18604143, 19361757, 19187207, 19302350, 19627476, 19130141, 19530755
     20317221, 19620918, 20177779, 19699720, 19168690, 19266658, 18899171
     19244316, 19653795, 18330979, 19471722, 18634372, 19027351, 21227730
     18707416, 19536337, 19184188, 19131709, 21113068, 20160490, 20235486
     19925992, 20995001, 20006646, 21131037, 18991776, 18439295, 19380733
     21245437, 18943696, 20552947, 19591984, 19550195, 18135723, 19163425
     20014326, 19524857, 18849021, 18890943, 18861196, 19154753, 17940721
     18524834, 19522313, 18748932, 18835283, 19184765, 19499021, 19046190
     20923930, 20028666, 14851828, 19051385, 19682695, 19050688, 19831611
     20598625, 21607972, 19226141, 19053891, 18871287, 18998228, 21087799
     18922918, 18980002, 19683886, 18956780, 19325604, 18777835, 19026993
     17338864, 18362971, 19558324, 18261648, 18945906, 19513650, 20185476
     19478119, 18882642, 19702758, 18952577, 17447588, 19414274, 20752167
     19262534, 19147513, 21242118, 19514085, 19473088, 20758997, 19178517
     18729269, 19659885, 19529729, 19455563, 20877072, 19319904, 18703978
     20340620, 18536826, 19700256, 19703246, 19292605, 20467806, 19192901
     21527118, 20660273, 20011635, 17592037, 22989069, 19147751, 19479503
     19029647, 19179158, 22302421, 18901356, 19140712, 20012766, 21232394
     18964974, 18835366, 19184276, 19207286, 19013789, 20001507, 20510208
     18950232, 19148791, 19259765, 19680763, 20079414, 16505171, 19556820
     19449737, 18962892, 21646169, 19187515, 19513888, 19230771, 14661880
     21519340, 21222147, 20218012, 20795241, 19853036, 19453778, 19551830
     19068333, 21616278, 18520351, 18843572, 19185148, 18945435, 20775015
     19232454, 21220597, 18541110, 18834955, 19319192, 19204743, 19178629
     20839581, 21694237, 19304104, 18747335, 19140891, 20676340, 20725084
     19270660, 19457575, 21297657, 19021575, 19069755, 18715884, 19584688
     18798573, 19812592, 19018001, 19325701, 19292272, 19270956, 20877003
     21794779, 19222693, 18700893, 21276514, 19662663, 18406774, 19684131
     20607821, 19010177, 21082737, 19272663, 21694632, 18910576, 18907170
     19426384, 9372680, 20115586, 20883009, 19700294, 19164099, 20289828
     18283792, 19331454, 19155350, 20119857, 19703199, 18955644, 18508710
     19908346, 18798432, 19146822, 21123424, 19589221, 18952857, 19471836
     19537762, 16286734, 18750781, 20669114, 18762843, 19045143, 18945249
     19146980, 19184799, 19601003, 19205086, 20099624, 19351363, 21378016
     20091753, 18862203, 19537547, 19281106, 19031737, 19079087, 18968981
     19148367, 19150517, 20231741, 19954372, 19217019, 18730096, 18235274
     18975620, 19205617, 19513351, 20219458, 18843054, 19150313, 18708349
     19332386, 18953639, 21423055, 21259359, 19067804, 19371270, 19203996
     19318983, 19209951, 19054979, 20038431, 18747382, 19154673, 18752378
     19150088, 19370846, 19013444, 19234177, 21053036, 18998379, 20157569
     18999857, 19273577, 19367276, 19075747, 19632437, 18990354, 19288396
     19874047, 19612597, 20620581, 19557558, 19427050, 19127078, 20900588
     18910443, 20053557, 20033787, 19315567, 19444471, 19148982, 20953798
     18290252, 19915945, 18813323, 19777496, 19500293, 20730170, 18643483
     19277814, 18523468, 19134098, 20562133, 19071526, 21420753, 18965694
     19226858, 18850051, 19602208, 19591356, 20061168, 18417590, 19370739
     18920408, 20822591, 19609388, 18636884, 18776786, 20136892, 22289350
     18989446, 19148793, 19043795, 19585454, 20746507, 19955755, 18317489
     18260170, 19059053, 18919682, 19807548, 18678829, 19124972, 19147509
     18849896, 18910748, 19617592, 19319357, 19273758, 18953878, 19076165
     19704993, 18999195, 19498411, 18759724, 21294273, 19459023, 20634511
     21474380, 21484367, 20276459, 19066844, 17208793, 19234907, 20290467
     13843841, 19538714, 19383028, 19649640, 19062675, 19513969, 18859710
     20862812, 19504641, 19341481, 20293730, 19986391, 18304090, 19343245
     19314048, 18834934, 19473851, 19241655, 18242738, 19458082, 19470791
     18894342, 20649573, 18372060, 19522067, 18953889, 18827679, 19259290
     19140711, 19023430, 19045388, 20186278, 19241857, 19076778, 19522571
     19709663, 18875012, 18861564, 19066699, 19273760, 19225265, 15885689
     20853464, 18819158, 21696068, 19068003, 18937186, 19916737, 19049721
     21394146, 19368917, 21255373, 19635215, 19613533, 18868829, 20408163
     20350915, 21327402, 22024217, 19315522, 20783416, 23101338, 19141785
     19885321, 19163887, 19820247, 20363708, 18715868, 18852058, 19538241
     19804032



Rac system comprising of multiple nodes
  Local node = odie2
  Remote node = odie1

--------------------------------------------------------------------------------

OPatch succeeded.

2017-07-06 10:26:56,284 INFO  [66] com.oracle.glcm.patch.auto.db.product.executor.PatchingStepExecutor - Command executed successfully.

2017-07-06 10:26:56,285 INFO  [66] com.oracle.cie.common.util.reporting.CommonReporter - Reporting console output : Message{id='null', message='Patch inventory verified successfully on home /u01/app/oracle/product/12.1.0.2/dbhome_1
'}
2017-07-06 10:26:56,285 INFO  [56] com.oracle.glcm.patch.auto.action.PatchActionExecutor - Skipping patch action because it does not support one of the current patch target types [sidb]
2017-07-06 10:26:56,285 INFO  [56] com.oracle.glcm.patch.auto.action.PatchActionExecutor - Skipping patch action because it does not support one of the current patch target types [sidb]
2017-07-06 10:26:56,290 INFO  [81] com.oracle.glcm.patch.auto.action.PatchActionExecutor - Execute called for patch actions of [init:init] phase:goal.
2017-07-06 10:26:56,290 INFO  [81] com.oracle.glcm.patch.auto.action.PatchActionExecutor - Attempting to execute patch actions [OPatchAutoBinaryAction, SDBPatchAction, GIRACPrereqAction, SIHAPrereqAction, SIDBPrereqAction, DGOGGPatchAction, RACDBPrereqAction] for [init:init] phase:goal using patch targets [] for types [siha]
2017-07-06 10:26:56,290 INFO  [81] com.oracle.glcm.patch.auto.action.PatchActionExecutor - Skipping patch action because it does not support one of the current patch target types [siha]
2017-07-06 10:26:56,290 INFO  [81] com.oracle.glcm.patch.auto.action.PatchActionExecutor - Skipping patch action because it does not support one of the current patch target types [siha]
2017-07-06 10:26:56,290 INFO  [81] com.oracle.glcm.patch.auto.action.PatchActionExecutor - Skipping patch action because it does not support one of the current patch target types [siha]
2017-07-06 10:26:56,290 INFO  [81] com.oracle.glcm.patch.auto.action.PatchActionExecutor - Skipping patch action because it does not support one of the current patch target types [siha]
2017-07-06 10:26:56,290 INFO  [81] com.oracle.glcm.patch.auto.action.PatchActionExecutor - Skipping patch action because it does not support one of the current patch target types [siha]
2017-07-06 10:26:56,294 INFO  [92] com.oracle.glcm.patch.auto.action.PatchActionExecutor - Execute called for patch actions of [shutdown:prepare-shutdown] phase:goal.
2017-07-06 10:26:56,294 INFO  [92] com.oracle.glcm.patch.auto.action.PatchActionExecutor - Attempting to execute patch actions [SIDBPrepareShutDownAction, RemoteGIStopAction, RACPrepareShutDownAction] for [shutdown:prepare-shutdown] phase:goal using patch targets [odie2->/u01/app/oracle/product/12.1.0.2/dbhome_1 Type[sidb]] for types [sidb]
2017-07-06 10:26:56,294 INFO  [93] com.oracle.glcm.patch.auto.action.LocalPatchActionRunner - Local patch action runner executing is required check for patch action SIDBPrepareShutDownAction on patch target odie2->/u01/app/oracle/product/12.1.0.2/dbhome_1 Type[sidb]
2017-07-06 10:26:56,295 INFO  [93] com.oracle.glcm.patch.auto.db.integration.controller.action.DBCommonPatchAction - Is command needs to be executed for current oracle home::true
2017-07-06 10:26:56,295 INFO  [92] com.oracle.glcm.patch.auto.action.PatchActionExecutor - Executing patch action [com.oracle.glcm.patch.auto.db.integration.controller.action.siha.SIDBPrepareShutDownAction] for patch targets [odie2->/u01/app/oracle/product/12.1.0.2/dbhome_1 Type[sidb]].
2017-07-06 10:26:56,295 INFO  [94] com.oracle.glcm.patch.auto.action.LocalPatchActionRunner - Local patch action runner executing patch action SIDBPrepareShutDownAction on patch target odie2->/u01/app/oracle/product/12.1.0.2/dbhome_1 Type[sidb]
2017-07-06 10:26:56,296 INFO  [94] com.oracle.cie.common.util.reporting.CommonReporter - Reporting console output : Message{id='null', message='
Preparing to bring down database service on home /u01/app/oracle/product/12.1.0.2/dbhome_1'}
2017-07-06 10:26:56,300 INFO  [94] com.oracle.glcm.patch.auto.db.framework.sdk.patchplanner.SystemModelUtils - Base Class: class dbmodel.common.OracleHome PropertyName: owner Value: oracle
2017-07-06 10:26:58,437 INFO  [94] com.oracle.glcm.patch.auto.db.integration.controller.action.PDBActions - Database "SHIPTEST" is not running. PDB instances on the current node will not be checked.
2017-07-06 10:26:58,438 INFO  [94] com.oracle.cie.common.util.reporting.CommonReporter - Reporting console output : Message{id='null', message='Successfully prepared home /u01/app/oracle/product/12.1.0.2/dbhome_1 to bring down database service
'}
2017-07-06 10:26:58,439 INFO  [92] com.oracle.glcm.patch.auto.action.PatchActionExecutor - Skipping patch action because it does not support one of the current patch target types [sidb]
2017-07-06 10:26:58,439 INFO  [92] com.oracle.glcm.patch.auto.action.PatchActionExecutor - Skipping patch action because it does not support one of the current patch target types [sidb]
2017-07-06 10:26:58,443 INFO  [107] com.oracle.glcm.patch.auto.action.PatchActionExecutor - Execute called for patch actions of [shutdown:shutdown] phase:goal.
2017-07-06 10:26:58,443 INFO  [107] com.oracle.glcm.patch.auto.action.PatchActionExecutor - Attempting to execute patch actions [SIHAShutDownAction, SIDBShutDownAction, GIShutDownAction, RACShutDownAction, RACOneAction] for [shutdown:shutdown] phase:goal using patch targets [odie2->/u01/app/oracle/product/12.1.0.2/dbhome_1 Type[sidb]] for types [sidb]
2017-07-06 10:26:58,443 INFO  [107] com.oracle.glcm.patch.auto.action.PatchActionExecutor - Skipping patch action because it does not support one of the current patch target types [sidb]
2017-07-06 10:26:58,443 INFO  [108] com.oracle.glcm.patch.auto.action.LocalPatchActionRunner - Local patch action runner executing is required check for patch action SIDBShutDownAction on patch target odie2->/u01/app/oracle/product/12.1.0.2/dbhome_1 Type[sidb]
2017-07-06 10:26:58,444 INFO  [108] com.oracle.glcm.patch.auto.db.integration.controller.action.DBCommonPatchAction - Is command needs to be executed for current oracle home::true
2017-07-06 10:26:58,478 INFO  [108] com.oracle.glcm.patch.auto.db.product.inventory.ClusterInformationLoader - crsType: CRS
2017-07-06 10:26:58,548 INFO  [108] com.oracle.glcm.patch.auto.db.product.inventory.ClusterInformationLoader - running: true
2017-07-06 10:26:58,548 INFO  [107] com.oracle.glcm.patch.auto.action.PatchActionExecutor - Executing patch action [com.oracle.glcm.patch.auto.db.integration.controller.action.siha.SIDBShutDownAction] for patch targets [odie2->/u01/app/oracle/product/12.1.0.2/dbhome_1 Type[sidb]].
2017-07-06 10:26:58,548 INFO  [111] com.oracle.glcm.patch.auto.action.LocalPatchActionRunner - Local patch action runner executing patch action SIDBShutDownAction on patch target odie2->/u01/app/oracle/product/12.1.0.2/dbhome_1 Type[sidb]
2017-07-06 10:26:58,549 INFO  [111] com.oracle.cie.common.util.reporting.CommonReporter - Reporting console output : Message{id='null', message='
Bringing down database service on home /u01/app/oracle/product/12.1.0.2/dbhome_1'}
2017-07-06 10:26:58,551 INFO  [111] com.oracle.glcm.patch.auto.db.framework.sdk.patchplanner.SystemModelUtils - Base Class: class dbmodel.common.OracleHome PropertyName: owner Value: oracle
2017-07-06 10:26:58,551 INFO  [111] com.oracle.glcm.patch.auto.db.product.cmdtranslator.commands.OracleHomeLifecycle - type: stop
2017-07-06 10:26:58,552 INFO  [111] com.oracle.glcm.patch.auto.db.product.executor.PatchingStepExecutor - 
Executing command as oracle: 
 mkdir -p /u01/app/oracle/product/12.1.0.2/dbhome_1/cfgtoollogs/opatchautodb/statfile/odie2
2017-07-06 10:26:58,557 INFO  [111] com.oracle.glcm.patch.auto.db.product.executor.PatchingStepExecutor - Successfully executed the above command.

2017-07-06 10:26:58,558 INFO  [111] com.oracle.glcm.patch.auto.db.product.executor.PatchingStepExecutor - Output from the command:
2017-07-06 10:26:58,558 INFO  [111] com.oracle.glcm.patch.auto.db.product.executor.PatchingStepExecutor - 
2017-07-06 10:26:58,558 INFO  [111] com.oracle.glcm.patch.auto.db.product.executor.PatchingStepExecutor - Command executed successfully.

2017-07-06 10:26:58,558 INFO  [111] com.oracle.glcm.patch.auto.db.product.executor.PatchingStepExecutor - 
Executing command as oracle: 
 /bin/sh -c 'ORACLE_HOME=/u01/app/oracle/product/12.1.0.2/dbhome_1 /u01/app/oracle/product/12.1.0.2/dbhome_1/bin/srvctl stop home -o /u01/app/oracle/product/12.1.0.2/dbhome_1 -n odie2 -f -s /u01/app/oracle/product/12.1.0.2/dbhome_1/cfgtoollogs/opatchautodb/statfile/odie2/OracleHome-83dd1226-2da8-41eb-af73-795a0a035005_odie2.stat'
2017-07-06 10:26:58,932 INFO  [111] com.oracle.glcm.patch.auto.db.product.executor.PatchingStepExecutor - Successfully executed the above command.

2017-07-06 10:26:58,932 INFO  [111] com.oracle.glcm.patch.auto.db.product.executor.PatchingStepExecutor - Output from the command:
2017-07-06 10:26:58,932 INFO  [111] com.oracle.glcm.patch.auto.db.product.executor.PatchingStepExecutor - 
2017-07-06 10:26:58,932 INFO  [111] com.oracle.glcm.patch.auto.db.product.executor.PatchingStepExecutor - Command executed successfully.

2017-07-06 10:26:58,933 INFO  [111] com.oracle.cie.common.util.reporting.CommonReporter - Reporting console output : Message{id='null', message='Database service successfully brought down on home /u01/app/oracle/product/12.1.0.2/dbhome_1
'}
2017-07-06 10:26:58,934 INFO  [107] com.oracle.glcm.patch.auto.action.PatchActionExecutor - Skipping patch action because it does not support one of the current patch target types [sidb]
2017-07-06 10:26:58,934 INFO  [107] com.oracle.glcm.patch.auto.action.PatchActionExecutor - Skipping patch action because it does not support one of the current patch target types [sidb]
2017-07-06 10:26:58,934 INFO  [107] com.oracle.glcm.patch.auto.action.PatchActionExecutor - Skipping patch action because it does not support one of the current patch target types [sidb]
2017-07-06 10:26:58,937 INFO  [126] com.oracle.glcm.patch.auto.action.PatchActionExecutor - Execute called for patch actions of [shutdown:prepare-shutdown] phase:goal.
2017-07-06 10:26:58,937 INFO  [126] com.oracle.glcm.patch.auto.action.PatchActionExecutor - Attempting to execute patch actions [SIDBPrepareShutDownAction, RemoteGIStopAction, RACPrepareShutDownAction] for [shutdown:prepare-shutdown] phase:goal using patch targets [] for types [siha]
2017-07-06 10:26:58,938 INFO  [126] com.oracle.glcm.patch.auto.action.PatchActionExecutor - Skipping patch action because it does not support one of the current patch target types [siha]
2017-07-06 10:26:58,938 INFO  [126] com.oracle.glcm.patch.auto.action.PatchActionExecutor - Skipping patch action because it does not support one of the current patch target types [siha]
2017-07-06 10:26:58,938 INFO  [126] com.oracle.glcm.patch.auto.action.PatchActionExecutor - Skipping patch action because it does not support one of the current patch target types [siha]
2017-07-06 10:26:58,940 INFO  [136] com.oracle.glcm.patch.auto.action.PatchActionExecutor - Execute called for patch actions of [shutdown:shutdown] phase:goal.
2017-07-06 10:26:58,940 INFO  [136] com.oracle.glcm.patch.auto.action.PatchActionExecutor - Attempting to execute patch actions [SIHAShutDownAction, SIDBShutDownAction, GIShutDownAction, RACShutDownAction, RACOneAction] for [shutdown:shutdown] phase:goal using patch targets [] for types [siha]
2017-07-06 10:26:58,941 INFO  [136] com.oracle.glcm.patch.auto.action.PatchActionExecutor - Skipping patch action because it does not support one of the current patch target types [siha]
2017-07-06 10:26:58,941 INFO  [136] com.oracle.glcm.patch.auto.action.PatchActionExecutor - Skipping patch action because it does not support one of the current patch target types [siha]
2017-07-06 10:26:58,941 INFO  [136] com.oracle.glcm.patch.auto.action.PatchActionExecutor - Skipping patch action because it does not support one of the current patch target types [siha]
2017-07-06 10:26:58,941 INFO  [136] com.oracle.glcm.patch.auto.action.PatchActionExecutor - Skipping patch action because it does not support one of the current patch target types [siha]
2017-07-06 10:26:58,944 INFO  [147] com.oracle.glcm.patch.auto.action.PatchActionExecutor - Execute called for patch actions of [offline:prepare] phase:goal.
2017-07-06 10:26:58,944 INFO  [147] com.oracle.glcm.patch.auto.action.PatchActionExecutor - Attempting to execute patch actions [SIDBPatchingAction, RACPatchingAction] for [offline:prepare] phase:goal using patch targets [odie2->/u01/app/oracle/product/12.1.0.2/dbhome_1 Type[sidb]] for types [sidb]
2017-07-06 10:26:58,944 INFO  [148] com.oracle.glcm.patch.auto.action.LocalPatchActionRunner - Local patch action runner executing is required check for patch action SIDBPatchingAction on patch target odie2->/u01/app/oracle/product/12.1.0.2/dbhome_1 Type[sidb]
2017-07-06 10:26:58,944 INFO  [148] com.oracle.glcm.patch.auto.db.integration.controller.action.DBCommonPatchAction - Is command needs to be executed for current oracle home::true
2017-07-06 10:26:58,945 INFO  [147] com.oracle.glcm.patch.auto.action.PatchActionExecutor - No action required for patch action [com.oracle.glcm.patch.auto.db.integration.controller.action.siha.SIDBPatchingAction] and patch target [odie2->/u01/app/oracle/product/12.1.0.2/dbhome_1 Type[sidb]].
2017-07-06 10:26:58,945 INFO  [147] com.oracle.glcm.patch.auto.action.PatchActionExecutor - Skipping patch action because it does not support one of the current patch target types [sidb]
2017-07-06 10:26:58,957 INFO  [158] com.oracle.glcm.patch.auto.action.PatchActionExecutor - Execute called for patch actions of [offline:binary-patching] phase:goal.
2017-07-06 10:26:58,958 INFO  [158] com.oracle.glcm.patch.auto.action.PatchActionExecutor - Attempting to execute patch actions [CloneHomePatchAction, OPatchAutoBinaryAction, BinaryPatchAction] for [offline:binary-patching] phase:goal using patch targets [odie2->/u01/app/oracle/product/12.1.0.2/dbhome_1 Type[sidb]] for types [sidb]
2017-07-06 10:26:58,958 INFO  [158] com.oracle.glcm.patch.auto.action.PatchActionExecutor - Skipping patch action because it does not support one of the current patch target types [sidb]
2017-07-06 10:26:58,959 INFO  [159] com.oracle.glcm.patch.auto.action.LocalPatchActionRunner - Local patch action runner executing is required check for patch action OPatchAutoBinaryAction on patch target odie2->/u01/app/oracle/product/12.1.0.2/dbhome_1 Type[sidb]
2017-07-06 10:26:58,959 INFO  [159] com.oracle.glcm.patch.auto.db.integration.controller.action.DBCommonPatchAction - Is command needs to be executed for current oracle home::true
2017-07-06 10:26:58,959 INFO  [158] com.oracle.glcm.patch.auto.action.PatchActionExecutor - Executing patch action [com.oracle.glcm.patch.auto.db.integration.controller.action.OPatchAutoBinaryAction] for patch targets [odie2->/u01/app/oracle/product/12.1.0.2/dbhome_1 Type[sidb]].
2017-07-06 10:26:58,959 INFO  [160] com.oracle.glcm.patch.auto.action.LocalPatchActionRunner - Local patch action runner executing patch action OPatchAutoBinaryAction on patch target odie2->/u01/app/oracle/product/12.1.0.2/dbhome_1 Type[sidb]
2017-07-06 10:26:58,959 INFO  [160] com.oracle.cie.common.util.reporting.CommonReporter - Reporting console output : Message{id='null', message='
Start applying binary patch on home /u01/app/oracle/product/12.1.0.2/dbhome_1'}
2017-07-06 10:26:58,982 INFO  [160] com.oracle.glcm.patch.auto.db.integration.controller.action.OPatchAutoBinaryAction - 
Executing command as oracle: 
 /u01/app/oracle/product/12.1.0.2/dbhome_1/OPatch/opatchauto  apply /tmp/oakpatch/db/12.1.0.2.0/24732082/24917825 -oh /u01/app/oracle/product/12.1.0.2/dbhome_1 -target_type oracle_database -binary -invPtrLoc /u01/app/oracle/product/12.1.0.2/dbhome_1/oraInst.loc -persistresult /u01/app/oracle/product/12.1.0.2/dbhome_1/OPatch/auto/dbsessioninfo/sessionresult_odie2SHIPTEST.ser -analyzedresult /u01/app/oracle/product/12.1.0.2/dbhome_1/OPatch/auto/dbsessioninfo/sessionresult_analyze_odie2_SHIPTEST.ser
2017-07-06 10:28:58,328 INFO  [160] com.oracle.glcm.patch.auto.db.integration.controller.action.OPatchAutoBinaryAction - Opatchcore binary return code=0
2017-07-06 10:28:58,328 INFO  [160] com.oracle.glcm.patch.auto.db.integration.controller.action.OPatchAutoBinaryAction - Opatchcore binary output=Oracle Home : /u01/app/oracle/product/12.1.0.2/dbhome_1

OPatchAuto binary patching Tool
Copyright (c)2014, Oracle Corporation. All rights reserved.

OPatchauto Version : 13.9.1.0.0
Running from       : /u01/app/oracle/product/12.1.0.2/dbhome_1

opatchauto log file: /u01/app/oracle/product/12.1.0.2/dbhome_1/cfgtoollogs/opatchauto/opatchauto_2017-07-06_10-26-59_binary.log

Target type : oracle_database

Patch selected: /tmp/oakpatch/db/12.1.0.2.0/24732082/24917825


Analyze session result created from file :: /u01/app/oracle/product/12.1.0.2/dbhome_1/OPatch/auto/dbsessioninfo/sessionresult_analyze_odie2_SHIPTEST.ser

Applying /tmp/oakpatch/db/12.1.0.2.0/24732082/24917825/24732082 ...

Patch /tmp/oakpatch/db/12.1.0.2.0/24732082/24917825/24732082 applied.

Applying /tmp/oakpatch/db/12.1.0.2.0/24732082/24917825/24828633 ...

Patch /tmp/oakpatch/db/12.1.0.2.0/24732082/24917825/24828633 applied.


opatchauto SUCCEEDED.



2017-07-06 10:28:58,328 INFO  [160] com.oracle.glcm.patch.auto.db.integration.controller.action.OPatchAutoBinaryAction - Opatchcore binary error message=
2017-07-06 10:28:58,328 INFO  [160] com.oracle.glcm.patch.auto.db.integration.controller.action.OPatchAutoBinaryAction - Reading session result from /u01/app/oracle/product/12.1.0.2/dbhome_1/OPatch/auto/dbsessioninfo/sessionresult_odie2SHIPTEST.ser
2017-07-06 10:28:58,329 INFO  [160] com.oracle.glcm.patch.auto.db.integration.controller.action.OPatchAutoBinaryAction - 

==Following patches were SKIPPED:

Patch: /tmp/oakpatch/db/12.1.0.2.0/24732082/24917825/21436941
Reason: This patch is not applicable to this specified target type - "oracle_database"

Patch: /tmp/oakpatch/db/12.1.0.2.0/24732082/24917825/24828643
Reason: This patch is not applicable to this specified target type - "oracle_database"


==Following patches were SUCCESSFULLY applied:

Patch: /tmp/oakpatch/db/12.1.0.2.0/24732082/24917825/24732082
Log: /u01/app/oracle/product/12.1.0.2/dbhome_1/cfgtoollogs/opatchauto/core/opatch/opatch2017-07-06_10-27-00AM_1.log

Patch: /tmp/oakpatch/db/12.1.0.2.0/24732082/24917825/24828633
Log: /u01/app/oracle/product/12.1.0.2/dbhome_1/cfgtoollogs/opatchauto/core/opatch/opatch2017-07-06_10-27-00AM_1.log

2017-07-06 10:28:58,344 INFO  [160] com.oracle.cie.common.util.reporting.CommonReporter - Reporting console output : Message{id='null', message='Binary patch applied successfully on home /u01/app/oracle/product/12.1.0.2/dbhome_1
'}
2017-07-06 10:28:58,344 INFO  [158] com.oracle.glcm.patch.auto.action.PatchActionExecutor - Skipping patch action because it does not support one of the current patch target types [sidb]
2017-07-06 10:28:58,347 INFO  [176] com.oracle.glcm.patch.auto.action.PatchActionExecutor - Execute called for patch actions of [offline:finalize-binary-patching] phase:goal.
2017-07-06 10:28:58,347 INFO  [176] com.oracle.glcm.patch.auto.action.PatchActionExecutor - Attempting to execute patch actions [CloneHomePatchAction, ImageHomePatchAction] for [offline:finalize-binary-patching] phase:goal using patch targets [odie2->/u01/app/oracle/product/12.1.0.2/dbhome_1 Type[sidb]] for types [sidb]
2017-07-06 10:28:58,347 INFO  [176] com.oracle.glcm.patch.auto.action.PatchActionExecutor - Skipping patch action because it does not support one of the current patch target types [sidb]
2017-07-06 10:28:58,347 INFO  [176] com.oracle.glcm.patch.auto.action.PatchActionExecutor - Skipping patch action because it does not support one of the current patch target types [sidb]
2017-07-06 10:28:58,350 INFO  [186] com.oracle.glcm.patch.auto.action.PatchActionExecutor - Execute called for patch actions of [offline:product-patching] phase:goal.
2017-07-06 10:28:58,350 INFO  [186] com.oracle.glcm.patch.auto.action.PatchActionExecutor - There are no patch actions which require execution for [offline:product-patching] phase:goal.
2017-07-06 10:28:58,352 INFO  [196] com.oracle.glcm.patch.auto.action.PatchActionExecutor - Execute called for patch actions of [offline:finalize] phase:goal.
2017-07-06 10:28:58,353 INFO  [196] com.oracle.glcm.patch.auto.action.PatchActionExecutor - Attempting to execute patch actions [SIDBPatchingAction, RACPatchingAction] for [offline:finalize] phase:goal using patch targets [odie2->/u01/app/oracle/product/12.1.0.2/dbhome_1 Type[sidb]] for types [sidb]
2017-07-06 10:28:58,353 INFO  [197] com.oracle.glcm.patch.auto.action.LocalPatchActionRunner - Local patch action runner executing is required check for patch action SIDBPatchingAction on patch target odie2->/u01/app/oracle/product/12.1.0.2/dbhome_1 Type[sidb]
2017-07-06 10:28:58,353 INFO  [197] com.oracle.glcm.patch.auto.db.integration.controller.action.DBCommonPatchAction - Is command needs to be executed for current oracle home::true
2017-07-06 10:28:58,354 INFO  [196] com.oracle.glcm.patch.auto.action.PatchActionExecutor - No action required for patch action [com.oracle.glcm.patch.auto.db.integration.controller.action.siha.SIDBPatchingAction] and patch target [odie2->/u01/app/oracle/product/12.1.0.2/dbhome_1 Type[sidb]].
2017-07-06 10:28:58,354 INFO  [196] com.oracle.glcm.patch.auto.action.PatchActionExecutor - Skipping patch action because it does not support one of the current patch target types [sidb]
2017-07-06 10:28:58,357 INFO  [208] com.oracle.glcm.patch.auto.action.PatchActionExecutor - Execute called for patch actions of [offline:prepare] phase:goal.
2017-07-06 10:28:58,357 INFO  [208] com.oracle.glcm.patch.auto.action.PatchActionExecutor - Attempting to execute patch actions [SIDBPatchingAction, RACPatchingAction] for [offline:prepare] phase:goal using patch targets [] for types [siha]
2017-07-06 10:28:58,357 INFO  [208] com.oracle.glcm.patch.auto.action.PatchActionExecutor - Skipping patch action because it does not support one of the current patch target types [siha]
2017-07-06 10:28:58,357 INFO  [208] com.oracle.glcm.patch.auto.action.PatchActionExecutor - Skipping patch action because it does not support one of the current patch target types [siha]
2017-07-06 10:28:58,359 INFO  [218] com.oracle.glcm.patch.auto.action.PatchActionExecutor - Execute called for patch actions of [offline:binary-patching] phase:goal.
2017-07-06 10:28:58,359 INFO  [218] com.oracle.glcm.patch.auto.action.PatchActionExecutor - Attempting to execute patch actions [CloneHomePatchAction, OPatchAutoBinaryAction, BinaryPatchAction] for [offline:binary-patching] phase:goal using patch targets [] for types [siha]
2017-07-06 10:28:58,360 INFO  [218] com.oracle.glcm.patch.auto.action.PatchActionExecutor - Skipping patch action because it does not support one of the current patch target types [siha]
2017-07-06 10:28:58,360 INFO  [218] com.oracle.glcm.patch.auto.action.PatchActionExecutor - Skipping patch action because it does not support one of the current patch target types [siha]
2017-07-06 10:28:58,362 INFO  [228] com.oracle.glcm.patch.auto.action.PatchActionExecutor - Execute called for patch actions of [offline:finalize-binary-patching] phase:goal.
2017-07-06 10:28:58,362 INFO  [228] com.oracle.glcm.patch.auto.action.PatchActionExecutor - Attempting to execute patch actions [CloneHomePatchAction, ImageHomePatchAction] for [offline:finalize-binary-patching] phase:goal using patch targets [] for types [siha]
2017-07-06 10:28:58,362 INFO  [228] com.oracle.glcm.patch.auto.action.PatchActionExecutor - Skipping patch action because it does not support one of the current patch target types [siha]
2017-07-06 10:28:58,362 INFO  [228] com.oracle.glcm.patch.auto.action.PatchActionExecutor - Skipping patch action because it does not support one of the current patch target types [siha]
2017-07-06 10:28:58,365 INFO  [238] com.oracle.glcm.patch.auto.action.PatchActionExecutor - Execute called for patch actions of [offline:product-patching] phase:goal.
2017-07-06 10:28:58,365 INFO  [238] com.oracle.glcm.patch.auto.action.PatchActionExecutor - There are no patch actions which require execution for [offline:product-patching] phase:goal.
2017-07-06 10:28:58,368 INFO  [248] com.oracle.glcm.patch.auto.action.PatchActionExecutor - Execute called for patch actions of [offline:finalize] phase:goal.
2017-07-06 10:28:58,368 INFO  [248] com.oracle.glcm.patch.auto.action.PatchActionExecutor - Attempting to execute patch actions [SIDBPatchingAction, RACPatchingAction] for [offline:finalize] phase:goal using patch targets [] for types [siha]
2017-07-06 10:28:58,368 INFO  [248] com.oracle.glcm.patch.auto.action.PatchActionExecutor - Skipping patch action because it does not support one of the current patch target types [siha]
2017-07-06 10:28:58,368 INFO  [248] com.oracle.glcm.patch.auto.action.PatchActionExecutor - Skipping patch action because it does not support one of the current patch target types [siha]
2017-07-06 10:28:58,371 INFO  [259] com.oracle.glcm.patch.auto.action.PatchActionExecutor - Execute called for patch actions of [startup:startup] phase:goal.
2017-07-06 10:28:58,371 INFO  [259] com.oracle.glcm.patch.auto.action.PatchActionExecutor - Attempting to execute patch actions [RACOneAction, GIStartupAction, RACStartupAction, SIDBStartupAction, SIHAStartupAction] for [startup:startup] phase:goal using patch targets [] for types [siha]
2017-07-06 10:28:58,371 INFO  [259] com.oracle.glcm.patch.auto.action.PatchActionExecutor - Skipping patch action because it does not support one of the current patch target types [siha]
2017-07-06 10:28:58,371 INFO  [259] com.oracle.glcm.patch.auto.action.PatchActionExecutor - Skipping patch action because it does not support one of the current patch target types [siha]
2017-07-06 10:28:58,371 INFO  [259] com.oracle.glcm.patch.auto.action.PatchActionExecutor - Skipping patch action because it does not support one of the current patch target types [siha]
2017-07-06 10:28:58,371 INFO  [259] com.oracle.glcm.patch.auto.action.PatchActionExecutor - Skipping patch action because it does not support one of the current patch target types [siha]
2017-07-06 10:28:58,374 INFO  [269] com.oracle.glcm.patch.auto.action.PatchActionExecutor - Execute called for patch actions of [startup:finalize] phase:goal.
2017-07-06 10:28:58,374 INFO  [269] com.oracle.glcm.patch.auto.action.PatchActionExecutor - Attempting to execute patch actions [SIDBFinalizeStartAction, RACFinalizeStartAction] for [startup:finalize] phase:goal using patch targets [] for types [siha]
2017-07-06 10:28:58,374 INFO  [269] com.oracle.glcm.patch.auto.action.PatchActionExecutor - Skipping patch action because it does not support one of the current patch target types [siha]
2017-07-06 10:28:58,374 INFO  [269] com.oracle.glcm.patch.auto.action.PatchActionExecutor - Skipping patch action because it does not support one of the current patch target types [siha]
2017-07-06 10:28:58,377 INFO  [280] com.oracle.glcm.patch.auto.action.PatchActionExecutor - Execute called for patch actions of [startup:startup] phase:goal.
2017-07-06 10:28:58,377 INFO  [280] com.oracle.glcm.patch.auto.action.PatchActionExecutor - Attempting to execute patch actions [RACOneAction, GIStartupAction, RACStartupAction, SIDBStartupAction, SIHAStartupAction] for [startup:startup] phase:goal using patch targets [odie2->/u01/app/oracle/product/12.1.0.2/dbhome_1 Type[sidb]] for types [sidb]
2017-07-06 10:28:58,377 INFO  [280] com.oracle.glcm.patch.auto.action.PatchActionExecutor - Skipping patch action because it does not support one of the current patch target types [sidb]
2017-07-06 10:28:58,377 INFO  [280] com.oracle.glcm.patch.auto.action.PatchActionExecutor - Skipping patch action because it does not support one of the current patch target types [sidb]
2017-07-06 10:28:58,377 INFO  [280] com.oracle.glcm.patch.auto.action.PatchActionExecutor - Skipping patch action because it does not support one of the current patch target types [sidb]
2017-07-06 10:28:58,378 INFO  [281] com.oracle.glcm.patch.auto.action.LocalPatchActionRunner - Local patch action runner executing is required check for patch action SIDBStartupAction on patch target odie2->/u01/app/oracle/product/12.1.0.2/dbhome_1 Type[sidb]
2017-07-06 10:28:58,378 INFO  [281] com.oracle.glcm.patch.auto.db.integration.controller.action.DBCommonPatchAction - Is command needs to be executed for current oracle home::true
2017-07-06 10:28:58,378 INFO  [281] com.oracle.glcm.patch.auto.db.product.inventory.ClusterInformationLoader - running: true
2017-07-06 10:28:58,378 INFO  [280] com.oracle.glcm.patch.auto.action.PatchActionExecutor - Executing patch action [com.oracle.glcm.patch.auto.db.integration.controller.action.siha.SIDBStartupAction] for patch targets [odie2->/u01/app/oracle/product/12.1.0.2/dbhome_1 Type[sidb]].
2017-07-06 10:28:58,379 INFO  [282] com.oracle.glcm.patch.auto.action.LocalPatchActionRunner - Local patch action runner executing patch action SIDBStartupAction on patch target odie2->/u01/app/oracle/product/12.1.0.2/dbhome_1 Type[sidb]
2017-07-06 10:28:58,379 INFO  [282] com.oracle.cie.common.util.reporting.CommonReporter - Reporting console output : Message{id='null', message='
Starting database service on home /u01/app/oracle/product/12.1.0.2/dbhome_1'}
2017-07-06 10:28:58,380 INFO  [282] com.oracle.glcm.patch.auto.db.framework.sdk.patchplanner.SystemModelUtils - Base Class: class dbmodel.common.OracleHome PropertyName: owner Value: oracle
2017-07-06 10:28:58,380 INFO  [282] com.oracle.glcm.patch.auto.db.product.cmdtranslator.commands.OracleHomeLifecycle - type: start
2017-07-06 10:28:58,381 INFO  [282] com.oracle.glcm.patch.auto.db.product.executor.PatchingStepExecutor - 
Executing command as oracle: 
 /bin/sh -c 'ORACLE_HOME=/u01/app/oracle/product/12.1.0.2/dbhome_1 /u01/app/oracle/product/12.1.0.2/dbhome_1/bin/srvctl start home -o /u01/app/oracle/product/12.1.0.2/dbhome_1 -n odie2 -s /u01/app/oracle/product/12.1.0.2/dbhome_1/cfgtoollogs/opatchautodb/statfile/odie2/OracleHome-83dd1226-2da8-41eb-af73-795a0a035005_odie2.stat'
2017-07-06 10:28:58,697 INFO  [282] com.oracle.glcm.patch.auto.db.product.executor.PatchingStepExecutor - Successfully executed the above command.

2017-07-06 10:28:58,697 INFO  [282] com.oracle.glcm.patch.auto.db.product.executor.PatchingStepExecutor - Output from the command:
2017-07-06 10:28:58,697 INFO  [282] com.oracle.glcm.patch.auto.db.product.executor.PatchingStepExecutor - 
2017-07-06 10:28:58,698 INFO  [282] com.oracle.glcm.patch.auto.db.product.executor.PatchingStepExecutor - Command executed successfully.

2017-07-06 10:28:58,698 INFO  [282] com.oracle.glcm.patch.auto.db.product.executor.PatchingStepExecutor - 
Executing command as oracle: 
 rm -rf /u01/app/oracle/product/12.1.0.2/dbhome_1/cfgtoollogs/opatchautodb/statfile/odie2
2017-07-06 10:28:58,703 INFO  [282] com.oracle.glcm.patch.auto.db.product.executor.PatchingStepExecutor - Successfully executed the above command.

2017-07-06 10:28:58,703 INFO  [282] com.oracle.glcm.patch.auto.db.product.executor.PatchingStepExecutor - Output from the command:
2017-07-06 10:28:58,703 INFO  [282] com.oracle.glcm.patch.auto.db.product.executor.PatchingStepExecutor - 
2017-07-06 10:28:58,703 INFO  [282] com.oracle.glcm.patch.auto.db.product.executor.PatchingStepExecutor - Command executed successfully.

2017-07-06 10:28:58,704 INFO  [282] com.oracle.cie.common.util.reporting.CommonReporter - Reporting console output : Message{id='null', message='Database service successfully started on home /u01/app/oracle/product/12.1.0.2/dbhome_1
'}
2017-07-06 10:28:58,704 INFO  [280] com.oracle.glcm.patch.auto.action.PatchActionExecutor - Skipping patch action because it does not support one of the current patch target types [sidb]
2017-07-06 10:28:58,707 INFO  [297] com.oracle.glcm.patch.auto.action.PatchActionExecutor - Execute called for patch actions of [startup:finalize] phase:goal.
2017-07-06 10:28:58,708 INFO  [297] com.oracle.glcm.patch.auto.action.PatchActionExecutor - Attempting to execute patch actions [SIDBFinalizeStartAction, RACFinalizeStartAction] for [startup:finalize] phase:goal using patch targets [odie2->/u01/app/oracle/product/12.1.0.2/dbhome_1 Type[sidb]] for types [sidb]
2017-07-06 10:28:58,708 INFO  [298] com.oracle.glcm.patch.auto.action.LocalPatchActionRunner - Local patch action runner executing is required check for patch action SIDBFinalizeStartAction on patch target odie2->/u01/app/oracle/product/12.1.0.2/dbhome_1 Type[sidb]
2017-07-06 10:28:58,708 INFO  [298] com.oracle.glcm.patch.auto.db.integration.controller.action.DBCommonPatchAction - Is command needs to be executed for current oracle home::true
2017-07-06 10:28:58,708 INFO  [297] com.oracle.glcm.patch.auto.action.PatchActionExecutor - Executing patch action [com.oracle.glcm.patch.auto.db.integration.controller.action.siha.SIDBFinalizeStartAction] for patch targets [odie2->/u01/app/oracle/product/12.1.0.2/dbhome_1 Type[sidb]].
2017-07-06 10:28:58,709 INFO  [299] com.oracle.glcm.patch.auto.action.LocalPatchActionRunner - Local patch action runner executing patch action SIDBFinalizeStartAction on patch target odie2->/u01/app/oracle/product/12.1.0.2/dbhome_1 Type[sidb]
2017-07-06 10:28:58,709 INFO  [299] com.oracle.cie.common.util.reporting.CommonReporter - Reporting console output : Message{id='null', message='
Preparing home /u01/app/oracle/product/12.1.0.2/dbhome_1 after database service restarted'}
2017-07-06 10:28:58,709 INFO  [299] com.oracle.cie.common.util.reporting.CommonReporter - Reporting console output : Message{id='null', message='No step execution required.........'}
2017-07-06 10:28:58,710 INFO  [299] com.oracle.cie.common.util.reporting.CommonReporter - Reporting console output : Message{id='null', message='Prepared home /u01/app/oracle/product/12.1.0.2/dbhome_1 successfully after database service restarted
'}
2017-07-06 10:28:58,710 INFO  [297] com.oracle.glcm.patch.auto.action.PatchActionExecutor - Skipping patch action because it does not support one of the current patch target types [sidb]
2017-07-06 10:28:58,713 INFO  [310] com.oracle.glcm.patch.auto.action.PatchActionExecutor - Execute called for patch actions of [online:product-patching] phase:goal.
2017-07-06 10:28:58,713 INFO  [310] com.oracle.glcm.patch.auto.action.PatchActionExecutor - Attempting to execute patch actions [SIDBOnlineAction, RACOnlineAction] for [online:product-patching] phase:goal using patch targets [odie2->/u01/app/oracle/product/12.1.0.2/dbhome_1 Type[sidb]] for types [sidb]
2017-07-06 10:28:58,713 INFO  [311] com.oracle.glcm.patch.auto.action.LocalPatchActionRunner - Local patch action runner executing is required check for patch action SIDBOnlineAction on patch target odie2->/u01/app/oracle/product/12.1.0.2/dbhome_1 Type[sidb]
2017-07-06 10:28:58,714 INFO  [311] com.oracle.glcm.patch.auto.db.integration.controller.action.DBCommonPatchAction - Is command needs to be executed for current oracle home::true
2017-07-06 10:28:58,714 INFO  [310] com.oracle.glcm.patch.auto.action.PatchActionExecutor - Executing patch action [com.oracle.glcm.patch.auto.db.integration.controller.action.siha.SIDBOnlineAction] for patch targets [odie2->/u01/app/oracle/product/12.1.0.2/dbhome_1 Type[sidb]].
2017-07-06 10:28:58,714 INFO  [312] com.oracle.glcm.patch.auto.action.LocalPatchActionRunner - Local patch action runner executing patch action SIDBOnlineAction on patch target odie2->/u01/app/oracle/product/12.1.0.2/dbhome_1 Type[sidb]
2017-07-06 10:28:58,715 INFO  [312] com.oracle.cie.common.util.reporting.CommonReporter - Reporting console output : Message{id='null', message='
Trying to apply SQL patch on home /u01/app/oracle/product/12.1.0.2/dbhome_1'}
2017-07-06 10:28:58,717 INFO  [312] com.oracle.glcm.patch.auto.db.product.cmdtranslator.commands.StopStartRedoApply$Builder -  crate stop start log shipping commandStartRedoApply
2017-07-06 10:28:58,718 INFO  [312] com.oracle.glcm.patch.auto.db.framework.sdk.patchplanner.SystemModelUtils - Base Class: class dbmodel.common.OracleHome PropertyName: owner Value: oracle
2017-07-06 10:29:00,849 INFO  [312] com.oracle.glcm.patch.auto.db.integration.controller.action.OnlineAction - Is SQL patching required = false
2017-07-06 10:29:00,849 INFO  [312] com.oracle.glcm.patch.auto.db.integration.controller.action.OnlineAction - Executing command:
ORACLE_HOME=/u01/app/oracle/product/12.1.0.2/dbhome_1 ORACLE_SID=SHIPTEST /u01/app/oracle/product/12.1.0.2/dbhome_1/OPatch/datapatch
2017-07-06 10:29:01,089 INFO  [312] com.oracle.glcm.patch.auto.db.product.executor.GISystemCall - Is retry required=false
2017-07-06 10:29:01,089 INFO  [312] com.oracle.glcm.patch.auto.db.product.DBPatchingUtil - Is database up in /u01/app/oracle/product/12.1.0.2/dbhome_1, Node=null=false
2017-07-06 10:29:01,089 INFO  [312] com.oracle.cie.common.util.reporting.CommonReporter - Reporting console output : Message{id='null', message='
[WARNING] The local database(s) on "/u01/app/oracle/product/12.1.0.2/dbhome_1" is not running. SQL changes, if any, cannot be applied;'}
2017-07-06 10:29:01,089 INFO  [312] com.oracle.cie.common.util.reporting.CommonReporter - Reporting console output : Message{id='null', message='[WARNING] The database instance 'SHIPTEST' from '/u01/app/oracle/product/12.1.0.2/dbhome_1', in host'odie2' is not running. SQL changes, if any,  will not be applied.
To apply. the SQL changes, bring up the database instance and run the command manually from any one node (run as oracle).
Refer to the readme to get the correct steps for applying the sql changes.
'}
2017-07-06 10:29:01,090 INFO  [312] com.oracle.cie.common.util.reporting.CommonReporter - Reporting console output : Message{id='null', message='SQL patch applied successfully on home /u01/app/oracle/product/12.1.0.2/dbhome_1
'}
2017-07-06 10:29:01,091 INFO  [310] com.oracle.glcm.patch.auto.action.PatchActionExecutor - Skipping patch action because it does not support one of the current patch target types [sidb]
2017-07-06 10:29:01,094 INFO  [326] com.oracle.glcm.patch.auto.action.PatchActionExecutor - Execute called for patch actions of [online:finalize] phase:goal.
2017-07-06 10:29:01,094 INFO  [326] com.oracle.glcm.patch.auto.action.PatchActionExecutor - There are no patch actions which require execution for [online:finalize] phase:goal.
2017-07-06 10:29:01,097 INFO  [337] com.oracle.glcm.patch.auto.action.PatchActionExecutor - Execute called for patch actions of [online:product-patching] phase:goal.
2017-07-06 10:29:01,097 INFO  [337] com.oracle.glcm.patch.auto.action.PatchActionExecutor - Attempting to execute patch actions [SIDBOnlineAction, RACOnlineAction] for [online:product-patching] phase:goal using patch targets [] for types [siha]
2017-07-06 10:29:01,097 INFO  [337] com.oracle.glcm.patch.auto.action.PatchActionExecutor - Skipping patch action because it does not support one of the current patch target types [siha]
2017-07-06 10:29:01,097 INFO  [337] com.oracle.glcm.patch.auto.action.PatchActionExecutor - Skipping patch action because it does not support one of the current patch target types [siha]
2017-07-06 10:29:01,100 INFO  [347] com.oracle.glcm.patch.auto.action.PatchActionExecutor - Execute called for patch actions of [online:finalize] phase:goal.
2017-07-06 10:29:01,100 INFO  [347] com.oracle.glcm.patch.auto.action.PatchActionExecutor - There are no patch actions which require execution for [online:finalize] phase:goal.
2017-07-06 10:29:01,103 INFO  [358] com.oracle.glcm.patch.auto.action.PatchActionExecutor - Execute called for patch actions of [finalize:finalize] phase:goal.
2017-07-06 10:29:01,104 INFO  [358] com.oracle.glcm.patch.auto.action.PatchActionExecutor - Attempting to execute patch actions [OracleHomeLSInventoryGrepAction, DeletePatchAction] for [finalize:finalize] phase:goal using patch targets [] for types [siha]
2017-07-06 10:29:01,106 INFO  [369] com.oracle.glcm.patch.auto.action.PatchActionExecutor - Execute called for patch actions of [finalize:finalize] phase:goal.
2017-07-06 10:29:01,106 INFO  [369] com.oracle.glcm.patch.auto.action.PatchActionExecutor - Attempting to execute patch actions [OracleHomeLSInventoryGrepAction, DeletePatchAction] for [finalize:finalize] phase:goal using patch targets [odie2->/u01/app/oracle/product/12.1.0.2/dbhome_1 Type[sidb]] for types [sidb]
2017-07-06 10:29:01,107 INFO  [370] com.oracle.glcm.patch.auto.action.LocalPatchActionRunner - Local patch action runner executing is required check for patch action OracleHomeLSInventoryGrepAction on patch target odie2->/u01/app/oracle/product/12.1.0.2/dbhome_1 Type[sidb]
2017-07-06 10:29:01,107 INFO  [370] com.oracle.glcm.patch.auto.db.integration.controller.action.DBCommonPatchAction - Is command needs to be executed for current oracle home::true
2017-07-06 10:29:01,107 INFO  [369] com.oracle.glcm.patch.auto.action.PatchActionExecutor - Executing patch action [com.oracle.glcm.patch.auto.db.integration.controller.action.crs.OracleHomeLSInventoryGrepAction] for patch targets [odie2->/u01/app/oracle/product/12.1.0.2/dbhome_1 Type[sidb]].
2017-07-06 10:29:01,107 INFO  [371] com.oracle.glcm.patch.auto.action.LocalPatchActionRunner - Local patch action runner executing patch action OracleHomeLSInventoryGrepAction on patch target odie2->/u01/app/oracle/product/12.1.0.2/dbhome_1 Type[sidb]
2017-07-06 10:29:01,108 INFO  [371] com.oracle.cie.common.util.reporting.CommonReporter - Reporting console output : Message{id='null', message='
Verifying patches applied on home /u01/app/oracle/product/12.1.0.2/dbhome_1'}
2017-07-06 10:29:01,110 INFO  [371] com.oracle.glcm.patch.auto.db.framework.sdk.patchplanner.SystemModelUtils - Base Class: class dbmodel.common.OracleHome PropertyName: owner Value: oracle
2017-07-06 10:29:01,110 INFO  [371] com.oracle.glcm.patch.auto.db.product.executor.PatchingStepExecutor - 
Executing command as oracle: 
 /u01/app/oracle/product/12.1.0.2/dbhome_1/OPatch/opatch lsinventory -invPtrLoc /u01/app/oracle/product/12.1.0.2/dbhome_1/oraInst.loc -oh /u01/app/oracle/product/12.1.0.2/dbhome_1 | grep 24732082
2017-07-06 10:29:03,576 INFO  [371] com.oracle.glcm.patch.auto.db.product.executor.PatchingStepExecutor - Successfully executed the above command.

2017-07-06 10:29:03,577 INFO  [371] com.oracle.glcm.patch.auto.db.product.executor.PatchingStepExecutor - Output from the command:
2017-07-06 10:29:03,577 INFO  [371] com.oracle.glcm.patch.auto.db.product.executor.PatchingStepExecutor - Patch  24732082     : applied on Thu Jul 06 10:27:57 UTC 2017
Patch description:  "Database Patch Set Update : 12.1.0.2.170117 (24732082)"

2017-07-06 10:29:03,577 INFO  [371] com.oracle.glcm.patch.auto.db.product.executor.PatchingStepExecutor - Command executed successfully.

2017-07-06 10:29:03,577 INFO  [371] com.oracle.glcm.patch.auto.db.product.executor.PatchingStepExecutor - 
Executing command as oracle: 
 /u01/app/oracle/product/12.1.0.2/dbhome_1/OPatch/opatch lsinventory -invPtrLoc /u01/app/oracle/product/12.1.0.2/dbhome_1/oraInst.loc -oh /u01/app/oracle/product/12.1.0.2/dbhome_1 | grep 24828633
2017-07-06 10:29:05,968 INFO  [371] com.oracle.glcm.patch.auto.db.product.executor.PatchingStepExecutor - Successfully executed the above command.

2017-07-06 10:29:05,968 INFO  [371] com.oracle.glcm.patch.auto.db.product.executor.PatchingStepExecutor - Output from the command:
2017-07-06 10:29:05,968 INFO  [371] com.oracle.glcm.patch.auto.db.product.executor.PatchingStepExecutor - Patch  24828633     : applied on Thu Jul 06 10:28:51 UTC 2017
Patch description:  "OCW Patch Set Update : 12.1.0.2.170117 (24828633)"

2017-07-06 10:29:05,968 INFO  [371] com.oracle.glcm.patch.auto.db.product.executor.PatchingStepExecutor - Command executed successfully.

2017-07-06 10:29:05,969 INFO  [371] com.oracle.cie.common.util.reporting.CommonReporter - Reporting console output : Message{id='null', message='Patch verification completed with warning on home /u01/app/oracle/product/12.1.0.2/dbhome_1
'}
2017-07-06 10:29:05,970 INFO  [376] com.oracle.glcm.patch.auto.action.LocalPatchActionRunner - Local patch action runner executing is required check for patch action DeletePatchAction on patch target odie2->/u01/app/oracle/product/12.1.0.2/dbhome_1 Type[sidb]
2017-07-06 10:29:05,970 INFO  [369] com.oracle.glcm.patch.auto.action.PatchActionExecutor - No action required for patch action [com.oracle.glcm.patch.auto.db.integration.controller.action.DeletePatchAction] and patch target [odie2->/u01/app/oracle/product/12.1.0.2/dbhome_1 Type[sidb]].
2017-07-06 10:29:05,972 INFO  [1] com.oracle.cie.common.util.reporting.CommonReporter - Reporting console output : Message{id='null', message='OPatchAuto successful.'}
2017-07-06 10:29:05,980 INFO  [1] com.oracle.cie.common.util.reporting.CommonReporter - Reporting console output : Message{id='null', message='
--------------------------------Summary--------------------------------'}
2017-07-06 10:29:05,981 INFO  [1] com.oracle.cie.common.util.reporting.CommonReporter - Reporting console output : Message{id='null', message='
Patching is completed successfully. Please find the summary as follows:
'}
2017-07-06 10:29:05,981 INFO  [1] com.oracle.cie.common.util.reporting.CommonReporter - Reporting console output : Message{id='null', message='Host:odie2'}
2017-07-06 10:29:05,981 INFO  [1] com.oracle.cie.common.util.reporting.CommonReporter - Reporting console output : Message{id='null', message='SIDB Home:/u01/app/oracle/product/12.1.0.2/dbhome_1'}
2017-07-06 10:29:05,981 INFO  [1] com.oracle.cie.common.util.reporting.CommonReporter - Reporting console output : Message{id='null', message='Summary:

==Following patches were SKIPPED:

Patch: /tmp/oakpatch/db/12.1.0.2.0/24732082/24917825/21436941
Reason: This patch is not applicable to this specified target type - "oracle_database"

Patch: /tmp/oakpatch/db/12.1.0.2.0/24732082/24917825/24828643
Reason: This patch is not applicable to this specified target type - "oracle_database"


==Following patches were SUCCESSFULLY applied:

Patch: /tmp/oakpatch/db/12.1.0.2.0/24732082/24917825/24732082
Log: /u01/app/oracle/product/12.1.0.2/dbhome_1/cfgtoollogs/opatchauto/core/opatch/opatch2017-07-06_10-27-00AM_1.log

Patch: /tmp/oakpatch/db/12.1.0.2.0/24732082/24917825/24828633
Log: /u01/app/oracle/product/12.1.0.2/dbhome_1/cfgtoollogs/opatchauto/core/opatch/opatch2017-07-06_10-27-00AM_1.log

'}
