2017-07-06 10:26:10,569 INFO  [1] com.oracle.glcm.patch.auto.db.product.inventory.ClusterInformationLoader - crsType: CRS
2017-07-06 10:26:10,638 INFO  [1] com.oracle.glcm.patch.auto.db.product.inventory.ClusterInformationLoader - running: true
2017-07-06 10:26:10,746 INFO  [1] com.oracle.glcm.patch.auto.db.product.inventory.ClusterInformationLoader - running: true
2017-07-06 10:26:10,862 INFO  [1] com.oracle.glcm.patch.auto.db.product.driver.crs.CrsProductDriver - crsType: CRS
2017-07-06 10:26:10,924 INFO  [1] com.oracle.glcm.patch.auto.db.product.driver.crs.CrsProductDriver - running: true
2017-07-06 10:26:11,299 INFO  [1] com.oracle.glcm.patch.auto.db.product.driver.crs.CrsProductDriver - Checking for Exadata. Looking for /opt/oracle.cellos/ORACLE_CELL_OS_IS_SETUP file.
2017-07-06 10:26:11,300 INFO  [1] com.oracle.glcm.patch.auto.db.product.driver.crs.CrsProductDriver - This is not an Exadata environment
2017-07-06 10:26:11,965 INFO  [1] oracle.dbsysmodel.driver.sdk.productdriver.OUIDriver - ORACLE_BASE for /u01/app/11.2.0.4/grid is /u01/app/grid
2017-07-06 10:26:12,350 INFO  [1] oracle.dbsysmodel.driver.sdk.productdriver.OUIDriver - ORACLE_BASE for /u01/app/oracle/product/11.2.0.4/dbhome_1 is /u01/app/oracle
2017-07-06 10:26:12,922 INFO  [1] oracle.dbsysmodel.driver.sdk.productdriver.OUIDriver - ORACLE_BASE for /u01/app/12.1.0.2/grid is /u01/app/grid
2017-07-06 10:26:13,210 INFO  [1] oracle.dbsysmodel.driver.sdk.productdriver.OUIDriver - ORACLE_BASE for /u01/app/oracle/product/12.1.0.2/dbhome_1 is /u01/app/oracle
2017-07-06 10:26:13,344 INFO  [1] com.oracle.glcm.patch.auto.db.product.driver.crs.CrsProductDriver - crsType: CRS
2017-07-06 10:26:13,406 INFO  [1] com.oracle.glcm.patch.auto.db.product.driver.crs.CrsProductDriver - running: true
2017-07-06 10:26:18,749 INFO  [1] com.oracle.glcm.patch.auto.db.product.driver.crs.CrsProductDriver - dbList.size: 5
2017-07-06 10:26:18,994 INFO  [1] com.oracle.glcm.patch.auto.db.product.driver.crs.CrsProductDriver - isAdminManaged: true
2017-07-06 10:26:19,258 INFO  [1] com.oracle.glcm.patch.auto.db.product.driver.crs.CrsProductDriver - isAdminManaged: true
2017-07-06 10:26:19,543 INFO  [1] com.oracle.glcm.patch.auto.db.product.driver.crs.CrsProductDriver - isAdminManaged: true
2017-07-06 10:26:19,583 INFO  [1] com.oracle.glcm.patch.auto.db.product.driver.crs.CrsProductDriver - isAdminPolicyDBMixedSetup: false
2017-07-06 10:26:21,007 INFO  [1] com.oracle.glcm.patch.auto.db.product.driver.crs.CrsProductDriver - There are 1 SI database instances running for database: JANUSJR
2017-07-06 10:26:21,008 INFO  [1] com.oracle.glcm.patch.auto.db.product.driver.crs.CrsProductDriver - the instance JANUSJR : JANUSJR runs on hub node that belongs to server pools 
2017-07-06 10:26:23,041 INFO  [1] com.oracle.glcm.patch.auto.db.product.driver.crs.CrsProductDriver - There are 1 SI database instances running for database: LIMSJR
2017-07-06 10:26:23,041 INFO  [1] com.oracle.glcm.patch.auto.db.product.driver.crs.CrsProductDriver - the instance LIMSJR : LIMSJR runs on hub node that belongs to server pools 
2017-07-06 10:26:25,094 INFO  [1] com.oracle.glcm.patch.auto.db.product.driver.crs.CrsProductDriver - There are 1 SI database instances running for database: SHIPTEST
2017-07-06 10:26:25,094 INFO  [1] com.oracle.glcm.patch.auto.db.product.driver.crs.CrsProductDriver - the instance SHIPTEST : SHIPTEST runs on hub node that belongs to server pools 
2017-07-06 10:26:25,724 INFO  [1] com.oracle.glcm.patch.auto.db.product.driver.crs.AbstractCrsProductDriver - homeType:  sidb
2017-07-06 10:26:25,725 INFO  [1] com.oracle.glcm.patch.auto.db.product.driver.crs.AbstractCrsProductDriver - homeType:  sidb
