[Apr 15, 2016 10:43:47 AM]   OPatch invoked as follows: 'napply /opt/oracle/oak/onecmd/patches/22646084/22646084/21436941 -silent -verbose -oh /u01/app/oracle/product/12.1.0.2/dbhome_1 -all_nodes -ocmrf /opt/oracle/oak/onecmd/onecommand-default-ocm.rsp '
[Apr 15, 2016 10:43:47 AM]   Environment:
                                OPatch.ORACLE_HOME=/u01/app/oracle/product/12.1.0.2/dbhome_1
                                oracle.installer.invPtrLoc=/etc/oraInst.loc
                                oracle.installer.oui_loc=/u01/app/oracle/product/12.1.0.2/dbhome_1/oui
                                oracle.installer.library_loc=/u01/app/oracle/product/12.1.0.2/dbhome_1/oui/lib/linux64
                                oracle.installer.startup_location=/u01/app/oracle/product/12.1.0.2/dbhome_1/oui
                                OPatch.PLATFORM_ID=
                                os.name=Linux
                                OPatch.NO_FUSER=
                                OPatch.SKIP_VERIFY=null
                                OPatch.SKIP_VERIFY_SPACE=null
                                oracle.installer.clusterEnabled=false
                                TRACING.ENABLED=null
                                TRACING.LEVEL=null
                                OPatch.DEBUG=false
                                OPATCH_VERSION=12.1.0.1.10
                                Bundled OPatch Property File=properties
                                Minimum OUI version: 10.2
                                OPatch.PATH=/u01/app/oracle/product/11.2.0.3/dbhome_1/bin:.:/usr/kerberos/bin:/usr/local/bin:/bin:/usr/bin:/home/oracle/bin:/u01/app/oracle/product/12.1.0.2/dbhome_1/OPatch
                                OPatch.MW_HOME=
                                OPatch.WL_HOME=
                                OPatch.COMMON_COMPONENTS_HOME=
[Apr 15, 2016 10:43:47 AM]   Could not get central inventory using NGOUI; oracle.sysman.nextgen.utils.NextGenInventoryUtil
[Apr 15, 2016 10:43:47 AM]   OUI-67077:
                             Oracle Home       : /u01/app/oracle/product/12.1.0.2/dbhome_1
                             Central Inventory : /u01/app/oraInventory
                                from           : /etc/oraInst.loc
                             OPatch version    : 12.1.0.1.10
                             OUI version       : 12.1.0.2.0
                             OUI location      : /u01/app/oracle/product/12.1.0.2/dbhome_1/oui
                             Log file location : /u01/app/oracle/product/12.1.0.2/dbhome_1/cfgtoollogs/opatch/opatch2016-04-15_10-43-47AM_1.log
[Apr 15, 2016 10:43:47 AM]   Patch history file: /u01/app/oracle/product/12.1.0.2/dbhome_1/cfgtoollogs/opatch/opatch_history.txt
[Apr 15, 2016 10:43:50 AM]   [OPSR-MEMORY-1] : after installInventory.getAllCompsVect() call : 37 (MB)
[Apr 15, 2016 10:43:50 AM]   [OPSR-MEMORY-2] : before loading cooked one off : 9 (MB)
[Apr 15, 2016 10:43:50 AM]   [OPSR-MEMORY-3] : after loading rawOneOffList and before loading minipatch list in cooked one off : 9 (MB)
[Apr 15, 2016 10:43:50 AM]   [OPSR-MEMORY-4] : after filling cookedOneOffs and when inventory is loaded.. : 9 (MB)
[Apr 15, 2016 10:43:50 AM]   Verifying environment and performing prerequisite checks...
[Apr 15, 2016 10:43:50 AM]   Checking conflict among patches...
[Apr 15, 2016 10:43:50 AM]   checkConflictAmongPatchesWithDetail start -> Fri Apr 15 10:43:50 UTC 2016
[Apr 15, 2016 10:43:50 AM]   Fri Apr 15 10:43:50 UTC 2016
[Apr 15, 2016 10:43:50 AM]   Adapter can go list: 21436941
[Apr 15, 2016 10:43:50 AM]   Adapter not need list:
[Apr 15, 2016 10:43:50 AM]   Adapter auto-rollback list:
[Apr 15, 2016 10:43:50 AM]   checkConflictAmongPatchesWithDetail end -> Fri Apr 15 10:43:50 UTC 2016
[Apr 15, 2016 10:43:50 AM]   Intra-Conflict check PASSED
[Apr 15, 2016 10:43:50 AM]   Checking if Oracle Home has components required by patches...
[Apr 15, 2016 10:43:50 AM]   Check if patch "21436941"  is a no-op patch.
[Apr 15, 2016 10:43:50 AM]   Opt. comp. not in OH inventory: oracle.wlm.dbwlm, 12.1.0.2.0
[Apr 15, 2016 10:43:50 AM]   [ oracle.wlm.dbwlm, 12.1.0.2.0 ]
[Apr 15, 2016 10:43:50 AM]   Skip patch 21436941 from list of patches to apply: This patch is not needed.
[Apr 15, 2016 10:43:50 AM]   CheckMissingComp: hash doesn't match, re-build FVs
[Apr 15, 2016 10:43:50 AM]   OUI-67124:
                             After skipping patches with missing components, there are no patches to apply.
[Apr 15, 2016 10:43:50 AM]   UtilSession: N-Apply done.
[Apr 15, 2016 10:43:50 AM]   --------------------------------------------------------------------------------
[Apr 15, 2016 10:43:50 AM]   The following warnings have occurred during OPatch execution:
[Apr 15, 2016 10:43:50 AM]   1) OUI-67124:
                             After skipping patches with missing components, there are no patches to apply.
[Apr 15, 2016 10:43:50 AM]   --------------------------------------------------------------------------------
[Apr 15, 2016 10:43:50 AM]   OUI-67008:OPatch Session completed with warnings.
[Apr 15, 2016 10:43:50 AM]   Finishing UtilSession at Fri Apr 15 10:43:50 UTC 2016
[Apr 15, 2016 10:43:50 AM]   Log file location: /u01/app/oracle/product/12.1.0.2/dbhome_1/cfgtoollogs/opatch/opatch2016-04-15_10-43-47AM_1.log
