
+DATA has enough space. Required space is 1566 MB , available space is 1784429 MB.
File Validations Successful.

Validation of server pool succeeded.
Registering database with Oracle Grid Infrastructure
DBCA_PROGRESS : 5%
Copying database files
DBCA_PROGRESS : 7%
DBCA_PROGRESS : 9%
DBCA_PROGRESS : 16%
DBCA_PROGRESS : 23%
DBCA_PROGRESS : 30%
DBCA_PROGRESS : 37%
DBCA_PROGRESS : 41%
Creating and starting Oracle instance
DBCA_PROGRESS : 43%
DBCA_PROGRESS : 48%
DBCA_PROGRESS : 49%
DBCA_PROGRESS : 50%
DBCA_PROGRESS : 55%
DBCA_PROGRESS : 60%
DBCA_PROGRESS : 61%
DBCA_PROGRESS : 64%
Completing Database Creation
DBCA_PROGRESS : 68%
DBCA_PROGRESS : 79%
DBCA_PROGRESS : 89%
DBCA_PROGRESS : 100%
Database creation complete. For details check the logfiles at:
 /u01/app/grid/cfgtoollogs/dbca/_mgmtdb.
Database Information:
Global Database Name:_mgmtdb
System Identifier(SID):-MGMTDB
