DICT.BASE|2
DEFAULT_TEMP_TABLESPACE|TEMP
DEFAULT_PERMANENT_TABLESPACE|SYSTEM
DEFAULT_EDITION|ORA$BASE
Flashback Timestamp TimeZone|GMT
TDE_MASTER_KEY_ID|DBCA_NULL
DEFAULT_TBS_TYPE|SMALLFILE
GLOBAL_DB_NAME|_MGMTDB
NLS_RDBMS_VERSION|12.1.0.2.0
NLS_NCHAR_CHARACTERSET|AL16UTF16
NLS_NCHAR_CONV_EXCP|FALSE
NLS_LENGTH_SEMANTICS|BYTE
NLS_COMP|BINARY
NLS_DUAL_CURRENCY|$
NLS_TIMESTAMP_TZ_FORMAT|DD-MON-RR HH.MI.SSXFF AM TZR
NLS_TIME_TZ_FORMAT|HH.MI.SSXFF AM TZR
NLS_TIMESTAMP_FORMAT|DD-MON-RR HH.MI.SSXFF AM
NLS_TIME_FORMAT|HH.MI.SSXFF AM
NLS_SORT|BINARY
NLS_DATE_LANGUAGE|AMERICAN
NLS_DATE_FORMAT|DD-MON-RR
NLS_CALENDAR|GREGORIAN
NLS_CHARACTERSET|AL32UTF8
NLS_NUMERIC_CHARACTERS|.,
NLS_ISO_CURRENCY|AMERICA
NLS_CURRENCY|$
NLS_TERRITORY|AMERICA
NLS_LANGUAGE|AMERICAN
DST_SECONDARY_TT_VERSION|0
DST_PRIMARY_TT_VERSION|18
DST_UPGRADE_STATE|NONE
MAX_STRING_SIZE|STANDARD
EXPORT_VIEWS_VERSION|8
WORKLOAD_CAPTURE_MODE|DBCA_NULL
WORKLOAD_REPLAY_MODE|DBCA_NULL
NO_USERID_VERIFIER_SALT|2EB70442D8E97596583FC20DD36A04B5
DBTIMEZONE|00:00
SYSAUX
SYSTEM
UNDOTBS1
	 0
	 0
	 0
	 0
	 0
	 0
	 0
	 0
	 0
ANONYMOUS
DBSNMP
WMSYS
XDB
APPQOSSYS
GSMADMIN_INTERNAL
GSMCATUSER
SYSBACKUP
OUTLN
DIP
SYSDG
ORACLE_OCM
SYSKM
XS$NULL
GSMUSER
AUDSYS
SYSTEM
	 1
	 0
	 6
