[Jul 6, 2017 9:15:48 AM]     OUI exists, the oraclehome is OUI based.
[Jul 6, 2017 9:15:48 AM]     OUI exists, the oraclehome is OUI based.
[Jul 6, 2017 9:15:48 AM]     OPatch invoked as follows: 'apply -oh /u01/app/oracle/product/11.2.0.4/dbhome_1 -local /tmp/oakpatch/db/11.2.0.4.0/24006111/24436338/24006111 -silent -ocmrf /opt/oracle/oak/pkgrepos/System/12.1.2.10.0/conf/default-ocm.rsp -invPtrLoc /u01/app/oracle/product/11.2.0.4/dbhome_1/oraInst.loc '
[Jul 6, 2017 9:15:48 AM]     OUI-67077:
                             Oracle Home       : /u01/app/oracle/product/11.2.0.4/dbhome_1
                             Central Inventory : /u01/app/oraInventory
                                from           : /u01/app/oracle/product/11.2.0.4/dbhome_1/oraInst.loc
                             OPatch version    : 11.2.0.3.15
                             OUI version       : 11.2.0.4.0
                             OUI location      : /u01/app/oracle/product/11.2.0.4/dbhome_1/oui
                             Log file location : /u01/app/oracle/product/11.2.0.4/dbhome_1/cfgtoollogs/opatch/opatch2017-07-06_09-15-48AM_1.log
[Jul 6, 2017 9:15:48 AM]     Patch history file: /u01/app/oracle/product/11.2.0.4/dbhome_1/cfgtoollogs/opatch/opatch_history.txt
[Jul 6, 2017 9:15:51 AM]     [OPSR-MEMORY-1] : after installInventory.getAllCompsVect() call : 53 (MB)
[Jul 6, 2017 9:15:51 AM]     [OPSR-MEMORY-2] : after loading rawOneOffList53 (MB)
[Jul 6, 2017 9:15:51 AM]     NApply::new process() calls old process() if CAS is not enabled.
[Jul 6, 2017 9:15:51 AM]     Verifying environment and performing prerequisite checks...
[Jul 6, 2017 9:15:51 AM]     [OPSR-MEMORY-3] : before loading cooked one off : 57 (MB)
[Jul 6, 2017 9:15:51 AM]     [OPSR-MEMORY-4] : after filling cookedOneOffs and when inventory is loaded.. : 92 (MB)
[Jul 6, 2017 9:15:52 AM]     Ignoring file "/tmp/oakpatch/db/11.2.0.4.0/24006111/24436338/24006111/README.html" in the patch directory.
[Jul 6, 2017 9:15:52 AM]     Ignoring file "/tmp/oakpatch/db/11.2.0.4.0/24006111/24436338/24006111/README.txt" in the patch directory.
[Jul 6, 2017 9:15:52 AM]     Ignoring file "/tmp/oakpatch/db/11.2.0.4.0/24006111/24436338/24006111/patchmd.xml" in the patch directory.
[Jul 6, 2017 9:15:52 AM]     Stack Description: java.util.NoSuchElementException
[Jul 6, 2017 9:15:52 AM]     StackTrace: java.util.StringTokenizer.nextToken(StringTokenizer.java:332)
[Jul 6, 2017 9:15:52 AM]     StackTrace: oracle.opatch.CompositePatchObject.compareDate(CompositePatchObject.java:1379)
[Jul 6, 2017 9:15:52 AM]     StackTrace: oracle.opatch.CompositePatchObject.GetIdenticalPatch(CompositePatchObject.java:1295)
[Jul 6, 2017 9:15:52 AM]     StackTrace: oracle.opatch.opatchutil.NApply.legacy_process(NApply.java:536)
[Jul 6, 2017 9:15:52 AM]     StackTrace: oracle.opatch.opatchutil.NApply.legacy_process(NApply.java:367)
[Jul 6, 2017 9:15:52 AM]     StackTrace: oracle.opatch.opatchutil.NApply.process(NApply.java:362)
[Jul 6, 2017 9:15:52 AM]     StackTrace: oracle.opatch.opatchutil.OUSession.napply(OUSession.java:1084)
[Jul 6, 2017 9:15:52 AM]     StackTrace: sun.reflect.NativeMethodAccessorImpl.invoke0(Native Method)
[Jul 6, 2017 9:15:52 AM]     StackTrace: sun.reflect.NativeMethodAccessorImpl.invoke(NativeMethodAccessorImpl.java:39)
[Jul 6, 2017 9:15:52 AM]     StackTrace: sun.reflect.DelegatingMethodAccessorImpl.invoke(DelegatingMethodAccessorImpl.java:25)
[Jul 6, 2017 9:15:52 AM]     StackTrace: java.lang.reflect.Method.invoke(Method.java:597)
[Jul 6, 2017 9:15:52 AM]     StackTrace: oracle.opatch.UtilSession.process(UtilSession.java:358)
[Jul 6, 2017 9:15:52 AM]     StackTrace: oracle.opatch.OPatchSession.process(OPatchSession.java:2515)
[Jul 6, 2017 9:15:52 AM]     StackTrace: oracle.opatch.OPatch.process(OPatch.java:796)
[Jul 6, 2017 9:15:52 AM]     StackTrace: oracle.opatch.OPatch.main(OPatch.java:846)
[Jul 6, 2017 9:15:52 AM]     Stack Description: java.util.NoSuchElementException
[Jul 6, 2017 9:15:52 AM]     StackTrace: java.util.StringTokenizer.nextToken(StringTokenizer.java:332)
[Jul 6, 2017 9:15:52 AM]     StackTrace: oracle.opatch.CompositePatchObject.compareDate(CompositePatchObject.java:1379)
[Jul 6, 2017 9:15:52 AM]     StackTrace: oracle.opatch.CompositePatchObject.GetIdenticalPatch(CompositePatchObject.java:1295)
[Jul 6, 2017 9:15:52 AM]     StackTrace: oracle.opatch.opatchutil.NApply.legacy_process(NApply.java:536)
[Jul 6, 2017 9:15:52 AM]     StackTrace: oracle.opatch.opatchutil.NApply.legacy_process(NApply.java:367)
[Jul 6, 2017 9:15:52 AM]     StackTrace: oracle.opatch.opatchutil.NApply.process(NApply.java:362)
[Jul 6, 2017 9:15:52 AM]     StackTrace: oracle.opatch.opatchutil.OUSession.napply(OUSession.java:1084)
[Jul 6, 2017 9:15:52 AM]     StackTrace: sun.reflect.NativeMethodAccessorImpl.invoke0(Native Method)
[Jul 6, 2017 9:15:52 AM]     StackTrace: sun.reflect.NativeMethodAccessorImpl.invoke(NativeMethodAccessorImpl.java:39)
[Jul 6, 2017 9:15:52 AM]     StackTrace: sun.reflect.DelegatingMethodAccessorImpl.invoke(DelegatingMethodAccessorImpl.java:25)
[Jul 6, 2017 9:15:52 AM]     StackTrace: java.lang.reflect.Method.invoke(Method.java:597)
[Jul 6, 2017 9:15:52 AM]     StackTrace: oracle.opatch.UtilSession.process(UtilSession.java:358)
[Jul 6, 2017 9:15:52 AM]     StackTrace: oracle.opatch.OPatchSession.process(OPatchSession.java:2515)
[Jul 6, 2017 9:15:52 AM]     StackTrace: oracle.opatch.OPatch.process(OPatch.java:796)
[Jul 6, 2017 9:15:52 AM]     StackTrace: oracle.opatch.OPatch.main(OPatch.java:846)
[Jul 6, 2017 9:15:52 AM]     Checking conflict among patches...
[Jul 6, 2017 9:15:52 AM]     checkConflictAmongPatchesWithDetail start -> Thu Jul 06 09:15:52 UTC 2017
[Jul 6, 2017 9:15:52 AM]     Thu Jul 06 09:15:52 UTC 2017
[Jul 6, 2017 9:15:52 AM]     Adapter can go list: 17478514 18031668 18522509 19121551 19769489 20299013 20760982 21352635 21948347 22502456 23054359 24006111
[Jul 6, 2017 9:15:52 AM]     Adapter not need list:
[Jul 6, 2017 9:15:52 AM]     Adapter auto-rollback list:
[Jul 6, 2017 9:15:52 AM]     checkConflictAmongPatchesWithDetail end -> Thu Jul 06 09:15:52 UTC 2017
[Jul 6, 2017 9:15:52 AM]     Intra-Conflict check PASSED
[Jul 6, 2017 9:15:52 AM]     Checking if Oracle Home has components required by patches...
[Jul 6, 2017 9:15:52 AM]     Check if patch "17478514"  is a no-op patch.
[Jul 6, 2017 9:15:52 AM]     Check if patch "18031668"  is a no-op patch.
[Jul 6, 2017 9:15:52 AM]     Check if patch "18522509"  is a no-op patch.
[Jul 6, 2017 9:15:52 AM]     Check if patch "19121551"  is a no-op patch.
[Jul 6, 2017 9:15:52 AM]     Check if patch "19769489"  is a no-op patch.
[Jul 6, 2017 9:15:52 AM]     Opt. comp. not in OH inventory: oracle.sysman.agent, 11.2.0.4.0
[Jul 6, 2017 9:15:52 AM]     [ oracle.sysman.agent, 11.2.0.4.0 ]
[Jul 6, 2017 9:15:52 AM]     Check if patch "20299013"  is a no-op patch.
[Jul 6, 2017 9:15:52 AM]     Check if patch "20760982"  is a no-op patch.
[Jul 6, 2017 9:15:52 AM]     Check if patch "21352635"  is a no-op patch.
[Jul 6, 2017 9:15:52 AM]     Check if patch "21948347"  is a no-op patch.
[Jul 6, 2017 9:15:52 AM]     Opt. comp. not in OH inventory: oracle.tfa, 11.2.0.4.0
[Jul 6, 2017 9:15:52 AM]     [ oracle.tfa, 11.2.0.4.0 ]
[Jul 6, 2017 9:15:52 AM]     Check if patch "22502456"  is a no-op patch.
[Jul 6, 2017 9:15:52 AM]     Opt. comp. not in OH inventory: oracle.tfa, 11.2.0.4.0
[Jul 6, 2017 9:15:52 AM]     [ oracle.tfa, 11.2.0.4.0 ]
[Jul 6, 2017 9:15:52 AM]     Check if patch "23054359"  is a no-op patch.
[Jul 6, 2017 9:15:52 AM]     Check if patch "24006111"  is a no-op patch.
[Jul 6, 2017 9:15:52 AM]     CheckMissingComp: OPatch is not running w/ 2-phase patching, re-build FVs
[Jul 6, 2017 9:15:52 AM]     Checking conflicts against Oracle Home...
[Jul 6, 2017 9:15:52 AM]     checkConflictAgainstOHWithDetail start -> Thu Jul 06 09:15:52 UTC 2017
[Jul 6, 2017 9:15:52 AM]     Thu Jul 06 09:15:52 UTC 2017
[Jul 6, 2017 9:15:52 AM]     Adapter can go list: 23054359 24006111
[Jul 6, 2017 9:15:52 AM]     Adapter not need list:
[Jul 6, 2017 9:15:52 AM]     Adapter auto-rollback list:
[Jul 6, 2017 9:15:52 AM]     checkConflictAgainstOHWithDetail end -> Thu Jul 06 09:15:52 UTC 2017
[Jul 6, 2017 9:15:52 AM]     Stack Description: java.util.NoSuchElementException
[Jul 6, 2017 9:15:52 AM]     StackTrace: java.util.StringTokenizer.nextToken(StringTokenizer.java:332)
[Jul 6, 2017 9:15:52 AM]     StackTrace: oracle.opatch.CompositePatchObject.compareDate(CompositePatchObject.java:1379)
[Jul 6, 2017 9:15:52 AM]     StackTrace: oracle.opatch.CompositePatchObject.GetIdenticalPatch(CompositePatchObject.java:1295)
[Jul 6, 2017 9:15:52 AM]     StackTrace: oracle.opatch.opatchutil.NApply.legacy_process(NApply.java:701)
[Jul 6, 2017 9:15:52 AM]     StackTrace: oracle.opatch.opatchutil.NApply.legacy_process(NApply.java:367)
[Jul 6, 2017 9:15:52 AM]     StackTrace: oracle.opatch.opatchutil.NApply.process(NApply.java:362)
[Jul 6, 2017 9:15:52 AM]     StackTrace: oracle.opatch.opatchutil.OUSession.napply(OUSession.java:1084)
[Jul 6, 2017 9:15:52 AM]     StackTrace: sun.reflect.NativeMethodAccessorImpl.invoke0(Native Method)
[Jul 6, 2017 9:15:52 AM]     StackTrace: sun.reflect.NativeMethodAccessorImpl.invoke(NativeMethodAccessorImpl.java:39)
[Jul 6, 2017 9:15:52 AM]     StackTrace: sun.reflect.DelegatingMethodAccessorImpl.invoke(DelegatingMethodAccessorImpl.java:25)
[Jul 6, 2017 9:15:52 AM]     StackTrace: java.lang.reflect.Method.invoke(Method.java:597)
[Jul 6, 2017 9:15:52 AM]     StackTrace: oracle.opatch.UtilSession.process(UtilSession.java:358)
[Jul 6, 2017 9:15:52 AM]     StackTrace: oracle.opatch.OPatchSession.process(OPatchSession.java:2515)
[Jul 6, 2017 9:15:52 AM]     StackTrace: oracle.opatch.OPatch.process(OPatch.java:796)
[Jul 6, 2017 9:15:52 AM]     StackTrace: oracle.opatch.OPatch.main(OPatch.java:846)
[Jul 6, 2017 9:15:52 AM]     Stack Description: java.util.NoSuchElementException
[Jul 6, 2017 9:15:52 AM]     StackTrace: java.util.StringTokenizer.nextToken(StringTokenizer.java:332)
[Jul 6, 2017 9:15:52 AM]     StackTrace: oracle.opatch.CompositePatchObject.compareDate(CompositePatchObject.java:1379)
[Jul 6, 2017 9:15:52 AM]     StackTrace: oracle.opatch.CompositePatchObject.GetIdenticalPatch(CompositePatchObject.java:1295)
[Jul 6, 2017 9:15:52 AM]     StackTrace: oracle.opatch.opatchutil.NApply.legacy_process(NApply.java:701)
[Jul 6, 2017 9:15:52 AM]     StackTrace: oracle.opatch.opatchutil.NApply.legacy_process(NApply.java:367)
[Jul 6, 2017 9:15:52 AM]     StackTrace: oracle.opatch.opatchutil.NApply.process(NApply.java:362)
[Jul 6, 2017 9:15:52 AM]     StackTrace: oracle.opatch.opatchutil.OUSession.napply(OUSession.java:1084)
[Jul 6, 2017 9:15:52 AM]     StackTrace: sun.reflect.NativeMethodAccessorImpl.invoke0(Native Method)
[Jul 6, 2017 9:15:52 AM]     StackTrace: sun.reflect.NativeMethodAccessorImpl.invoke(NativeMethodAccessorImpl.java:39)
[Jul 6, 2017 9:15:52 AM]     StackTrace: sun.reflect.DelegatingMethodAccessorImpl.invoke(DelegatingMethodAccessorImpl.java:25)
[Jul 6, 2017 9:15:52 AM]     StackTrace: java.lang.reflect.Method.invoke(Method.java:597)
[Jul 6, 2017 9:15:52 AM]     StackTrace: oracle.opatch.UtilSession.process(UtilSession.java:358)
[Jul 6, 2017 9:15:52 AM]     StackTrace: oracle.opatch.OPatchSession.process(OPatchSession.java:2515)
[Jul 6, 2017 9:15:52 AM]     StackTrace: oracle.opatch.OPatch.process(OPatch.java:796)
[Jul 6, 2017 9:15:52 AM]     StackTrace: oracle.opatch.OPatch.main(OPatch.java:846)
[Jul 6, 2017 9:15:52 AM]     Stack Description: java.util.NoSuchElementException
[Jul 6, 2017 9:15:52 AM]     StackTrace: java.util.StringTokenizer.nextToken(StringTokenizer.java:332)
[Jul 6, 2017 9:15:52 AM]     StackTrace: oracle.opatch.CompositePatchObject.compareDate(CompositePatchObject.java:1379)
[Jul 6, 2017 9:15:52 AM]     StackTrace: oracle.opatch.CompositePatchObject.GetIdenticalPatch(CompositePatchObject.java:1295)
[Jul 6, 2017 9:15:52 AM]     StackTrace: oracle.opatch.napplyhelper.CheckDuplicate.check(CheckDuplicate.java:81)
[Jul 6, 2017 9:15:52 AM]     StackTrace: oracle.opatch.opatchutil.NApply.legacy_process(NApply.java:711)
[Jul 6, 2017 9:15:52 AM]     StackTrace: oracle.opatch.opatchutil.NApply.legacy_process(NApply.java:367)
[Jul 6, 2017 9:15:52 AM]     StackTrace: oracle.opatch.opatchutil.NApply.process(NApply.java:362)
[Jul 6, 2017 9:15:52 AM]     StackTrace: oracle.opatch.opatchutil.OUSession.napply(OUSession.java:1084)
[Jul 6, 2017 9:15:52 AM]     StackTrace: sun.reflect.NativeMethodAccessorImpl.invoke0(Native Method)
[Jul 6, 2017 9:15:52 AM]     StackTrace: sun.reflect.NativeMethodAccessorImpl.invoke(NativeMethodAccessorImpl.java:39)
[Jul 6, 2017 9:15:52 AM]     StackTrace: sun.reflect.DelegatingMethodAccessorImpl.invoke(DelegatingMethodAccessorImpl.java:25)
[Jul 6, 2017 9:15:52 AM]     StackTrace: java.lang.reflect.Method.invoke(Method.java:597)
[Jul 6, 2017 9:15:52 AM]     StackTrace: oracle.opatch.UtilSession.process(UtilSession.java:358)
[Jul 6, 2017 9:15:52 AM]     StackTrace: oracle.opatch.OPatchSession.process(OPatchSession.java:2515)
[Jul 6, 2017 9:15:52 AM]     StackTrace: oracle.opatch.OPatch.process(OPatch.java:796)
[Jul 6, 2017 9:15:52 AM]     StackTrace: oracle.opatch.OPatch.main(OPatch.java:846)
[Jul 6, 2017 9:15:52 AM]     Stack Description: java.util.NoSuchElementException
[Jul 6, 2017 9:15:52 AM]     StackTrace: java.util.StringTokenizer.nextToken(StringTokenizer.java:332)
[Jul 6, 2017 9:15:52 AM]     StackTrace: oracle.opatch.CompositePatchObject.compareDate(CompositePatchObject.java:1379)
[Jul 6, 2017 9:15:52 AM]     StackTrace: oracle.opatch.CompositePatchObject.GetIdenticalPatch(CompositePatchObject.java:1295)
[Jul 6, 2017 9:15:52 AM]     StackTrace: oracle.opatch.napplyhelper.CheckDuplicate.check(CheckDuplicate.java:81)
[Jul 6, 2017 9:15:52 AM]     StackTrace: oracle.opatch.opatchutil.NApply.legacy_process(NApply.java:711)
[Jul 6, 2017 9:15:52 AM]     StackTrace: oracle.opatch.opatchutil.NApply.legacy_process(NApply.java:367)
[Jul 6, 2017 9:15:52 AM]     StackTrace: oracle.opatch.opatchutil.NApply.process(NApply.java:362)
[Jul 6, 2017 9:15:52 AM]     StackTrace: oracle.opatch.opatchutil.OUSession.napply(OUSession.java:1084)
[Jul 6, 2017 9:15:52 AM]     StackTrace: sun.reflect.NativeMethodAccessorImpl.invoke0(Native Method)
[Jul 6, 2017 9:15:52 AM]     StackTrace: sun.reflect.NativeMethodAccessorImpl.invoke(NativeMethodAccessorImpl.java:39)
[Jul 6, 2017 9:15:52 AM]     StackTrace: sun.reflect.DelegatingMethodAccessorImpl.invoke(DelegatingMethodAccessorImpl.java:25)
[Jul 6, 2017 9:15:52 AM]     StackTrace: java.lang.reflect.Method.invoke(Method.java:597)
[Jul 6, 2017 9:15:52 AM]     StackTrace: oracle.opatch.UtilSession.process(UtilSession.java:358)
[Jul 6, 2017 9:15:52 AM]     StackTrace: oracle.opatch.OPatchSession.process(OPatchSession.java:2515)
[Jul 6, 2017 9:15:52 AM]     StackTrace: oracle.opatch.OPatch.process(OPatch.java:796)
[Jul 6, 2017 9:15:52 AM]     StackTrace: oracle.opatch.OPatch.main(OPatch.java:846)
[Jul 6, 2017 9:15:52 AM]     Stack Description: java.util.NoSuchElementException
[Jul 6, 2017 9:15:52 AM]     StackTrace: java.util.StringTokenizer.nextToken(StringTokenizer.java:332)
[Jul 6, 2017 9:15:52 AM]     StackTrace: oracle.opatch.CompositePatchObject.compareDate(CompositePatchObject.java:1379)
[Jul 6, 2017 9:15:52 AM]     StackTrace: oracle.opatch.CompositePatchObject.GetNonIdenticalPatch(CompositePatchObject.java:1199)
[Jul 6, 2017 9:15:52 AM]     StackTrace: oracle.opatch.napplyhelper.CheckDuplicate.check(CheckDuplicate.java:87)
[Jul 6, 2017 9:15:52 AM]     StackTrace: oracle.opatch.opatchutil.NApply.legacy_process(NApply.java:711)
[Jul 6, 2017 9:15:52 AM]     StackTrace: oracle.opatch.opatchutil.NApply.legacy_process(NApply.java:367)
[Jul 6, 2017 9:15:52 AM]     StackTrace: oracle.opatch.opatchutil.NApply.process(NApply.java:362)
[Jul 6, 2017 9:15:52 AM]     StackTrace: oracle.opatch.opatchutil.OUSession.napply(OUSession.java:1084)
[Jul 6, 2017 9:15:52 AM]     StackTrace: sun.reflect.NativeMethodAccessorImpl.invoke0(Native Method)
[Jul 6, 2017 9:15:52 AM]     StackTrace: sun.reflect.NativeMethodAccessorImpl.invoke(NativeMethodAccessorImpl.java:39)
[Jul 6, 2017 9:15:52 AM]     StackTrace: sun.reflect.DelegatingMethodAccessorImpl.invoke(DelegatingMethodAccessorImpl.java:25)
[Jul 6, 2017 9:15:52 AM]     StackTrace: java.lang.reflect.Method.invoke(Method.java:597)
[Jul 6, 2017 9:15:52 AM]     StackTrace: oracle.opatch.UtilSession.process(UtilSession.java:358)
[Jul 6, 2017 9:15:52 AM]     StackTrace: oracle.opatch.OPatchSession.process(OPatchSession.java:2515)
[Jul 6, 2017 9:15:52 AM]     StackTrace: oracle.opatch.OPatch.process(OPatch.java:796)
[Jul 6, 2017 9:15:52 AM]     StackTrace: oracle.opatch.OPatch.main(OPatch.java:846)
[Jul 6, 2017 9:15:52 AM]     Stack Description: java.util.NoSuchElementException
[Jul 6, 2017 9:15:52 AM]     StackTrace: java.util.StringTokenizer.nextToken(StringTokenizer.java:332)
[Jul 6, 2017 9:15:52 AM]     StackTrace: oracle.opatch.CompositePatchObject.compareDate(CompositePatchObject.java:1379)
[Jul 6, 2017 9:15:52 AM]     StackTrace: oracle.opatch.CompositePatchObject.GetNonIdenticalPatch(CompositePatchObject.java:1199)
[Jul 6, 2017 9:15:52 AM]     StackTrace: oracle.opatch.napplyhelper.CheckDuplicate.check(CheckDuplicate.java:87)
[Jul 6, 2017 9:15:52 AM]     StackTrace: oracle.opatch.opatchutil.NApply.legacy_process(NApply.java:711)
[Jul 6, 2017 9:15:52 AM]     StackTrace: oracle.opatch.opatchutil.NApply.legacy_process(NApply.java:367)
[Jul 6, 2017 9:15:52 AM]     StackTrace: oracle.opatch.opatchutil.NApply.process(NApply.java:362)
[Jul 6, 2017 9:15:52 AM]     StackTrace: oracle.opatch.opatchutil.OUSession.napply(OUSession.java:1084)
[Jul 6, 2017 9:15:52 AM]     StackTrace: sun.reflect.NativeMethodAccessorImpl.invoke0(Native Method)
[Jul 6, 2017 9:15:52 AM]     StackTrace: sun.reflect.NativeMethodAccessorImpl.invoke(NativeMethodAccessorImpl.java:39)
[Jul 6, 2017 9:15:52 AM]     StackTrace: sun.reflect.DelegatingMethodAccessorImpl.invoke(DelegatingMethodAccessorImpl.java:25)
[Jul 6, 2017 9:15:52 AM]     StackTrace: java.lang.reflect.Method.invoke(Method.java:597)
[Jul 6, 2017 9:15:52 AM]     StackTrace: oracle.opatch.UtilSession.process(UtilSession.java:358)
[Jul 6, 2017 9:15:52 AM]     StackTrace: oracle.opatch.OPatchSession.process(OPatchSession.java:2515)
[Jul 6, 2017 9:15:52 AM]     StackTrace: oracle.opatch.OPatch.process(OPatch.java:796)
[Jul 6, 2017 9:15:52 AM]     StackTrace: oracle.opatch.OPatch.main(OPatch.java:846)
[Jul 6, 2017 9:15:53 AM]     Running prerequisite checks...
[Jul 6, 2017 9:15:53 AM]     Space Needed : 10.743MB
[Jul 6, 2017 9:15:53 AM]     Prereq checkPatchApplicableOnCurrentPlatform Passed for patch : 23054359
[Jul 6, 2017 9:15:53 AM]     Prereq checkPatchApplicableOnCurrentPlatform Passed for patch : 24006111
[Jul 6, 2017 9:15:53 AM]     Start fuser command /sbin/fuser /u01/app/oracle/product/11.2.0.4/dbhome_1/bin/oracle at Thu Jul 06 09:15:53 UTC 2017
[Jul 6, 2017 9:15:53 AM]     Finish fuser command /sbin/fuser /u01/app/oracle/product/11.2.0.4/dbhome_1/bin/oracle at Thu Jul 06 09:15:53 UTC 2017
[Jul 6, 2017 9:15:53 AM]     Start fuser command /sbin/fuser /u01/app/oracle/product/11.2.0.4/dbhome_1/bin/renamedg at Thu Jul 06 09:15:53 UTC 2017
[Jul 6, 2017 9:15:53 AM]     Finish fuser command /sbin/fuser /u01/app/oracle/product/11.2.0.4/dbhome_1/bin/renamedg at Thu Jul 06 09:15:53 UTC 2017
[Jul 6, 2017 9:15:53 AM]     Start fuser command /sbin/fuser /u01/app/oracle/product/11.2.0.4/dbhome_1/lib/libsqlplus.so at Thu Jul 06 09:15:53 UTC 2017
[Jul 6, 2017 9:15:53 AM]     Finish fuser command /sbin/fuser /u01/app/oracle/product/11.2.0.4/dbhome_1/lib/libsqlplus.so at Thu Jul 06 09:15:53 UTC 2017
[Jul 6, 2017 9:15:53 AM]     Start fuser command /sbin/fuser /u01/app/oracle/product/11.2.0.4/dbhome_1/lib/libclntsh.so.11.1 at Thu Jul 06 09:15:53 UTC 2017
[Jul 6, 2017 9:15:53 AM]     Finish fuser command /sbin/fuser /u01/app/oracle/product/11.2.0.4/dbhome_1/lib/libclntsh.so.11.1 at Thu Jul 06 09:15:53 UTC 2017
[Jul 6, 2017 9:15:53 AM]     Start fuser command /sbin/fuser /u01/app/oracle/product/11.2.0.4/dbhome_1/lib/liborasdk.so.11.1 at Thu Jul 06 09:15:53 UTC 2017
[Jul 6, 2017 9:15:53 AM]     Finish fuser command /sbin/fuser /u01/app/oracle/product/11.2.0.4/dbhome_1/lib/liborasdk.so.11.1 at Thu Jul 06 09:15:53 UTC 2017
[Jul 6, 2017 9:15:53 AM]     OPatch continues with these patches:   23054359  24006111
[Jul 6, 2017 9:15:53 AM]     Do you want to proceed? [y|n]
[Jul 6, 2017 9:15:56 AM]     Y (auto-answered by -silent)
[Jul 6, 2017 9:15:56 AM]     User Responded with: Y
[Jul 6, 2017 9:15:56 AM]     add MakeAction for genplusso
[Jul 6, 2017 9:15:56 AM]     add CopyAction for sp2us.msg
[Jul 6, 2017 9:15:56 AM]     add CopyAction for sp2us.msb
[Jul 6, 2017 9:15:56 AM]     add ArchiveAction for libsqlplus.a
[Jul 6, 2017 9:15:56 AM]     add ArchiveAction for libsqlplus.a
[Jul 6, 2017 9:15:56 AM]     add ArchiveAction for libsqlplus.a
[Jul 6, 2017 9:15:56 AM]     add ArchiveAction for libgeneric11.a
[Jul 6, 2017 9:15:56 AM]     add MakeAction for liborasdksh
[Jul 6, 2017 9:15:56 AM]     add ArchiveAction for libserver11.a
[Jul 6, 2017 9:15:56 AM]     add ArchiveAction for libserver11.a
[Jul 6, 2017 9:15:56 AM]     add ArchiveAction for libserver11.a
[Jul 6, 2017 9:15:56 AM]     add ArchiveAction for libserver11.a
[Jul 6, 2017 9:15:56 AM]     add ArchiveAction for libserver11.a
[Jul 6, 2017 9:15:56 AM]     add ArchiveAction for libserver11.a
[Jul 6, 2017 9:15:56 AM]     add ArchiveAction for libserver11.a
[Jul 6, 2017 9:15:56 AM]     add ArchiveAction for libserver11.a
[Jul 6, 2017 9:15:56 AM]     add MakeAction for irenamedg
[Jul 6, 2017 9:15:56 AM]     add MakeAction for client_sharedlib
[Jul 6, 2017 9:15:56 AM]     add PluginAction for CopyAction
[Jul 6, 2017 9:15:56 AM]     add PluginAction for CopyAction
[Jul 6, 2017 9:15:56 AM]     add PluginAction for CopyAction
[Jul 6, 2017 9:15:56 AM]     add PluginAction for CopyAction
[Jul 6, 2017 9:15:56 AM]     add CopyAction for sqlsessend.sql
[Jul 6, 2017 9:15:56 AM]     add CopyAction for sqlsessstart.sql
[Jul 6, 2017 9:15:56 AM]     All checks passed.
[Jul 6, 2017 9:15:56 AM]     Need to look only in the OUI based Oracle Home to configure OCM
[Jul 6, 2017 9:15:56 AM]     Current working directory is : /u01/app/oracle/product/11.2.0.4/dbhome_1/OPatch
[Jul 6, 2017 9:15:56 AM]     platform specific OPatch with ocm.zip has been used
[Jul 6, 2017 9:15:56 AM]     The ocm location is /u01/app/oracle/product/11.2.0.4/dbhome_1/OPatch/ocm/ocm.zip
[Jul 6, 2017 9:15:56 AM]     ***************************************************************************
                             Oracle Configuration Manager (OCM) is included with this release of OPatch.
                             ***************************************************************************
[Jul 6, 2017 9:15:56 AM]     The Oracle Configuration Manager is installed previously in "/u01/app/oracle/product/11.2.0.4/dbhome_1".
[Jul 6, 2017 9:15:56 AM]     Removing previously installed Oracle Configuration Manager from "/u01/app/oracle/product/11.2.0.4/dbhome_1"...
[Jul 6, 2017 9:15:56 AM]     Uninstalling Oracle Configuration Manager...
[Jul 6, 2017 9:15:56 AM]     Command to invoke for removing OCM is : rm -rf /u01/app/oracle/product/11.2.0.4/dbhome_1/ccr
[Jul 6, 2017 9:15:56 AM]     OPatch will now install the Oracle Configuration Manager in "/u01/app/oracle/product/11.2.0.4/dbhome_1" .
[Jul 6, 2017 9:15:56 AM]     OCM zip file to be installed is:"/u01/app/oracle/product/11.2.0.4/dbhome_1/OPatch/ocm/ocm.zip"
[Jul 6, 2017 9:15:56 AM]     OPatch has successfully installed  Oracle Configuration Manager in "/u01/app/oracle/product/11.2.0.4/dbhome_1".
                             Please refer log file for details.
[Jul 6, 2017 9:15:56 AM]     OPatch will now configure the Oracle Configuration Manager in "/u01/app/oracle/product/11.2.0.4/dbhome_1" .
[Jul 6, 2017 9:15:56 AM]     Invoking "/bin/sh /u01/app/oracle/product/11.2.0.4/dbhome_1/ccr/bin/setupCCR -R /opt/oracle/oak/pkgrepos/System/12.1.2.10.0/conf/default-ocm.rsp -S OPatch -V 11.2.0.3.15" under "/u01/app/oracle/product/11.2.0.4/dbhome_1/ccr/bin"
[Jul 6, 2017 9:15:57 AM]     Oracle Configuration Manager has been installed but not configured. OCM enables
                             Oracle to provide superior, proactive support for our customers. Oracle
                             strongly recommends customers configure OCM. To complete the configuration of
                             OCM, refer to the OCM Installation and Administration Guide
                             (http://www.oracle.com/technology/documentation/ocm.html).
[Jul 6, 2017 9:15:57 AM]     OPatch failed to configure Oracle Configuration Manager in "/u01/app/oracle/product/11.2.0.4/dbhome_1". Please refer log file
                             for details.
[Jul 6, 2017 9:15:57 AM]     *******************************************************************************************
                             Oracle Configuration Manager is installed but not configured.  OCM enables Oracle to
                             provide superior, proactive support for our customers. Oracle strongly recommends customers
                             configure OCM. To complete the configuration of OCM, refer to the OCM Installation and
                             Administration Guide (http://www.oracle.com/technology/documentation/ocm.html).
                             *******************************************************************************************
[Jul 6, 2017 9:15:57 AM]     OPatch failed to configure Oracle Configuration Manager in "/u01/app/oracle/product/11.2.0.4/dbhome_1". Please refer log file
                             for details.
[Jul 6, 2017 9:15:57 AM]     *******************************************************************************************
                             Oracle Configuration Manager is installed but not configured.  OCM enables Oracle to
                             provide superior, proactive support for our customers. Oracle strongly recommends customers
                             configure OCM. To complete the configuration of OCM, refer to the OCM Installation and
                             Administration Guide (http://www.oracle.com/technology/documentation/ocm.html).
                             *******************************************************************************************
[Jul 6, 2017 9:15:57 AM]     You selected -local option, hence OPatch will patch the local system only.
[Jul 6, 2017 9:15:57 AM]     Please shutdown Oracle instances running out of this ORACLE_HOME on the local system.
                             (Oracle Home = '/u01/app/oracle/product/11.2.0.4/dbhome_1')
[Jul 6, 2017 9:15:57 AM]     Is the local system ready for patching? [y|n]
[Jul 6, 2017 9:16:00 AM]     Y (auto-answered by -silent)
[Jul 6, 2017 9:16:00 AM]     User Responded with: Y
[Jul 6, 2017 9:16:00 AM]     Backing up files...
[Jul 6, 2017 9:16:00 AM]     OUI-67117:Backing up files affected by the patch 'NApply' for restore. This might take a while...
[Jul 6, 2017 9:16:02 AM]     Applying patch 23054359...
[Jul 6, 2017 9:16:02 AM]     Starting Apply Session at Thu Jul 06 09:16:02 UTC 2017
[Jul 6, 2017 9:16:02 AM]     OUI-67086:ApplySession applying interim patch '23054359' to OH '/u01/app/oracle/product/11.2.0.4/dbhome_1'
[Jul 6, 2017 9:16:02 AM]     Applying sub-patch '23054359' to OH '/u01/app/oracle/product/11.2.0.4/dbhome_1'
[Jul 6, 2017 9:16:02 AM]     Starting to apply patch to local system at Thu Jul 06 09:16:02 UTC 2017
[Jul 6, 2017 9:16:02 AM]     OPatch detected ARU_ID/Platform_ID as 226
[Jul 6, 2017 9:16:02 AM]     Start saving patch at Thu Jul 06 09:16:02 UTC 2017
[Jul 6, 2017 9:16:02 AM]     Finish saving patch at Thu Jul 06 09:16:02 UTC 2017
[Jul 6, 2017 9:16:02 AM]     Start backing up system for restore at Thu Jul 06 09:16:02 UTC 2017
[Jul 6, 2017 9:16:02 AM]     Finish backing up system for restore at Thu Jul 06 09:16:02 UTC 2017
[Jul 6, 2017 9:16:02 AM]     Start backing up system for rollback at Thu Jul 06 09:16:02 UTC 2017
[Jul 6, 2017 9:16:02 AM]     OUI-67161:Backing up files affected by the patch '23054359' for rollback. This might take a while...
[Jul 6, 2017 9:16:02 AM]     Finish backing up system for rollback at Thu Jul 06 09:16:02 UTC 2017
[Jul 6, 2017 9:16:02 AM]     Start modifying the system at Thu Jul 06 09:16:02 UTC 2017
[Jul 6, 2017 9:16:02 AM]     Patching component oracle.rdbms.dv, 11.2.0.4.0...
[Jul 6, 2017 9:16:02 AM]     Start Copy Action at Thu Jul 06 09:16:02 UTC 2017
[Jul 6, 2017 9:16:02 AM]     Do copy for this action ? --> true
[Jul 6, 2017 9:16:02 AM]     OUI-67047:Copying file to "/u01/app/oracle/product/11.2.0.4/dbhome_1/rdbms/admin/catmacc.sql"
[Jul 6, 2017 9:16:02 AM]     Finish Copy Action at Thu Jul 06 09:16:02 UTC 2017
[Jul 6, 2017 9:16:02 AM]     Start Copy Action at Thu Jul 06 09:16:02 UTC 2017
[Jul 6, 2017 9:16:02 AM]     Do copy for this action ? --> true
[Jul 6, 2017 9:16:02 AM]     OUI-67047:Copying file to "/u01/app/oracle/product/11.2.0.4/dbhome_1/rdbms/admin/catmacd.sql"
[Jul 6, 2017 9:16:02 AM]     Finish Copy Action at Thu Jul 06 09:16:02 UTC 2017
[Jul 6, 2017 9:16:02 AM]     Start Copy Action at Thu Jul 06 09:16:02 UTC 2017
[Jul 6, 2017 9:16:02 AM]     Do copy for this action ? --> true
[Jul 6, 2017 9:16:02 AM]     OUI-67047:Copying file to "/u01/app/oracle/product/11.2.0.4/dbhome_1/rdbms/admin/catmacg.sql"
[Jul 6, 2017 9:16:02 AM]     Finish Copy Action at Thu Jul 06 09:16:02 UTC 2017
[Jul 6, 2017 9:16:02 AM]     Start Copy Action at Thu Jul 06 09:16:02 UTC 2017
[Jul 6, 2017 9:16:02 AM]     Do copy for this action ? --> true
[Jul 6, 2017 9:16:02 AM]     OUI-67047:Copying file to "/u01/app/oracle/product/11.2.0.4/dbhome_1/rdbms/admin/catmacp.sql"
[Jul 6, 2017 9:16:02 AM]     Finish Copy Action at Thu Jul 06 09:16:02 UTC 2017
[Jul 6, 2017 9:16:02 AM]     Start Copy Action at Thu Jul 06 09:16:02 UTC 2017
[Jul 6, 2017 9:16:02 AM]     Do copy for this action ? --> true
[Jul 6, 2017 9:16:02 AM]     OUI-67047:Copying file to "/u01/app/oracle/product/11.2.0.4/dbhome_1/rdbms/admin/catmacpatch.sql"
[Jul 6, 2017 9:16:02 AM]     Finish Copy Action at Thu Jul 06 09:16:02 UTC 2017
[Jul 6, 2017 9:16:02 AM]     Start Copy Action at Thu Jul 06 09:16:02 UTC 2017
[Jul 6, 2017 9:16:02 AM]     Do copy for this action ? --> true
[Jul 6, 2017 9:16:02 AM]     OUI-67047:Copying file to "/u01/app/oracle/product/11.2.0.4/dbhome_1/rdbms/admin/catmacpatch_rb.sql"
[Jul 6, 2017 9:16:02 AM]     Finish Copy Action at Thu Jul 06 09:16:02 UTC 2017
[Jul 6, 2017 9:16:02 AM]     Start Copy Action at Thu Jul 06 09:16:02 UTC 2017
[Jul 6, 2017 9:16:02 AM]     Do copy for this action ? --> true
[Jul 6, 2017 9:16:02 AM]     OUI-67047:Copying file to "/u01/app/oracle/product/11.2.0.4/dbhome_1/rdbms/admin/catmact.sql"
[Jul 6, 2017 9:16:02 AM]     Finish Copy Action at Thu Jul 06 09:16:02 UTC 2017
[Jul 6, 2017 9:16:02 AM]     Start Copy Action at Thu Jul 06 09:16:02 UTC 2017
[Jul 6, 2017 9:16:02 AM]     Do copy for this action ? --> true
[Jul 6, 2017 9:16:02 AM]     OUI-67047:Copying file to "/u01/app/oracle/product/11.2.0.4/dbhome_1/rdbms/admin/dvmacfnc.plb"
[Jul 6, 2017 9:16:02 AM]     Finish Copy Action at Thu Jul 06 09:16:02 UTC 2017
[Jul 6, 2017 9:16:02 AM]     Start Copy Action at Thu Jul 06 09:16:02 UTC 2017
[Jul 6, 2017 9:16:02 AM]     Do copy for this action ? --> true
[Jul 6, 2017 9:16:02 AM]     OUI-67047:Copying file to "/u01/app/oracle/product/11.2.0.4/dbhome_1/rdbms/admin/prvtmacp.plb"
[Jul 6, 2017 9:16:02 AM]     Finish Copy Action at Thu Jul 06 09:16:02 UTC 2017
[Jul 6, 2017 9:16:02 AM]     Patching component oracle.rdbms, 11.2.0.4.0...
[Jul 6, 2017 9:16:02 AM]     OUI-67049:Updating archive file "/u01/app/oracle/product/11.2.0.4/dbhome_1/lib/libserver11.a"  with "lib/libserver11.a/kzrt.o"
[Jul 6, 2017 9:16:02 AM]     OUI-67049:Updating archive file "/u01/app/oracle/product/11.2.0.4/dbhome_1/lib/libserver11.a"  with "lib/libserver11.a/kzradm.o"
[Jul 6, 2017 9:16:02 AM]     OUI-67049:Updating archive file "/u01/app/oracle/product/11.2.0.4/dbhome_1/lib/libserver11.a"  with "lib/libserver11.a/kzvdve.o"
[Jul 6, 2017 9:16:02 AM]     OUI-67049:Updating archive file "/u01/app/oracle/product/11.2.0.4/dbhome_1/lib/libserver11.a"  with "lib/libserver11.a/kzvdvre.o"
[Jul 6, 2017 9:16:02 AM]     OUI-67049:Updating archive file "/u01/app/oracle/product/11.2.0.4/dbhome_1/lib/libserver11.a"  with "lib/libserver11.a/kzvfac.o"
[Jul 6, 2017 9:16:02 AM]     OUI-67049:Updating archive file "/u01/app/oracle/product/11.2.0.4/dbhome_1/lib/libserver11.a"  with "lib/libserver11.a/kzvradm.o"
[Jul 6, 2017 9:16:02 AM]     OUI-67049:Updating archive file "/u01/app/oracle/product/11.2.0.4/dbhome_1/lib/libserver11.a"  with "lib/libserver11.a/kzvrc.o"
[Jul 6, 2017 9:16:02 AM]     OUI-67049:Updating archive file "/u01/app/oracle/product/11.2.0.4/dbhome_1/lib/libserver11.a"  with "lib/libserver11.a/kzvutil.o"
[Jul 6, 2017 9:16:02 AM]     OUI-67049:Updating archive file "/u01/app/oracle/product/11.2.0.4/dbhome_1/lib/libserver11.a"  with "lib/libserver11.a/qkadrv.o"
[Jul 6, 2017 9:16:02 AM]     Start Copy Action at Thu Jul 06 09:16:02 UTC 2017
[Jul 6, 2017 9:16:02 AM]     Do copy for this action ? --> true
[Jul 6, 2017 9:16:02 AM]     OUI-67047:Copying file to "/u01/app/oracle/product/11.2.0.4/dbhome_1/rdbms/admin/bundledata_PSU.xml"
[Jul 6, 2017 9:16:02 AM]     Finish Copy Action at Thu Jul 06 09:16:02 UTC 2017
[Jul 6, 2017 9:16:02 AM]     OUI-67124:Copying file to "/u01/app/oracle/product/11.2.0.4/dbhome_1/psu/11.2.0.4.160719/catpsu.sql"
[Jul 6, 2017 9:16:02 AM]     Start Copy Action at Thu Jul 06 09:16:02 UTC 2017
[Jul 6, 2017 9:16:02 AM]     Finish Copy Action at Thu Jul 06 09:16:02 UTC 2017
[Jul 6, 2017 9:16:02 AM]     OUI-67124:Copying file to "/u01/app/oracle/product/11.2.0.4/dbhome_1/psu/11.2.0.4.160719/catpsu_rollback.sql"
[Jul 6, 2017 9:16:02 AM]     Start Copy Action at Thu Jul 06 09:16:02 UTC 2017
[Jul 6, 2017 9:16:02 AM]     Finish Copy Action at Thu Jul 06 09:16:02 UTC 2017
[Jul 6, 2017 9:16:02 AM]     OUI-67124:Copying file to "/u01/app/oracle/product/11.2.0.4/dbhome_1/patch/scripts/bug22380919.sql"
[Jul 6, 2017 9:16:02 AM]     Start Copy Action at Thu Jul 06 09:16:02 UTC 2017
[Jul 6, 2017 9:16:02 AM]     Finish Copy Action at Thu Jul 06 09:16:02 UTC 2017
[Jul 6, 2017 9:16:02 AM]     Patching component oracle.rdbms.dbscripts, 11.2.0.4.0...
[Jul 6, 2017 9:16:02 AM]     Start Copy Action at Thu Jul 06 09:16:02 UTC 2017
[Jul 6, 2017 9:16:02 AM]     Do copy for this action ? --> true
[Jul 6, 2017 9:16:02 AM]     OUI-67047:Copying file to "/u01/app/oracle/product/11.2.0.4/dbhome_1/rdbms/admin/catexp.sql"
[Jul 6, 2017 9:16:02 AM]     Finish Copy Action at Thu Jul 06 09:16:02 UTC 2017
[Jul 6, 2017 9:16:02 AM]     Start Copy Action at Thu Jul 06 09:16:02 UTC 2017
[Jul 6, 2017 9:16:02 AM]     Do copy for this action ? --> true
[Jul 6, 2017 9:16:02 AM]     OUI-67047:Copying file to "/u01/app/oracle/product/11.2.0.4/dbhome_1/rdbms/admin/dtools.bsq"
[Jul 6, 2017 9:16:02 AM]     Finish Copy Action at Thu Jul 06 09:16:02 UTC 2017
[Jul 6, 2017 9:16:02 AM]     Patching component oracle.rdbms.rsf, 11.2.0.4.0...
[Jul 6, 2017 9:16:02 AM]     Finish modifying the system at Thu Jul 06 09:16:02 UTC 2017
[Jul 6, 2017 9:16:02 AM]     OUI-67085:ApplySession adding interim patch '23054359' to inventory
[Jul 6, 2017 9:16:02 AM]     Start saving patch to inventory at Thu Jul 06 09:16:02 UTC 2017
[Jul 6, 2017 9:16:03 AM]     Finish saving patch to inventory at Thu Jul 06 09:16:03 UTC 2017
[Jul 6, 2017 9:16:03 AM]     ApplySession: Skip patch verification.
[Jul 6, 2017 9:16:03 AM]     Finish applying patch to local system at Thu Jul 06 09:16:03 UTC 2017
[Jul 6, 2017 9:16:04 AM]     Applying patch 24006111...
[Jul 6, 2017 9:16:04 AM]     Starting Apply Session at Thu Jul 06 09:16:04 UTC 2017
[Jul 6, 2017 9:16:04 AM]     OUI-67086:ApplySession applying interim patch '24006111' to OH '/u01/app/oracle/product/11.2.0.4/dbhome_1'
[Jul 6, 2017 9:16:04 AM]     Applying sub-patch '24006111' to OH '/u01/app/oracle/product/11.2.0.4/dbhome_1'
[Jul 6, 2017 9:16:04 AM]     Starting to apply patch to local system at Thu Jul 06 09:16:04 UTC 2017
[Jul 6, 2017 9:16:04 AM]     OPatch detected ARU_ID/Platform_ID as 226
[Jul 6, 2017 9:16:04 AM]     Start saving patch at Thu Jul 06 09:16:04 UTC 2017
[Jul 6, 2017 9:16:04 AM]     Finish saving patch at Thu Jul 06 09:16:04 UTC 2017
[Jul 6, 2017 9:16:04 AM]     Start backing up system for restore at Thu Jul 06 09:16:04 UTC 2017
[Jul 6, 2017 9:16:04 AM]     Finish backing up system for restore at Thu Jul 06 09:16:04 UTC 2017
[Jul 6, 2017 9:16:04 AM]     Start backing up system for rollback at Thu Jul 06 09:16:04 UTC 2017
[Jul 6, 2017 9:16:04 AM]     OUI-67161:Backing up files affected by the patch '24006111' for rollback. This might take a while...
[Jul 6, 2017 9:16:04 AM]     Finish backing up system for rollback at Thu Jul 06 09:16:04 UTC 2017
[Jul 6, 2017 9:16:04 AM]     Start modifying the system at Thu Jul 06 09:16:04 UTC 2017
[Jul 6, 2017 9:16:04 AM]     Patching component oracle.sqlplus.ic, 11.2.0.4.0...
[Jul 6, 2017 9:16:04 AM]     Patching component oracle.sqlplus, 11.2.0.4.0...
[Jul 6, 2017 9:16:04 AM]     OUI-67049:Updating archive file "/u01/app/oracle/product/11.2.0.4/dbhome_1/lib/libsqlplus.a"  with "lib/libsqlplus.a/afifmt.o"
[Jul 6, 2017 9:16:04 AM]     OUI-67049:Updating archive file "/u01/app/oracle/product/11.2.0.4/dbhome_1/lib/libsqlplus.a"  with "lib/libsqlplus.a/afitkn.o"
[Jul 6, 2017 9:16:04 AM]     OUI-67049:Updating archive file "/u01/app/oracle/product/11.2.0.4/dbhome_1/lib/libsqlplus.a"  with "lib/libsqlplus.a/afivar.o"
[Jul 6, 2017 9:16:04 AM]     Start Copy Action at Thu Jul 06 09:16:04 UTC 2017
[Jul 6, 2017 9:16:06 AM]     Do copy for this action ? --> true
[Jul 6, 2017 9:16:06 AM]     OUI-67047:Copying file to "/u01/app/oracle/product/11.2.0.4/dbhome_1/sqlplus/mesg/sp2us.msg"
[Jul 6, 2017 9:16:07 AM]     Finish Copy Action at Thu Jul 06 09:16:07 UTC 2017
[Jul 6, 2017 9:16:07 AM]     Start Copy Action at Thu Jul 06 09:16:07 UTC 2017
[Jul 6, 2017 9:16:07 AM]     Do copy for this action ? --> true
[Jul 6, 2017 9:16:07 AM]     OUI-67047:Copying file to "/u01/app/oracle/product/11.2.0.4/dbhome_1/sqlplus/mesg/sp2us.msb"
[Jul 6, 2017 9:16:07 AM]     Finish Copy Action at Thu Jul 06 09:16:07 UTC 2017
[Jul 6, 2017 9:16:07 AM]     Patching component oracle.rdbms.rsf, 11.2.0.4.0...
[Jul 6, 2017 9:16:07 AM]     OUI-67049:Updating archive file "/u01/app/oracle/product/11.2.0.4/dbhome_1/lib/libgeneric11.a"  with "lib/libgeneric11.a/qcs2.o"
[Jul 6, 2017 9:16:08 AM]     Patching component oracle.rdbms, 11.2.0.4.0...
[Jul 6, 2017 9:16:08 AM]     OUI-67049:Updating archive file "/u01/app/oracle/product/11.2.0.4/dbhome_1/lib/libserver11.a"  with "lib/libserver11.a/qcis.o"
[Jul 6, 2017 9:16:08 AM]     OUI-67049:Updating archive file "/u01/app/oracle/product/11.2.0.4/dbhome_1/lib/libserver11.a"  with "lib/libserver11.a/kxs.o"
[Jul 6, 2017 9:16:08 AM]     OUI-67049:Updating archive file "/u01/app/oracle/product/11.2.0.4/dbhome_1/lib/libserver11.a"  with "lib/libserver11.a/aud.o"
[Jul 6, 2017 9:16:08 AM]     OUI-67049:Updating archive file "/u01/app/oracle/product/11.2.0.4/dbhome_1/lib/libserver11.a"  with "lib/libserver11.a/kza.o"
[Jul 6, 2017 9:16:08 AM]     OUI-67049:Updating archive file "/u01/app/oracle/product/11.2.0.4/dbhome_1/lib/libserver11.a"  with "lib/libserver11.a/kzax.o"
[Jul 6, 2017 9:16:08 AM]     OUI-67049:Updating archive file "/u01/app/oracle/product/11.2.0.4/dbhome_1/lib/libserver11.a"  with "lib/libserver11.a/qkadrv.o"
[Jul 6, 2017 9:16:08 AM]     OUI-67049:Updating archive file "/u01/app/oracle/product/11.2.0.4/dbhome_1/lib/libserver11.a"  with "lib/libserver11.a/qksce.o"
[Jul 6, 2017 9:16:08 AM]     OUI-67049:Updating archive file "/u01/app/oracle/product/11.2.0.4/dbhome_1/lib/libserver11.a"  with "lib/libserver11.a/ksm.o"
[Jul 6, 2017 9:16:08 AM]     OUI-67049:Updating archive file "/u01/app/oracle/product/11.2.0.4/dbhome_1/lib/libserver11.a"  with "lib/libserver11.a/kspt.o"
[Jul 6, 2017 9:16:08 AM]     Start Copy Action at Thu Jul 06 09:16:08 UTC 2017
[Jul 6, 2017 9:16:08 AM]     Do copy for this action ? --> true
[Jul 6, 2017 9:16:08 AM]     OUI-67047:Copying file to "/u01/app/oracle/product/11.2.0.4/dbhome_1/rdbms/admin/bundledata_PSU.xml"
[Jul 6, 2017 9:16:08 AM]     Finish Copy Action at Thu Jul 06 09:16:08 UTC 2017
[Jul 6, 2017 9:16:08 AM]     OUI-67124:Copying file to "/u01/app/oracle/product/11.2.0.4/dbhome_1/psu/11.2.0.4.161018/catpsu.sql"
[Jul 6, 2017 9:16:08 AM]     Start Copy Action at Thu Jul 06 09:16:08 UTC 2017
[Jul 6, 2017 9:16:08 AM]     Finish Copy Action at Thu Jul 06 09:16:08 UTC 2017
[Jul 6, 2017 9:16:08 AM]     OUI-67124:Copying file to "/u01/app/oracle/product/11.2.0.4/dbhome_1/psu/11.2.0.4.161018/catpsu_rollback.sql"
[Jul 6, 2017 9:16:08 AM]     Start Copy Action at Thu Jul 06 09:16:08 UTC 2017
[Jul 6, 2017 9:16:08 AM]     Finish Copy Action at Thu Jul 06 09:16:08 UTC 2017
[Jul 6, 2017 9:16:08 AM]     OUI-67124:Copying file to "/u01/app/oracle/product/11.2.0.4/dbhome_1/rdbms/admin/bug20876312_apply.sql"
[Jul 6, 2017 9:16:08 AM]     Start Copy Action at Thu Jul 06 09:16:08 UTC 2017
[Jul 6, 2017 9:16:08 AM]     Finish Copy Action at Thu Jul 06 09:16:08 UTC 2017
[Jul 6, 2017 9:16:08 AM]     OUI-67124:Copying file to "/u01/app/oracle/product/11.2.0.4/dbhome_1/rdbms/admin/bug20876312_rollback.sql"
[Jul 6, 2017 9:16:08 AM]     Start Copy Action at Thu Jul 06 09:16:08 UTC 2017
[Jul 6, 2017 9:16:08 AM]     Finish Copy Action at Thu Jul 06 09:16:08 UTC 2017
[Jul 6, 2017 9:16:08 AM]     Patching component oracle.rdbms.dbscripts, 11.2.0.4.0...
[Jul 6, 2017 9:16:08 AM]     Start Copy Action at Thu Jul 06 09:16:08 UTC 2017
[Jul 6, 2017 9:16:08 AM]     Do copy for this action ? --> true
[Jul 6, 2017 9:16:08 AM]     OUI-67047:Copying file to "/u01/app/oracle/product/11.2.0.4/dbhome_1/rdbms/admin/sqlsessend.sql"
[Jul 6, 2017 9:16:08 AM]     Finish Copy Action at Thu Jul 06 09:16:08 UTC 2017
[Jul 6, 2017 9:16:08 AM]     Start Copy Action at Thu Jul 06 09:16:08 UTC 2017
[Jul 6, 2017 9:16:08 AM]     Do copy for this action ? --> true
[Jul 6, 2017 9:16:08 AM]     OUI-67047:Copying file to "/u01/app/oracle/product/11.2.0.4/dbhome_1/rdbms/admin/sqlsessstart.sql"
[Jul 6, 2017 9:16:08 AM]     Finish Copy Action at Thu Jul 06 09:16:08 UTC 2017
[Jul 6, 2017 9:16:08 AM]     Finish modifying the system at Thu Jul 06 09:16:08 UTC 2017
[Jul 6, 2017 9:16:08 AM]     OUI-67085:ApplySession adding interim patch '24006111' to inventory
[Jul 6, 2017 9:16:08 AM]     Start saving patch to inventory at Thu Jul 06 09:16:08 UTC 2017
[Jul 6, 2017 9:16:08 AM]     Finish saving patch to inventory at Thu Jul 06 09:16:08 UTC 2017
[Jul 6, 2017 9:16:08 AM]     ApplySession: Skip patch verification.
[Jul 6, 2017 9:16:08 AM]     Finish applying patch to local system at Thu Jul 06 09:16:08 UTC 2017
[Jul 6, 2017 9:16:09 AM]     [OPSR-MEMORY-1] : after installInventory.getAllCompsVect() call : 184 (MB)
[Jul 6, 2017 9:16:11 AM]     [OPSR-MEMORY-2] : after loading rawOneOffList184 (MB)
[Jul 6, 2017 9:16:11 AM]     [OPSR-MEMORY-3] : before loading cooked one off : 184 (MB)
[Jul 6, 2017 9:16:11 AM]     [OPSR-MEMORY-4] : after filling cookedOneOffs and when inventory is loaded.. : 29 (MB)
[Jul 6, 2017 9:16:11 AM]     The following re-links will eventually be skipped because they are duplicates: client_sharedlib, ioracle,
[Jul 6, 2017 9:16:11 AM]     The following re-links will eventually be skipped because they are duplicates: client_sharedlib, ioracle,
[Jul 6, 2017 9:16:11 AM]     OUI-67050:Running make for target ioracle
[Jul 6, 2017 9:16:11 AM]     Start invoking 'make' at Thu Jul 06 09:16:11 UTC 2017Thu Jul 06 09:16:11 UTC 2017
[Jul 6, 2017 9:16:24 AM]     Finish invoking 'make' at Thu Jul 06 09:16:24 UTC 2017
[Jul 6, 2017 9:16:24 AM]     OUI-67050:Running make for target client_sharedlib
[Jul 6, 2017 9:16:24 AM]     Start invoking 'make' at Thu Jul 06 09:16:24 UTC 2017Thu Jul 06 09:16:24 UTC 2017
[Jul 6, 2017 9:16:26 AM]     Finish invoking 'make' at Thu Jul 06 09:16:26 UTC 2017
[Jul 6, 2017 9:16:26 AM]     OUI-67050:Running make for target genplusso
[Jul 6, 2017 9:16:26 AM]     Start invoking 'make' at Thu Jul 06 09:16:26 UTC 2017Thu Jul 06 09:16:26 UTC 2017
[Jul 6, 2017 9:16:26 AM]     Finish invoking 'make' at Thu Jul 06 09:16:26 UTC 2017
[Jul 6, 2017 9:16:26 AM]     OUI-67050:Running make for target liborasdksh
[Jul 6, 2017 9:16:26 AM]     Start invoking 'make' at Thu Jul 06 09:16:26 UTC 2017Thu Jul 06 09:16:26 UTC 2017
[Jul 6, 2017 9:16:27 AM]     Finish invoking 'make' at Thu Jul 06 09:16:27 UTC 2017
[Jul 6, 2017 9:16:27 AM]     OUI-67050:Running make for target irenamedg
[Jul 6, 2017 9:16:27 AM]     Start invoking 'make' at Thu Jul 06 09:16:27 UTC 2017Thu Jul 06 09:16:27 UTC 2017
[Jul 6, 2017 9:16:27 AM]     Finish invoking 'make' at Thu Jul 06 09:16:27 UTC 2017
[Jul 6, 2017 9:16:27 AM]     OUI-67050:Running make for target client_sharedlib
[Jul 6, 2017 9:16:27 AM]     Start invoking 'make' at Thu Jul 06 09:16:27 UTC 2017Thu Jul 06 09:16:27 UTC 2017
[Jul 6, 2017 9:16:31 AM]     Finish invoking 'make' at Thu Jul 06 09:16:31 UTC 2017
[Jul 6, 2017 9:16:31 AM]     OUI-67179:
                             The local system has been patched and can be restarted.
[Jul 6, 2017 9:16:31 AM]     OPatch will clean up 'restore.sh,make.txt' files and 'scratch,backup' directories.
                             You will be still able to rollback patches after this cleanup.
                             Do you want to proceed? [y|n]
[Jul 6, 2017 9:16:34 AM]     Y (auto-answered by -silent)
[Jul 6, 2017 9:16:34 AM]     User Responded with: Y
[Jul 6, 2017 9:16:34 AM]     Deleting the directory "/u01/app/oracle/product/11.2.0.4/dbhome_1/.patch_storage/24006111_Aug_26_2016_05_54_48/backup"
[Jul 6, 2017 9:16:34 AM]     Deleted the directory "/u01/app/oracle/product/11.2.0.4/dbhome_1/.patch_storage/24006111_Aug_26_2016_05_54_48/backup"
[Jul 6, 2017 9:16:34 AM]     Deleting the directory "/u01/app/oracle/product/11.2.0.4/dbhome_1/.patch_storage/24006111_Aug_26_2016_05_54_48/rac"
[Jul 6, 2017 9:16:34 AM]     Deleted the file "/u01/app/oracle/product/11.2.0.4/dbhome_1/.patch_storage/24006111_Aug_26_2016_05_54_48/rac/mode.txt"
[Jul 6, 2017 9:16:34 AM]     Deleted the file "/u01/app/oracle/product/11.2.0.4/dbhome_1/.patch_storage/24006111_Aug_26_2016_05_54_48/rac/copy_files.txt"
[Jul 6, 2017 9:16:34 AM]     Deleted the file "/u01/app/oracle/product/11.2.0.4/dbhome_1/.patch_storage/24006111_Aug_26_2016_05_54_48/rac/make_cmds.txt"
[Jul 6, 2017 9:16:34 AM]     Deleted the file "/u01/app/oracle/product/11.2.0.4/dbhome_1/.patch_storage/24006111_Aug_26_2016_05_54_48/rac/remote_cmds_24006111.txt"
[Jul 6, 2017 9:16:34 AM]     Deleted the file "/u01/app/oracle/product/11.2.0.4/dbhome_1/.patch_storage/24006111_Aug_26_2016_05_54_48/rac/remote_cmds.txt"
[Jul 6, 2017 9:16:34 AM]     Deleted the file "/u01/app/oracle/product/11.2.0.4/dbhome_1/.patch_storage/24006111_Aug_26_2016_05_54_48/rac/copy_dirs.txt"
[Jul 6, 2017 9:16:34 AM]     Deleted the file "/u01/app/oracle/product/11.2.0.4/dbhome_1/.patch_storage/24006111_Aug_26_2016_05_54_48/rac/copy_dirs_24006111.txt"
[Jul 6, 2017 9:16:34 AM]     Deleted the file "/u01/app/oracle/product/11.2.0.4/dbhome_1/.patch_storage/24006111_Aug_26_2016_05_54_48/rac/copy_files_24006111.txt"
[Jul 6, 2017 9:16:34 AM]     Deleted the directory "/u01/app/oracle/product/11.2.0.4/dbhome_1/.patch_storage/24006111_Aug_26_2016_05_54_48/rac"
[Jul 6, 2017 9:16:34 AM]     Deleting the directory "/u01/app/oracle/product/11.2.0.4/dbhome_1/.patch_storage/24006111_Aug_26_2016_05_54_48/scratch"
[Jul 6, 2017 9:16:34 AM]     Deleted the file "/u01/app/oracle/product/11.2.0.4/dbhome_1/.patch_storage/24006111_Aug_26_2016_05_54_48/scratch/ksm.o"
[Jul 6, 2017 9:16:34 AM]     Deleted the file "/u01/app/oracle/product/11.2.0.4/dbhome_1/.patch_storage/24006111_Aug_26_2016_05_54_48/scratch/qcs2.o"
[Jul 6, 2017 9:16:34 AM]     Deleted the file "/u01/app/oracle/product/11.2.0.4/dbhome_1/.patch_storage/24006111_Aug_26_2016_05_54_48/scratch/kspt.o"
[Jul 6, 2017 9:16:34 AM]     Deleted the file "/u01/app/oracle/product/11.2.0.4/dbhome_1/.patch_storage/24006111_Aug_26_2016_05_54_48/scratch/kzax.o"
[Jul 6, 2017 9:16:34 AM]     Deleted the file "/u01/app/oracle/product/11.2.0.4/dbhome_1/.patch_storage/24006111_Aug_26_2016_05_54_48/scratch/aud.o"
[Jul 6, 2017 9:16:34 AM]     Deleted the file "/u01/app/oracle/product/11.2.0.4/dbhome_1/.patch_storage/24006111_Aug_26_2016_05_54_48/scratch/afitkn.o"
[Jul 6, 2017 9:16:34 AM]     Deleted the file "/u01/app/oracle/product/11.2.0.4/dbhome_1/.patch_storage/24006111_Aug_26_2016_05_54_48/scratch/kza.o"
[Jul 6, 2017 9:16:34 AM]     Deleted the file "/u01/app/oracle/product/11.2.0.4/dbhome_1/.patch_storage/24006111_Aug_26_2016_05_54_48/scratch/afivar.o"
[Jul 6, 2017 9:16:34 AM]     Deleted the file "/u01/app/oracle/product/11.2.0.4/dbhome_1/.patch_storage/24006111_Aug_26_2016_05_54_48/scratch/qkadrv.o"
[Jul 6, 2017 9:16:34 AM]     Deleted the file "/u01/app/oracle/product/11.2.0.4/dbhome_1/.patch_storage/24006111_Aug_26_2016_05_54_48/scratch/kxs.o"
[Jul 6, 2017 9:16:34 AM]     Deleted the file "/u01/app/oracle/product/11.2.0.4/dbhome_1/.patch_storage/24006111_Aug_26_2016_05_54_48/scratch/afifmt.o"
[Jul 6, 2017 9:16:34 AM]     Deleted the file "/u01/app/oracle/product/11.2.0.4/dbhome_1/.patch_storage/24006111_Aug_26_2016_05_54_48/scratch/qksce.o"
[Jul 6, 2017 9:16:34 AM]     Deleted the file "/u01/app/oracle/product/11.2.0.4/dbhome_1/.patch_storage/24006111_Aug_26_2016_05_54_48/scratch/qcis.o"
[Jul 6, 2017 9:16:34 AM]     Deleted the directory "/u01/app/oracle/product/11.2.0.4/dbhome_1/.patch_storage/24006111_Aug_26_2016_05_54_48/scratch"
[Jul 6, 2017 9:16:34 AM]     Deleting the directory "/u01/app/oracle/product/11.2.0.4/dbhome_1/.patch_storage/23054359_Jun_15_2016_16_08_35/backup"
[Jul 6, 2017 9:16:34 AM]     Deleted the directory "/u01/app/oracle/product/11.2.0.4/dbhome_1/.patch_storage/23054359_Jun_15_2016_16_08_35/backup"
[Jul 6, 2017 9:16:34 AM]     Deleting the directory "/u01/app/oracle/product/11.2.0.4/dbhome_1/.patch_storage/23054359_Jun_15_2016_16_08_35/rac"
[Jul 6, 2017 9:16:34 AM]     Deleted the file "/u01/app/oracle/product/11.2.0.4/dbhome_1/.patch_storage/23054359_Jun_15_2016_16_08_35/rac/mode.txt"
[Jul 6, 2017 9:16:34 AM]     Deleted the file "/u01/app/oracle/product/11.2.0.4/dbhome_1/.patch_storage/23054359_Jun_15_2016_16_08_35/rac/copy_files.txt"
[Jul 6, 2017 9:16:34 AM]     Deleted the file "/u01/app/oracle/product/11.2.0.4/dbhome_1/.patch_storage/23054359_Jun_15_2016_16_08_35/rac/make_cmds.txt"
[Jul 6, 2017 9:16:34 AM]     Deleted the file "/u01/app/oracle/product/11.2.0.4/dbhome_1/.patch_storage/23054359_Jun_15_2016_16_08_35/rac/remote_cmds.txt"
[Jul 6, 2017 9:16:34 AM]     Deleted the file "/u01/app/oracle/product/11.2.0.4/dbhome_1/.patch_storage/23054359_Jun_15_2016_16_08_35/rac/copy_dirs_23054359.txt"
[Jul 6, 2017 9:16:34 AM]     Deleted the file "/u01/app/oracle/product/11.2.0.4/dbhome_1/.patch_storage/23054359_Jun_15_2016_16_08_35/rac/copy_files_23054359.txt"
[Jul 6, 2017 9:16:34 AM]     Deleted the file "/u01/app/oracle/product/11.2.0.4/dbhome_1/.patch_storage/23054359_Jun_15_2016_16_08_35/rac/copy_dirs.txt"
[Jul 6, 2017 9:16:34 AM]     Deleted the file "/u01/app/oracle/product/11.2.0.4/dbhome_1/.patch_storage/23054359_Jun_15_2016_16_08_35/rac/remote_cmds_23054359.txt"
[Jul 6, 2017 9:16:34 AM]     Deleted the directory "/u01/app/oracle/product/11.2.0.4/dbhome_1/.patch_storage/23054359_Jun_15_2016_16_08_35/rac"
[Jul 6, 2017 9:16:34 AM]     Deleting the directory "/u01/app/oracle/product/11.2.0.4/dbhome_1/.patch_storage/23054359_Jun_15_2016_16_08_35/scratch"
[Jul 6, 2017 9:16:34 AM]     Deleted the file "/u01/app/oracle/product/11.2.0.4/dbhome_1/.patch_storage/23054359_Jun_15_2016_16_08_35/scratch/kzvrc.o"
[Jul 6, 2017 9:16:34 AM]     Deleted the file "/u01/app/oracle/product/11.2.0.4/dbhome_1/.patch_storage/23054359_Jun_15_2016_16_08_35/scratch/kzvfac.o"
[Jul 6, 2017 9:16:34 AM]     Deleted the file "/u01/app/oracle/product/11.2.0.4/dbhome_1/.patch_storage/23054359_Jun_15_2016_16_08_35/scratch/kzradm.o"
[Jul 6, 2017 9:16:34 AM]     Deleted the file "/u01/app/oracle/product/11.2.0.4/dbhome_1/.patch_storage/23054359_Jun_15_2016_16_08_35/scratch/kzvdve.o"
[Jul 6, 2017 9:16:34 AM]     Deleted the file "/u01/app/oracle/product/11.2.0.4/dbhome_1/.patch_storage/23054359_Jun_15_2016_16_08_35/scratch/qkadrv.o"
[Jul 6, 2017 9:16:34 AM]     Deleted the file "/u01/app/oracle/product/11.2.0.4/dbhome_1/.patch_storage/23054359_Jun_15_2016_16_08_35/scratch/kzrt.o"
[Jul 6, 2017 9:16:34 AM]     Deleted the file "/u01/app/oracle/product/11.2.0.4/dbhome_1/.patch_storage/23054359_Jun_15_2016_16_08_35/scratch/kzvradm.o"
[Jul 6, 2017 9:16:34 AM]     Deleted the file "/u01/app/oracle/product/11.2.0.4/dbhome_1/.patch_storage/23054359_Jun_15_2016_16_08_35/scratch/kzvutil.o"
[Jul 6, 2017 9:16:34 AM]     Deleted the file "/u01/app/oracle/product/11.2.0.4/dbhome_1/.patch_storage/23054359_Jun_15_2016_16_08_35/scratch/kzvdvre.o"
[Jul 6, 2017 9:16:34 AM]     Deleted the directory "/u01/app/oracle/product/11.2.0.4/dbhome_1/.patch_storage/23054359_Jun_15_2016_16_08_35/scratch"
[Jul 6, 2017 9:16:34 AM]     Deleting the directory "/u01/app/oracle/product/11.2.0.4/dbhome_1/.patch_storage/NApply/2017-07-06_09-15-48AM/backup"
[Jul 6, 2017 9:16:34 AM]     Deleting the directory "/u01/app/oracle/product/11.2.0.4/dbhome_1/.patch_storage/NApply/2017-07-06_09-15-48AM/backup/lib"
[Jul 6, 2017 9:16:34 AM]     Deleted the file "/u01/app/oracle/product/11.2.0.4/dbhome_1/.patch_storage/NApply/2017-07-06_09-15-48AM/backup/lib/libgeneric11.a"
[Jul 6, 2017 9:16:34 AM]     Deleted the file "/u01/app/oracle/product/11.2.0.4/dbhome_1/.patch_storage/NApply/2017-07-06_09-15-48AM/backup/lib/libsqlplus.a"
[Jul 6, 2017 9:16:34 AM]     Deleted the file "/u01/app/oracle/product/11.2.0.4/dbhome_1/.patch_storage/NApply/2017-07-06_09-15-48AM/backup/lib/libserver11.a"
[Jul 6, 2017 9:16:34 AM]     Deleted the directory "/u01/app/oracle/product/11.2.0.4/dbhome_1/.patch_storage/NApply/2017-07-06_09-15-48AM/backup/lib"
[Jul 6, 2017 9:16:34 AM]     Deleting the directory "/u01/app/oracle/product/11.2.0.4/dbhome_1/.patch_storage/NApply/2017-07-06_09-15-48AM/backup/psu"
[Jul 6, 2017 9:16:34 AM]     Deleting the directory "/u01/app/oracle/product/11.2.0.4/dbhome_1/.patch_storage/NApply/2017-07-06_09-15-48AM/backup/psu/11.2.0.4.161018"
[Jul 6, 2017 9:16:34 AM]     Deleted the directory "/u01/app/oracle/product/11.2.0.4/dbhome_1/.patch_storage/NApply/2017-07-06_09-15-48AM/backup/psu/11.2.0.4.161018"
[Jul 6, 2017 9:16:34 AM]     Deleting the directory "/u01/app/oracle/product/11.2.0.4/dbhome_1/.patch_storage/NApply/2017-07-06_09-15-48AM/backup/psu/11.2.0.4.160719"
[Jul 6, 2017 9:16:34 AM]     Deleted the directory "/u01/app/oracle/product/11.2.0.4/dbhome_1/.patch_storage/NApply/2017-07-06_09-15-48AM/backup/psu/11.2.0.4.160719"
[Jul 6, 2017 9:16:34 AM]     Deleted the directory "/u01/app/oracle/product/11.2.0.4/dbhome_1/.patch_storage/NApply/2017-07-06_09-15-48AM/backup/psu"
[Jul 6, 2017 9:16:34 AM]     Deleting the directory "/u01/app/oracle/product/11.2.0.4/dbhome_1/.patch_storage/NApply/2017-07-06_09-15-48AM/backup/sqlplus"
[Jul 6, 2017 9:16:34 AM]     Deleting the directory "/u01/app/oracle/product/11.2.0.4/dbhome_1/.patch_storage/NApply/2017-07-06_09-15-48AM/backup/sqlplus/mesg"
[Jul 6, 2017 9:16:34 AM]     Deleted the file "/u01/app/oracle/product/11.2.0.4/dbhome_1/.patch_storage/NApply/2017-07-06_09-15-48AM/backup/sqlplus/mesg/sp2us.msg"
[Jul 6, 2017 9:16:34 AM]     Deleted the file "/u01/app/oracle/product/11.2.0.4/dbhome_1/.patch_storage/NApply/2017-07-06_09-15-48AM/backup/sqlplus/mesg/sp2us.msb"
[Jul 6, 2017 9:16:34 AM]     Deleted the directory "/u01/app/oracle/product/11.2.0.4/dbhome_1/.patch_storage/NApply/2017-07-06_09-15-48AM/backup/sqlplus/mesg"
[Jul 6, 2017 9:16:34 AM]     Deleted the directory "/u01/app/oracle/product/11.2.0.4/dbhome_1/.patch_storage/NApply/2017-07-06_09-15-48AM/backup/sqlplus"
[Jul 6, 2017 9:16:34 AM]     Deleting the directory "/u01/app/oracle/product/11.2.0.4/dbhome_1/.patch_storage/NApply/2017-07-06_09-15-48AM/backup/rdbms"
[Jul 6, 2017 9:16:34 AM]     Deleting the directory "/u01/app/oracle/product/11.2.0.4/dbhome_1/.patch_storage/NApply/2017-07-06_09-15-48AM/backup/rdbms/admin"
[Jul 6, 2017 9:16:34 AM]     Deleted the file "/u01/app/oracle/product/11.2.0.4/dbhome_1/.patch_storage/NApply/2017-07-06_09-15-48AM/backup/rdbms/admin/bug20876312_apply.sql"
[Jul 6, 2017 9:16:34 AM]     Deleted the file "/u01/app/oracle/product/11.2.0.4/dbhome_1/.patch_storage/NApply/2017-07-06_09-15-48AM/backup/rdbms/admin/catmacd.sql"
[Jul 6, 2017 9:16:34 AM]     Deleted the file "/u01/app/oracle/product/11.2.0.4/dbhome_1/.patch_storage/NApply/2017-07-06_09-15-48AM/backup/rdbms/admin/dtools.bsq"
[Jul 6, 2017 9:16:34 AM]     Deleted the file "/u01/app/oracle/product/11.2.0.4/dbhome_1/.patch_storage/NApply/2017-07-06_09-15-48AM/backup/rdbms/admin/catmacpatch.sql"
[Jul 6, 2017 9:16:34 AM]     Deleted the file "/u01/app/oracle/product/11.2.0.4/dbhome_1/.patch_storage/NApply/2017-07-06_09-15-48AM/backup/rdbms/admin/catexp.sql"
[Jul 6, 2017 9:16:34 AM]     Deleted the file "/u01/app/oracle/product/11.2.0.4/dbhome_1/.patch_storage/NApply/2017-07-06_09-15-48AM/backup/rdbms/admin/catmact.sql"
[Jul 6, 2017 9:16:34 AM]     Deleted the file "/u01/app/oracle/product/11.2.0.4/dbhome_1/.patch_storage/NApply/2017-07-06_09-15-48AM/backup/rdbms/admin/bug20876312_rollback.sql"
[Jul 6, 2017 9:16:34 AM]     Deleted the file "/u01/app/oracle/product/11.2.0.4/dbhome_1/.patch_storage/NApply/2017-07-06_09-15-48AM/backup/rdbms/admin/catmacc.sql"
[Jul 6, 2017 9:16:34 AM]     Deleted the file "/u01/app/oracle/product/11.2.0.4/dbhome_1/.patch_storage/NApply/2017-07-06_09-15-48AM/backup/rdbms/admin/catmacp.sql"
[Jul 6, 2017 9:16:34 AM]     Deleted the file "/u01/app/oracle/product/11.2.0.4/dbhome_1/.patch_storage/NApply/2017-07-06_09-15-48AM/backup/rdbms/admin/dvmacfnc.plb"
[Jul 6, 2017 9:16:34 AM]     Deleted the file "/u01/app/oracle/product/11.2.0.4/dbhome_1/.patch_storage/NApply/2017-07-06_09-15-48AM/backup/rdbms/admin/catmacg.sql"
[Jul 6, 2017 9:16:34 AM]     Deleted the file "/u01/app/oracle/product/11.2.0.4/dbhome_1/.patch_storage/NApply/2017-07-06_09-15-48AM/backup/rdbms/admin/bundledata_PSU.xml"
[Jul 6, 2017 9:16:34 AM]     Deleted the file "/u01/app/oracle/product/11.2.0.4/dbhome_1/.patch_storage/NApply/2017-07-06_09-15-48AM/backup/rdbms/admin/prvtmacp.plb"
[Jul 6, 2017 9:16:34 AM]     Deleted the directory "/u01/app/oracle/product/11.2.0.4/dbhome_1/.patch_storage/NApply/2017-07-06_09-15-48AM/backup/rdbms/admin"
[Jul 6, 2017 9:16:34 AM]     Deleted the directory "/u01/app/oracle/product/11.2.0.4/dbhome_1/.patch_storage/NApply/2017-07-06_09-15-48AM/backup/rdbms"
[Jul 6, 2017 9:16:34 AM]     Deleting the directory "/u01/app/oracle/product/11.2.0.4/dbhome_1/.patch_storage/NApply/2017-07-06_09-15-48AM/backup/patch"
[Jul 6, 2017 9:16:34 AM]     Deleting the directory "/u01/app/oracle/product/11.2.0.4/dbhome_1/.patch_storage/NApply/2017-07-06_09-15-48AM/backup/patch/scripts"
[Jul 6, 2017 9:16:34 AM]     Deleted the directory "/u01/app/oracle/product/11.2.0.4/dbhome_1/.patch_storage/NApply/2017-07-06_09-15-48AM/backup/patch/scripts"
[Jul 6, 2017 9:16:34 AM]     Deleted the directory "/u01/app/oracle/product/11.2.0.4/dbhome_1/.patch_storage/NApply/2017-07-06_09-15-48AM/backup/patch"
[Jul 6, 2017 9:16:34 AM]     Deleting the directory "/u01/app/oracle/product/11.2.0.4/dbhome_1/.patch_storage/NApply/2017-07-06_09-15-48AM/backup/inventory"
[Jul 6, 2017 9:16:34 AM]     Deleting the directory "/u01/app/oracle/product/11.2.0.4/dbhome_1/.patch_storage/NApply/2017-07-06_09-15-48AM/backup/inventory/ContentsXML"
[Jul 6, 2017 9:16:34 AM]     Deleted the file "/u01/app/oracle/product/11.2.0.4/dbhome_1/.patch_storage/NApply/2017-07-06_09-15-48AM/backup/inventory/ContentsXML/comps.xml"
[Jul 6, 2017 9:16:34 AM]     Deleted the directory "/u01/app/oracle/product/11.2.0.4/dbhome_1/.patch_storage/NApply/2017-07-06_09-15-48AM/backup/inventory/ContentsXML"
[Jul 6, 2017 9:16:34 AM]     Deleted the directory "/u01/app/oracle/product/11.2.0.4/dbhome_1/.patch_storage/NApply/2017-07-06_09-15-48AM/backup/inventory"
[Jul 6, 2017 9:16:34 AM]     Deleted the directory "/u01/app/oracle/product/11.2.0.4/dbhome_1/.patch_storage/NApply/2017-07-06_09-15-48AM/backup"
[Jul 6, 2017 9:16:34 AM]     Deleting the directory "/u01/app/oracle/product/11.2.0.4/dbhome_1/.patch_storage/NApply/2017-07-06_09-15-48AM/rac"
[Jul 6, 2017 9:16:34 AM]     Deleted the file "/u01/app/oracle/product/11.2.0.4/dbhome_1/.patch_storage/NApply/2017-07-06_09-15-48AM/rac/mode.txt"
[Jul 6, 2017 9:16:34 AM]     Deleted the file "/u01/app/oracle/product/11.2.0.4/dbhome_1/.patch_storage/NApply/2017-07-06_09-15-48AM/rac/copy_files.txt"
[Jul 6, 2017 9:16:34 AM]     Deleted the file "/u01/app/oracle/product/11.2.0.4/dbhome_1/.patch_storage/NApply/2017-07-06_09-15-48AM/rac/make_cmds.txt"
[Jul 6, 2017 9:16:34 AM]     Deleted the file "/u01/app/oracle/product/11.2.0.4/dbhome_1/.patch_storage/NApply/2017-07-06_09-15-48AM/rac/remote_cmds.txt"
[Jul 6, 2017 9:16:34 AM]     Deleted the file "/u01/app/oracle/product/11.2.0.4/dbhome_1/.patch_storage/NApply/2017-07-06_09-15-48AM/rac/copy_dirs.txt"
[Jul 6, 2017 9:16:34 AM]     Deleted the directory "/u01/app/oracle/product/11.2.0.4/dbhome_1/.patch_storage/NApply/2017-07-06_09-15-48AM/rac"
[Jul 6, 2017 9:16:34 AM]     Deleted the file "/u01/app/oracle/product/11.2.0.4/dbhome_1/.patch_storage/NApply/2017-07-06_09-15-48AM/restore.sh"
[Jul 6, 2017 9:16:34 AM]     Deleted the file "/u01/app/oracle/product/11.2.0.4/dbhome_1/.patch_storage/NApply/2017-07-06_09-15-48AM/make.txt"
[Jul 6, 2017 9:16:34 AM]     UtilSession: Backup area for restore has been cleaned up. For a complete list of files/directories
                             deleted, Please refer log file.
[Jul 6, 2017 9:16:34 AM]     Composite patch 24006111 successfully applied.
[Jul 6, 2017 9:16:34 AM]     UtilSession: N-Apply done.
[Jul 6, 2017 9:16:34 AM]     Finishing UtilSession at Thu Jul 06 09:16:34 UTC 2017
[Jul 6, 2017 9:16:34 AM]     Log file location: /u01/app/oracle/product/11.2.0.4/dbhome_1/cfgtoollogs/opatch/opatch2017-07-06_09-15-48AM_1.log
