[Jul 6, 2017 9:14:44 AM]     OUI exists, the oraclehome is OUI based.
[Jul 6, 2017 9:14:44 AM]     OUI exists, the oraclehome is OUI based.
[Jul 6, 2017 9:14:44 AM]     PREREQ session
[Jul 6, 2017 9:14:44 AM]     OPatch invoked as follows: 'prereq CheckComponents -ph /tmp/oakpatch/db/11.2.0.4.0/24006111/24436338/24006111 -oh /u01/app/oracle/product/11.2.0.4/dbhome_1 -invPtrLoc /u01/app/oracle/product/11.2.0.4/dbhome_1/oraInst.loc '
[Jul 6, 2017 9:14:44 AM]     OUI-67077:
                             Oracle Home       : /u01/app/oracle/product/11.2.0.4/dbhome_1
                             Central Inventory : /u01/app/oraInventory
                                from           : /u01/app/oracle/product/11.2.0.4/dbhome_1/oraInst.loc
                             OPatch version    : 11.2.0.3.15
                             OUI version       : 11.2.0.4.0
                             OUI location      : /u01/app/oracle/product/11.2.0.4/dbhome_1/oui
                             Log file location : /u01/app/oracle/product/11.2.0.4/dbhome_1/cfgtoollogs/opatch/opatch2017-07-06_09-14-44AM_1.log
[Jul 6, 2017 9:14:44 AM]     Patch history file: /u01/app/oracle/product/11.2.0.4/dbhome_1/cfgtoollogs/opatch/opatch_history.txt
[Jul 6, 2017 9:14:44 AM]     Invoking prereq "checkcomponents"
[Jul 6, 2017 9:14:44 AM]     Ignoring file "/tmp/oakpatch/db/11.2.0.4.0/24006111/24436338/24006111/README.html" in the patch directory.
[Jul 6, 2017 9:14:44 AM]     Ignoring file "/tmp/oakpatch/db/11.2.0.4.0/24006111/24436338/24006111/README.txt" in the patch directory.
[Jul 6, 2017 9:14:44 AM]     Ignoring file "/tmp/oakpatch/db/11.2.0.4.0/24006111/24436338/24006111/patchmd.xml" in the patch directory.
[Jul 6, 2017 9:14:45 AM]     [OPSR-MEMORY-1] : after installInventory.getAllCompsVect() call : 57 (MB)
[Jul 6, 2017 9:14:45 AM]     [OPSR-MEMORY-2] : after loading rawOneOffList57 (MB)
[Jul 6, 2017 9:14:45 AM]     [OPSR-MEMORY-3] : before loading cooked one off : 57 (MB)
[Jul 6, 2017 9:14:45 AM]     [OPSR-MEMORY-4] : after filling cookedOneOffs and when inventory is loaded.. : 84 (MB)
[Jul 6, 2017 9:14:45 AM]     Prereq "checkComponents" for patch 17478514 passed.
[Jul 6, 2017 9:14:45 AM]     Prereq "checkComponents" for patch 18031668 passed.
[Jul 6, 2017 9:14:45 AM]     Prereq "checkComponents" for patch 18522509 passed.
[Jul 6, 2017 9:14:45 AM]     Prereq "checkComponents" for patch 19121551 passed.
[Jul 6, 2017 9:14:45 AM]     Patch 19769489: Optional component(s) missing : [ oracle.sysman.agent, 11.2.0.4.0 ]
[Jul 6, 2017 9:14:45 AM]     Prereq "checkComponents" for patch 19769489 passed.
[Jul 6, 2017 9:14:45 AM]     Prereq "checkComponents" for patch 20299013 passed.
[Jul 6, 2017 9:14:45 AM]     Prereq "checkComponents" for patch 20760982 passed.
[Jul 6, 2017 9:14:45 AM]     Prereq "checkComponents" for patch 21352635 passed.
[Jul 6, 2017 9:14:45 AM]     Patch 21948347: Optional component(s) missing : [ oracle.tfa, 11.2.0.4.0 ]
[Jul 6, 2017 9:14:45 AM]     Prereq "checkComponents" for patch 21948347 passed.
[Jul 6, 2017 9:14:45 AM]     Patch 22502456: Optional component(s) missing : [ oracle.tfa, 11.2.0.4.0 ]
[Jul 6, 2017 9:14:45 AM]     Prereq "checkComponents" for patch 22502456 passed.
[Jul 6, 2017 9:14:45 AM]     Prereq "checkComponents" for patch 23054359 passed.
[Jul 6, 2017 9:14:45 AM]     Prereq "checkComponents" for patch 24006111 passed.
[Jul 6, 2017 9:14:45 AM]     Finishing PrereqSession at Thu Jul 06 09:14:45 UTC 2017
