[Mar 24, 2016 6:59:43 PM]    OPatch invoked as follows: 'lsinventory -invPtrLoc /u01/app/oracle/product/11.2.0.4/dbhome_1/oraInst.loc '
[Mar 24, 2016 6:59:43 PM]    OUI-67077:
                             Oracle Home       : /u01/app/oracle/product/11.2.0.4/dbhome_1
                             Central Inventory : /u01/app/oraInventory
                                from           : /u01/app/oracle/product/11.2.0.4/dbhome_1/oraInst.loc
                             OPatch version    : 11.2.0.3.6
                             OUI version       : 11.2.0.4.0
                             OUI location      : /u01/app/oracle/product/11.2.0.4/dbhome_1/oui
                             Log file location : /u01/app/oracle/product/11.2.0.4/dbhome_1/cfgtoollogs/opatch/opatch2016-03-24_18-59-43PM_1.log
[Mar 24, 2016 6:59:43 PM]    Patch history file: /u01/app/oracle/product/11.2.0.4/dbhome_1/cfgtoollogs/opatch/opatch_history.txt
[Mar 24, 2016 6:59:44 PM]    Starting LsInventorySession at Thu Mar 24 18:59:44 UTC 2016
[Mar 24, 2016 6:59:44 PM]    Lsinventory Output file location : /u01/app/oracle/product/11.2.0.4/dbhome_1/cfgtoollogs/opatch/lsinv/lsinventory2016-03-24_18-59-43PM.txt
[Mar 24, 2016 6:59:44 PM]    --------------------------------------------------------------------------------
[Mar 24, 2016 6:59:44 PM]    Installed Top-level Products (1):
[Mar 24, 2016 6:59:44 PM]    Oracle Database 11g                                                  11.2.0.4.0
[Mar 24, 2016 6:59:44 PM]    There are 1 product(s) installed in this Oracle Home.
[Mar 24, 2016 6:59:44 PM]    Interim patches (2) :
[Mar 24, 2016 6:59:44 PM]    Patch  18031740     : applied on Fri Mar 28 04:14:55 UTC 2014
                             Unique Patch ID:  17253722
                             Patch description:  "OCW Patch Set Update : 11.2.0.4.2 (18031740)"
                                Created on 19 Mar 2014, 09:06:31 hrs PST8PDT
                                Bugs fixed:
                                  18328800, 16613232, 14525998, 14693336, 17273020, 17238586, 12928658
                                  17391726, 17750548, 17387214, 18229842, 17172091, 17001914, 16346413
                                  17155238, 17551223, 15832129, 17305100, 17483479, 17039197, 16317771
                                  17292250, 17500165, 16206997, 17481314, 16876500, 17405302, 17065496
                                  18343490, 13991403
[Mar 24, 2016 6:59:45 PM]    Patch  18031668     : applied on Fri Mar 28 04:14:00 UTC 2014
                             Unique Patch ID:  17255543
                             Patch description:  "Database Patch Set Update : 11.2.0.4.2 (18031668)"
                                Created on 20 Feb 2014, 05:15:58 hrs PST8PDT
                             Sub-patch  17478514; "Database Patch Set Update : 11.2.0.4.1 (17478514)"
                                Bugs fixed:
                                  17288409, 16399083, 17205719, 17811429, 10136473, 16472716, 17614227
                                  17050888, 17040764, 17865671, 17325413, 14010183, 17726838, 13364795
                                  17389192, 17612828, 17080436, 16613964, 17284817, 17441661, 17761775
                                  17721717, 16721594, 17390431, 18203837, 17551709, 17344412, 16043574
                                  17446237, 16863422, 18139690, 17071721, 17501491, 17610798, 17239687
                                  17752121, 17468141, 17602269, 18203835, 17375354, 17313525, 17811456
                                  16731148, 14133975, 18203838, 16956380, 17385178, 17235750, 13866822
                                  17394950, 17478514, 17027426, 12905058, 14338435, 16450169, 13944971
                                  18094246, 16929165, 16785708, 17265217, 17465741, 16220077, 16180763
                                  16069901, 17546973, 16285691, 17323222, 18180390, 17088068, 16875449
                                  17016369, 17443671, 16228604, 17811438, 17811447, 16837842, 18031668
                                  16912439, 17332800, 17393683, 17622427, 17545847, 17186905, 16943711
                                  16850630, 17082359, 17346671, 14852021, 17783588, 17437634, 16618694
                                  17341326, 17296856, 17546761, 17716305
[Mar 24, 2016 6:59:45 PM]    Rac system comprising of multiple nodes
[Mar 24, 2016 6:59:45 PM]    Local node = odie1
                               Remote node = odie2
[Mar 24, 2016 6:59:45 PM]    --------------------------------------------------------------------------------
[Mar 24, 2016 6:59:45 PM]    Finishing LsInventorySession at Thu Mar 24 18:59:45 UTC 2016
